#
# There is insufficient memory for the Java Runtime Environment to continue.
# Native memory allocation (malloc) failed to allocate 135376 bytes for Chunk::new
# Possible reasons:
#   The system is out of physical RAM or swap space
#   The process is running with CompressedOops enabled, and the Java Heap may be blocking the growth of the native heap
# Possible solutions:
#   Reduce memory load on the system
#   Increase physical memory or swap space
#   Check if swap backing store is full
#   Decrease Java heap size (-Xmx/-Xms)
#   Decrease number of Java threads
#   Decrease Java thread stack sizes (-Xss)
#   Set larger code cache with -XX:ReservedCodeCacheSize=
#   JVM is running with Unscaled Compressed Oops mode in which the Java heap is
#     placed in the first 4GB address space. The Java Heap base address is the
#     maximum limit for the native heap growth. Please use -XX:HeapBaseMinAddress
#     to set the Java Heap base and to place the Java Heap above 4GB virtual address.
# This output file may be truncated or incomplete.
#
#  Out of Memory Error (allocation.cpp:389), pid=8712, tid=0x0000000000001e7c
#
# JRE version: Java(TM) SE Runtime Environment (8.0_251-b08) (build 1.8.0_251-b08)
# Java VM: Java HotSpot(TM) 64-Bit Server VM (25.251-b08 mixed mode windows-amd64 compressed oops)
# Failed to write core dump. Minidumps are not enabled by default on client versions of Windows
#

---------------  T H R E A D  ---------------

Current thread (0x0000000053898000):  JavaThread "C2 CompilerThread0" daemon [_thread_in_native, id=7804, stack(0x0000000054a20000,0x0000000054b20000)]

Stack: [0x0000000054a20000,0x0000000054b20000]
[error occurred during error reporting (printing stack bounds), id 0xc0000005]

Native frames: (J=compiled Java code, j=interpreted, Vv=VM code, C=native code)


Current CompileTask:
C2:  12942 1731       4       org.codehaus.plexus.util.xml.Xpp3Dom::<init> (123 bytes)


---------------  P R O C E S S  ---------------

Java Threads: ( => current thread )
  0x00000000538fe800 JavaThread "Service Thread" daemon [_thread_blocked, id=8156, stack(0x00000000550b0000,0x00000000551b0000)]
  0x00000000538f2800 JavaThread "C1 CompilerThread1" daemon [_thread_blocked, id=8916, stack(0x0000000054b80000,0x0000000054c80000)]
=>0x0000000053898000 JavaThread "C2 CompilerThread0" daemon [_thread_in_native, id=7804, stack(0x0000000054a20000,0x0000000054b20000)]
  0x0000000053895000 JavaThread "Attach Listener" daemon [_thread_blocked, id=8796, stack(0x00000000548a0000,0x00000000549a0000)]
  0x0000000053894000 JavaThread "Signal Dispatcher" daemon [_thread_blocked, id=8260, stack(0x00000000547a0000,0x00000000548a0000)]
  0x0000000053880800 JavaThread "Finalizer" daemon [_thread_blocked, id=8524, stack(0x00000000542b0000,0x00000000543b0000)]
  0x0000000053875000 JavaThread "Reference Handler" daemon [_thread_blocked, id=8040, stack(0x00000000545e0000,0x00000000546e0000)]
  0x0000000002100000 JavaThread "main" [_thread_in_vm, id=8488, stack(0x00000000024b0000,0x00000000025b0000)]

Other Threads:
  0x000000005382f000 VMThread [stack: 0x00000000543b0000,0x00000000544b0000] [id=9108]
  0x0000000054c85800 WatcherThread [stack: 0x0000000055220000,0x0000000055320000] [id=7392]

VM state:not at safepoint (normal execution)

VM Mutex/Monitor currently owned by a thread: None

heap address: 0x00000000e1c00000, size: 484 MB, Compressed Oops mode: 32-bit
Narrow klass base: 0x0000000000000000, Narrow klass shift: 0
Compressed class space size: 1073741824 Address: 0x0000000012f00000

Heap:
 PSYoungGen      total 37376K, used 18444K [0x00000000f5f00000, 0x00000000f8a00000, 0x0000000100000000)
  eden space 33792K, 44% used [0x00000000f5f00000,0x00000000f6d897e0,0x00000000f8000000)
  from space 3584K, 99% used [0x00000000f8480000,0x00000000f87f9908,0x00000000f8800000)
  to   space 4608K, 0% used [0x00000000f8000000,0x00000000f8000000,0x00000000f8480000)
 ParOldGen       total 22016K, used 6778K [0x00000000e1c00000, 0x00000000e3180000, 0x00000000f5f00000)
  object space 22016K, 30% used [0x00000000e1c00000,0x00000000e229e940,0x00000000e3180000)
 Metaspace       used 12547K, capacity 12844K, committed 13184K, reserved 1060864K
  class space    used 1523K, capacity 1612K, committed 1664K, reserved 1048576K

Card table byte_map: [0x0000000002300000,0x0000000002400000] byte_map_base: 0x0000000001bf2000

Marking Bits: (ParMarkBitMap*) 0x000000007265af90
 Begin Bits: [0x0000000011ee0000, 0x0000000012670000)
 End Bits:   [0x0000000012670000, 0x0000000012e00000)

Polling page: 0x0000000000350000

CodeCache: size=245760Kb used=6152Kb max_used=6153Kb free=239607Kb
 bounds [0x0000000002880000, 0x0000000002e90000, 0x0000000011880000]
 total_blobs=2053 nmethods=1730 adapters=236
 compilation: enabled

Compilation events (10 events):
Event: 12.715 Thread 0x00000000538f2800 nmethod 1724 0x0000000002e7f7d0 code [0x0000000002e7fde0, 0x0000000002e83cb8]
Event: 12.715 Thread 0x00000000538f2800 1727       3       java.util.LinkedHashMap$LinkedKeyIterator::next (8 bytes)
Event: 12.715 Thread 0x00000000538f2800 nmethod 1727 0x0000000002e78750 code [0x0000000002e788c0, 0x0000000002e78b68]
Event: 12.715 Thread 0x00000000538f2800 1725       3       org.apache.maven.model.Dependency::setVersion (6 bytes)
Event: 12.715 Thread 0x00000000538f2800 nmethod 1725 0x0000000002e78410 code [0x0000000002e78560, 0x0000000002e786d0]
Event: 12.751 Thread 0x0000000053898000 1728  s    4       java.util.Hashtable::put (104 bytes)
Event: 12.783 Thread 0x0000000053898000 nmethod 1728 0x0000000002e86250 code [0x0000000002e86400, 0x0000000002e87138]
Event: 12.820 Thread 0x00000000538f2800 1730  s!   3       java.util.Hashtable::clone (99 bytes)
Event: 12.820 Thread 0x0000000053898000 1731       4       org.codehaus.plexus.util.xml.Xpp3Dom::<init> (123 bytes)
Event: 12.821 Thread 0x00000000538f2800 nmethod 1730 0x0000000002e7e690 code [0x0000000002e7e880, 0x0000000002e7f1c8]

GC Heap History (10 events):
Event: 3.479 GC heap before
{Heap before GC invocations=2 (full 0):
 PSYoungGen      total 9728K, used 9696K [0x00000000f5f00000, 0x00000000f6980000, 0x0000000100000000)
  eden space 8704K, 100% used [0x00000000f5f00000,0x00000000f6780000,0x00000000f6780000)
  from space 1024K, 96% used [0x00000000f6780000,0x00000000f6878020,0x00000000f6880000)
  to   space 1024K, 0% used [0x00000000f6880000,0x00000000f6880000,0x00000000f6980000)
 ParOldGen       total 22016K, used 1079K [0x00000000e1c00000, 0x00000000e3180000, 0x00000000f5f00000)
  object space 22016K, 4% used [0x00000000e1c00000,0x00000000e1d0de40,0x00000000e3180000)
 Metaspace       used 6732K, capacity 6876K, committed 7040K, reserved 1056768K
  class space    used 823K, capacity 888K, committed 896K, reserved 1048576K
Event: 3.499 GC heap after
Heap after GC invocations=2 (full 0):
 PSYoungGen      total 9728K, used 999K [0x00000000f5f00000, 0x00000000f6980000, 0x0000000100000000)
  eden space 8704K, 0% used [0x00000000f5f00000,0x00000000f5f00000,0x00000000f6780000)
  from space 1024K, 97% used [0x00000000f6880000,0x00000000f6979ea0,0x00000000f6980000)
  to   space 1024K, 0% used [0x00000000f6780000,0x00000000f6780000,0x00000000f6880000)
 ParOldGen       total 22016K, used 2133K [0x00000000e1c00000, 0x00000000e3180000, 0x00000000f5f00000)
  object space 22016K, 9% used [0x00000000e1c00000,0x00000000e1e154d8,0x00000000e3180000)
 Metaspace       used 6732K, capacity 6876K, committed 7040K, reserved 1056768K
  class space    used 823K, capacity 888K, committed 896K, reserved 1048576K
}
Event: 3.825 GC heap before
{Heap before GC invocations=3 (full 0):
 PSYoungGen      total 9728K, used 9703K [0x00000000f5f00000, 0x00000000f6980000, 0x0000000100000000)
  eden space 8704K, 100% used [0x00000000f5f00000,0x00000000f6780000,0x00000000f6780000)
  from space 1024K, 97% used [0x00000000f6880000,0x00000000f6979ea0,0x00000000f6980000)
  to   space 1024K, 0% used [0x00000000f6780000,0x00000000f6780000,0x00000000f6880000)
 ParOldGen       total 22016K, used 2133K [0x00000000e1c00000, 0x00000000e3180000, 0x00000000f5f00000)
  object space 22016K, 9% used [0x00000000e1c00000,0x00000000e1e154d8,0x00000000e3180000)
 Metaspace       used 6960K, capacity 7100K, committed 7424K, reserved 1056768K
  class space    used 870K, capacity 920K, committed 1024K, reserved 1048576K
Event: 3.960 GC heap after
Heap after GC invocations=3 (full 0):
 PSYoungGen      total 9728K, used 1008K [0x00000000f5f00000, 0x00000000f7200000, 0x0000000100000000)
  eden space 8704K, 0% used [0x00000000f5f00000,0x00000000f5f00000,0x00000000f6780000)
  from space 1024K, 98% used [0x00000000f6780000,0x00000000f687c030,0x00000000f6880000)
  to   space 1024K, 0% used [0x00000000f7100000,0x00000000f7100000,0x00000000f7200000)
 ParOldGen       total 22016K, used 2599K [0x00000000e1c00000, 0x00000000e3180000, 0x00000000f5f00000)
  object space 22016K, 11% used [0x00000000e1c00000,0x00000000e1e89ee8,0x00000000e3180000)
 Metaspace       used 6960K, capacity 7100K, committed 7424K, reserved 1056768K
  class space    used 870K, capacity 920K, committed 1024K, reserved 1048576K
}
Event: 4.552 GC heap before
{Heap before GC invocations=4 (full 0):
 PSYoungGen      total 9728K, used 9712K [0x00000000f5f00000, 0x00000000f7200000, 0x0000000100000000)
  eden space 8704K, 100% used [0x00000000f5f00000,0x00000000f6780000,0x00000000f6780000)
  from space 1024K, 98% used [0x00000000f6780000,0x00000000f687c030,0x00000000f6880000)
  to   space 1024K, 0% used [0x00000000f7100000,0x00000000f7100000,0x00000000f7200000)
 ParOldGen       total 22016K, used 2599K [0x00000000e1c00000, 0x00000000e3180000, 0x00000000f5f00000)
  object space 22016K, 11% used [0x00000000e1c00000,0x00000000e1e89ee8,0x00000000e3180000)
 Metaspace       used 7987K, capacity 8168K, committed 8320K, reserved 1056768K
  class space    used 1017K, capacity 1082K, committed 1152K, reserved 1048576K
Event: 4.799 GC heap after
Heap after GC invocations=4 (full 0):
 PSYoungGen      total 18432K, used 992K [0x00000000f5f00000, 0x00000000f7200000, 0x0000000100000000)
  eden space 17408K, 0% used [0x00000000f5f00000,0x00000000f5f00000,0x00000000f7000000)
  from space 1024K, 96% used [0x00000000f7100000,0x00000000f71f8020,0x00000000f7200000)
  to   space 1024K, 0% used [0x00000000f7000000,0x00000000f7000000,0x00000000f7100000)
 ParOldGen       total 22016K, used 3832K [0x00000000e1c00000, 0x00000000e3180000, 0x00000000f5f00000)
  object space 22016K, 17% used [0x00000000e1c00000,0x00000000e1fbe150,0x00000000e3180000)
 Metaspace       used 7987K, capacity 8168K, committed 8320K, reserved 1056768K
  class space    used 1017K, capacity 1082K, committed 1152K, reserved 1048576K
}
Event: 6.102 GC heap before
{Heap before GC invocations=5 (full 0):
 PSYoungGen      total 18432K, used 18400K [0x00000000f5f00000, 0x00000000f7200000, 0x0000000100000000)
  eden space 17408K, 100% used [0x00000000f5f00000,0x00000000f7000000,0x00000000f7000000)
  from space 1024K, 96% used [0x00000000f7100000,0x00000000f71f8020,0x00000000f7200000)
  to   space 1024K, 0% used [0x00000000f7000000,0x00000000f7000000,0x00000000f7100000)
 ParOldGen       total 22016K, used 3832K [0x00000000e1c00000, 0x00000000e3180000, 0x00000000f5f00000)
  object space 22016K, 17% used [0x00000000e1c00000,0x00000000e1fbe150,0x00000000e3180000)
 Metaspace       used 10309K, capacity 10460K, committed 10624K, reserved 1058816K
  class space    used 1311K, capacity 1373K, committed 1408K, reserved 1048576K
Event: 6.113 GC heap after
Heap after GC invocations=5 (full 0):
 PSYoungGen      total 18432K, used 1024K [0x00000000f5f00000, 0x00000000f8800000, 0x0000000100000000)
  eden space 17408K, 0% used [0x00000000f5f00000,0x00000000f5f00000,0x00000000f7000000)
  from space 1024K, 100% used [0x00000000f7000000,0x00000000f7100000,0x00000000f7100000)
  to   space 3584K, 0% used [0x00000000f8480000,0x00000000f8480000,0x00000000f8800000)
 ParOldGen       total 22016K, used 6536K [0x00000000e1c00000, 0x00000000e3180000, 0x00000000f5f00000)
  object space 22016K, 29% used [0x00000000e1c00000,0x00000000e2262390,0x00000000e3180000)
 Metaspace       used 10309K, capacity 10460K, committed 10624K, reserved 1058816K
  class space    used 1311K, capacity 1373K, committed 1408K, reserved 1048576K
}
Event: 11.127 GC heap before
{Heap before GC invocations=6 (full 0):
 PSYoungGen      total 18432K, used 18432K [0x00000000f5f00000, 0x00000000f8800000, 0x0000000100000000)
  eden space 17408K, 100% used [0x00000000f5f00000,0x00000000f7000000,0x00000000f7000000)
  from space 1024K, 100% used [0x00000000f7000000,0x00000000f7100000,0x00000000f7100000)
  to   space 3584K, 0% used [0x00000000f8480000,0x00000000f8480000,0x00000000f8800000)
 ParOldGen       total 22016K, used 6536K [0x00000000e1c00000, 0x00000000e3180000, 0x00000000f5f00000)
  object space 22016K, 29% used [0x00000000e1c00000,0x00000000e2262390,0x00000000e3180000)
 Metaspace       used 12280K, capacity 12472K, committed 12672K, reserved 1060864K
  class space    used 1502K, capacity 1575K, committed 1664K, reserved 1048576K
Event: 11.291 GC heap after
Heap after GC invocations=6 (full 0):
 PSYoungGen      total 37376K, used 3558K [0x00000000f5f00000, 0x00000000f8a00000, 0x0000000100000000)
  eden space 33792K, 0% used [0x00000000f5f00000,0x00000000f5f00000,0x00000000f8000000)
  from space 3584K, 99% used [0x00000000f8480000,0x00000000f87f9908,0x00000000f8800000)
  to   space 4608K, 0% used [0x00000000f8000000,0x00000000f8000000,0x00000000f8480000)
 ParOldGen       total 22016K, used 6778K [0x00000000e1c00000, 0x00000000e3180000, 0x00000000f5f00000)
  object space 22016K, 30% used [0x00000000e1c00000,0x00000000e229e940,0x00000000e3180000)
 Metaspace       used 12280K, capacity 12472K, committed 12672K, reserved 1060864K
  class space    used 1502K, capacity 1575K, committed 1664K, reserved 1048576K
}

Deoptimization events (10 events):
Event: 8.741 Thread 0x0000000002100000 Uncommon trap: reason=unstable_if action=reinterpret pc=0x0000000002cf50d8 method=org.codehaus.plexus.util.xml.pull.MXParser.nextImpl()I @ 1149
Event: 8.764 Thread 0x0000000002100000 Uncommon trap: reason=unstable_if action=reinterpret pc=0x0000000002c3c5e8 method=java.util.HashMap.hash(Ljava/lang/Object;)I @ 1
Event: 8.764 Thread 0x0000000002100000 Uncommon trap: reason=unstable_if action=reinterpret pc=0x0000000002b78be4 method=java.util.HashMap.hash(Ljava/lang/Object;)I @ 1
Event: 9.301 Thread 0x0000000002100000 Uncommon trap: reason=null_check action=make_not_entrant pc=0x0000000002d32750 method=org.apache.maven.model.io.xpp3.MavenXpp3Reader.checkFieldWithDuplicate(Lorg/codehaus/plexus/util/xml/pull/XmlPullParser;Ljava/lang/String;Ljava/lang/String;Ljava/util/Se
Event: 10.354 Thread 0x0000000002100000 Uncommon trap: reason=unstable_if action=reinterpret pc=0x0000000002d692a8 method=java.lang.String.trim()Ljava/lang/String; @ 63
Event: 10.843 Thread 0x0000000002100000 Uncommon trap: reason=unstable_if action=reinterpret pc=0x0000000002d2d258 method=org.codehaus.plexus.util.xml.pull.MXParser.nextImpl()I @ 912
Event: 12.000 Thread 0x0000000002100000 Uncommon trap: reason=unstable_if action=reinterpret pc=0x0000000002db10e8 method=org.codehaus.plexus.util.xml.pull.MXParser.nextImpl()I @ 280
Event: 12.245 Thread 0x0000000002100000 Uncommon trap: reason=bimorphic action=maybe_recompile pc=0x0000000002cfe174 method=java.util.concurrent.ConcurrentHashMap.get(Ljava/lang/Object;)Ljava/lang/Object; @ 149
Event: 12.517 Thread 0x0000000002100000 Uncommon trap: reason=unstable_if action=reinterpret pc=0x0000000002e41128 method=java.util.regex.Pattern.has(I)Z @ 6
Event: 12.517 Thread 0x0000000002100000 Uncommon trap: reason=unstable_if action=reinterpret pc=0x0000000002d83580 method=java.util.regex.Pattern.has(I)Z @ 6

Classes redefined (0 events):
No events

Internal exceptions (10 events):
Event: 1.698 Thread 0x0000000002100000 Exception <a 'java/lang/ArrayIndexOutOfBoundsException'> (0x00000000f6272358) thrown at [C:\jenkins\workspace\8-2-build-windows-amd64-cygwin\jdk8u251\737\hotspot\src\share\vm\runtime\sharedRuntime.cpp, line 605]
Event: 1.833 Thread 0x0000000002100000 Exception <a 'java/lang/ArrayIndexOutOfBoundsException'> (0x00000000f62d2400) thrown at [C:\jenkins\workspace\8-2-build-windows-amd64-cygwin\jdk8u251\737\hotspot\src\share\vm\runtime\sharedRuntime.cpp, line 605]
Event: 3.977 Thread 0x0000000002100000 Exception <a 'java/lang/ArrayIndexOutOfBoundsException'> (0x00000000f60430e8) thrown at [C:\jenkins\workspace\8-2-build-windows-amd64-cygwin\jdk8u251\737\hotspot\src\share\vm\runtime\sharedRuntime.cpp, line 605]
Event: 3.977 Thread 0x0000000002100000 Exception <a 'java/lang/ArrayIndexOutOfBoundsException'> (0x00000000f6044d90) thrown at [C:\jenkins\workspace\8-2-build-windows-amd64-cygwin\jdk8u251\737\hotspot\src\share\vm\runtime\sharedRuntime.cpp, line 605]
Event: 4.324 Thread 0x0000000002100000 Exception <a 'java/lang/NoClassDefFoundError': org/slf4j/Logger> (0x00000000f64e16a0) thrown at [C:\jenkins\workspace\8-2-build-windows-amd64-cygwin\jdk8u251\737\hotspot\src\share\vm\classfile\systemDictionary.cpp, line 199]
Event: 4.804 Thread 0x0000000002100000 Exception <a 'java/lang/NoClassDefFoundError': org/slf4j/LoggerFactory> (0x00000000f5f24c90) thrown at [C:\jenkins\workspace\8-2-build-windows-amd64-cygwin\jdk8u251\737\hotspot\src\share\vm\classfile\systemDictionary.cpp, line 199]
Event: 4.804 Thread 0x0000000002100000 Exception <a 'java/lang/NoClassDefFoundError'> (0x00000000f5f24c90) thrown at [C:\jenkins\workspace\8-2-build-windows-amd64-cygwin\jdk8u251\737\hotspot\src\share\vm\oops\instanceKlass.cpp, line 959]
Event: 8.764 Thread 0x0000000002100000 Implicit null exception at 0x0000000002c3c405 to 0x0000000002c3c5d9
Event: 8.764 Thread 0x0000000002100000 Implicit null exception at 0x0000000002b78b6f to 0x0000000002b78bd5
Event: 9.301 Thread 0x0000000002100000 Implicit null exception at 0x0000000002d3158d to 0x0000000002d32735

Events (10 events):
Event: 12.516 loading class java/util/ArrayList$SubList
Event: 12.517 loading class java/util/ArrayList$SubList done
Event: 12.517 loading class java/util/ArrayList$SubList$1
Event: 12.517 loading class java/util/ArrayList$SubList$1 done
Event: 12.517 Thread 0x0000000002100000 Uncommon trap: trap_request=0xffffff65 fr.pc=0x0000000002e41128
Event: 12.517 Thread 0x0000000002100000 DEOPT PACKING pc=0x0000000002e41128 sp=0x00000000025ad0e0
Event: 12.517 Thread 0x0000000002100000 DEOPT UNPACKING pc=0x00000000028c583b sp=0x00000000025ad068 mode 2
Event: 12.517 Thread 0x0000000002100000 Uncommon trap: trap_request=0xffffff65 fr.pc=0x0000000002d83580
Event: 12.517 Thread 0x0000000002100000 DEOPT PACKING pc=0x0000000002d83580 sp=0x00000000025ad0c0
Event: 12.517 Thread 0x0000000002100000 DEOPT UNPACKING pc=0x00000000028c583b sp=0x00000000025ad058 mode 2


Dynamic libraries:
0x000000013fa70000 - 0x000000013faa7000 	C:\Program Files\Java\jdk1.8.0_251\bin\java.exe
0x0000000076fb0000 - 0x000000007714f000 	C:\Windows\SYSTEM32\ntdll.dll
0x0000000076d90000 - 0x0000000076eb0000 	C:\Windows\system32\kernel32.dll
0x000007fefcce0000 - 0x000007fefcd47000 	C:\Windows\system32\KERNELBASE.dll
0x000007fefcec0000 - 0x000007fefcf9f000 	C:\Windows\system32\ADVAPI32.dll
0x000007fefe010000 - 0x000007fefe0af000 	C:\Windows\system32\msvcrt.dll
0x000007fefe4f0000 - 0x000007fefe50f000 	C:\Windows\SYSTEM32\sechost.dll
0x000007fefe3c0000 - 0x000007fefe4e9000 	C:\Windows\system32\RPCRT4.dll
0x0000000076eb0000 - 0x0000000076fab000 	C:\Windows\system32\USER32.dll
0x000007fefd520000 - 0x000007fefd588000 	C:\Windows\system32\GDI32.dll
0x000007fefd350000 - 0x000007fefd35e000 	C:\Windows\system32\LPK.dll
0x000007fefde80000 - 0x000007fefdf4b000 	C:\Windows\system32\USP10.dll
0x000007fefb410000 - 0x000007fefb605000 	C:\Windows\WinSxS\amd64_microsoft.windows.common-controls_6595b64144ccf1df_6.0.7601.24483_none_e372d88f30fbb845\COMCTL32.dll
0x000007fefd860000 - 0x000007fefd8d1000 	C:\Windows\system32\SHLWAPI.dll
0x000007fefd360000 - 0x000007fefd38e000 	C:\Windows\system32\IMM32.DLL
0x000007fefe0b0000 - 0x000007fefe1bb000 	C:\Windows\system32\MSCTF.dll
0x0000000074220000 - 0x00000000742f2000 	C:\Program Files\Java\jdk1.8.0_251\jre\bin\msvcr100.dll
0x0000000071e30000 - 0x00000000726db000 	C:\Program Files\Java\jdk1.8.0_251\jre\bin\server\jvm.dll
0x000007fed2550000 - 0x000007fed2559000 	C:\Windows\system32\WSOCK32.dll
0x000007fefde30000 - 0x000007fefde7d000 	C:\Windows\system32\WS2_32.dll
0x000007fefd020000 - 0x000007fefd028000 	C:\Windows\system32\NSI.dll
0x000007fef9d60000 - 0x000007fef9d9b000 	C:\Windows\system32\WINMM.dll
0x000007fefbaa0000 - 0x000007fefbaac000 	C:\Windows\system32\VERSION.dll
0x0000000077160000 - 0x0000000077167000 	C:\Windows\system32\PSAPI.DLL
0x000007fed03f0000 - 0x000007fed03ff000 	C:\Program Files\Java\jdk1.8.0_251\jre\bin\verify.dll
0x000007fed03c0000 - 0x000007fed03e9000 	C:\Program Files\Java\jdk1.8.0_251\jre\bin\java.dll
0x000007fed0360000 - 0x000007fed0376000 	C:\Program Files\Java\jdk1.8.0_251\jre\bin\zip.dll
0x000007fefe510000 - 0x000007feff29b000 	C:\Windows\system32\SHELL32.dll
0x000007fefe1c0000 - 0x000007fefe3c0000 	C:\Windows\system32\ole32.dll
0x000007fefca20000 - 0x000007fefca2f000 	C:\Windows\system32\profapi.dll
0x000007fefc800000 - 0x000007fefc857000 	C:\Windows\system32\apphelp.dll
0x000007fed0340000 - 0x000007fed035a000 	C:\Program Files\Java\jdk1.8.0_251\jre\bin\net.dll
0x000007fefc120000 - 0x000007fefc175000 	C:\Windows\system32\mswsock.dll
0x000007fefc110000 - 0x000007fefc117000 	C:\Windows\System32\wship6.dll
0x000007fed0320000 - 0x000007fed0332000 	C:\Program Files\Java\jdk1.8.0_251\jre\bin\nio.dll

VM Arguments:
jvm_args: -Dclassworlds.conf=C:\Program Files\NetBeans 8.2\java\maven\bin\m2.conf -Dmaven.home=C:\Program Files\NetBeans 8.2\java\maven 
java_command: org.codehaus.plexus.classworlds.launcher.Launcher -Dmaven.ext.class.path=C:\Program Files\NetBeans 8.2\java\maven-nblib\netbeans-eventspy.jar -Dfile.encoding=UTF-8 clean install
java_class_path (initial): C:\Program Files\NetBeans 8.2\java\maven\boot\plexus-classworlds-2.4.jar
Launcher Type: SUN_STANDARD

Environment Variables:
JAVA_HOME=C:\Program Files\Java\jdk1.8.0_251
PATH=C:\Program Files\Java\jdk1.8.0_251\bin;C:\Program Files\apache-maven-3.6.3\bin;C:\Program Files\apache-maven-3.6.3\bin;C:\Program Files\Git\cmd;;C:\Users\dorothy\AppData\Local\Programs\Microsoft VS Code\bin
USERNAME=dorothy
OS=Windows_NT
PROCESSOR_IDENTIFIER=Intel64 Family 6 Model 58 Stepping 9, GenuineIntel



---------------  S Y S T E M  ---------------

OS: Windows 7 , 64 bit Build 7601 (6.1.7601.25827)

CPU:total 2 (initial active 2) (2 cores per cpu, 1 threads per core) family 6 model 58 stepping 9, cmov, cx8, fxsr, mmx, sse, sse2, sse3, ssse3, sse4.1, sse4.2, popcnt, clmul, erms, tsc, tscinvbit, tscinv

Memory: 4k page, physical 1980220k(78612k free), swap 7920880k(5208k free)

vm_info: Java HotSpot(TM) 64-Bit Server VM (25.251-b08) for windows-amd64 JRE (1.8.0_251-b08), built on Mar 12 2020 06:31:49 by "" with MS VC++ 10.0 (VS2010)

time: Fri May 27 13:17:51 2022
timezone: Pacific Daylight Time
elapsed time: 12 seconds (0d 0h 0m 12s)

