#
# There is insufficient memory for the Java Runtime Environment to continue.
# Native memory allocation (malloc) failed to allocate 65552 bytes for Chunk::new
# Possible reasons:
#   The system is out of physical RAM or swap space
#   The process is running with CompressedOops enabled, and the Java Heap may be blocking the growth of the native heap
# Possible solutions:
#   Reduce memory load on the system
#   Increase physical memory or swap space
#   Check if swap backing store is full
#   Decrease Java heap size (-Xmx/-Xms)
#   Decrease number of Java threads
#   Decrease Java thread stack sizes (-Xss)
#   Set larger code cache with -XX:ReservedCodeCacheSize=
#   JVM is running with Unscaled Compressed Oops mode in which the Java heap is
#     placed in the first 4GB address space. The Java Heap base address is the
#     maximum limit for the native heap growth. Please use -XX:HeapBaseMinAddress
#     to set the Java Heap base and to place the Java Heap above 4GB virtual address.
# This output file may be truncated or incomplete.
#
#  Out of Memory Error (allocation.cpp:389), pid=3312, tid=0x00000000000013e0
#
# JRE version: Java(TM) SE Runtime Environment (8.0_251-b08) (build 1.8.0_251-b08)
# Java VM: Java HotSpot(TM) 64-Bit Server VM (25.251-b08 mixed mode windows-amd64 compressed oops)
# Failed to write core dump. Minidumps are not enabled by default on client versions of Windows
#

---------------  T H R E A D  ---------------

Current thread (0x00000000538aa000):  JavaThread "C2 CompilerThread0" daemon [_thread_in_native, id=5088, stack(0x00000000549b0000,0x0000000054ab0000)]

Stack: [0x00000000549b0000,0x0000000054ab0000]
[error occurred during error reporting (printing stack bounds), id 0xc0000005]

Native frames: (J=compiled Java code, j=interpreted, Vv=VM code, C=native code)


Current CompileTask:
C2:  12774 1648   !   4       org.codehaus.plexus.interpolation.StringSearchInterpolator::interpolate (665 bytes)


---------------  P R O C E S S  ---------------

Java Threads: ( => current thread )
  0x000000005390e800 JavaThread "Service Thread" daemon [_thread_blocked, id=6220, stack(0x0000000055170000,0x0000000055270000)]
  0x00000000538b4000 JavaThread "C1 CompilerThread1" daemon [_thread_blocked, id=2356, stack(0x0000000054af0000,0x0000000054bf0000)]
=>0x00000000538aa000 JavaThread "C2 CompilerThread0" daemon [_thread_in_native, id=5088, stack(0x00000000549b0000,0x0000000054ab0000)]
  0x00000000538a9000 JavaThread "Attach Listener" daemon [_thread_blocked, id=4300, stack(0x0000000054450000,0x0000000054550000)]
  0x00000000538a6000 JavaThread "Signal Dispatcher" daemon [_thread_blocked, id=4852, stack(0x0000000054830000,0x0000000054930000)]
  0x0000000053890800 JavaThread "Finalizer" daemon [_thread_blocked, id=8632, stack(0x0000000054720000,0x0000000054820000)]
  0x0000000053885800 JavaThread "Reference Handler" daemon [_thread_blocked, id=4552, stack(0x00000000545b0000,0x00000000546b0000)]
  0x0000000002110000 JavaThread "main" [_thread_in_native, id=8660, stack(0x0000000002470000,0x0000000002570000)]

Other Threads:
  0x000000005383f800 VMThread [stack: 0x00000000542d0000,0x00000000543d0000] [id=5568]
  0x0000000054bf4800 WatcherThread [stack: 0x0000000055300000,0x0000000055400000] [id=7136]

VM state:not at safepoint (normal execution)

VM Mutex/Monitor currently owned by a thread: None

heap address: 0x00000000e1c00000, size: 484 MB, Compressed Oops mode: 32-bit
Narrow klass base: 0x0000000000000000, Narrow klass shift: 0
Compressed class space size: 1073741824 Address: 0x0000000012f10000

Heap:
 PSYoungGen      total 18432K, used 13832K [0x00000000f5f00000, 0x00000000f7200000, 0x0000000100000000)
  eden space 17408K, 73% used [0x00000000f5f00000,0x00000000f6b862b0,0x00000000f7000000)
  from space 1024K, 98% used [0x00000000f7000000,0x00000000f70fc010,0x00000000f7100000)
  to   space 1024K, 0% used [0x00000000f7100000,0x00000000f7100000,0x00000000f7200000)
 ParOldGen       total 22016K, used 8926K [0x00000000e1c00000, 0x00000000e3180000, 0x00000000f5f00000)
  object space 22016K, 40% used [0x00000000e1c00000,0x00000000e24b78e0,0x00000000e3180000)
 Metaspace       used 12538K, capacity 12818K, committed 13184K, reserved 1060864K
  class space    used 1520K, capacity 1581K, committed 1664K, reserved 1048576K

Card table byte_map: [0x00000000022f0000,0x00000000023f0000] byte_map_base: 0x0000000001be2000

Marking Bits: (ParMarkBitMap*) 0x000000007265af90
 Begin Bits: [0x0000000011ef0000, 0x0000000012680000)
 End Bits:   [0x0000000012680000, 0x0000000012e10000)

Polling page: 0x00000000005d0000

CodeCache: size=245760Kb used=5819Kb max_used=5825Kb free=239940Kb
 bounds [0x0000000002840000, 0x0000000002e00000, 0x0000000011840000]
 total_blobs=1976 nmethods=1653 adapters=236
 compilation: enabled

Compilation events (10 events):
Event: 12.584 Thread 0x00000000538b4000 1650       1       java.util.Collections$EmptySet::isEmpty (2 bytes)
Event: 12.584 Thread 0x00000000538b4000 nmethod 1650 0x0000000002de7610 code [0x0000000002de7760, 0x0000000002de7870]
Event: 12.584 Thread 0x00000000538b4000 1651       3       org.sonatype.aether.util.artifact.DefaultArtifact::getProperties (8 bytes)
Event: 12.585 Thread 0x00000000538b4000 nmethod 1651 0x0000000002de8f90 code [0x0000000002de9120, 0x0000000002de94e8]
Event: 12.585 Thread 0x00000000538b4000 1652       3       java.util.HashSet::iterator (13 bytes)
Event: 12.585 Thread 0x00000000538b4000 nmethod 1652 0x0000000002de7090 code [0x0000000002de7200, 0x0000000002de74d8]
Event: 12.586 Thread 0x00000000538aa000 nmethod 1647 0x0000000002de81d0 code [0x0000000002de8360, 0x0000000002de88b8]
Event: 12.586 Thread 0x00000000538aa000 1648   !   4       org.codehaus.plexus.interpolation.StringSearchInterpolator::interpolate (665 bytes)
Event: 12.727 Thread 0x00000000538b4000 1653       1       java.util.Collections$1::hasNext (5 bytes)
Event: 12.727 Thread 0x00000000538b4000 nmethod 1653 0x0000000002decf10 code [0x0000000002ded060, 0x0000000002ded170]

GC Heap History (10 events):
Event: 2.981 GC heap before
{Heap before GC invocations=1 (full 0):
 PSYoungGen      total 9728K, used 8704K [0x00000000f5f00000, 0x00000000f6980000, 0x0000000100000000)
  eden space 8704K, 100% used [0x00000000f5f00000,0x00000000f6780000,0x00000000f6780000)
  from space 1024K, 0% used [0x00000000f6880000,0x00000000f6880000,0x00000000f6980000)
  to   space 1024K, 0% used [0x00000000f6780000,0x00000000f6780000,0x00000000f6880000)
 ParOldGen       total 22016K, used 0K [0x00000000e1c00000, 0x00000000e3180000, 0x00000000f5f00000)
  object space 22016K, 0% used [0x00000000e1c00000,0x00000000e1c00000,0x00000000e3180000)
 Metaspace       used 5438K, capacity 5836K, committed 6144K, reserved 1056768K
  class space    used 631K, capacity 696K, committed 768K, reserved 1048576K
Event: 3.144 GC heap after
Heap after GC invocations=1 (full 0):
 PSYoungGen      total 9728K, used 1024K [0x00000000f5f00000, 0x00000000f7200000, 0x0000000100000000)
  eden space 8704K, 0% used [0x00000000f5f00000,0x00000000f5f00000,0x00000000f6780000)
  from space 1024K, 100% used [0x00000000f6780000,0x00000000f6880000,0x00000000f6880000)
  to   space 1024K, 0% used [0x00000000f7100000,0x00000000f7100000,0x00000000f7200000)
 ParOldGen       total 22016K, used 1078K [0x00000000e1c00000, 0x00000000e3180000, 0x00000000f5f00000)
  object space 22016K, 4% used [0x00000000e1c00000,0x00000000e1d0db98,0x00000000e3180000)
 Metaspace       used 5438K, capacity 5836K, committed 6144K, reserved 1056768K
  class space    used 631K, capacity 696K, committed 768K, reserved 1048576K
}
Event: 3.897 GC heap before
{Heap before GC invocations=2 (full 0):
 PSYoungGen      total 9728K, used 9728K [0x00000000f5f00000, 0x00000000f7200000, 0x0000000100000000)
  eden space 8704K, 100% used [0x00000000f5f00000,0x00000000f6780000,0x00000000f6780000)
  from space 1024K, 100% used [0x00000000f6780000,0x00000000f6880000,0x00000000f6880000)
  to   space 1024K, 0% used [0x00000000f7100000,0x00000000f7100000,0x00000000f7200000)
 ParOldGen       total 22016K, used 1078K [0x00000000e1c00000, 0x00000000e3180000, 0x00000000f5f00000)
  object space 22016K, 4% used [0x00000000e1c00000,0x00000000e1d0db98,0x00000000e3180000)
 Metaspace       used 6742K, capacity 6876K, committed 7040K, reserved 1056768K
  class space    used 822K, capacity 888K, committed 896K, reserved 1048576K
Event: 3.967 GC heap after
Heap after GC invocations=2 (full 0):
 PSYoungGen      total 18432K, used 1015K [0x00000000f5f00000, 0x00000000f7200000, 0x0000000100000000)
  eden space 17408K, 0% used [0x00000000f5f00000,0x00000000f5f00000,0x00000000f7000000)
  from space 1024K, 99% used [0x00000000f7100000,0x00000000f71fde70,0x00000000f7200000)
  to   space 1024K, 0% used [0x00000000f7000000,0x00000000f7000000,0x00000000f7100000)
 ParOldGen       total 22016K, used 2140K [0x00000000e1c00000, 0x00000000e3180000, 0x00000000f5f00000)
  object space 22016K, 9% used [0x00000000e1c00000,0x00000000e1e17230,0x00000000e3180000)
 Metaspace       used 6742K, capacity 6876K, committed 7040K, reserved 1056768K
  class space    used 822K, capacity 888K, committed 896K, reserved 1048576K
}
Event: 4.845 GC heap before
{Heap before GC invocations=3 (full 0):
 PSYoungGen      total 18432K, used 18423K [0x00000000f5f00000, 0x00000000f7200000, 0x0000000100000000)
  eden space 17408K, 100% used [0x00000000f5f00000,0x00000000f7000000,0x00000000f7000000)
  from space 1024K, 99% used [0x00000000f7100000,0x00000000f71fde70,0x00000000f7200000)
  to   space 1024K, 0% used [0x00000000f7000000,0x00000000f7000000,0x00000000f7100000)
 ParOldGen       total 22016K, used 2140K [0x00000000e1c00000, 0x00000000e3180000, 0x00000000f5f00000)
  object space 22016K, 9% used [0x00000000e1c00000,0x00000000e1e17230,0x00000000e3180000)
 Metaspace       used 7967K, capacity 8168K, committed 8320K, reserved 1056768K
  class space    used 1012K, capacity 1082K, committed 1152K, reserved 1048576K
Event: 5.004 GC heap after
Heap after GC invocations=3 (full 0):
 PSYoungGen      total 18432K, used 992K [0x00000000f5f00000, 0x00000000f7200000, 0x0000000100000000)
  eden space 17408K, 0% used [0x00000000f5f00000,0x00000000f5f00000,0x00000000f7000000)
  from space 1024K, 96% used [0x00000000f7000000,0x00000000f70f8020,0x00000000f7100000)
  to   space 1024K, 0% used [0x00000000f7100000,0x00000000f7100000,0x00000000f7200000)
 ParOldGen       total 22016K, used 3771K [0x00000000e1c00000, 0x00000000e3180000, 0x00000000f5f00000)
  object space 22016K, 17% used [0x00000000e1c00000,0x00000000e1faef40,0x00000000e3180000)
 Metaspace       used 7967K, capacity 8168K, committed 8320K, reserved 1056768K
  class space    used 1012K, capacity 1082K, committed 1152K, reserved 1048576K
}
Event: 6.127 GC heap before
{Heap before GC invocations=4 (full 0):
 PSYoungGen      total 18432K, used 18400K [0x00000000f5f00000, 0x00000000f7200000, 0x0000000100000000)
  eden space 17408K, 100% used [0x00000000f5f00000,0x00000000f7000000,0x00000000f7000000)
  from space 1024K, 96% used [0x00000000f7000000,0x00000000f70f8020,0x00000000f7100000)
  to   space 1024K, 0% used [0x00000000f7100000,0x00000000f7100000,0x00000000f7200000)
 ParOldGen       total 22016K, used 3771K [0x00000000e1c00000, 0x00000000e3180000, 0x00000000f5f00000)
  object space 22016K, 17% used [0x00000000e1c00000,0x00000000e1faef40,0x00000000e3180000)
 Metaspace       used 10280K, capacity 10460K, committed 10624K, reserved 1058816K
  class space    used 1307K, capacity 1373K, committed 1408K, reserved 1048576K
Event: 6.232 GC heap after
Heap after GC invocations=4 (full 0):
 PSYoungGen      total 18432K, used 1024K [0x00000000f5f00000, 0x00000000f7200000, 0x0000000100000000)
  eden space 17408K, 0% used [0x00000000f5f00000,0x00000000f5f00000,0x00000000f7000000)
  from space 1024K, 100% used [0x00000000f7100000,0x00000000f7200000,0x00000000f7200000)
  to   space 1024K, 0% used [0x00000000f7000000,0x00000000f7000000,0x00000000f7100000)
 ParOldGen       total 22016K, used 6441K [0x00000000e1c00000, 0x00000000e3180000, 0x00000000f5f00000)
  object space 22016K, 29% used [0x00000000e1c00000,0x00000000e224a580,0x00000000e3180000)
 Metaspace       used 10280K, capacity 10460K, committed 10624K, reserved 1058816K
  class space    used 1307K, capacity 1373K, committed 1408K, reserved 1048576K
}
Event: 9.979 GC heap before
{Heap before GC invocations=5 (full 0):
 PSYoungGen      total 18432K, used 18432K [0x00000000f5f00000, 0x00000000f7200000, 0x0000000100000000)
  eden space 17408K, 100% used [0x00000000f5f00000,0x00000000f7000000,0x00000000f7000000)
  from space 1024K, 100% used [0x00000000f7100000,0x00000000f7200000,0x00000000f7200000)
  to   space 1024K, 0% used [0x00000000f7000000,0x00000000f7000000,0x00000000f7100000)
 ParOldGen       total 22016K, used 6441K [0x00000000e1c00000, 0x00000000e3180000, 0x00000000f5f00000)
  object space 22016K, 29% used [0x00000000e1c00000,0x00000000e224a580,0x00000000e3180000)
 Metaspace       used 12449K, capacity 12678K, committed 12928K, reserved 1060864K
  class space    used 1516K, capacity 1579K, committed 1664K, reserved 1048576K
Event: 9.996 GC heap after
Heap after GC invocations=5 (full 0):
 PSYoungGen      total 18432K, used 1008K [0x00000000f5f00000, 0x00000000f7200000, 0x0000000100000000)
  eden space 17408K, 0% used [0x00000000f5f00000,0x00000000f5f00000,0x00000000f7000000)
  from space 1024K, 98% used [0x00000000f7000000,0x00000000f70fc010,0x00000000f7100000)
  to   space 1024K, 0% used [0x00000000f7100000,0x00000000f7100000,0x00000000f7200000)
 ParOldGen       total 22016K, used 8926K [0x00000000e1c00000, 0x00000000e3180000, 0x00000000f5f00000)
  object space 22016K, 40% used [0x00000000e1c00000,0x00000000e24b78e0,0x00000000e3180000)
 Metaspace       used 12449K, capacity 12678K, committed 12928K, reserved 1060864K
  class space    used 1516K, capacity 1579K, committed 1664K, reserved 1048576K
}

Deoptimization events (10 events):
Event: 5.122 Thread 0x0000000002110000 Uncommon trap: reason=bimorphic action=maybe_recompile pc=0x0000000002ba37c8 method=java.util.HashMap.putVal(ILjava/lang/Object;Ljava/lang/Object;ZZ)Ljava/lang/Object; @ 203
Event: 5.122 Thread 0x0000000002110000 Uncommon trap: reason=bimorphic action=maybe_recompile pc=0x0000000002ba37c8 method=java.util.HashMap.putVal(ILjava/lang/Object;Ljava/lang/Object;ZZ)Ljava/lang/Object; @ 203
Event: 5.122 Thread 0x0000000002110000 Uncommon trap: reason=bimorphic action=maybe_recompile pc=0x0000000002ba37c8 method=java.util.HashMap.putVal(ILjava/lang/Object;Ljava/lang/Object;ZZ)Ljava/lang/Object; @ 203
Event: 6.439 Thread 0x0000000002110000 Uncommon trap: reason=unstable_if action=reinterpret pc=0x0000000002b150bc method=org.codehaus.plexus.util.xml.pull.MXParser.parseStartTag()I @ 443
Event: 7.602 Thread 0x0000000002110000 Uncommon trap: reason=unstable_if action=reinterpret pc=0x00000000029ed004 method=java.lang.String.replace(CC)Ljava/lang/String; @ 2
Event: 8.083 Thread 0x0000000002110000 Uncommon trap: reason=unstable_if action=reinterpret pc=0x0000000002ca2cac method=org.codehaus.plexus.util.xml.pull.MXParser.nextImpl()I @ 960
Event: 8.453 Thread 0x0000000002110000 Uncommon trap: reason=unstable_if action=reinterpret pc=0x0000000002bf38e8 method=java.util.HashMap.hash(Ljava/lang/Object;)I @ 1
Event: 8.453 Thread 0x0000000002110000 Uncommon trap: reason=unstable_if action=reinterpret pc=0x0000000002bce5e4 method=java.util.HashMap.hash(Ljava/lang/Object;)I @ 1
Event: 8.454 Thread 0x0000000002110000 Uncommon trap: reason=unstable_if action=reinterpret pc=0x0000000002bd1b30 method=java.util.HashMap.hash(Ljava/lang/Object;)I @ 1
Event: 10.433 Thread 0x0000000002110000 Uncommon trap: reason=null_check action=make_not_entrant pc=0x0000000002d7230c method=org.apache.maven.model.io.xpp3.MavenXpp3Reader.checkFieldWithDuplicate(Lorg/codehaus/plexus/util/xml/pull/XmlPullParser;Ljava/lang/String;Ljava/lang/String;Ljava/util/Se

Classes redefined (0 events):
No events

Internal exceptions (10 events):
Event: 3.456 Thread 0x0000000002110000 Exception <a 'java/lang/ArrayIndexOutOfBoundsException'> (0x00000000f62d27b8) thrown at [C:\jenkins\workspace\8-2-build-windows-amd64-cygwin\jdk8u251\737\hotspot\src\share\vm\runtime\sharedRuntime.cpp, line 605]
Event: 4.318 Thread 0x0000000002110000 Exception <a 'java/lang/ArrayIndexOutOfBoundsException'> (0x00000000f68d0b08) thrown at [C:\jenkins\workspace\8-2-build-windows-amd64-cygwin\jdk8u251\737\hotspot\src\share\vm\runtime\sharedRuntime.cpp, line 605]
Event: 4.320 Thread 0x0000000002110000 Exception <a 'java/lang/ArrayIndexOutOfBoundsException'> (0x00000000f68d27b0) thrown at [C:\jenkins\workspace\8-2-build-windows-amd64-cygwin\jdk8u251\737\hotspot\src\share\vm\runtime\sharedRuntime.cpp, line 605]
Event: 4.692 Thread 0x0000000002110000 Exception <a 'java/lang/NoClassDefFoundError': org/slf4j/Logger> (0x00000000f6d90878) thrown at [C:\jenkins\workspace\8-2-build-windows-amd64-cygwin\jdk8u251\737\hotspot\src\share\vm\classfile\systemDictionary.cpp, line 199]
Event: 5.019 Thread 0x0000000002110000 Exception <a 'java/lang/NoClassDefFoundError': org/slf4j/LoggerFactory> (0x00000000f5f54120) thrown at [C:\jenkins\workspace\8-2-build-windows-amd64-cygwin\jdk8u251\737\hotspot\src\share\vm\classfile\systemDictionary.cpp, line 199]
Event: 5.019 Thread 0x0000000002110000 Exception <a 'java/lang/NoClassDefFoundError'> (0x00000000f5f54120) thrown at [C:\jenkins\workspace\8-2-build-windows-amd64-cygwin\jdk8u251\737\hotspot\src\share\vm\oops\instanceKlass.cpp, line 959]
Event: 8.453 Thread 0x0000000002110000 Implicit null exception at 0x0000000002bf3705 to 0x0000000002bf38d9
Event: 8.453 Thread 0x0000000002110000 Implicit null exception at 0x0000000002bce56f to 0x0000000002bce5d5
Event: 8.454 Thread 0x0000000002110000 Implicit null exception at 0x0000000002bd156b to 0x0000000002bd1b15
Event: 10.433 Thread 0x0000000002110000 Implicit null exception at 0x0000000002d7114d to 0x0000000002d722f1

Events (10 events):
Event: 9.996 Executing VM operation: ParallelGCFailedAllocation done
Event: 10.433 Thread 0x0000000002110000 Uncommon trap: trap_request=0xfffffff4 fr.pc=0x0000000002d7230c
Event: 10.433 Thread 0x0000000002110000 DEOPT PACKING pc=0x0000000002d7230c sp=0x000000000256d2f0
Event: 10.433 Thread 0x0000000002110000 DEOPT UNPACKING pc=0x000000000288583b sp=0x000000000256d2d0 mode 2
Event: 10.983 loading class java/util/ArrayList$SubList
Event: 10.983 loading class java/util/ArrayList$SubList done
Event: 10.983 loading class java/util/ArrayList$SubList$1
Event: 10.983 loading class java/util/ArrayList$SubList$1 done
Event: 12.154 loading class java/util/AbstractList$1
Event: 12.154 loading class java/util/AbstractList$1 done


Dynamic libraries:
0x000000013fa70000 - 0x000000013faa7000 	C:\Program Files\Java\jdk1.8.0_251\bin\java.exe
0x0000000076fb0000 - 0x000000007714f000 	C:\Windows\SYSTEM32\ntdll.dll
0x0000000076d90000 - 0x0000000076eb0000 	C:\Windows\system32\kernel32.dll
0x000007fefcce0000 - 0x000007fefcd47000 	C:\Windows\system32\KERNELBASE.dll
0x000007fefcec0000 - 0x000007fefcf9f000 	C:\Windows\system32\ADVAPI32.dll
0x000007fefe010000 - 0x000007fefe0af000 	C:\Windows\system32\msvcrt.dll
0x000007fefe4f0000 - 0x000007fefe50f000 	C:\Windows\SYSTEM32\sechost.dll
0x000007fefe3c0000 - 0x000007fefe4e9000 	C:\Windows\system32\RPCRT4.dll
0x0000000076eb0000 - 0x0000000076fab000 	C:\Windows\system32\USER32.dll
0x000007fefd520000 - 0x000007fefd588000 	C:\Windows\system32\GDI32.dll
0x000007fefd350000 - 0x000007fefd35e000 	C:\Windows\system32\LPK.dll
0x000007fefde80000 - 0x000007fefdf4b000 	C:\Windows\system32\USP10.dll
0x000007fefb410000 - 0x000007fefb605000 	C:\Windows\WinSxS\amd64_microsoft.windows.common-controls_6595b64144ccf1df_6.0.7601.24483_none_e372d88f30fbb845\COMCTL32.dll
0x000007fefd860000 - 0x000007fefd8d1000 	C:\Windows\system32\SHLWAPI.dll
0x000007fefd360000 - 0x000007fefd38e000 	C:\Windows\system32\IMM32.DLL
0x000007fefe0b0000 - 0x000007fefe1bb000 	C:\Windows\system32\MSCTF.dll
0x0000000074220000 - 0x00000000742f2000 	C:\Program Files\Java\jdk1.8.0_251\jre\bin\msvcr100.dll
0x0000000071e30000 - 0x00000000726db000 	C:\Program Files\Java\jdk1.8.0_251\jre\bin\server\jvm.dll
0x000007fed2550000 - 0x000007fed2559000 	C:\Windows\system32\WSOCK32.dll
0x000007fefde30000 - 0x000007fefde7d000 	C:\Windows\system32\WS2_32.dll
0x000007fefd020000 - 0x000007fefd028000 	C:\Windows\system32\NSI.dll
0x000007fef9d60000 - 0x000007fef9d9b000 	C:\Windows\system32\WINMM.dll
0x000007fefbaa0000 - 0x000007fefbaac000 	C:\Windows\system32\VERSION.dll
0x0000000077160000 - 0x0000000077167000 	C:\Windows\system32\PSAPI.DLL
0x000007fed03f0000 - 0x000007fed03ff000 	C:\Program Files\Java\jdk1.8.0_251\jre\bin\verify.dll
0x000007fed03c0000 - 0x000007fed03e9000 	C:\Program Files\Java\jdk1.8.0_251\jre\bin\java.dll
0x000007fed0360000 - 0x000007fed0376000 	C:\Program Files\Java\jdk1.8.0_251\jre\bin\zip.dll
0x000007fefe510000 - 0x000007feff29b000 	C:\Windows\system32\SHELL32.dll
0x000007fefe1c0000 - 0x000007fefe3c0000 	C:\Windows\system32\ole32.dll
0x000007fefca20000 - 0x000007fefca2f000 	C:\Windows\system32\profapi.dll
0x000007fefc800000 - 0x000007fefc857000 	C:\Windows\system32\apphelp.dll
0x000007fed0340000 - 0x000007fed035a000 	C:\Program Files\Java\jdk1.8.0_251\jre\bin\net.dll
0x000007fefc120000 - 0x000007fefc175000 	C:\Windows\system32\mswsock.dll
0x000007fefc110000 - 0x000007fefc117000 	C:\Windows\System32\wship6.dll
0x000007fed0320000 - 0x000007fed0332000 	C:\Program Files\Java\jdk1.8.0_251\jre\bin\nio.dll

VM Arguments:
jvm_args: -Dclassworlds.conf=C:\Program Files\NetBeans 8.2\java\maven\bin\m2.conf -Dmaven.home=C:\Program Files\NetBeans 8.2\java\maven 
java_command: org.codehaus.plexus.classworlds.launcher.Launcher -Dexec.args=-classpath %classpath com.mycompany.apistub.stub -Dexec.executable=C:\Program Files\Java\jdk1.8.0_251\bin\java.exe -Dexec.workingdir=C:\Users\dorothy\Documents\NetBeansProjects\ApiStub -Dmaven.ext.class.path=C:\Program Files\NetBeans 8.2\java\maven-nblib\netbeans-eventspy.jar -Dfile.encoding=UTF-8 org.codehaus.mojo:exec-maven-plugin:1.2.1:exec
java_class_path (initial): C:\Program Files\NetBeans 8.2\java\maven\boot\plexus-classworlds-2.4.jar
Launcher Type: SUN_STANDARD

Environment Variables:
JAVA_HOME=C:\Program Files\Java\jdk1.8.0_251
PATH=C:\Program Files\Java\jdk1.8.0_251\bin;C:\Program Files\apache-maven-3.6.3\bin;C:\Program Files\apache-maven-3.6.3\bin;C:\Program Files\Git\cmd;;C:\Users\dorothy\AppData\Local\Programs\Microsoft VS Code\bin
USERNAME=dorothy
OS=Windows_NT
PROCESSOR_IDENTIFIER=Intel64 Family 6 Model 58 Stepping 9, GenuineIntel



---------------  S Y S T E M  ---------------

OS: Windows 7 , 64 bit Build 7601 (6.1.7601.25827)

CPU:total 2 (initial active 2) (2 cores per cpu, 1 threads per core) family 6 model 58 stepping 9, cmov, cx8, fxsr, mmx, sse, sse2, sse3, ssse3, sse4.1, sse4.2, popcnt, clmul, erms, tsc, tscinvbit, tscinv

Memory: 4k page, physical 1980220k(197692k free), swap 7920880k(9152k free)

vm_info: Java HotSpot(TM) 64-Bit Server VM (25.251-b08) for windows-amd64 JRE (1.8.0_251-b08), built on Mar 12 2020 06:31:49 by "" with MS VC++ 10.0 (VS2010)

time: Fri May 27 13:27:02 2022
timezone: Pacific Daylight Time
elapsed time: 12 seconds (0d 0h 0m 12s)

