#
# There is insufficient memory for the Java Runtime Environment to continue.
# Native memory allocation (malloc) failed to allocate 32744 bytes for ChunkPool::allocate
# Possible reasons:
#   The system is out of physical RAM or swap space
#   The process is running with CompressedOops enabled, and the Java Heap may be blocking the growth of the native heap
# Possible solutions:
#   Reduce memory load on the system
#   Increase physical memory or swap space
#   Check if swap backing store is full
#   Decrease Java heap size (-Xmx/-Xms)
#   Decrease number of Java threads
#   Decrease Java thread stack sizes (-Xss)
#   Set larger code cache with -XX:ReservedCodeCacheSize=
#   JVM is running with Unscaled Compressed Oops mode in which the Java heap is
#     placed in the first 4GB address space. The Java Heap base address is the
#     maximum limit for the native heap growth. Please use -XX:HeapBaseMinAddress
#     to set the Java Heap base and to place the Java Heap above 4GB virtual address.
# This output file may be truncated or incomplete.
#
#  Out of Memory Error (allocation.cpp:272), pid=6020, tid=0x0000000000002248
#
# JRE version: Java(TM) SE Runtime Environment (8.0_251-b08) (build 1.8.0_251-b08)
# Java VM: Java HotSpot(TM) 64-Bit Server VM (25.251-b08 mixed mode windows-amd64 compressed oops)
# Failed to write core dump. Minidumps are not enabled by default on client versions of Windows
#

---------------  T H R E A D  ---------------

Current thread (0x0000000053912800):  JavaThread "C2 CompilerThread0" daemon [_thread_in_native, id=8776, stack(0x0000000054af0000,0x0000000054bf0000)]

Stack: [0x0000000054af0000,0x0000000054bf0000]
[error occurred during error reporting (printing stack bounds), id 0xc0000005]

Native frames: (J=compiled Java code, j=interpreted, Vv=VM code, C=native code)


Current CompileTask:
C2:   1798  487       4       java.io.WinNTFileSystem::normalize (143 bytes)


---------------  P R O C E S S  ---------------

Java Threads: ( => current thread )
  0x0000000055993800 JavaThread "vertx-blocked-thread-checker" daemon [_thread_blocked, id=5128, stack(0x0000000055cc0000,0x0000000055dc0000)]
  0x0000000054bf3000 JavaThread "Service Thread" daemon [_thread_blocked, id=8968, stack(0x00000000549b0000,0x0000000054ab0000)]
  0x0000000054bf1000 JavaThread "C1 CompilerThread1" daemon [_thread_blocked, id=1596, stack(0x0000000055020000,0x0000000055120000)]
=>0x0000000053912800 JavaThread "C2 CompilerThread0" daemon [_thread_in_native, id=8776, stack(0x0000000054af0000,0x0000000054bf0000)]
  0x0000000053910800 JavaThread "Attach Listener" daemon [_thread_blocked, id=8104, stack(0x0000000054630000,0x0000000054730000)]
  0x000000005390e800 JavaThread "Signal Dispatcher" daemon [_thread_blocked, id=3964, stack(0x0000000054850000,0x0000000054950000)]
  0x00000000538f5000 JavaThread "Finalizer" daemon [_thread_blocked, id=9184, stack(0x0000000054730000,0x0000000054830000)]
  0x00000000538ec000 JavaThread "Reference Handler" daemon [_thread_blocked, id=4520, stack(0x00000000544d0000,0x00000000545d0000)]
  0x00000000021a5800 JavaThread "main" [_thread_in_Java, id=6540, stack(0x00000000024d0000,0x00000000025d0000)]

Other Threads:
  0x00000000538a4000 VMThread [stack: 0x0000000054380000,0x0000000054480000] [id=8384]
  0x0000000054c1f000 WatcherThread [stack: 0x0000000055300000,0x0000000055400000] [id=6196]

VM state:not at safepoint (normal execution)

VM Mutex/Monitor currently owned by a thread: None

heap address: 0x00000000e1c00000, size: 484 MB, Compressed Oops mode: 32-bit
Narrow klass base: 0x0000000000000000, Narrow klass shift: 0
Compressed class space size: 1073741824 Address: 0x0000000012f70000

Heap:
 PSYoungGen      total 9728K, used 4657K [0x00000000f5f00000, 0x00000000f6980000, 0x0000000100000000)
  eden space 8704K, 42% used [0x00000000f5f00000,0x00000000f62929d8,0x00000000f6780000)
  from space 1024K, 97% used [0x00000000f6780000,0x00000000f6879d50,0x00000000f6880000)
  to   space 1024K, 0% used [0x00000000f6880000,0x00000000f6880000,0x00000000f6980000)
 ParOldGen       total 22016K, used 1046K [0x00000000e1c00000, 0x00000000e3180000, 0x00000000f5f00000)
  object space 22016K, 4% used [0x00000000e1c00000,0x00000000e1d05b28,0x00000000e3180000)
 Metaspace       used 6065K, capacity 6196K, committed 6528K, reserved 1058816K
  class space    used 722K, capacity 792K, committed 896K, reserved 1048576K

Card table byte_map: [0x0000000002280000,0x0000000002380000] byte_map_base: 0x0000000001b72000

Marking Bits: (ParMarkBitMap*) 0x000000007190af90
 Begin Bits: [0x0000000011f50000, 0x00000000126e0000)
 End Bits:   [0x00000000126e0000, 0x0000000012e70000)

Polling page: 0x0000000001b60000

CodeCache: size=245760Kb used=2299Kb max_used=2299Kb free=243460Kb
 bounds [0x00000000028a0000, 0x0000000002b10000, 0x00000000118a0000]
 total_blobs=786 nmethods=512 adapters=188
 compilation: enabled

Compilation events (10 events):
Event: 1.627 Thread 0x0000000054bf1000  497       3       java.lang.ClassNotFoundException::<init> (7 bytes)
Event: 1.628 Thread 0x0000000054bf1000 nmethod 497 0x0000000002ac1910 code [0x0000000002ac1a80, 0x0000000002ac1cc8]
Event: 1.629 Thread 0x0000000054bf1000  498       3       java.io.File::<init> (113 bytes)
Event: 1.631 Thread 0x0000000054bf1000 nmethod 498 0x0000000002ac1dd0 code [0x0000000002ac2040, 0x0000000002ac2d48]
Event: 1.646 Thread 0x0000000054bf1000  499  s    3       java.util.jar.JarFile::getInputStream (89 bytes)
Event: 1.647 Thread 0x0000000054bf1000 nmethod 499 0x0000000002ac3390 code [0x0000000002ac35a0, 0x0000000002ac40d8]
Event: 1.647 Thread 0x0000000054bf1000  500       3       java.net.URLStreamHandler::parseURL (1193 bytes)
Event: 1.661 Thread 0x0000000054bf1000 nmethod 500 0x0000000002ac4410 code [0x0000000002ac4f60, 0x0000000002ace908]
Event: 1.671 Thread 0x0000000054bf1000  501       3       java.util.regex.Pattern::has (15 bytes)
Event: 1.672 Thread 0x0000000054bf1000 nmethod 501 0x0000000002ad5150 code [0x0000000002ad52a0, 0x0000000002ad5450]

GC Heap History (2 events):
Event: 1.234 GC heap before
{Heap before GC invocations=1 (full 0):
 PSYoungGen      total 9728K, used 8704K [0x00000000f5f00000, 0x00000000f6980000, 0x0000000100000000)
  eden space 8704K, 100% used [0x00000000f5f00000,0x00000000f6780000,0x00000000f6780000)
  from space 1024K, 0% used [0x00000000f6880000,0x00000000f6880000,0x00000000f6980000)
  to   space 1024K, 0% used [0x00000000f6780000,0x00000000f6780000,0x00000000f6880000)
 ParOldGen       total 22016K, used 0K [0x00000000e1c00000, 0x00000000e3180000, 0x00000000f5f00000)
  object space 22016K, 0% used [0x00000000e1c00000,0x00000000e1c00000,0x00000000e3180000)
 Metaspace       used 5136K, capacity 5492K, committed 5632K, reserved 1056768K
  class space    used 574K, capacity 664K, committed 768K, reserved 1048576K
Event: 1.240 GC heap after
Heap after GC invocations=1 (full 0):
 PSYoungGen      total 9728K, used 999K [0x00000000f5f00000, 0x00000000f6980000, 0x0000000100000000)
  eden space 8704K, 0% used [0x00000000f5f00000,0x00000000f5f00000,0x00000000f6780000)
  from space 1024K, 97% used [0x00000000f6780000,0x00000000f6879d50,0x00000000f6880000)
  to   space 1024K, 0% used [0x00000000f6880000,0x00000000f6880000,0x00000000f6980000)
 ParOldGen       total 22016K, used 1046K [0x00000000e1c00000, 0x00000000e3180000, 0x00000000f5f00000)
  object space 22016K, 4% used [0x00000000e1c00000,0x00000000e1d05b28,0x00000000e3180000)
 Metaspace       used 5136K, capacity 5492K, committed 5632K, reserved 1056768K
  class space    used 574K, capacity 664K, committed 768K, reserved 1048576K
}

Deoptimization events (2 events):
Event: 0.448 Thread 0x00000000021a5800 Uncommon trap: reason=unstable_if action=reinterpret pc=0x00000000029b1810 method=java.lang.String.hashCode()I @ 14
Event: 0.946 Thread 0x00000000021a5800 Uncommon trap: reason=unstable_if action=reinterpret pc=0x0000000002a440a0 method=java.lang.String.indexOf([CII[CIII)I @ 3

Classes redefined (0 events):
No events

Internal exceptions (10 events):
Event: 0.112 Thread 0x00000000021a5800 Exception <a 'java/lang/NoSuchMethodError': Method sun.misc.Unsafe.defineClass(Ljava/lang/String;[BII)Ljava/lang/Class; name or signature does not match> (0x00000000f5f07cc0) thrown at [C:\jenkins\workspace\8-2-build-windows-amd64-cygwin\jdk8u251\737\hots
Event: 0.112 Thread 0x00000000021a5800 Exception <a 'java/lang/NoSuchMethodError': Method sun.misc.Unsafe.prefetchRead(Ljava/lang/Object;J)V name or signature does not match> (0x00000000f5f07fa8) thrown at [C:\jenkins\workspace\8-2-build-windows-amd64-cygwin\jdk8u251\737\hotspot\src\share\vm\p
Event: 0.524 Thread 0x00000000021a5800 Exception <a 'java/security/PrivilegedActionException'> (0x00000000f60ed5b8) thrown at [C:\jenkins\workspace\8-2-build-windows-amd64-cygwin\jdk8u251\737\hotspot\src\share\vm\prims\jvm.cpp, line 1502]
Event: 0.524 Thread 0x00000000021a5800 Exception <a 'java/security/PrivilegedActionException'> (0x00000000f60ed7c8) thrown at [C:\jenkins\workspace\8-2-build-windows-amd64-cygwin\jdk8u251\737\hotspot\src\share\vm\prims\jvm.cpp, line 1502]
Event: 0.526 Thread 0x00000000021a5800 Exception <a 'java/security/PrivilegedActionException'> (0x00000000f60f16d8) thrown at [C:\jenkins\workspace\8-2-build-windows-amd64-cygwin\jdk8u251\737\hotspot\src\share\vm\prims\jvm.cpp, line 1502]
Event: 0.526 Thread 0x00000000021a5800 Exception <a 'java/security/PrivilegedActionException'> (0x00000000f60f18e8) thrown at [C:\jenkins\workspace\8-2-build-windows-amd64-cygwin\jdk8u251\737\hotspot\src\share\vm\prims\jvm.cpp, line 1502]
Event: 0.669 Thread 0x00000000021a5800 Exception <a 'java/lang/NoSuchFieldError': method resolution failed> (0x00000000f61d0850) thrown at [C:\jenkins\workspace\8-2-build-windows-amd64-cygwin\jdk8u251\737\hotspot\src\share\vm\prims\methodHandles.cpp, line 1167]
Event: 0.680 Thread 0x00000000021a5800 Exception <a 'java/lang/NoSuchFieldError': method resolution failed> (0x00000000f61ddc50) thrown at [C:\jenkins\workspace\8-2-build-windows-amd64-cygwin\jdk8u251\737\hotspot\src\share\vm\prims\methodHandles.cpp, line 1167]
Event: 0.835 Thread 0x00000000021a5800 Exception <a 'java/security/PrivilegedActionException'> (0x00000000f63bd2c8) thrown at [C:\jenkins\workspace\8-2-build-windows-amd64-cygwin\jdk8u251\737\hotspot\src\share\vm\prims\jvm.cpp, line 1502]
Event: 0.835 Thread 0x00000000021a5800 Exception <a 'java/security/PrivilegedActionException'> (0x00000000f63bd4d8) thrown at [C:\jenkins\workspace\8-2-build-windows-amd64-cygwin\jdk8u251\737\hotspot\src\share\vm\prims\jvm.cpp, line 1502]

Events (10 events):
Event: 1.671 loading class java/util/regex/Pattern$1 done
Event: 1.672 loading class java/util/regex/Pattern$7
Event: 1.672 loading class java/util/regex/Pattern$7 done
Event: 1.672 loading class java/util/regex/Matcher
Event: 1.672 loading class java/util/regex/MatchResult
Event: 1.672 loading class java/util/regex/MatchResult done
Event: 1.672 loading class java/util/regex/Matcher done
Event: 1.673 loading class io/netty/util/internal/PlatformDependent0
Event: 1.673 loading class io/netty/util/internal/PlatformDependent0 done
Event: 1.674 Executing VM operation: CollectForMetadataAllocation


Dynamic libraries:
0x000000013f4a0000 - 0x000000013f4d7000 	C:\Program Files\Java\jdk1.8.0_251\bin\java.exe
0x0000000077980000 - 0x0000000077b1f000 	C:\Windows\SYSTEM32\ntdll.dll
0x0000000077760000 - 0x0000000077880000 	C:\Windows\system32\kernel32.dll
0x000007fefd6e0000 - 0x000007fefd747000 	C:\Windows\system32\KERNELBASE.dll
0x000007fefd900000 - 0x000007fefd9df000 	C:\Windows\system32\ADVAPI32.dll
0x000007fefdf40000 - 0x000007fefdfdf000 	C:\Windows\system32\msvcrt.dll
0x000007fefe0a0000 - 0x000007fefe0bf000 	C:\Windows\SYSTEM32\sechost.dll
0x000007fefe0c0000 - 0x000007fefe1e9000 	C:\Windows\system32\RPCRT4.dll
0x0000000077880000 - 0x000000007797b000 	C:\Windows\system32\USER32.dll
0x000007fefd890000 - 0x000007fefd8f8000 	C:\Windows\system32\GDI32.dll
0x000007fefe5a0000 - 0x000007fefe5ae000 	C:\Windows\system32\LPK.dll
0x000007fefe4d0000 - 0x000007fefe59b000 	C:\Windows\system32\USP10.dll
0x000007fefbde0000 - 0x000007fefbfd5000 	C:\Windows\WinSxS\amd64_microsoft.windows.common-controls_6595b64144ccf1df_6.0.7601.24483_none_e372d88f30fbb845\COMCTL32.dll
0x000007feff8e0000 - 0x000007feff951000 	C:\Windows\system32\SHLWAPI.dll
0x000007fefd9e0000 - 0x000007fefda0e000 	C:\Windows\system32\IMM32.DLL
0x000007feffb50000 - 0x000007feffc5b000 	C:\Windows\system32\MSCTF.dll
0x0000000074c70000 - 0x0000000074d42000 	C:\Program Files\Java\jdk1.8.0_251\jre\bin\msvcr100.dll
0x00000000710e0000 - 0x000000007198b000 	C:\Program Files\Java\jdk1.8.0_251\jre\bin\server\jvm.dll
0x000007fec1e70000 - 0x000007fec1e79000 	C:\Windows\system32\WSOCK32.dll
0x000007fefeb00000 - 0x000007fefeb4d000 	C:\Windows\system32\WS2_32.dll
0x000007feffc60000 - 0x000007feffc68000 	C:\Windows\system32\NSI.dll
0x000007fefb100000 - 0x000007fefb13b000 	C:\Windows\system32\WINMM.dll
0x000007fefc470000 - 0x000007fefc47c000 	C:\Windows\system32\VERSION.dll
0x0000000077b30000 - 0x0000000077b37000 	C:\Windows\system32\PSAPI.DLL
0x000007fee8eb0000 - 0x000007fee8ebf000 	C:\Program Files\Java\jdk1.8.0_251\jre\bin\verify.dll
0x000007fec0460000 - 0x000007fec0489000 	C:\Program Files\Java\jdk1.8.0_251\jre\bin\java.dll
0x000007fed0410000 - 0x000007fed0426000 	C:\Program Files\Java\jdk1.8.0_251\jre\bin\zip.dll
0x000007fefeb50000 - 0x000007feff8db000 	C:\Windows\system32\SHELL32.dll
0x000007fefe1f0000 - 0x000007fefe3f0000 	C:\Windows\system32\ole32.dll
0x000007fefd420000 - 0x000007fefd42f000 	C:\Windows\system32\profapi.dll

VM Arguments:
java_command: com.mycompany.apistub.stub
java_class_path (initial): C:\Users\dorothy\Documents\NetBeansProjects\ApiStub\target\classes;C:\Users\dorothy\.m2\repository\io\vertx\vertx-web\3.7.1\vertx-web-3.7.1.jar;C:\Users\dorothy\.m2\repository\io\vertx\vertx-web-common\3.7.1\vertx-web-common-3.7.1.jar;C:\Users\dorothy\.m2\repository\io\vertx\vertx-auth-common\3.7.1\vertx-auth-common-3.7.1.jar;C:\Users\dorothy\.m2\repository\io\vertx\vertx-bridge-common\3.7.1\vertx-bridge-common-3.7.1.jar;C:\Users\dorothy\.m2\repository\io\vertx\vertx-core\3.6.3\vertx-core-3.6.3.jar;C:\Users\dorothy\.m2\repository\io\netty\netty-common\4.1.30.Final\netty-common-4.1.30.Final.jar;C:\Users\dorothy\.m2\repository\io\netty\netty-buffer\4.1.30.Final\netty-buffer-4.1.30.Final.jar;C:\Users\dorothy\.m2\repository\io\netty\netty-transport\4.1.30.Final\netty-transport-4.1.30.Final.jar;C:\Users\dorothy\.m2\repository\io\netty\netty-handler\4.1.30.Final\netty-handler-4.1.30.Final.jar;C:\Users\dorothy\.m2\repository\io\netty\netty-codec\4.1.30.Final\netty-codec-4.1.30.Final.jar;C:\Users\dorothy\.m2\repository\io\netty\netty-handler-proxy\4.1.30.Final\netty-handler-proxy-4.1.30.Final.jar;C:\Users\dorothy\.m2\repository\io\netty\netty-codec-socks\4.1.30.Final\netty-codec-socks-4.1.30.Final.jar;C:\Users\dorothy\.m2\repository\io\netty\netty-codec-http\4.1.30.Final\netty-codec-http-4.1.30.Final.jar;C:\Users\dorothy\.m2\repository\io\netty\netty-codec-http2\4.1.30.Final\netty-codec-http2-4.1.30.Final.jar;C:\Users\dorothy\.m2\repository\io\netty\netty-resolver\4.1.30.Final\netty-resolver-4.1.30.Final.jar;C:\Users\dorothy\.m2\repository\io\netty\netty-resolver-dns\4.1.30.Final\netty-resolver-dns-4.1.30.Final.jar;C:\Users\dorothy\.m2\repository\io\netty\netty-codec-dns\4.1.30.Final\netty-codec-dns-4.1.30.Final.jar;C:\Users\dorothy\.m2\repository\com\fasterxml\jackson\core\jackson-core\2.9.8\jackson-core-2.9.8.jar;C:\Users\dorothy\.m2\repository\com\fasterxml\jackson\core\jackson-databind\2.9.8\jackson-databind-2.9.8.jar;C:\Users\dorothy\.m2\re
Launcher Type: SUN_STANDARD

Environment Variables:
JAVA_HOME=C:\Program Files\Java\jdk1.8.0_251
PATH=C:\Program Files\Java\jdk1.8.0_251\bin;C:\Program Files\apache-maven-3.6.3\bin;C:\Program Files\apache-maven-3.6.3\bin;C:\Program Files\Git\cmd;;C:\Users\dorothy\AppData\Local\Programs\Microsoft VS Code\bin
USERNAME=dorothy
OS=Windows_NT
PROCESSOR_IDENTIFIER=Intel64 Family 6 Model 58 Stepping 9, GenuineIntel



---------------  S Y S T E M  ---------------

OS: Windows 7 , 64 bit Build 7601 (6.1.7601.25827)

CPU:total 2 (initial active 2) (2 cores per cpu, 1 threads per core) family 6 model 58 stepping 9, cmov, cx8, fxsr, mmx, sse, sse2, sse3, ssse3, sse4.1, sse4.2, popcnt, clmul, erms, tsc, tscinvbit, tscinv

Memory: 4k page, physical 1980220k(84440k free), swap 7920880k(15068k free)

vm_info: Java HotSpot(TM) 64-Bit Server VM (25.251-b08) for windows-amd64 JRE (1.8.0_251-b08), built on Mar 12 2020 06:31:49 by "" with MS VC++ 10.0 (VS2010)

time: Fri May 20 15:51:17 2022
timezone: Pacific Daylight Time
elapsed time: 1 seconds (0d 0h 0m 1s)

