#
# There is insufficient memory for the Java Runtime Environment to continue.
# Native memory allocation (malloc) failed to allocate 32744 bytes for ChunkPool::allocate
# Possible reasons:
#   The system is out of physical RAM or swap space
#   The process is running with CompressedOops enabled, and the Java Heap may be blocking the growth of the native heap
# Possible solutions:
#   Reduce memory load on the system
#   Increase physical memory or swap space
#   Check if swap backing store is full
#   Decrease Java heap size (-Xmx/-Xms)
#   Decrease number of Java threads
#   Decrease Java thread stack sizes (-Xss)
#   Set larger code cache with -XX:ReservedCodeCacheSize=
#   JVM is running with Unscaled Compressed Oops mode in which the Java heap is
#     placed in the first 4GB address space. The Java Heap base address is the
#     maximum limit for the native heap growth. Please use -XX:HeapBaseMinAddress
#     to set the Java Heap base and to place the Java Heap above 4GB virtual address.
# This output file may be truncated or incomplete.
#
#  Out of Memory Error (allocation.cpp:272), pid=9120, tid=0x0000000000001b88
#
# JRE version: Java(TM) SE Runtime Environment (8.0_251-b08) (build 1.8.0_251-b08)
# Java VM: Java HotSpot(TM) 64-Bit Server VM (25.251-b08 mixed mode windows-amd64 compressed oops)
# Failed to write core dump. Minidumps are not enabled by default on client versions of Windows
#

---------------  T H R E A D  ---------------

Current thread (0x0000000053938000):  JavaThread "C2 CompilerThread0" daemon [_thread_in_native, id=7048, stack(0x0000000054d10000,0x0000000054e10000)]

Stack: [0x0000000054d10000,0x0000000054e10000]
[error occurred during error reporting (printing stack bounds), id 0xc0000005]

Native frames: (J=compiled Java code, j=interpreted, Vv=VM code, C=native code)


Current CompileTask:
C2:  11205 1704   !   4       org.codehaus.plexus.interpolation.StringSearchInterpolator::interpolate (665 bytes)


---------------  P R O C E S S  ---------------

Java Threads: ( => current thread )
  0x000000005399e000 JavaThread "Service Thread" daemon [_thread_blocked, id=6092, stack(0x00000000553e0000,0x00000000554e0000)]
  0x0000000053998000 JavaThread "C1 CompilerThread1" daemon [_thread_blocked, id=2948, stack(0x0000000054eb0000,0x0000000054fb0000)]
=>0x0000000053938000 JavaThread "C2 CompilerThread0" daemon [_thread_in_native, id=7048, stack(0x0000000054d10000,0x0000000054e10000)]
  0x0000000053937000 JavaThread "Attach Listener" daemon [_thread_blocked, id=7920, stack(0x0000000054b20000,0x0000000054c20000)]
  0x0000000053934000 JavaThread "Signal Dispatcher" daemon [_thread_blocked, id=8584, stack(0x00000000548b0000,0x00000000549b0000)]
  0x0000000053920800 JavaThread "Finalizer" daemon [_thread_blocked, id=6636, stack(0x0000000054570000,0x0000000054670000)]
  0x0000000053915800 JavaThread "Reference Handler" daemon [_thread_blocked, id=4032, stack(0x00000000546b0000,0x00000000547b0000)]
  0x0000000002290000 JavaThread "main" [_thread_in_native, id=3500, stack(0x0000000002410000,0x0000000002510000)]

Other Threads:
  0x00000000538cf800 VMThread [stack: 0x00000000543d0000,0x00000000544d0000] [id=8052]
  0x0000000054fb2800 WatcherThread [stack: 0x0000000055500000,0x0000000055600000] [id=5948]

VM state:not at safepoint (normal execution)

VM Mutex/Monitor currently owned by a thread: None

heap address: 0x00000000e1c00000, size: 484 MB, Compressed Oops mode: 32-bit
Narrow klass base: 0x0000000000000000, Narrow klass shift: 0
Compressed class space size: 1073741824 Address: 0x0000000012fa0000

Heap:
 PSYoungGen      total 37888K, used 20224K [0x00000000f5f00000, 0x00000000f8900000, 0x0000000100000000)
  eden space 34304K, 49% used [0x00000000f5f00000,0x00000000f6f6cce0,0x00000000f8080000)
  from space 3584K, 95% used [0x00000000f8480000,0x00000000f87d3640,0x00000000f8800000)
  to   space 4096K, 0% used [0x00000000f8080000,0x00000000f8080000,0x00000000f8480000)
 ParOldGen       total 22016K, used 6515K [0x00000000e1c00000, 0x00000000e3180000, 0x00000000f5f00000)
  object space 22016K, 29% used [0x00000000e1c00000,0x00000000e225ce78,0x00000000e3180000)
 Metaspace       used 12581K, capacity 12850K, committed 13184K, reserved 1060864K
  class space    used 1521K, capacity 1613K, committed 1664K, reserved 1048576K

Card table byte_map: [0x0000000011ba0000,0x0000000011ca0000] byte_map_base: 0x0000000011492000

Marking Bits: (ParMarkBitMap*) 0x000000007265af90
 Begin Bits: [0x0000000011f80000, 0x0000000012710000)
 End Bits:   [0x0000000012710000, 0x0000000012ea0000)

Polling page: 0x0000000000330000

CodeCache: size=245760Kb used=6066Kb max_used=6080Kb free=239693Kb
 bounds [0x00000000027e0000, 0x0000000002de0000, 0x00000000117e0000]
 total_blobs=2028 nmethods=1705 adapters=236
 compilation: enabled

Compilation events (10 events):
Event: 10.597 Thread 0x0000000053998000 1703       1       org.apache.maven.model.Build::getSourceDirectory (5 bytes)
Event: 10.598 Thread 0x0000000053998000 nmethod 1703 0x0000000002dbc510 code [0x0000000002dbc660, 0x0000000002dbc770]
Event: 10.601 Thread 0x0000000053938000 nmethod 1691 0x0000000002dd1690 code [0x0000000002dd18a0, 0x0000000002dd3798]
Event: 10.601 Thread 0x0000000053938000 1704   !   4       org.codehaus.plexus.interpolation.StringSearchInterpolator::interpolate (665 bytes)
Event: 10.603 Thread 0x0000000053998000 1705       3       org.apache.maven.model.normalization.DefaultModelNormalizer::injectDependencyDefaults (46 bytes)
Event: 10.603 Thread 0x0000000053998000 nmethod 1705 0x0000000002dd08d0 code [0x0000000002dd0ac0, 0x0000000002dd1358]
Event: 10.605 Thread 0x0000000053998000 1706       1       org.sonatype.aether.resolution.ArtifactDescriptorRequest::getArtifact (5 bytes)
Event: 10.605 Thread 0x0000000053998000 nmethod 1706 0x0000000002dbc250 code [0x0000000002dbc3a0, 0x0000000002dbc4b0]
Event: 10.605 Thread 0x0000000053998000 1707       1       org.sonatype.aether.resolution.VersionRangeResult::getVersions (5 bytes)
Event: 10.605 Thread 0x0000000053998000 nmethod 1707 0x0000000002dbbf90 code [0x0000000002dbc0e0, 0x0000000002dbc1f0]

GC Heap History (10 events):
Event: 3.050 GC heap before
{Heap before GC invocations=2 (full 0):
 PSYoungGen      total 9728K, used 9696K [0x00000000f5f00000, 0x00000000f6980000, 0x0000000100000000)
  eden space 8704K, 100% used [0x00000000f5f00000,0x00000000f6780000,0x00000000f6780000)
  from space 1024K, 96% used [0x00000000f6780000,0x00000000f6878020,0x00000000f6880000)
  to   space 1024K, 0% used [0x00000000f6880000,0x00000000f6880000,0x00000000f6980000)
 ParOldGen       total 22016K, used 1105K [0x00000000e1c00000, 0x00000000e3180000, 0x00000000f5f00000)
  object space 22016K, 5% used [0x00000000e1c00000,0x00000000e1d14768,0x00000000e3180000)
 Metaspace       used 6735K, capacity 6876K, committed 7040K, reserved 1056768K
  class space    used 823K, capacity 888K, committed 896K, reserved 1048576K
Event: 3.054 GC heap after
Heap after GC invocations=2 (full 0):
 PSYoungGen      total 9728K, used 999K [0x00000000f5f00000, 0x00000000f6980000, 0x0000000100000000)
  eden space 8704K, 0% used [0x00000000f5f00000,0x00000000f5f00000,0x00000000f6780000)
  from space 1024K, 97% used [0x00000000f6880000,0x00000000f6979e80,0x00000000f6980000)
  to   space 1024K, 0% used [0x00000000f6780000,0x00000000f6780000,0x00000000f6880000)
 ParOldGen       total 22016K, used 2192K [0x00000000e1c00000, 0x00000000e3180000, 0x00000000f5f00000)
  object space 22016K, 9% used [0x00000000e1c00000,0x00000000e1e241c0,0x00000000e3180000)
 Metaspace       used 6735K, capacity 6876K, committed 7040K, reserved 1056768K
  class space    used 823K, capacity 888K, committed 896K, reserved 1048576K
}
Event: 3.386 GC heap before
{Heap before GC invocations=3 (full 0):
 PSYoungGen      total 9728K, used 9703K [0x00000000f5f00000, 0x00000000f6980000, 0x0000000100000000)
  eden space 8704K, 100% used [0x00000000f5f00000,0x00000000f6780000,0x00000000f6780000)
  from space 1024K, 97% used [0x00000000f6880000,0x00000000f6979e80,0x00000000f6980000)
  to   space 1024K, 0% used [0x00000000f6780000,0x00000000f6780000,0x00000000f6880000)
 ParOldGen       total 22016K, used 2192K [0x00000000e1c00000, 0x00000000e3180000, 0x00000000f5f00000)
  object space 22016K, 9% used [0x00000000e1c00000,0x00000000e1e241c0,0x00000000e3180000)
 Metaspace       used 6964K, capacity 7100K, committed 7424K, reserved 1056768K
  class space    used 870K, capacity 920K, committed 1024K, reserved 1048576K
Event: 3.597 GC heap after
Heap after GC invocations=3 (full 0):
 PSYoungGen      total 9728K, used 992K [0x00000000f5f00000, 0x00000000f7200000, 0x0000000100000000)
  eden space 8704K, 0% used [0x00000000f5f00000,0x00000000f5f00000,0x00000000f6780000)
  from space 1024K, 96% used [0x00000000f6780000,0x00000000f6878020,0x00000000f6880000)
  to   space 1024K, 0% used [0x00000000f7100000,0x00000000f7100000,0x00000000f7200000)
 ParOldGen       total 22016K, used 2655K [0x00000000e1c00000, 0x00000000e3180000, 0x00000000f5f00000)
  object space 22016K, 12% used [0x00000000e1c00000,0x00000000e1e97c00,0x00000000e3180000)
 Metaspace       used 6964K, capacity 7100K, committed 7424K, reserved 1056768K
  class space    used 870K, capacity 920K, committed 1024K, reserved 1048576K
}
Event: 4.327 GC heap before
{Heap before GC invocations=4 (full 0):
 PSYoungGen      total 9728K, used 9696K [0x00000000f5f00000, 0x00000000f7200000, 0x0000000100000000)
  eden space 8704K, 100% used [0x00000000f5f00000,0x00000000f6780000,0x00000000f6780000)
  from space 1024K, 96% used [0x00000000f6780000,0x00000000f6878020,0x00000000f6880000)
  to   space 1024K, 0% used [0x00000000f7100000,0x00000000f7100000,0x00000000f7200000)
 ParOldGen       total 22016K, used 2655K [0x00000000e1c00000, 0x00000000e3180000, 0x00000000f5f00000)
  object space 22016K, 12% used [0x00000000e1c00000,0x00000000e1e97c00,0x00000000e3180000)
 Metaspace       used 8023K, capacity 8168K, committed 8320K, reserved 1056768K
  class space    used 1016K, capacity 1082K, committed 1152K, reserved 1048576K
Event: 4.341 GC heap after
Heap after GC invocations=4 (full 0):
 PSYoungGen      total 18432K, used 1024K [0x00000000f5f00000, 0x00000000f7200000, 0x0000000100000000)
  eden space 17408K, 0% used [0x00000000f5f00000,0x00000000f5f00000,0x00000000f7000000)
  from space 1024K, 100% used [0x00000000f7100000,0x00000000f7200000,0x00000000f7200000)
  to   space 1024K, 0% used [0x00000000f7000000,0x00000000f7000000,0x00000000f7100000)
 ParOldGen       total 22016K, used 3813K [0x00000000e1c00000, 0x00000000e3180000, 0x00000000f5f00000)
  object space 22016K, 17% used [0x00000000e1c00000,0x00000000e1fb9568,0x00000000e3180000)
 Metaspace       used 8023K, capacity 8168K, committed 8320K, reserved 1056768K
  class space    used 1016K, capacity 1082K, committed 1152K, reserved 1048576K
}
Event: 5.499 GC heap before
{Heap before GC invocations=5 (full 0):
 PSYoungGen      total 18432K, used 18432K [0x00000000f5f00000, 0x00000000f7200000, 0x0000000100000000)
  eden space 17408K, 100% used [0x00000000f5f00000,0x00000000f7000000,0x00000000f7000000)
  from space 1024K, 100% used [0x00000000f7100000,0x00000000f7200000,0x00000000f7200000)
  to   space 1024K, 0% used [0x00000000f7000000,0x00000000f7000000,0x00000000f7100000)
 ParOldGen       total 22016K, used 3813K [0x00000000e1c00000, 0x00000000e3180000, 0x00000000f5f00000)
  object space 22016K, 17% used [0x00000000e1c00000,0x00000000e1fb9568,0x00000000e3180000)
 Metaspace       used 10346K, capacity 10460K, committed 10624K, reserved 1058816K
  class space    used 1310K, capacity 1373K, committed 1408K, reserved 1048576K
Event: 5.539 GC heap after
Heap after GC invocations=5 (full 0):
 PSYoungGen      total 18432K, used 1024K [0x00000000f5f00000, 0x00000000f8800000, 0x0000000100000000)
  eden space 17408K, 0% used [0x00000000f5f00000,0x00000000f5f00000,0x00000000f7000000)
  from space 1024K, 100% used [0x00000000f7000000,0x00000000f7100000,0x00000000f7100000)
  to   space 3584K, 0% used [0x00000000f8480000,0x00000000f8480000,0x00000000f8800000)
 ParOldGen       total 22016K, used 6515K [0x00000000e1c00000, 0x00000000e3180000, 0x00000000f5f00000)
  object space 22016K, 29% used [0x00000000e1c00000,0x00000000e225ce78,0x00000000e3180000)
 Metaspace       used 10346K, capacity 10460K, committed 10624K, reserved 1058816K
  class space    used 1310K, capacity 1373K, committed 1408K, reserved 1048576K
}
Event: 8.689 GC heap before
{Heap before GC invocations=6 (full 0):
 PSYoungGen      total 18432K, used 18432K [0x00000000f5f00000, 0x00000000f8800000, 0x0000000100000000)
  eden space 17408K, 100% used [0x00000000f5f00000,0x00000000f7000000,0x00000000f7000000)
  from space 1024K, 100% used [0x00000000f7000000,0x00000000f7100000,0x00000000f7100000)
  to   space 3584K, 0% used [0x00000000f8480000,0x00000000f8480000,0x00000000f8800000)
 ParOldGen       total 22016K, used 6515K [0x00000000e1c00000, 0x00000000e3180000, 0x00000000f5f00000)
  object space 22016K, 29% used [0x00000000e1c00000,0x00000000e225ce78,0x00000000e3180000)
 Metaspace       used 12490K, capacity 12678K, committed 12928K, reserved 1060864K
  class space    used 1517K, capacity 1579K, committed 1664K, reserved 1048576K
Event: 8.797 GC heap after
Heap after GC invocations=6 (full 0):
 PSYoungGen      total 37888K, used 3405K [0x00000000f5f00000, 0x00000000f8900000, 0x0000000100000000)
  eden space 34304K, 0% used [0x00000000f5f00000,0x00000000f5f00000,0x00000000f8080000)
  from space 3584K, 95% used [0x00000000f8480000,0x00000000f87d3640,0x00000000f8800000)
  to   space 4096K, 0% used [0x00000000f8080000,0x00000000f8080000,0x00000000f8480000)
 ParOldGen       total 22016K, used 6515K [0x00000000e1c00000, 0x00000000e3180000, 0x00000000f5f00000)
  object space 22016K, 29% used [0x00000000e1c00000,0x00000000e225ce78,0x00000000e3180000)
 Metaspace       used 12490K, capacity 12678K, committed 12928K, reserved 1060864K
  class space    used 1517K, capacity 1579K, committed 1664K, reserved 1048576K
}

Deoptimization events (10 events):
Event: 6.727 Thread 0x0000000002290000 Uncommon trap: reason=unstable_if action=reinterpret pc=0x00000000029815c4 method=java.lang.String.replace(CC)Ljava/lang/String; @ 2
Event: 7.099 Thread 0x0000000002290000 Uncommon trap: reason=unstable_if action=reinterpret pc=0x0000000002c3a36c method=org.codehaus.plexus.util.xml.pull.MXParser.nextImpl()I @ 960
Event: 7.237 Thread 0x0000000002290000 Uncommon trap: reason=unstable_if action=reinterpret pc=0x0000000002c250a8 method=org.codehaus.plexus.util.xml.pull.MXParser.isS(C)Z @ 21
Event: 7.326 Thread 0x0000000002290000 Uncommon trap: reason=unstable_if action=reinterpret pc=0x0000000002bbf628 method=java.util.HashMap.hash(Ljava/lang/Object;)I @ 1
Event: 7.328 Thread 0x0000000002290000 Uncommon trap: reason=unstable_if action=reinterpret pc=0x0000000002ba7230 method=java.util.HashMap.hash(Ljava/lang/Object;)I @ 1
Event: 9.055 Thread 0x0000000002290000 Uncommon trap: reason=null_check action=make_not_entrant pc=0x0000000002d4a51c method=org.apache.maven.model.io.xpp3.MavenXpp3Reader.checkFieldWithDuplicate(Lorg/codehaus/plexus/util/xml/pull/XmlPullParser;Ljava/lang/String;Ljava/lang/String;Ljava/util/Se
Event: 9.287 Thread 0x0000000002290000 Uncommon trap: reason=class_check action=maybe_recompile pc=0x0000000002d28818 method=org.apache.maven.model.interpolation.StringSearchModelInterpolator$InterpolateObjectAction.interpolateMapField(Ljava/lang/Object;Ljava/lang/reflect/Field;)V @ 126
Event: 9.288 Thread 0x0000000002290000 Uncommon trap: reason=class_check action=maybe_recompile pc=0x0000000002d28818 method=org.apache.maven.model.interpolation.StringSearchModelInterpolator$InterpolateObjectAction.interpolateMapField(Ljava/lang/Object;Ljava/lang/reflect/Field;)V @ 126
Event: 9.289 Thread 0x0000000002290000 Uncommon trap: reason=class_check action=maybe_recompile pc=0x0000000002d28818 method=org.apache.maven.model.interpolation.StringSearchModelInterpolator$InterpolateObjectAction.interpolateMapField(Ljava/lang/Object;Ljava/lang/reflect/Field;)V @ 126
Event: 9.289 Thread 0x0000000002290000 Uncommon trap: reason=class_check action=maybe_recompile pc=0x0000000002d28818 method=org.apache.maven.model.interpolation.StringSearchModelInterpolator$InterpolateObjectAction.interpolateMapField(Ljava/lang/Object;Ljava/lang/reflect/Field;)V @ 126

Classes redefined (0 events):
No events

Internal exceptions (10 events):
Event: 2.503 Thread 0x0000000002290000 Exception <a 'java/lang/ArrayIndexOutOfBoundsException'> (0x00000000f6275978) thrown at [C:\jenkins\workspace\8-2-build-windows-amd64-cygwin\jdk8u251\737\hotspot\src\share\vm\runtime\sharedRuntime.cpp, line 605]
Event: 2.584 Thread 0x0000000002290000 Exception <a 'java/lang/ArrayIndexOutOfBoundsException'> (0x00000000f62d5768) thrown at [C:\jenkins\workspace\8-2-build-windows-amd64-cygwin\jdk8u251\737\hotspot\src\share\vm\runtime\sharedRuntime.cpp, line 605]
Event: 3.619 Thread 0x0000000002290000 Exception <a 'java/lang/ArrayIndexOutOfBoundsException'> (0x00000000f6045010) thrown at [C:\jenkins\workspace\8-2-build-windows-amd64-cygwin\jdk8u251\737\hotspot\src\share\vm\runtime\sharedRuntime.cpp, line 605]
Event: 3.619 Thread 0x0000000002290000 Exception <a 'java/lang/ArrayIndexOutOfBoundsException'> (0x00000000f6046cb8) thrown at [C:\jenkins\workspace\8-2-build-windows-amd64-cygwin\jdk8u251\737\hotspot\src\share\vm\runtime\sharedRuntime.cpp, line 605]
Event: 4.044 Thread 0x0000000002290000 Exception <a 'java/lang/NoClassDefFoundError': org/slf4j/Logger> (0x00000000f64e33a0) thrown at [C:\jenkins\workspace\8-2-build-windows-amd64-cygwin\jdk8u251\737\hotspot\src\share\vm\classfile\systemDictionary.cpp, line 199]
Event: 4.345 Thread 0x0000000002290000 Exception <a 'java/lang/NoClassDefFoundError': org/slf4j/LoggerFactory> (0x00000000f5f26d98) thrown at [C:\jenkins\workspace\8-2-build-windows-amd64-cygwin\jdk8u251\737\hotspot\src\share\vm\classfile\systemDictionary.cpp, line 199]
Event: 4.345 Thread 0x0000000002290000 Exception <a 'java/lang/NoClassDefFoundError'> (0x00000000f5f26d98) thrown at [C:\jenkins\workspace\8-2-build-windows-amd64-cygwin\jdk8u251\737\hotspot\src\share\vm\oops\instanceKlass.cpp, line 959]
Event: 7.326 Thread 0x0000000002290000 Implicit null exception at 0x0000000002bbf445 to 0x0000000002bbf619
Event: 7.328 Thread 0x0000000002290000 Implicit null exception at 0x0000000002ba6c6b to 0x0000000002ba7215
Event: 9.055 Thread 0x0000000002290000 Implicit null exception at 0x0000000002d4934d to 0x0000000002d4a501

Events (10 events):
Event: 9.288 Thread 0x0000000002290000 DEOPT PACKING pc=0x0000000002d28818 sp=0x000000000250c5e0
Event: 9.288 Thread 0x0000000002290000 DEOPT UNPACKING pc=0x000000000282583b sp=0x000000000250c518 mode 2
Event: 9.289 Thread 0x0000000002290000 Uncommon trap: trap_request=0xffffffde fr.pc=0x0000000002d28818
Event: 9.289 Thread 0x0000000002290000 DEOPT PACKING pc=0x0000000002d28818 sp=0x000000000250c5e0
Event: 9.289 Thread 0x0000000002290000 DEOPT UNPACKING pc=0x000000000282583b sp=0x000000000250c518 mode 2
Event: 9.289 Thread 0x0000000002290000 Uncommon trap: trap_request=0xffffffde fr.pc=0x0000000002d28818
Event: 9.289 Thread 0x0000000002290000 DEOPT PACKING pc=0x0000000002d28818 sp=0x000000000250c5e0
Event: 9.289 Thread 0x0000000002290000 DEOPT UNPACKING pc=0x000000000282583b sp=0x000000000250c518 mode 2
Event: 10.475 loading class java/util/AbstractList$1
Event: 10.475 loading class java/util/AbstractList$1 done


Dynamic libraries:
0x000000013fa70000 - 0x000000013faa7000 	C:\Program Files\Java\jdk1.8.0_251\bin\java.exe
0x0000000076fb0000 - 0x000000007714f000 	C:\Windows\SYSTEM32\ntdll.dll
0x0000000076d90000 - 0x0000000076eb0000 	C:\Windows\system32\kernel32.dll
0x000007fefcce0000 - 0x000007fefcd47000 	C:\Windows\system32\KERNELBASE.dll
0x000007fefcec0000 - 0x000007fefcf9f000 	C:\Windows\system32\ADVAPI32.dll
0x000007fefe010000 - 0x000007fefe0af000 	C:\Windows\system32\msvcrt.dll
0x000007fefe4f0000 - 0x000007fefe50f000 	C:\Windows\SYSTEM32\sechost.dll
0x000007fefe3c0000 - 0x000007fefe4e9000 	C:\Windows\system32\RPCRT4.dll
0x0000000076eb0000 - 0x0000000076fab000 	C:\Windows\system32\USER32.dll
0x000007fefd520000 - 0x000007fefd588000 	C:\Windows\system32\GDI32.dll
0x000007fefd350000 - 0x000007fefd35e000 	C:\Windows\system32\LPK.dll
0x000007fefde80000 - 0x000007fefdf4b000 	C:\Windows\system32\USP10.dll
0x000007fefb410000 - 0x000007fefb605000 	C:\Windows\WinSxS\amd64_microsoft.windows.common-controls_6595b64144ccf1df_6.0.7601.24483_none_e372d88f30fbb845\COMCTL32.dll
0x000007fefd860000 - 0x000007fefd8d1000 	C:\Windows\system32\SHLWAPI.dll
0x000007fefd360000 - 0x000007fefd38e000 	C:\Windows\system32\IMM32.DLL
0x000007fefe0b0000 - 0x000007fefe1bb000 	C:\Windows\system32\MSCTF.dll
0x0000000074220000 - 0x00000000742f2000 	C:\Program Files\Java\jdk1.8.0_251\jre\bin\msvcr100.dll
0x0000000071e30000 - 0x00000000726db000 	C:\Program Files\Java\jdk1.8.0_251\jre\bin\server\jvm.dll
0x000007fed2550000 - 0x000007fed2559000 	C:\Windows\system32\WSOCK32.dll
0x000007fefde30000 - 0x000007fefde7d000 	C:\Windows\system32\WS2_32.dll
0x000007fefd020000 - 0x000007fefd028000 	C:\Windows\system32\NSI.dll
0x000007fef9d60000 - 0x000007fef9d9b000 	C:\Windows\system32\WINMM.dll
0x000007fefbaa0000 - 0x000007fefbaac000 	C:\Windows\system32\VERSION.dll
0x0000000077160000 - 0x0000000077167000 	C:\Windows\system32\PSAPI.DLL
0x000007fed03f0000 - 0x000007fed03ff000 	C:\Program Files\Java\jdk1.8.0_251\jre\bin\verify.dll
0x000007fed03c0000 - 0x000007fed03e9000 	C:\Program Files\Java\jdk1.8.0_251\jre\bin\java.dll
0x000007fed0360000 - 0x000007fed0376000 	C:\Program Files\Java\jdk1.8.0_251\jre\bin\zip.dll
0x000007fefe510000 - 0x000007feff29b000 	C:\Windows\system32\SHELL32.dll
0x000007fefe1c0000 - 0x000007fefe3c0000 	C:\Windows\system32\ole32.dll
0x000007fefca20000 - 0x000007fefca2f000 	C:\Windows\system32\profapi.dll
0x000007fefc800000 - 0x000007fefc857000 	C:\Windows\system32\apphelp.dll
0x000007fed0340000 - 0x000007fed035a000 	C:\Program Files\Java\jdk1.8.0_251\jre\bin\net.dll
0x000007fefc120000 - 0x000007fefc175000 	C:\Windows\system32\mswsock.dll
0x000007fefc110000 - 0x000007fefc117000 	C:\Windows\System32\wship6.dll
0x000007fed0320000 - 0x000007fed0332000 	C:\Program Files\Java\jdk1.8.0_251\jre\bin\nio.dll

VM Arguments:
jvm_args: -Dclassworlds.conf=C:\Program Files\NetBeans 8.2\java\maven\bin\m2.conf -Dmaven.home=C:\Program Files\NetBeans 8.2\java\maven 
java_command: org.codehaus.plexus.classworlds.launcher.Launcher -Dexec.args=-classpath %classpath com.mycompany.apistub.stub -Dexec.executable=C:\Program Files\Java\jdk1.8.0_251\bin\java.exe -Dexec.workingdir=C:\Users\dorothy\Documents\NetBeansProjects\ApiStub -Dmaven.ext.class.path=C:\Program Files\NetBeans 8.2\java\maven-nblib\netbeans-eventspy.jar -Dfile.encoding=UTF-8 org.codehaus.mojo:exec-maven-plugin:1.2.1:exec
java_class_path (initial): C:\Program Files\NetBeans 8.2\java\maven\boot\plexus-classworlds-2.4.jar
Launcher Type: SUN_STANDARD

Environment Variables:
JAVA_HOME=C:\Program Files\Java\jdk1.8.0_251
PATH=C:\Program Files\Java\jdk1.8.0_251\bin;C:\Program Files\apache-maven-3.6.3\bin;C:\Program Files\apache-maven-3.6.3\bin;C:\Program Files\Git\cmd;;C:\Users\dorothy\AppData\Local\Programs\Microsoft VS Code\bin
USERNAME=dorothy
OS=Windows_NT
PROCESSOR_IDENTIFIER=Intel64 Family 6 Model 58 Stepping 9, GenuineIntel



---------------  S Y S T E M  ---------------

OS: Windows 7 , 64 bit Build 7601 (6.1.7601.25827)

CPU:total 2 (initial active 2) (2 cores per cpu, 1 threads per core) family 6 model 58 stepping 9, cmov, cx8, fxsr, mmx, sse, sse2, sse3, ssse3, sse4.1, sse4.2, popcnt, clmul, erms, tsc, tscinvbit, tscinv

Memory: 4k page, physical 1980220k(145488k free), swap 7920880k(5120k free)

vm_info: Java HotSpot(TM) 64-Bit Server VM (25.251-b08) for windows-amd64 JRE (1.8.0_251-b08), built on Mar 12 2020 06:31:49 by "" with MS VC++ 10.0 (VS2010)

time: Fri May 27 13:33:19 2022
timezone: Pacific Daylight Time
elapsed time: 11 seconds (0d 0h 0m 11s)

