#
# There is insufficient memory for the Java Runtime Environment to continue.
# Native memory allocation (malloc) failed to allocate 752336 bytes for Chunk::new
# Possible reasons:
#   The system is out of physical RAM or swap space
#   The process is running with CompressedOops enabled, and the Java Heap may be blocking the growth of the native heap
# Possible solutions:
#   Reduce memory load on the system
#   Increase physical memory or swap space
#   Check if swap backing store is full
#   Decrease Java heap size (-Xmx/-Xms)
#   Decrease number of Java threads
#   Decrease Java thread stack sizes (-Xss)
#   Set larger code cache with -XX:ReservedCodeCacheSize=
#   JVM is running with Unscaled Compressed Oops mode in which the Java heap is
#     placed in the first 4GB address space. The Java Heap base address is the
#     maximum limit for the native heap growth. Please use -XX:HeapBaseMinAddress
#     to set the Java Heap base and to place the Java Heap above 4GB virtual address.
# This output file may be truncated or incomplete.
#
#  Out of Memory Error (allocation.cpp:389), pid=8760, tid=0x00000000000012c4
#
# JRE version: Java(TM) SE Runtime Environment (8.0_251-b08) (build 1.8.0_251-b08)
# Java VM: Java HotSpot(TM) 64-Bit Server VM (25.251-b08 mixed mode windows-amd64 compressed oops)
# Failed to write core dump. Minidumps are not enabled by default on client versions of Windows
#

---------------  T H R E A D  ---------------

Current thread (0x00000000539f8000):  JavaThread "C2 CompilerThread0" daemon [_thread_in_native, id=4804, stack(0x0000000054d60000,0x0000000054e60000)]

Stack: [0x0000000054d60000,0x0000000054e60000]
[error occurred during error reporting (printing stack bounds), id 0xc0000005]

Native frames: (J=compiled Java code, j=interpreted, Vv=VM code, C=native code)


Current CompileTask:
C2:   6002 1547   !   4       org.codehaus.plexus.interpolation.StringSearchInterpolator::interpolate (665 bytes)


---------------  P R O C E S S  ---------------

Java Threads: ( => current thread )
  0x0000000054fa0800 JavaThread "Service Thread" daemon [_thread_blocked, id=8440, stack(0x0000000055460000,0x0000000055560000)]
  0x0000000053a58000 JavaThread "C1 CompilerThread1" daemon [_thread_blocked, id=5952, stack(0x0000000054ea0000,0x0000000054fa0000)]
=>0x00000000539f8000 JavaThread "C2 CompilerThread0" daemon [_thread_in_native, id=4804, stack(0x0000000054d60000,0x0000000054e60000)]
  0x00000000539f7000 JavaThread "Attach Listener" daemon [_thread_blocked, id=8464, stack(0x0000000054c20000,0x0000000054d20000)]
  0x00000000539f4000 JavaThread "Signal Dispatcher" daemon [_thread_blocked, id=8656, stack(0x0000000054a60000,0x0000000054b60000)]
  0x00000000539e0800 JavaThread "Finalizer" daemon [_thread_blocked, id=8580, stack(0x0000000054860000,0x0000000054960000)]
  0x00000000539d5800 JavaThread "Reference Handler" daemon [_thread_blocked, id=8632, stack(0x0000000054730000,0x0000000054830000)]
  0x00000000020a0000 JavaThread "main" [_thread_in_Java, id=5292, stack(0x00000000024a0000,0x00000000025a0000)]

Other Threads:
  0x000000005398f800 VMThread [stack: 0x0000000054500000,0x0000000054600000] [id=8512]
  0x0000000054fa4000 WatcherThread [stack: 0x00000000555f0000,0x00000000556f0000] [id=8720]

VM state:not at safepoint (normal execution)

VM Mutex/Monitor currently owned by a thread: None

heap address: 0x00000000e1c00000, size: 484 MB, Compressed Oops mode: 32-bit
Narrow klass base: 0x0000000000000000, Narrow klass shift: 0
Compressed class space size: 1073741824 Address: 0x0000000013060000

Heap:
 PSYoungGen      total 26624K, used 24781K [0x00000000f5f00000, 0x00000000f7e00000, 0x0000000100000000)
  eden space 23552K, 92% used [0x00000000f5f00000,0x00000000f7439aa0,0x00000000f7600000)
  from space 3072K, 99% used [0x00000000f7a00000,0x00000000f7cf9ac0,0x00000000f7d00000)
  to   space 4096K, 0% used [0x00000000f7600000,0x00000000f7600000,0x00000000f7a00000)
 ParOldGen       total 18944K, used 4486K [0x00000000e1c00000, 0x00000000e2e80000, 0x00000000f5f00000)
  object space 18944K, 23% used [0x00000000e1c00000,0x00000000e2061a10,0x00000000e2e80000)
 Metaspace       used 12496K, capacity 12786K, committed 12928K, reserved 1062912K
  class space    used 1521K, capacity 1613K, committed 1664K, reserved 1048576K

Card table byte_map: [0x0000000002300000,0x0000000002400000] byte_map_base: 0x0000000001bf2000

Marking Bits: (ParMarkBitMap*) 0x0000000070e0af90
 Begin Bits: [0x0000000012140000, 0x00000000128d0000)
 End Bits:   [0x00000000128d0000, 0x0000000013060000)

Polling page: 0x0000000000540000

CodeCache: size=245760Kb used=5605Kb max_used=5605Kb free=240154Kb
 bounds [0x0000000002870000, 0x0000000002df0000, 0x0000000011870000]
 total_blobs=1878 nmethods=1554 adapters=236
 compilation: enabled

Compilation events (10 events):
Event: 5.943 Thread 0x0000000053a58000 1553       3       org.sonatype.aether.util.artifact.DefaultArtifact::getProperties (8 bytes)
Event: 5.943 Thread 0x0000000053a58000 nmethod 1553 0x0000000002dd0490 code [0x0000000002dd0620, 0x0000000002dd09e8]
Event: 5.944 Thread 0x0000000053a58000 1554       3       java.util.HashSet::iterator (13 bytes)
Event: 5.944 Thread 0x0000000053a58000 nmethod 1554 0x0000000002dcff50 code [0x0000000002dd00c0, 0x0000000002dd0398]
Event: 5.944 Thread 0x0000000053a58000 1556       1       java.util.WeakHashMap::indexFor (6 bytes)
Event: 5.945 Thread 0x0000000053a58000 nmethod 1556 0x0000000002d7ee90 code [0x0000000002d7efe0, 0x0000000002d7f0d0]
Event: 5.945 Thread 0x0000000053a58000 1557       1       java.util.Collections$1::hasNext (5 bytes)
Event: 5.945 Thread 0x0000000053a58000 nmethod 1557 0x0000000002dcfc90 code [0x0000000002dcfde0, 0x0000000002dcfef0]
Event: 5.946 Thread 0x0000000053a58000 1558       3       java.io.WinNTFileSystem::parentOrNull (171 bytes)
Event: 5.948 Thread 0x0000000053a58000 nmethod 1558 0x0000000002ddb810 code [0x0000000002ddba40, 0x0000000002ddc878]

GC Heap History (10 events):
Event: 1.489 GC heap before
{Heap before GC invocations=3 (full 0):
 PSYoungGen      total 9728K, used 9703K [0x00000000f5f00000, 0x00000000f7200000, 0x0000000100000000)
  eden space 8704K, 100% used [0x00000000f5f00000,0x00000000f6780000,0x00000000f6780000)
  from space 1024K, 97% used [0x00000000f6880000,0x00000000f6979ea0,0x00000000f6980000)
  to   space 1024K, 0% used [0x00000000f6780000,0x00000000f6780000,0x00000000f6880000)
 ParOldGen       total 22016K, used 2174K [0x00000000e1c00000, 0x00000000e3180000, 0x00000000f5f00000)
  object space 22016K, 9% used [0x00000000e1c00000,0x00000000e1e1fab8,0x00000000e3180000)
 Metaspace       used 6952K, capacity 7100K, committed 7424K, reserved 1056768K
  class space    used 870K, capacity 920K, committed 1024K, reserved 1048576K
Event: 1.493 GC heap after
Heap after GC invocations=3 (full 0):
 PSYoungGen      total 9728K, used 1024K [0x00000000f5f00000, 0x00000000f7200000, 0x0000000100000000)
  eden space 8704K, 0% used [0x00000000f5f00000,0x00000000f5f00000,0x00000000f6780000)
  from space 1024K, 100% used [0x00000000f6780000,0x00000000f6880000,0x00000000f6880000)
  to   space 1024K, 0% used [0x00000000f7100000,0x00000000f7100000,0x00000000f7200000)
 ParOldGen       total 22016K, used 2638K [0x00000000e1c00000, 0x00000000e3180000, 0x00000000f5f00000)
  object space 22016K, 11% used [0x00000000e1c00000,0x00000000e1e93b28,0x00000000e3180000)
 Metaspace       used 6952K, capacity 7100K, committed 7424K, reserved 1056768K
  class space    used 870K, capacity 920K, committed 1024K, reserved 1048576K
}
Event: 1.625 GC heap before
{Heap before GC invocations=4 (full 0):
 PSYoungGen      total 9728K, used 4264K [0x00000000f5f00000, 0x00000000f7200000, 0x0000000100000000)
  eden space 8704K, 37% used [0x00000000f5f00000,0x00000000f622a098,0x00000000f6780000)
  from space 1024K, 100% used [0x00000000f6780000,0x00000000f6880000,0x00000000f6880000)
  to   space 1024K, 0% used [0x00000000f7100000,0x00000000f7100000,0x00000000f7200000)
 ParOldGen       total 22016K, used 2638K [0x00000000e1c00000, 0x00000000e3180000, 0x00000000f5f00000)
  object space 22016K, 11% used [0x00000000e1c00000,0x00000000e1e93b28,0x00000000e3180000)
 Metaspace       used 7202K, capacity 7324K, committed 7424K, reserved 1060864K
  class space    used 901K, capacity 952K, committed 1024K, reserved 1048576K
Event: 1.630 GC heap after
Heap after GC invocations=4 (full 0):
 PSYoungGen      total 18432K, used 992K [0x00000000f5f00000, 0x00000000f7200000, 0x0000000100000000)
  eden space 17408K, 0% used [0x00000000f5f00000,0x00000000f5f00000,0x00000000f7000000)
  from space 1024K, 96% used [0x00000000f7100000,0x00000000f71f8020,0x00000000f7200000)
  to   space 1024K, 0% used [0x00000000f7000000,0x00000000f7000000,0x00000000f7100000)
 ParOldGen       total 22016K, used 2977K [0x00000000e1c00000, 0x00000000e3180000, 0x00000000f5f00000)
  object space 22016K, 13% used [0x00000000e1c00000,0x00000000e1ee8540,0x00000000e3180000)
 Metaspace       used 7202K, capacity 7324K, committed 7424K, reserved 1060864K
  class space    used 901K, capacity 952K, committed 1024K, reserved 1048576K
}
Event: 1.630 GC heap before
{Heap before GC invocations=5 (full 1):
 PSYoungGen      total 18432K, used 992K [0x00000000f5f00000, 0x00000000f7200000, 0x0000000100000000)
  eden space 17408K, 0% used [0x00000000f5f00000,0x00000000f5f00000,0x00000000f7000000)
  from space 1024K, 96% used [0x00000000f7100000,0x00000000f71f8020,0x00000000f7200000)
  to   space 1024K, 0% used [0x00000000f7000000,0x00000000f7000000,0x00000000f7100000)
 ParOldGen       total 22016K, used 2977K [0x00000000e1c00000, 0x00000000e3180000, 0x00000000f5f00000)
  object space 22016K, 13% used [0x00000000e1c00000,0x00000000e1ee8540,0x00000000e3180000)
 Metaspace       used 7202K, capacity 7324K, committed 7424K, reserved 1060864K
  class space    used 901K, capacity 952K, committed 1024K, reserved 1048576K
Event: 1.716 GC heap after
Heap after GC invocations=5 (full 1):
 PSYoungGen      total 18432K, used 0K [0x00000000f5f00000, 0x00000000f7200000, 0x0000000100000000)
  eden space 17408K, 0% used [0x00000000f5f00000,0x00000000f5f00000,0x00000000f7000000)
  from space 1024K, 0% used [0x00000000f7100000,0x00000000f7100000,0x00000000f7200000)
  to   space 1024K, 0% used [0x00000000f7000000,0x00000000f7000000,0x00000000f7100000)
 ParOldGen       total 18944K, used 1705K [0x00000000e1c00000, 0x00000000e2e80000, 0x00000000f5f00000)
  object space 18944K, 9% used [0x00000000e1c00000,0x00000000e1daa650,0x00000000e2e80000)
 Metaspace       used 7202K, capacity 7324K, committed 7424K, reserved 1058816K
  class space    used 901K, capacity 952K, committed 1024K, reserved 1048576K
}
Event: 2.283 GC heap before
{Heap before GC invocations=6 (full 1):
 PSYoungGen      total 18432K, used 17408K [0x00000000f5f00000, 0x00000000f7200000, 0x0000000100000000)
  eden space 17408K, 100% used [0x00000000f5f00000,0x00000000f7000000,0x00000000f7000000)
  from space 1024K, 0% used [0x00000000f7100000,0x00000000f7100000,0x00000000f7200000)
  to   space 1024K, 0% used [0x00000000f7000000,0x00000000f7000000,0x00000000f7100000)
 ParOldGen       total 18944K, used 1705K [0x00000000e1c00000, 0x00000000e2e80000, 0x00000000f5f00000)
  object space 18944K, 9% used [0x00000000e1c00000,0x00000000e1daa650,0x00000000e2e80000)
 Metaspace       used 9385K, capacity 9532K, committed 9728K, reserved 1058816K
  class space    used 1225K, capacity 1277K, committed 1280K, reserved 1048576K
Event: 2.335 GC heap after
Heap after GC invocations=6 (full 1):
 PSYoungGen      total 18432K, used 1019K [0x00000000f5f00000, 0x00000000f7d00000, 0x0000000100000000)
  eden space 17408K, 0% used [0x00000000f5f00000,0x00000000f5f00000,0x00000000f7000000)
  from space 1024K, 99% used [0x00000000f7000000,0x00000000f70feeb0,0x00000000f7100000)
  to   space 3072K, 0% used [0x00000000f7a00000,0x00000000f7a00000,0x00000000f7d00000)
 ParOldGen       total 18944K, used 3507K [0x00000000e1c00000, 0x00000000e2e80000, 0x00000000f5f00000)
  object space 18944K, 18% used [0x00000000e1c00000,0x00000000e1f6cd48,0x00000000e2e80000)
 Metaspace       used 9385K, capacity 9532K, committed 9728K, reserved 1058816K
  class space    used 1225K, capacity 1277K, committed 1280K, reserved 1048576K
}
Event: 4.454 GC heap before
{Heap before GC invocations=7 (full 1):
 PSYoungGen      total 18432K, used 18427K [0x00000000f5f00000, 0x00000000f7d00000, 0x0000000100000000)
  eden space 17408K, 100% used [0x00000000f5f00000,0x00000000f7000000,0x00000000f7000000)
  from space 1024K, 99% used [0x00000000f7000000,0x00000000f70feeb0,0x00000000f7100000)
  to   space 3072K, 0% used [0x00000000f7a00000,0x00000000f7a00000,0x00000000f7d00000)
 ParOldGen       total 18944K, used 3507K [0x00000000e1c00000, 0x00000000e2e80000, 0x00000000f5f00000)
  object space 18944K, 18% used [0x00000000e1c00000,0x00000000e1f6cd48,0x00000000e2e80000)
 Metaspace       used 12275K, capacity 12460K, committed 12672K, reserved 1062912K
  class space    used 1511K, capacity 1573K, committed 1664K, reserved 1048576K
Event: 4.464 GC heap after
Heap after GC invocations=7 (full 1):
 PSYoungGen      total 26624K, used 3046K [0x00000000f5f00000, 0x00000000f7e00000, 0x0000000100000000)
  eden space 23552K, 0% used [0x00000000f5f00000,0x00000000f5f00000,0x00000000f7600000)
  from space 3072K, 99% used [0x00000000f7a00000,0x00000000f7cf9ac0,0x00000000f7d00000)
  to   space 4096K, 0% used [0x00000000f7600000,0x00000000f7600000,0x00000000f7a00000)
 ParOldGen       total 18944K, used 4486K [0x00000000e1c00000, 0x00000000e2e80000, 0x00000000f5f00000)
  object space 18944K, 23% used [0x00000000e1c00000,0x00000000e2061a10,0x00000000e2e80000)
 Metaspace       used 12275K, capacity 12460K, committed 12672K, reserved 1062912K
  class space    used 1511K, capacity 1573K, committed 1664K, reserved 1048576K
}

Deoptimization events (10 events):
Event: 3.147 Thread 0x00000000020a0000 Uncommon trap: reason=class_check action=maybe_recompile pc=0x0000000002b35c40 method=java.nio.charset.CharsetDecoder.decode(Ljava/nio/ByteBuffer;Ljava/nio/CharBuffer;Z)Ljava/nio/charset/CoderResult; @ 57
Event: 3.147 Thread 0x00000000020a0000 Uncommon trap: reason=speculate_class_check action=maybe_recompile pc=0x0000000002c2f838 method=java.nio.charset.CharsetDecoder.decode(Ljava/nio/ByteBuffer;Ljava/nio/CharBuffer;Z)Ljava/nio/charset/CoderResult; @ 57
Event: 3.147 Thread 0x00000000020a0000 Uncommon trap: reason=speculate_class_check action=maybe_recompile pc=0x0000000002c2f838 method=java.nio.charset.CharsetDecoder.decode(Ljava/nio/ByteBuffer;Ljava/nio/CharBuffer;Z)Ljava/nio/charset/CoderResult; @ 57
Event: 3.147 Thread 0x00000000020a0000 Uncommon trap: reason=speculate_class_check action=maybe_recompile pc=0x0000000002c2f838 method=java.nio.charset.CharsetDecoder.decode(Ljava/nio/ByteBuffer;Ljava/nio/CharBuffer;Z)Ljava/nio/charset/CoderResult; @ 57
Event: 3.148 Thread 0x00000000020a0000 Uncommon trap: reason=speculate_class_check action=maybe_recompile pc=0x0000000002c2f838 method=java.nio.charset.CharsetDecoder.decode(Ljava/nio/ByteBuffer;Ljava/nio/CharBuffer;Z)Ljava/nio/charset/CoderResult; @ 57
Event: 3.547 Thread 0x00000000020a0000 Uncommon trap: reason=unstable_if action=reinterpret pc=0x0000000002a1b384 method=java.lang.String.replace(CC)Ljava/lang/String; @ 2
Event: 3.925 Thread 0x00000000020a0000 Uncommon trap: reason=unstable_if action=reinterpret pc=0x0000000002c433f8 method=org.codehaus.plexus.util.xml.pull.MXParser.nextImpl()I @ 960
Event: 4.146 Thread 0x00000000020a0000 Uncommon trap: reason=unstable_if action=reinterpret pc=0x0000000002bb17a8 method=java.util.HashMap.hash(Ljava/lang/Object;)I @ 1
Event: 4.147 Thread 0x00000000020a0000 Uncommon trap: reason=unstable_if action=reinterpret pc=0x0000000002bb2c8c method=java.util.HashMap.hash(Ljava/lang/Object;)I @ 1
Event: 5.207 Thread 0x00000000020a0000 Uncommon trap: reason=null_check action=make_not_entrant pc=0x0000000002d6a004 method=org.apache.maven.model.io.xpp3.MavenXpp3Reader.checkFieldWithDuplicate(Lorg/codehaus/plexus/util/xml/pull/XmlPullParser;Ljava/lang/String;Ljava/lang/String;Ljava/util/Se

Classes redefined (0 events):
No events

Internal exceptions (10 events):
Event: 1.153 Thread 0x00000000020a0000 Exception <a 'java/lang/ArrayIndexOutOfBoundsException'> (0x00000000f6274ea8) thrown at [C:\jenkins\workspace\8-2-build-windows-amd64-cygwin\jdk8u251\737\hotspot\src\share\vm\runtime\sharedRuntime.cpp, line 605]
Event: 1.172 Thread 0x00000000020a0000 Exception <a 'java/lang/ArrayIndexOutOfBoundsException'> (0x00000000f62d4d00) thrown at [C:\jenkins\workspace\8-2-build-windows-amd64-cygwin\jdk8u251\737\hotspot\src\share\vm\runtime\sharedRuntime.cpp, line 605]
Event: 1.514 Thread 0x00000000020a0000 Exception <a 'java/lang/ArrayIndexOutOfBoundsException'> (0x00000000f6045af0) thrown at [C:\jenkins\workspace\8-2-build-windows-amd64-cygwin\jdk8u251\737\hotspot\src\share\vm\runtime\sharedRuntime.cpp, line 605]
Event: 1.516 Thread 0x00000000020a0000 Exception <a 'java/lang/ArrayIndexOutOfBoundsException'> (0x00000000f6047798) thrown at [C:\jenkins\workspace\8-2-build-windows-amd64-cygwin\jdk8u251\737\hotspot\src\share\vm\runtime\sharedRuntime.cpp, line 605]
Event: 1.824 Thread 0x00000000020a0000 Exception <a 'java/lang/NoClassDefFoundError': org/slf4j/Logger> (0x00000000f61dd088) thrown at [C:\jenkins\workspace\8-2-build-windows-amd64-cygwin\jdk8u251\737\hotspot\src\share\vm\classfile\systemDictionary.cpp, line 199]
Event: 1.946 Thread 0x00000000020a0000 Exception <a 'java/lang/NoClassDefFoundError': org/slf4j/LoggerFactory> (0x00000000f64a0360) thrown at [C:\jenkins\workspace\8-2-build-windows-amd64-cygwin\jdk8u251\737\hotspot\src\share\vm\classfile\systemDictionary.cpp, line 199]
Event: 1.946 Thread 0x00000000020a0000 Exception <a 'java/lang/NoClassDefFoundError'> (0x00000000f64a0360) thrown at [C:\jenkins\workspace\8-2-build-windows-amd64-cygwin\jdk8u251\737\hotspot\src\share\vm\oops\instanceKlass.cpp, line 959]
Event: 4.146 Thread 0x00000000020a0000 Implicit null exception at 0x0000000002bb15c5 to 0x0000000002bb1799
Event: 4.147 Thread 0x00000000020a0000 Implicit null exception at 0x0000000002bb266b to 0x0000000002bb2c79
Event: 5.207 Thread 0x00000000020a0000 Implicit null exception at 0x0000000002d68f94 to 0x0000000002d69ff1

Events (10 events):
Event: 4.808 loading class org/sonatype/aether/impl/internal/DataPool$GraphKey done
Event: 5.207 Thread 0x00000000020a0000 Uncommon trap: trap_request=0xfffffff4 fr.pc=0x0000000002d6a004
Event: 5.207 Thread 0x00000000020a0000 DEOPT PACKING pc=0x0000000002d6a004 sp=0x000000000259d210
Event: 5.207 Thread 0x00000000020a0000 DEOPT UNPACKING pc=0x00000000028b583b sp=0x000000000259d200 mode 2
Event: 5.285 loading class java/util/ArrayList$SubList
Event: 5.285 loading class java/util/ArrayList$SubList done
Event: 5.285 loading class java/util/ArrayList$SubList$1
Event: 5.286 loading class java/util/ArrayList$SubList$1 done
Event: 5.935 loading class java/util/AbstractList$1
Event: 5.935 loading class java/util/AbstractList$1 done


Dynamic libraries:
0x000000013f580000 - 0x000000013f5b7000 	C:\Program Files\Java\jdk1.8.0_251\bin\java.exe
0x0000000077440000 - 0x00000000775df000 	C:\Windows\SYSTEM32\ntdll.dll
0x0000000077220000 - 0x0000000077340000 	C:\Windows\system32\kernel32.dll
0x000007fefcf60000 - 0x000007fefcfc7000 	C:\Windows\system32\KERNELBASE.dll
0x000007feff2e0000 - 0x000007feff3bf000 	C:\Windows\system32\ADVAPI32.dll
0x000007fefdf40000 - 0x000007fefdfdf000 	C:\Windows\system32\msvcrt.dll
0x000007fefd5d0000 - 0x000007fefd5ef000 	C:\Windows\SYSTEM32\sechost.dll
0x000007fefd350000 - 0x000007fefd479000 	C:\Windows\system32\RPCRT4.dll
0x0000000077340000 - 0x000000007743b000 	C:\Windows\system32\USER32.dll
0x000007fefd560000 - 0x000007fefd5c8000 	C:\Windows\system32\GDI32.dll
0x000007fefdaa0000 - 0x000007fefdaae000 	C:\Windows\system32\LPK.dll
0x000007fefef10000 - 0x000007fefefdb000 	C:\Windows\system32\USP10.dll
0x000007fefb8a0000 - 0x000007fefba95000 	C:\Windows\WinSxS\amd64_microsoft.windows.common-controls_6595b64144ccf1df_6.0.7601.24483_none_e372d88f30fbb845\COMCTL32.dll
0x000007feff3c0000 - 0x000007feff431000 	C:\Windows\system32\SHLWAPI.dll
0x000007fefefe0000 - 0x000007feff00e000 	C:\Windows\system32\IMM32.DLL
0x000007fefdfe0000 - 0x000007fefe0eb000 	C:\Windows\system32\MSCTF.dll
0x00000000746f0000 - 0x00000000747c2000 	C:\Program Files\Java\jdk1.8.0_251\jre\bin\msvcr100.dll
0x00000000705e0000 - 0x0000000070e8b000 	C:\Program Files\Java\jdk1.8.0_251\jre\bin\server\jvm.dll
0x000007fefbd70000 - 0x000007fefbd79000 	C:\Windows\system32\WSOCK32.dll
0x000007feff440000 - 0x000007feff48d000 	C:\Windows\system32\WS2_32.dll
0x000007fefeee0000 - 0x000007fefeee8000 	C:\Windows\system32\NSI.dll
0x000007fefa1f0000 - 0x000007fefa22b000 	C:\Windows\system32\WINMM.dll
0x000007fefbf30000 - 0x000007fefbf3c000 	C:\Windows\system32\VERSION.dll
0x00000000775e0000 - 0x00000000775e7000 	C:\Windows\system32\PSAPI.DLL
0x000007fefb3d0000 - 0x000007fefb3df000 	C:\Program Files\Java\jdk1.8.0_251\jre\bin\verify.dll
0x000007fee0aa0000 - 0x000007fee0ac9000 	C:\Program Files\Java\jdk1.8.0_251\jre\bin\java.dll
0x000007fee07c0000 - 0x000007fee07d6000 	C:\Program Files\Java\jdk1.8.0_251\jre\bin\zip.dll
0x000007fefe150000 - 0x000007fefeedb000 	C:\Windows\system32\SHELL32.dll
0x000007feff490000 - 0x000007feff690000 	C:\Windows\system32\ole32.dll
0x000007fefcef0000 - 0x000007fefceff000 	C:\Windows\system32\profapi.dll
0x000007fefcc50000 - 0x000007fefcca7000 	C:\Windows\system32\apphelp.dll
0x000007fee07a0000 - 0x000007fee07ba000 	C:\Program Files\Java\jdk1.8.0_251\jre\bin\net.dll
0x000007fefc5b0000 - 0x000007fefc605000 	C:\Windows\system32\mswsock.dll
0x000007fefc5a0000 - 0x000007fefc5a7000 	C:\Windows\System32\wship6.dll
0x000007fee0780000 - 0x000007fee0792000 	C:\Program Files\Java\jdk1.8.0_251\jre\bin\nio.dll

VM Arguments:
jvm_args: -Dclassworlds.conf=C:\Program Files\NetBeans 8.2\java\maven\bin\m2.conf -Dmaven.home=C:\Program Files\NetBeans 8.2\java\maven 
java_command: org.codehaus.plexus.classworlds.launcher.Launcher -Dexec.args=-classpath %classpath com.mycompany.apistub.stub -Dexec.executable=C:\Program Files\Java\jdk1.8.0_251\bin\java.exe -Dexec.workingdir=C:\Users\dorothy\Documents\NetBeansProjects\ApiStub -Dmaven.ext.class.path=C:\Program Files\NetBeans 8.2\java\maven-nblib\netbeans-eventspy.jar -Dfile.encoding=UTF-8 org.codehaus.mojo:exec-maven-plugin:1.2.1:exec
java_class_path (initial): C:\Program Files\NetBeans 8.2\java\maven\boot\plexus-classworlds-2.4.jar
Launcher Type: SUN_STANDARD

Environment Variables:
JAVA_HOME=C:\Program Files\Java\jdk1.8.0_251
PATH=C:\Program Files\Java\jdk1.8.0_251\bin;C:\Program Files\apache-maven-3.6.3\bin;C:\Program Files\apache-maven-3.6.3\bin;C:\Program Files\Git\cmd;;C:\Users\dorothy\AppData\Local\Programs\Microsoft VS Code\bin
USERNAME=dorothy
OS=Windows_NT
PROCESSOR_IDENTIFIER=Intel64 Family 6 Model 58 Stepping 9, GenuineIntel



---------------  S Y S T E M  ---------------

OS: Windows 7 , 64 bit Build 7601 (6.1.7601.25827)

CPU:total 2 (initial active 2) (2 cores per cpu, 1 threads per core) family 6 model 58 stepping 9, cmov, cx8, fxsr, mmx, sse, sse2, sse3, ssse3, sse4.1, sse4.2, popcnt, clmul, erms, tsc, tscinvbit, tscinv

Memory: 4k page, physical 1980220k(325788k free), swap 7920880k(9220k free)

vm_info: Java HotSpot(TM) 64-Bit Server VM (25.251-b08) for windows-amd64 JRE (1.8.0_251-b08), built on Mar 12 2020 06:31:49 by "" with MS VC++ 10.0 (VS2010)

time: Mon May 23 03:50:10 2022
timezone: Pacific Daylight Time
elapsed time: 6 seconds (0d 0h 0m 6s)

