#
# There is insufficient memory for the Java Runtime Environment to continue.
# Native memory allocation (malloc) failed to allocate 131088 bytes for Chunk::new
# Possible reasons:
#   The system is out of physical RAM or swap space
#   The process is running with CompressedOops enabled, and the Java Heap may be blocking the growth of the native heap
# Possible solutions:
#   Reduce memory load on the system
#   Increase physical memory or swap space
#   Check if swap backing store is full
#   Decrease Java heap size (-Xmx/-Xms)
#   Decrease number of Java threads
#   Decrease Java thread stack sizes (-Xss)
#   Set larger code cache with -XX:ReservedCodeCacheSize=
#   JVM is running with Unscaled Compressed Oops mode in which the Java heap is
#     placed in the first 4GB address space. The Java Heap base address is the
#     maximum limit for the native heap growth. Please use -XX:HeapBaseMinAddress
#     to set the Java Heap base and to place the Java Heap above 4GB virtual address.
# This output file may be truncated or incomplete.
#
#  Out of Memory Error (allocation.cpp:389), pid=6932, tid=0x0000000000000618
#
# JRE version: Java(TM) SE Runtime Environment (8.0_251-b08) (build 1.8.0_251-b08)
# Java VM: Java HotSpot(TM) 64-Bit Server VM (25.251-b08 mixed mode windows-amd64 compressed oops)
# Failed to write core dump. Minidumps are not enabled by default on client versions of Windows
#

---------------  T H R E A D  ---------------

Current thread (0x0000000053a28800):  JavaThread "C2 CompilerThread0" daemon [_thread_in_native, id=1560, stack(0x0000000054b70000,0x0000000054c70000)]

Stack: [0x0000000054b70000,0x0000000054c70000]
[error occurred during error reporting (printing stack bounds), id 0xc0000005]

Native frames: (J=compiled Java code, j=interpreted, Vv=VM code, C=native code)


Current CompileTask:
C2:  10409 1656   !   4       org.codehaus.plexus.interpolation.StringSearchInterpolator::interpolate (665 bytes)


---------------  P R O C E S S  ---------------

Java Threads: ( => current thread )
  0x0000000054c88800 JavaThread "Service Thread" daemon [_thread_blocked, id=6744, stack(0x0000000055160000,0x0000000055260000)]
  0x0000000053a34000 JavaThread "C1 CompilerThread1" daemon [_thread_blocked, id=7920, stack(0x00000000549f0000,0x0000000054af0000)]
=>0x0000000053a28800 JavaThread "C2 CompilerThread0" daemon [_thread_in_native, id=1560, stack(0x0000000054b70000,0x0000000054c70000)]
  0x0000000053a27000 JavaThread "Attach Listener" daemon [_thread_blocked, id=5160, stack(0x00000000548c0000,0x00000000549c0000)]
  0x0000000053a24000 JavaThread "Signal Dispatcher" daemon [_thread_blocked, id=7560, stack(0x00000000544a0000,0x00000000545a0000)]
  0x0000000053a10800 JavaThread "Finalizer" daemon [_thread_blocked, id=4408, stack(0x0000000054790000,0x0000000054890000)]
  0x0000000053a05800 JavaThread "Reference Handler" daemon [_thread_blocked, id=5368, stack(0x0000000054600000,0x0000000054700000)]
  0x0000000002130000 JavaThread "main" [_thread_in_native, id=4372, stack(0x0000000002470000,0x0000000002570000)]

Other Threads:
  0x00000000539bf800 VMThread [stack: 0x0000000054310000,0x0000000054410000] [id=6920]
  0x0000000053a43800 WatcherThread [stack: 0x00000000553a0000,0x00000000554a0000] [id=4604]

VM state:not at safepoint (normal execution)

VM Mutex/Monitor currently owned by a thread: None

heap address: 0x00000000e1c00000, size: 484 MB, Compressed Oops mode: 32-bit
Narrow klass base: 0x0000000000000000, Narrow klass shift: 0
Compressed class space size: 1073741824 Address: 0x0000000013090000

Heap:
 PSYoungGen      total 9728K, used 9093K [0x00000000f5f00000, 0x00000000f6980000, 0x0000000100000000)
  eden space 8704K, 92% used [0x00000000f5f00000,0x00000000f66e1410,0x00000000f6780000)
  from space 1024K, 100% used [0x00000000f6780000,0x00000000f6880000,0x00000000f6880000)
  to   space 1024K, 0% used [0x00000000f6880000,0x00000000f6880000,0x00000000f6980000)
 ParOldGen       total 22016K, used 9535K [0x00000000e1c00000, 0x00000000e3180000, 0x00000000f5f00000)
  object space 22016K, 43% used [0x00000000e1c00000,0x00000000e254fd18,0x00000000e3180000)
 Metaspace       used 12548K, capacity 12850K, committed 13184K, reserved 1060864K
  class space    used 1521K, capacity 1613K, committed 1664K, reserved 1048576K

Card table byte_map: [0x0000000002210000,0x0000000002310000] byte_map_base: 0x0000000001b02000

Marking Bits: (ParMarkBitMap*) 0x0000000071d1af90
 Begin Bits: [0x0000000012170000, 0x0000000012900000)
 End Bits:   [0x0000000012900000, 0x0000000013090000)

Polling page: 0x00000000001d0000

CodeCache: size=245760Kb used=5858Kb max_used=5858Kb free=239901Kb
 bounds [0x0000000002840000, 0x0000000002e00000, 0x0000000011840000]
 total_blobs=2009 nmethods=1686 adapters=236
 compilation: enabled

Compilation events (10 events):
Event: 10.346 Thread 0x0000000053a34000 1685       1       org.apache.maven.model.Build::getTestSourceDirectory (5 bytes)
Event: 10.346 Thread 0x0000000053a34000 nmethod 1685 0x0000000002dfc9d0 code [0x0000000002dfcb20, 0x0000000002dfcc30]
Event: 10.348 Thread 0x0000000053a34000 1686       1       org.apache.maven.model.Build::getSourceDirectory (5 bytes)
Event: 10.348 Thread 0x0000000053a34000 nmethod 1686 0x0000000002dfcc90 code [0x0000000002dfcde0, 0x0000000002dfcef0]
Event: 10.354 Thread 0x0000000053a34000 1687       3       org.apache.maven.model.normalization.DefaultModelNormalizer::injectDependencyDefaults (46 bytes)
Event: 10.355 Thread 0x0000000053a34000 nmethod 1687 0x0000000002dfcf50 code [0x0000000002dfd140, 0x0000000002dfd9d8]
Event: 10.356 Thread 0x0000000053a34000 1688       1       org.sonatype.aether.resolution.VersionRangeResult::getVersions (5 bytes)
Event: 10.356 Thread 0x0000000053a34000 nmethod 1688 0x0000000002dfdd10 code [0x0000000002dfde60, 0x0000000002dfdf70]
Event: 10.356 Thread 0x0000000053a34000 1689       1       org.sonatype.aether.resolution.ArtifactDescriptorRequest::getArtifact (5 bytes)
Event: 10.356 Thread 0x0000000053a34000 nmethod 1689 0x0000000002dfdfd0 code [0x0000000002dfe120, 0x0000000002dfe230]

GC Heap History (10 events):
Event: 5.163 GC heap before
{Heap before GC invocations=5 (full 0):
 PSYoungGen      total 9728K, used 9728K [0x00000000f5f00000, 0x00000000f6980000, 0x0000000100000000)
  eden space 8704K, 100% used [0x00000000f5f00000,0x00000000f6780000,0x00000000f6780000)
  from space 1024K, 100% used [0x00000000f6880000,0x00000000f6980000,0x00000000f6980000)
  to   space 1024K, 0% used [0x00000000f6780000,0x00000000f6780000,0x00000000f6880000)
 ParOldGen       total 22016K, used 3849K [0x00000000e1c00000, 0x00000000e3180000, 0x00000000f5f00000)
  object space 22016K, 17% used [0x00000000e1c00000,0x00000000e1fc2428,0x00000000e3180000)
 Metaspace       used 9201K, capacity 9372K, committed 9472K, reserved 1056768K
  class space    used 1178K, capacity 1245K, committed 1280K, reserved 1048576K
Event: 5.177 GC heap after
Heap after GC invocations=5 (full 0):
 PSYoungGen      total 9728K, used 1024K [0x00000000f5f00000, 0x00000000f6980000, 0x0000000100000000)
  eden space 8704K, 0% used [0x00000000f5f00000,0x00000000f5f00000,0x00000000f6780000)
  from space 1024K, 100% used [0x00000000f6780000,0x00000000f6880000,0x00000000f6880000)
  to   space 1024K, 0% used [0x00000000f6880000,0x00000000f6880000,0x00000000f6980000)
 ParOldGen       total 22016K, used 5214K [0x00000000e1c00000, 0x00000000e3180000, 0x00000000f5f00000)
  object space 22016K, 23% used [0x00000000e1c00000,0x00000000e2117aa0,0x00000000e3180000)
 Metaspace       used 9201K, capacity 9372K, committed 9472K, reserved 1056768K
  class space    used 1178K, capacity 1245K, committed 1280K, reserved 1048576K
}
Event: 5.683 GC heap before
{Heap before GC invocations=6 (full 0):
 PSYoungGen      total 9728K, used 9728K [0x00000000f5f00000, 0x00000000f6980000, 0x0000000100000000)
  eden space 8704K, 100% used [0x00000000f5f00000,0x00000000f6780000,0x00000000f6780000)
  from space 1024K, 100% used [0x00000000f6780000,0x00000000f6880000,0x00000000f6880000)
  to   space 1024K, 0% used [0x00000000f6880000,0x00000000f6880000,0x00000000f6980000)
 ParOldGen       total 22016K, used 5214K [0x00000000e1c00000, 0x00000000e3180000, 0x00000000f5f00000)
  object space 22016K, 23% used [0x00000000e1c00000,0x00000000e2117aa0,0x00000000e3180000)
 Metaspace       used 10309K, capacity 10460K, committed 10624K, reserved 1058816K
  class space    used 1310K, capacity 1373K, committed 1408K, reserved 1048576K
Event: 5.708 GC heap after
Heap after GC invocations=6 (full 0):
 PSYoungGen      total 9728K, used 1008K [0x00000000f5f00000, 0x00000000f6980000, 0x0000000100000000)
  eden space 8704K, 0% used [0x00000000f5f00000,0x00000000f5f00000,0x00000000f6780000)
  from space 1024K, 98% used [0x00000000f6880000,0x00000000f697c010,0x00000000f6980000)
  to   space 1024K, 0% used [0x00000000f6780000,0x00000000f6780000,0x00000000f6880000)
 ParOldGen       total 22016K, used 6580K [0x00000000e1c00000, 0x00000000e3180000, 0x00000000f5f00000)
  object space 22016K, 29% used [0x00000000e1c00000,0x00000000e226d060,0x00000000e3180000)
 Metaspace       used 10309K, capacity 10460K, committed 10624K, reserved 1058816K
  class space    used 1310K, capacity 1373K, committed 1408K, reserved 1048576K
}
Event: 7.592 GC heap before
{Heap before GC invocations=7 (full 0):
 PSYoungGen      total 9728K, used 9712K [0x00000000f5f00000, 0x00000000f6980000, 0x0000000100000000)
  eden space 8704K, 100% used [0x00000000f5f00000,0x00000000f6780000,0x00000000f6780000)
  from space 1024K, 98% used [0x00000000f6880000,0x00000000f697c010,0x00000000f6980000)
  to   space 1024K, 0% used [0x00000000f6780000,0x00000000f6780000,0x00000000f6880000)
 ParOldGen       total 22016K, used 6580K [0x00000000e1c00000, 0x00000000e3180000, 0x00000000f5f00000)
  object space 22016K, 29% used [0x00000000e1c00000,0x00000000e226d060,0x00000000e3180000)
 Metaspace       used 12118K, capacity 12332K, committed 12672K, reserved 1060864K
  class space    used 1489K, capacity 1573K, committed 1664K, reserved 1048576K
Event: 7.643 GC heap after
Heap after GC invocations=7 (full 0):
 PSYoungGen      total 9728K, used 1008K [0x00000000f5f00000, 0x00000000f6980000, 0x0000000100000000)
  eden space 8704K, 0% used [0x00000000f5f00000,0x00000000f5f00000,0x00000000f6780000)
  from space 1024K, 98% used [0x00000000f6780000,0x00000000f687c010,0x00000000f6880000)
  to   space 1024K, 0% used [0x00000000f6880000,0x00000000f6880000,0x00000000f6980000)
 ParOldGen       total 22016K, used 8395K [0x00000000e1c00000, 0x00000000e3180000, 0x00000000f5f00000)
  object space 22016K, 38% used [0x00000000e1c00000,0x00000000e2432fb8,0x00000000e3180000)
 Metaspace       used 12118K, capacity 12332K, committed 12672K, reserved 1060864K
  class space    used 1489K, capacity 1573K, committed 1664K, reserved 1048576K
}
Event: 8.681 GC heap before
{Heap before GC invocations=8 (full 0):
 PSYoungGen      total 9728K, used 9712K [0x00000000f5f00000, 0x00000000f6980000, 0x0000000100000000)
  eden space 8704K, 100% used [0x00000000f5f00000,0x00000000f6780000,0x00000000f6780000)
  from space 1024K, 98% used [0x00000000f6780000,0x00000000f687c010,0x00000000f6880000)
  to   space 1024K, 0% used [0x00000000f6880000,0x00000000f6880000,0x00000000f6980000)
 ParOldGen       total 22016K, used 8395K [0x00000000e1c00000, 0x00000000e3180000, 0x00000000f5f00000)
  object space 22016K, 38% used [0x00000000e1c00000,0x00000000e2432fb8,0x00000000e3180000)
 Metaspace       used 12444K, capacity 12710K, committed 12928K, reserved 1060864K
  class space    used 1517K, capacity 1611K, committed 1664K, reserved 1048576K
Event: 8.688 GC heap after
Heap after GC invocations=8 (full 0):
 PSYoungGen      total 9728K, used 1024K [0x00000000f5f00000, 0x00000000f6980000, 0x0000000100000000)
  eden space 8704K, 0% used [0x00000000f5f00000,0x00000000f5f00000,0x00000000f6780000)
  from space 1024K, 100% used [0x00000000f6880000,0x00000000f6980000,0x00000000f6980000)
  to   space 1024K, 0% used [0x00000000f6780000,0x00000000f6780000,0x00000000f6880000)
 ParOldGen       total 22016K, used 9143K [0x00000000e1c00000, 0x00000000e3180000, 0x00000000f5f00000)
  object space 22016K, 41% used [0x00000000e1c00000,0x00000000e24edcf8,0x00000000e3180000)
 Metaspace       used 12444K, capacity 12710K, committed 12928K, reserved 1060864K
  class space    used 1517K, capacity 1611K, committed 1664K, reserved 1048576K
}
Event: 10.003 GC heap before
{Heap before GC invocations=9 (full 0):
 PSYoungGen      total 9728K, used 9728K [0x00000000f5f00000, 0x00000000f6980000, 0x0000000100000000)
  eden space 8704K, 100% used [0x00000000f5f00000,0x00000000f6780000,0x00000000f6780000)
  from space 1024K, 100% used [0x00000000f6880000,0x00000000f6980000,0x00000000f6980000)
  to   space 1024K, 0% used [0x00000000f6780000,0x00000000f6780000,0x00000000f6880000)
 ParOldGen       total 22016K, used 9143K [0x00000000e1c00000, 0x00000000e3180000, 0x00000000f5f00000)
  object space 22016K, 41% used [0x00000000e1c00000,0x00000000e24edcf8,0x00000000e3180000)
 Metaspace       used 12515K, capacity 12780K, committed 12928K, reserved 1060864K
  class space    used 1520K, capacity 1612K, committed 1664K, reserved 1048576K
Event: 10.008 GC heap after
Heap after GC invocations=9 (full 0):
 PSYoungGen      total 9728K, used 1024K [0x00000000f5f00000, 0x00000000f6980000, 0x0000000100000000)
  eden space 8704K, 0% used [0x00000000f5f00000,0x00000000f5f00000,0x00000000f6780000)
  from space 1024K, 100% used [0x00000000f6780000,0x00000000f6880000,0x00000000f6880000)
  to   space 1024K, 0% used [0x00000000f6880000,0x00000000f6880000,0x00000000f6980000)
 ParOldGen       total 22016K, used 9535K [0x00000000e1c00000, 0x00000000e3180000, 0x00000000f5f00000)
  object space 22016K, 43% used [0x00000000e1c00000,0x00000000e254fd18,0x00000000e3180000)
 Metaspace       used 12515K, capacity 12780K, committed 12928K, reserved 1060864K
  class space    used 1520K, capacity 1612K, committed 1664K, reserved 1048576K
}

Deoptimization events (10 events):
Event: 4.646 Thread 0x0000000002130000 Uncommon trap: reason=bimorphic action=maybe_recompile pc=0x0000000002b9f28c method=java.util.HashMap.putVal(ILjava/lang/Object;Ljava/lang/Object;ZZ)Ljava/lang/Object; @ 203
Event: 4.646 Thread 0x0000000002130000 Uncommon trap: reason=bimorphic action=maybe_recompile pc=0x0000000002b9f28c method=java.util.HashMap.putVal(ILjava/lang/Object;Ljava/lang/Object;ZZ)Ljava/lang/Object; @ 203
Event: 4.647 Thread 0x0000000002130000 Uncommon trap: reason=bimorphic action=maybe_recompile pc=0x0000000002b9f28c method=java.util.HashMap.putVal(ILjava/lang/Object;Ljava/lang/Object;ZZ)Ljava/lang/Object; @ 203
Event: 5.826 Thread 0x0000000002130000 Uncommon trap: reason=unstable_if action=reinterpret pc=0x0000000002b1203c method=org.codehaus.plexus.util.xml.pull.MXParser.parseStartTag()I @ 443
Event: 6.494 Thread 0x0000000002130000 Uncommon trap: reason=unstable_if action=reinterpret pc=0x00000000029eb444 method=java.lang.String.replace(CC)Ljava/lang/String; @ 2
Event: 7.381 Thread 0x0000000002130000 Uncommon trap: reason=unstable_if action=reinterpret pc=0x0000000002c59178 method=org.codehaus.plexus.util.xml.pull.MXParser.nextImpl()I @ 960
Event: 7.972 Thread 0x0000000002130000 Uncommon trap: reason=unstable_if action=reinterpret pc=0x0000000002bfbca8 method=java.util.HashMap.hash(Ljava/lang/Object;)I @ 1
Event: 7.972 Thread 0x0000000002130000 Uncommon trap: reason=unstable_if action=reinterpret pc=0x0000000002b33a64 method=java.util.HashMap.hash(Ljava/lang/Object;)I @ 1
Event: 7.974 Thread 0x0000000002130000 Uncommon trap: reason=unstable_if action=reinterpret pc=0x0000000002bd47f8 method=java.util.HashMap.hash(Ljava/lang/Object;)I @ 1
Event: 8.726 Thread 0x0000000002130000 Uncommon trap: reason=null_check action=make_not_entrant pc=0x0000000002d7051c method=org.apache.maven.model.io.xpp3.MavenXpp3Reader.checkFieldWithDuplicate(Lorg/codehaus/plexus/util/xml/pull/XmlPullParser;Ljava/lang/String;Ljava/lang/String;Ljava/util/Se

Classes redefined (0 events):
No events

Internal exceptions (10 events):
Event: 3.128 Thread 0x0000000002130000 Exception <a 'java/lang/ArrayIndexOutOfBoundsException'> (0x00000000f62d3998) thrown at [C:\jenkins\workspace\8-2-build-windows-amd64-cygwin\jdk8u251\737\hotspot\src\share\vm\runtime\sharedRuntime.cpp, line 605]
Event: 3.747 Thread 0x0000000002130000 Exception <a 'java/lang/ArrayIndexOutOfBoundsException'> (0x00000000f6043478) thrown at [C:\jenkins\workspace\8-2-build-windows-amd64-cygwin\jdk8u251\737\hotspot\src\share\vm\runtime\sharedRuntime.cpp, line 605]
Event: 3.749 Thread 0x0000000002130000 Exception <a 'java/lang/ArrayIndexOutOfBoundsException'> (0x00000000f6045120) thrown at [C:\jenkins\workspace\8-2-build-windows-amd64-cygwin\jdk8u251\737\hotspot\src\share\vm\runtime\sharedRuntime.cpp, line 605]
Event: 4.089 Thread 0x0000000002130000 Exception <a 'java/lang/NoClassDefFoundError': org/slf4j/Logger> (0x00000000f64e1b90) thrown at [C:\jenkins\workspace\8-2-build-windows-amd64-cygwin\jdk8u251\737\hotspot\src\share\vm\classfile\systemDictionary.cpp, line 199]
Event: 4.418 Thread 0x0000000002130000 Exception <a 'java/lang/NoClassDefFoundError': org/slf4j/LoggerFactory> (0x00000000f5f250a0) thrown at [C:\jenkins\workspace\8-2-build-windows-amd64-cygwin\jdk8u251\737\hotspot\src\share\vm\classfile\systemDictionary.cpp, line 199]
Event: 4.418 Thread 0x0000000002130000 Exception <a 'java/lang/NoClassDefFoundError'> (0x00000000f5f250a0) thrown at [C:\jenkins\workspace\8-2-build-windows-amd64-cygwin\jdk8u251\737\hotspot\src\share\vm\oops\instanceKlass.cpp, line 959]
Event: 7.972 Thread 0x0000000002130000 Implicit null exception at 0x0000000002bfbac5 to 0x0000000002bfbc99
Event: 7.972 Thread 0x0000000002130000 Implicit null exception at 0x0000000002b339ef to 0x0000000002b33a55
Event: 7.974 Thread 0x0000000002130000 Implicit null exception at 0x0000000002bd422b to 0x0000000002bd47dd
Event: 8.726 Thread 0x0000000002130000 Implicit null exception at 0x0000000002d6f34d to 0x0000000002d70501

Events (10 events):
Event: 8.957 loading class java/util/ArrayList$SubList
Event: 8.957 loading class java/util/ArrayList$SubList done
Event: 8.957 loading class java/util/ArrayList$SubList$1
Event: 8.957 loading class java/util/ArrayList$SubList$1 done
Event: 10.003 Executing VM operation: ParallelGCFailedAllocation
Event: 10.008 Executing VM operation: ParallelGCFailedAllocation done
Event: 10.008 Executing VM operation: BulkRevokeBias
Event: 10.008 Executing VM operation: BulkRevokeBias done
Event: 10.077 loading class java/util/AbstractList$1
Event: 10.095 loading class java/util/AbstractList$1 done


Dynamic libraries:
0x000000013f990000 - 0x000000013f9c7000 	C:\Program Files\Java\jdk1.8.0_251\bin\java.exe
0x0000000077170000 - 0x000000007730f000 	C:\Windows\SYSTEM32\ntdll.dll
0x0000000077050000 - 0x0000000077170000 	C:\Windows\system32\kernel32.dll
0x000007fefcd50000 - 0x000007fefcdb7000 	C:\Windows\system32\KERNELBASE.dll
0x000007fefe950000 - 0x000007fefea2f000 	C:\Windows\system32\ADVAPI32.dll
0x000007fefea50000 - 0x000007fefeaef000 	C:\Windows\system32\msvcrt.dll
0x000007fefd4f0000 - 0x000007fefd50f000 	C:\Windows\SYSTEM32\sechost.dll
0x000007fefd3c0000 - 0x000007fefd4e9000 	C:\Windows\system32\RPCRT4.dll
0x0000000076f50000 - 0x000000007704b000 	C:\Windows\system32\USER32.dll
0x000007fefd350000 - 0x000007fefd3b8000 	C:\Windows\system32\GDI32.dll
0x000007fefd340000 - 0x000007fefd34e000 	C:\Windows\system32\LPK.dll
0x000007fefe880000 - 0x000007fefe94b000 	C:\Windows\system32\USP10.dll
0x000007fefb5d0000 - 0x000007fefb7c5000 	C:\Windows\WinSxS\amd64_microsoft.windows.common-controls_6595b64144ccf1df_6.0.7601.24483_none_e372d88f30fbb845\COMCTL32.dll
0x000007fefd510000 - 0x000007fefd581000 	C:\Windows\system32\SHLWAPI.dll
0x000007fefe4e0000 - 0x000007fefe50e000 	C:\Windows\system32\IMM32.DLL
0x000007fefd590000 - 0x000007fefd69b000 	C:\Windows\system32\MSCTF.dll
0x00000000743c0000 - 0x0000000074492000 	C:\Program Files\Java\jdk1.8.0_251\jre\bin\msvcr100.dll
0x00000000714f0000 - 0x0000000071d9b000 	C:\Program Files\Java\jdk1.8.0_251\jre\bin\server\jvm.dll
0x000007fed1690000 - 0x000007fed1699000 	C:\Windows\system32\WSOCK32.dll
0x000007fefed00000 - 0x000007fefed4d000 	C:\Windows\system32\WS2_32.dll
0x000007fefd6a0000 - 0x000007fefd6a8000 	C:\Windows\system32\NSI.dll
0x000007fef9f20000 - 0x000007fef9f5b000 	C:\Windows\system32\WINMM.dll
0x000007fefbc60000 - 0x000007fefbc6c000 	C:\Windows\system32\VERSION.dll
0x0000000077310000 - 0x0000000077317000 	C:\Windows\system32\PSAPI.DLL
0x000007fed16a0000 - 0x000007fed16af000 	C:\Program Files\Java\jdk1.8.0_251\jre\bin\verify.dll
0x000007fed1620000 - 0x000007fed1649000 	C:\Program Files\Java\jdk1.8.0_251\jre\bin\java.dll
0x000007fed1600000 - 0x000007fed1616000 	C:\Program Files\Java\jdk1.8.0_251\jre\bin\zip.dll
0x000007fefd6b0000 - 0x000007fefe43b000 	C:\Windows\system32\SHELL32.dll
0x000007fefedb0000 - 0x000007fefefb0000 	C:\Windows\system32\ole32.dll
0x000007fefcc00000 - 0x000007fefcc0f000 	C:\Windows\system32\profapi.dll
0x000007fefc9c0000 - 0x000007fefca17000 	C:\Windows\system32\apphelp.dll
0x000007fed14d0000 - 0x000007fed14ea000 	C:\Program Files\Java\jdk1.8.0_251\jre\bin\net.dll
0x000007fefc2e0000 - 0x000007fefc335000 	C:\Windows\system32\mswsock.dll
0x000007fefc2d0000 - 0x000007fefc2d7000 	C:\Windows\System32\wship6.dll
0x000007fed14b0000 - 0x000007fed14c2000 	C:\Program Files\Java\jdk1.8.0_251\jre\bin\nio.dll

VM Arguments:
jvm_args: -Dclassworlds.conf=C:\Program Files\NetBeans 8.2\java\maven\bin\m2.conf -Dmaven.home=C:\Program Files\NetBeans 8.2\java\maven 
java_command: org.codehaus.plexus.classworlds.launcher.Launcher -Dexec.args=-classpath %classpath com.mycompany.apistub.stub -Dexec.executable=C:\Program Files\Java\jdk1.8.0_251\bin\java.exe -Dexec.workingdir=C:\Users\dorothy\Documents\NetBeansProjects\ApiStub -Dmaven.ext.class.path=C:\Program Files\NetBeans 8.2\java\maven-nblib\netbeans-eventspy.jar -Dfile.encoding=UTF-8 org.codehaus.mojo:exec-maven-plugin:1.2.1:exec
java_class_path (initial): C:\Program Files\NetBeans 8.2\java\maven\boot\plexus-classworlds-2.4.jar
Launcher Type: SUN_STANDARD

Environment Variables:
JAVA_HOME=C:\Program Files\Java\jdk1.8.0_251
PATH=C:\Program Files\Java\jdk1.8.0_251\bin;C:\Program Files\apache-maven-3.6.3\bin;C:\Program Files\apache-maven-3.6.3\bin;C:\Program Files\Git\cmd;;C:\Users\dorothy\AppData\Local\Programs\Microsoft VS Code\bin
USERNAME=dorothy
OS=Windows_NT
PROCESSOR_IDENTIFIER=Intel64 Family 6 Model 58 Stepping 9, GenuineIntel



---------------  S Y S T E M  ---------------

OS: Windows 7 , 64 bit Build 7601 (6.1.7601.25827)

CPU:total 2 (initial active 2) (2 cores per cpu, 1 threads per core) family 6 model 58 stepping 9, cmov, cx8, fxsr, mmx, sse, sse2, sse3, ssse3, sse4.1, sse4.2, popcnt, clmul, erms, tsc, tscinvbit, tscinv

Memory: 4k page, physical 1980220k(304184k free), swap 7920880k(5100k free)

vm_info: Java HotSpot(TM) 64-Bit Server VM (25.251-b08) for windows-amd64 JRE (1.8.0_251-b08), built on Mar 12 2020 06:31:49 by "" with MS VC++ 10.0 (VS2010)

time: Mon May 23 06:35:24 2022
timezone: Pacific Daylight Time
elapsed time: 10 seconds (0d 0h 0m 10s)

