#
# There is insufficient memory for the Java Runtime Environment to continue.
# Native memory allocation (malloc) failed to allocate 32744 bytes for ChunkPool::allocate
# Possible reasons:
#   The system is out of physical RAM or swap space
#   The process is running with CompressedOops enabled, and the Java Heap may be blocking the growth of the native heap
# Possible solutions:
#   Reduce memory load on the system
#   Increase physical memory or swap space
#   Check if swap backing store is full
#   Decrease Java heap size (-Xmx/-Xms)
#   Decrease number of Java threads
#   Decrease Java thread stack sizes (-Xss)
#   Set larger code cache with -XX:ReservedCodeCacheSize=
#   JVM is running with Unscaled Compressed Oops mode in which the Java heap is
#     placed in the first 4GB address space. The Java Heap base address is the
#     maximum limit for the native heap growth. Please use -XX:HeapBaseMinAddress
#     to set the Java Heap base and to place the Java Heap above 4GB virtual address.
# This output file may be truncated or incomplete.
#
#  Out of Memory Error (allocation.cpp:272), pid=4064, tid=0x0000000000001ed0
#
# JRE version: Java(TM) SE Runtime Environment (8.0_251-b08) (build 1.8.0_251-b08)
# Java VM: Java HotSpot(TM) 64-Bit Server VM (25.251-b08 mixed mode windows-amd64 compressed oops)
# Failed to write core dump. Minidumps are not enabled by default on client versions of Windows
#

---------------  T H R E A D  ---------------

Current thread (0x0000000053888000):  JavaThread "C2 CompilerThread0" daemon [_thread_in_native, id=7888, stack(0x0000000054420000,0x0000000054520000)]

Stack: [0x0000000054420000,0x0000000054520000]
[error occurred during error reporting (printing stack bounds), id 0xc0000005]

Native frames: (J=compiled Java code, j=interpreted, Vv=VM code, C=native code)


Current CompileTask:
C2:  23103 1828   !   4      
[error occurred during error reporting (printing current compile task), id 0xe0000001]


---------------  P R O C E S S  ---------------

Java Threads: ( => current thread )
  0x00000000538e8800 JavaThread "Service Thread" daemon [_thread_blocked, id=5840, stack(0x0000000055230000,0x0000000055330000)]
  0x00000000538e5000 JavaThread "C1 CompilerThread1" daemon [_thread_blocked, id=7308, stack(0x0000000054ce0000,0x0000000054de0000)]
=>0x0000000053888000 JavaThread "C2 CompilerThread0" daemon [_thread_in_native, id=7888, stack(0x0000000054420000,0x0000000054520000)]
  0x0000000053887000 JavaThread "Attach Listener" daemon [_thread_blocked, id=8084, stack(0x0000000054ac0000,0x0000000054bc0000)]
  0x0000000053884000 JavaThread "Signal Dispatcher" daemon [_thread_blocked, id=7432, stack(0x0000000054850000,0x0000000054950000)]
  0x0000000053870800 JavaThread "Finalizer" daemon [_thread_blocked, id=7172, stack(0x0000000054630000,0x0000000054730000)]
  0x0000000053865800 JavaThread "Reference Handler" daemon [_thread_blocked, id=7576, stack(0x0000000054530000,0x0000000054630000)]
  0x0000000002100000 JavaThread "main" [_thread_in_native, id=2852, stack(0x0000000002220000,0x0000000002320000)]

Other Threads:
  0x000000005381f800 VMThread [stack: 0x0000000054310000,0x0000000054410000] [id=5260]
  0x00000000538ee000 WatcherThread [stack: 0x00000000549c0000,0x0000000054ac0000] [id=6728]

VM state:not at safepoint (normal execution)

VM Mutex/Monitor currently owned by a thread: None

heap address: 0x00000000e1c00000, size: 484 MB, Compressed Oops mode: 32-bit
Narrow klass base: 0x0000000000000000, Narrow klass shift: 0
Compressed class space size: 1073741824 Address: 0x0000000012ef0000

Heap:
 PSYoungGen      total 38400K, used 4274K [0x00000000f5f00000, 0x00000000faa00000, 0x0000000100000000)
  eden space 34304K, 3% used [0x00000000f5f00000,0x00000000f6054b98,0x00000000f8080000)
  from space 4096K, 71% used [0x00000000f8080000,0x00000000f8358000,0x00000000f8480000)
  to   space 4096K, 0% used [0x00000000fa600000,0x00000000fa600000,0x00000000faa00000)
 ParOldGen       total 22016K, used 6837K [0x00000000e1c00000, 0x00000000e3180000, 0x00000000f5f00000)
  object space 22016K, 31% used [0x00000000e1c00000,0x00000000e22ad528,0x00000000e3180000)
 Metaspace       used 12591K, capacity 12868K, committed 13184K, reserved 1060864K
  class space    used 1523K, capacity 1616K, committed 1664K, reserved 1048576K

Card table byte_map: [0x0000000011a30000,0x0000000011b30000] byte_map_base: 0x0000000011322000

Marking Bits: (ParMarkBitMap*) 0x000000006059af90
 Begin Bits: [0x0000000011ed0000, 0x0000000012660000)
 End Bits:   [0x0000000012660000, 0x0000000012df0000)

Polling page: 0x0000000000430000

CodeCache: size=245760Kb used=6465Kb max_used=6467Kb free=239294Kb
 bounds [0x0000000002670000, 0x0000000002cd0000, 0x0000000011670000]
 total_blobs=2158 nmethods=1835 adapters=236
 compilation: enabled

Compilation events (10 events):
Event: 23.032 Thread 0x00000000538e5000 1838       3       java.util.Hashtable::getIterator (22 bytes)
Event: 23.032 Thread 0x00000000538e5000 nmethod 1838 0x0000000002cc1890 code [0x0000000002cc1a00, 0x0000000002cc1ca8]
Event: 23.032 Thread 0x00000000538e5000 1839       3       java.util.Collections::synchronizedSet (10 bytes)
Event: 23.033 Thread 0x00000000538e5000 nmethod 1839 0x0000000002cc5010 code [0x0000000002cc51c0, 0x0000000002cc5738]
Event: 23.033 Thread 0x00000000538e5000 1840       3       java.util.Collections$SynchronizedSet::<init> (7 bytes)
Event: 23.034 Thread 0x00000000538e5000 nmethod 1840 0x0000000002cc5b10 code [0x0000000002cc5cc0, 0x0000000002cc6198]
Event: 23.036 Thread 0x00000000538e5000 1842       3       org.apache.maven.model.building.ModelData::getGroupId (17 bytes)
Event: 23.036 Thread 0x00000000538e5000 nmethod 1842 0x0000000002cc6490 code [0x0000000002cc65e0, 0x0000000002cc6790]
Event: 23.036 Thread 0x00000000538e5000 1843       3       org.apache.maven.model.building.ModelData::getArtifactId (17 bytes)
Event: 23.037 Thread 0x00000000538e5000 nmethod 1843 0x000000000277e210 code [0x000000000277e360, 0x000000000277e510]

GC Heap History (10 events):
Event: 10.013 GC heap before
{Heap before GC invocations=3 (full 0):
 PSYoungGen      total 9728K, used 9712K [0x00000000f5f00000, 0x00000000f7200000, 0x0000000100000000)
  eden space 8704K, 100% used [0x00000000f5f00000,0x00000000f6780000,0x00000000f6780000)
  from space 1024K, 98% used [0x00000000f6880000,0x00000000f697c010,0x00000000f6980000)
  to   space 1024K, 0% used [0x00000000f6780000,0x00000000f6780000,0x00000000f6880000)
 ParOldGen       total 22016K, used 2159K [0x00000000e1c00000, 0x00000000e3180000, 0x00000000f5f00000)
  object space 22016K, 9% used [0x00000000e1c00000,0x00000000e1e1bfa0,0x00000000e3180000)
 Metaspace       used 6965K, capacity 7100K, committed 7424K, reserved 1056768K
  class space    used 870K, capacity 920K, committed 1024K, reserved 1048576K
Event: 10.097 GC heap after
Heap after GC invocations=3 (full 0):
 PSYoungGen      total 9728K, used 1008K [0x00000000f5f00000, 0x00000000f7200000, 0x0000000100000000)
  eden space 8704K, 0% used [0x00000000f5f00000,0x00000000f5f00000,0x00000000f6780000)
  from space 1024K, 98% used [0x00000000f6780000,0x00000000f687c030,0x00000000f6880000)
  to   space 1024K, 0% used [0x00000000f7100000,0x00000000f7100000,0x00000000f7200000)
 ParOldGen       total 22016K, used 2628K [0x00000000e1c00000, 0x00000000e3180000, 0x00000000f5f00000)
  object space 22016K, 11% used [0x00000000e1c00000,0x00000000e1e91238,0x00000000e3180000)
 Metaspace       used 6965K, capacity 7100K, committed 7424K, reserved 1056768K
  class space    used 870K, capacity 920K, committed 1024K, reserved 1048576K
}
Event: 10.920 GC heap before
{Heap before GC invocations=4 (full 0):
 PSYoungGen      total 9728K, used 9712K [0x00000000f5f00000, 0x00000000f7200000, 0x0000000100000000)
  eden space 8704K, 100% used [0x00000000f5f00000,0x00000000f6780000,0x00000000f6780000)
  from space 1024K, 98% used [0x00000000f6780000,0x00000000f687c030,0x00000000f6880000)
  to   space 1024K, 0% used [0x00000000f7100000,0x00000000f7100000,0x00000000f7200000)
 ParOldGen       total 22016K, used 2628K [0x00000000e1c00000, 0x00000000e3180000, 0x00000000f5f00000)
  object space 22016K, 11% used [0x00000000e1c00000,0x00000000e1e91238,0x00000000e3180000)
 Metaspace       used 7984K, capacity 8168K, committed 8320K, reserved 1056768K
  class space    used 1017K, capacity 1082K, committed 1152K, reserved 1048576K
Event: 10.971 GC heap after
Heap after GC invocations=4 (full 0):
 PSYoungGen      total 18432K, used 992K [0x00000000f5f00000, 0x00000000f7200000, 0x0000000100000000)
  eden space 17408K, 0% used [0x00000000f5f00000,0x00000000f5f00000,0x00000000f7000000)
  from space 1024K, 96% used [0x00000000f7100000,0x00000000f71f8020,0x00000000f7200000)
  to   space 1024K, 0% used [0x00000000f7000000,0x00000000f7000000,0x00000000f7100000)
 ParOldGen       total 22016K, used 3795K [0x00000000e1c00000, 0x00000000e3180000, 0x00000000f5f00000)
  object space 22016K, 17% used [0x00000000e1c00000,0x00000000e1fb4ca8,0x00000000e3180000)
 Metaspace       used 7984K, capacity 8168K, committed 8320K, reserved 1056768K
  class space    used 1017K, capacity 1082K, committed 1152K, reserved 1048576K
}
Event: 12.916 GC heap before
{Heap before GC invocations=5 (full 0):
 PSYoungGen      total 18432K, used 18400K [0x00000000f5f00000, 0x00000000f7200000, 0x0000000100000000)
  eden space 17408K, 100% used [0x00000000f5f00000,0x00000000f7000000,0x00000000f7000000)
  from space 1024K, 96% used [0x00000000f7100000,0x00000000f71f8020,0x00000000f7200000)
  to   space 1024K, 0% used [0x00000000f7000000,0x00000000f7000000,0x00000000f7100000)
 ParOldGen       total 22016K, used 3795K [0x00000000e1c00000, 0x00000000e3180000, 0x00000000f5f00000)
  object space 22016K, 17% used [0x00000000e1c00000,0x00000000e1fb4ca8,0x00000000e3180000)
 Metaspace       used 10302K, capacity 10460K, committed 10624K, reserved 1058816K
  class space    used 1310K, capacity 1373K, committed 1408K, reserved 1048576K
Event: 13.096 GC heap after
Heap after GC invocations=5 (full 0):
 PSYoungGen      total 18432K, used 1024K [0x00000000f5f00000, 0x00000000f8800000, 0x0000000100000000)
  eden space 17408K, 0% used [0x00000000f5f00000,0x00000000f5f00000,0x00000000f7000000)
  from space 1024K, 100% used [0x00000000f7000000,0x00000000f7100000,0x00000000f7100000)
  to   space 3584K, 0% used [0x00000000f8480000,0x00000000f8480000,0x00000000f8800000)
 ParOldGen       total 22016K, used 6461K [0x00000000e1c00000, 0x00000000e3180000, 0x00000000f5f00000)
  object space 22016K, 29% used [0x00000000e1c00000,0x00000000e224f4d8,0x00000000e3180000)
 Metaspace       used 10302K, capacity 10460K, committed 10624K, reserved 1058816K
  class space    used 1310K, capacity 1373K, committed 1408K, reserved 1048576K
}
Event: 17.354 GC heap before
{Heap before GC invocations=6 (full 0):
 PSYoungGen      total 18432K, used 18432K [0x00000000f5f00000, 0x00000000f8800000, 0x0000000100000000)
  eden space 17408K, 100% used [0x00000000f5f00000,0x00000000f7000000,0x00000000f7000000)
  from space 1024K, 100% used [0x00000000f7000000,0x00000000f7100000,0x00000000f7100000)
  to   space 3584K, 0% used [0x00000000f8480000,0x00000000f8480000,0x00000000f8800000)
 ParOldGen       total 22016K, used 6461K [0x00000000e1c00000, 0x00000000e3180000, 0x00000000f5f00000)
  object space 22016K, 29% used [0x00000000e1c00000,0x00000000e224f4d8,0x00000000e3180000)
 Metaspace       used 12433K, capacity 12678K, committed 12928K, reserved 1060864K
  class space    used 1516K, capacity 1579K, committed 1664K, reserved 1048576K
Event: 17.366 GC heap after
Heap after GC invocations=6 (full 0):
 PSYoungGen      total 37888K, used 3437K [0x00000000f5f00000, 0x00000000f8900000, 0x0000000100000000)
  eden space 34304K, 0% used [0x00000000f5f00000,0x00000000f5f00000,0x00000000f8080000)
  from space 3584K, 95% used [0x00000000f8480000,0x00000000f87db640,0x00000000f8800000)
  to   space 4096K, 0% used [0x00000000f8080000,0x00000000f8080000,0x00000000f8480000)
 ParOldGen       total 22016K, used 6461K [0x00000000e1c00000, 0x00000000e3180000, 0x00000000f5f00000)
  object space 22016K, 29% used [0x00000000e1c00000,0x00000000e224f4d8,0x00000000e3180000)
 Metaspace       used 12433K, capacity 12678K, committed 12928K, reserved 1060864K
  class space    used 1516K, capacity 1579K, committed 1664K, reserved 1048576K
}
Event: 23.009 GC heap before
{Heap before GC invocations=7 (full 0):
 PSYoungGen      total 37888K, used 37741K [0x00000000f5f00000, 0x00000000f8900000, 0x0000000100000000)
  eden space 34304K, 100% used [0x00000000f5f00000,0x00000000f8080000,0x00000000f8080000)
  from space 3584K, 95% used [0x00000000f8480000,0x00000000f87db640,0x00000000f8800000)
  to   space 4096K, 0% used [0x00000000f8080000,0x00000000f8080000,0x00000000f8480000)
 ParOldGen       total 22016K, used 6461K [0x00000000e1c00000, 0x00000000e3180000, 0x00000000f5f00000)
  object space 22016K, 29% used [0x00000000e1c00000,0x00000000e224f4d8,0x00000000e3180000)
 Metaspace       used 12588K, capacity 12868K, committed 13184K, reserved 1060864K
  class space    used 1523K, capacity 1616K, committed 1664K, reserved 1048576K
Event: 23.026 GC heap after
Heap after GC invocations=7 (full 0):
 PSYoungGen      total 38400K, used 2912K [0x00000000f5f00000, 0x00000000faa00000, 0x0000000100000000)
  eden space 34304K, 0% used [0x00000000f5f00000,0x00000000f5f00000,0x00000000f8080000)
  from space 4096K, 71% used [0x00000000f8080000,0x00000000f8358000,0x00000000f8480000)
  to   space 4096K, 0% used [0x00000000fa600000,0x00000000fa600000,0x00000000faa00000)
 ParOldGen       total 22016K, used 6837K [0x00000000e1c00000, 0x00000000e3180000, 0x00000000f5f00000)
  object space 22016K, 31% used [0x00000000e1c00000,0x00000000e22ad528,0x00000000e3180000)
 Metaspace       used 12588K, capacity 12868K, committed 13184K, reserved 1060864K
  class space    used 1523K, capacity 1616K, committed 1664K, reserved 1048576K
}

Deoptimization events (10 events):
Event: 14.585 Thread 0x0000000002100000 Uncommon trap: reason=unstable_if action=reinterpret pc=0x0000000002813bc4 method=java.lang.String.replace(CC)Ljava/lang/String; @ 2
Event: 15.731 Thread 0x0000000002100000 Uncommon trap: reason=unstable_if action=reinterpret pc=0x0000000002aab8f0 method=org.codehaus.plexus.util.xml.pull.MXParser.nextImpl()I @ 960
Event: 16.135 Thread 0x0000000002100000 Uncommon trap: reason=unstable_if action=reinterpret pc=0x0000000002a285e8 method=java.util.HashMap.hash(Ljava/lang/Object;)I @ 1
Event: 16.135 Thread 0x0000000002100000 Uncommon trap: reason=unstable_if action=reinterpret pc=0x000000000295dde4 method=java.util.HashMap.hash(Ljava/lang/Object;)I @ 1
Event: 16.136 Thread 0x0000000002100000 Uncommon trap: reason=unstable_if action=reinterpret pc=0x00000000029ffcf8 method=java.util.HashMap.hash(Ljava/lang/Object;)I @ 1
Event: 17.051 Thread 0x0000000002100000 Uncommon trap: reason=null_check action=make_not_entrant pc=0x0000000002b90d9c method=org.apache.maven.model.io.xpp3.MavenXpp3Reader.checkFieldWithDuplicate(Lorg/codehaus/plexus/util/xml/pull/XmlPullParser;Ljava/lang/String;Ljava/lang/String;Ljava/util/Se
Event: 17.121 Thread 0x0000000002100000 Uncommon trap: reason=null_check action=make_not_entrant pc=0x0000000002b2b79c method=org.apache.maven.model.interpolation.StringSearchModelInterpolator$InterpolateObjectAction.getFields(Ljava/lang/Class;)[Ljava/lang/reflect/Field; @ 9
Event: 20.386 Thread 0x0000000002100000 Uncommon trap: reason=unstable_if action=reinterpret pc=0x0000000002afea80 method=org.codehaus.plexus.util.xml.pull.MXParser.nextImpl()I @ 912
Event: 20.780 Thread 0x0000000002100000 Uncommon trap: reason=unstable_if action=reinterpret pc=0x0000000002c2fe7c method=org.codehaus.plexus.interpolation.StringSearchInterpolator.interpolate(Ljava/lang/String;Lorg/codehaus/plexus/interpolation/RecursionInterceptor;Ljava/util/Set;)Ljava/lang/S
Event: 20.988 Thread 0x0000000002100000 Uncommon trap: reason=unstable_if action=reinterpret pc=0x0000000002c3ebfc method=org.codehaus.plexus.util.xml.pull.MXParser.nextImpl()I @ 280

Classes redefined (0 events):
No events

Internal exceptions (10 events):
Event: 10.143 Thread 0x0000000002100000 Exception <a 'java/lang/ArrayIndexOutOfBoundsException'> (0x00000000f6041f20) thrown at [C:\jenkins\workspace\8-2-build-windows-amd64-cygwin\jdk8u251\737\hotspot\src\share\vm\runtime\sharedRuntime.cpp, line 605]
Event: 10.143 Thread 0x0000000002100000 Exception <a 'java/lang/ArrayIndexOutOfBoundsException'> (0x00000000f6043bc8) thrown at [C:\jenkins\workspace\8-2-build-windows-amd64-cygwin\jdk8u251\737\hotspot\src\share\vm\runtime\sharedRuntime.cpp, line 605]
Event: 10.578 Thread 0x0000000002100000 Exception <a 'java/lang/NoClassDefFoundError': org/slf4j/Logger> (0x00000000f64e0068) thrown at [C:\jenkins\workspace\8-2-build-windows-amd64-cygwin\jdk8u251\737\hotspot\src\share\vm\classfile\systemDictionary.cpp, line 199]
Event: 11.017 Thread 0x0000000002100000 Exception <a 'java/lang/NoClassDefFoundError': org/slf4j/LoggerFactory> (0x00000000f5f243a8) thrown at [C:\jenkins\workspace\8-2-build-windows-amd64-cygwin\jdk8u251\737\hotspot\src\share\vm\classfile\systemDictionary.cpp, line 199]
Event: 11.017 Thread 0x0000000002100000 Exception <a 'java/lang/NoClassDefFoundError'> (0x00000000f5f243a8) thrown at [C:\jenkins\workspace\8-2-build-windows-amd64-cygwin\jdk8u251\737\hotspot\src\share\vm\oops\instanceKlass.cpp, line 959]
Event: 16.135 Thread 0x0000000002100000 Implicit null exception at 0x0000000002a28405 to 0x0000000002a285d9
Event: 16.135 Thread 0x0000000002100000 Implicit null exception at 0x000000000295dd6f to 0x000000000295ddd5
Event: 16.136 Thread 0x0000000002100000 Implicit null exception at 0x00000000029ff72b to 0x00000000029ffcdd
Event: 17.051 Thread 0x0000000002100000 Implicit null exception at 0x0000000002b8fbcd to 0x0000000002b90d81
Event: 17.121 Thread 0x0000000002100000 Implicit null exception at 0x0000000002b2a8ef to 0x0000000002b2b77b

Events (10 events):
Event: 23.035 Executing VM operation: RevokeBias done
Event: 23.035 Executing VM operation: RevokeBias
Event: 23.035 Executing VM operation: RevokeBias done
Event: 23.035 Executing VM operation: RevokeBias
Event: 23.035 Executing VM operation: RevokeBias done
Event: 23.035 Executing VM operation: BulkRevokeBias
Event: 23.035 Executing VM operation: BulkRevokeBias done
Event: 23.036 Thread 0x00000000538e5000 flushing nmethod 0x000000000277a8d0
Event: 23.036 Thread 0x00000000538e5000 flushing nmethod 0x000000000277c6d0
Event: 23.036 Thread 0x00000000538e5000 flushing nmethod 0x000000000277e210


Dynamic libraries:
0x000000013f090000 - 0x000000013f0c7000 	C:\Program Files\Java\jdk1.8.0_251\bin\java.exe
0x0000000077c30000 - 0x0000000077dcf000 	C:\Windows\SYSTEM32\ntdll.dll
0x0000000077b10000 - 0x0000000077c30000 	C:\Windows\system32\kernel32.dll
0x000007fefdad0000 - 0x000007fefdb37000 	C:\Windows\system32\KERNELBASE.dll
0x000007fefee70000 - 0x000007fefef4f000 	C:\Windows\system32\ADVAPI32.dll
0x000007fefe610000 - 0x000007fefe6af000 	C:\Windows\system32\msvcrt.dll
0x000007feff000000 - 0x000007feff01f000 	C:\Windows\SYSTEM32\sechost.dll
0x000007fefe920000 - 0x000007fefea49000 	C:\Windows\system32\RPCRT4.dll
0x0000000077a10000 - 0x0000000077b0b000 	C:\Windows\system32\USER32.dll
0x000007fefef90000 - 0x000007fefeff8000 	C:\Windows\system32\GDI32.dll
0x000007fefe520000 - 0x000007fefe52e000 	C:\Windows\system32\LPK.dll
0x000007feffe50000 - 0x000007fefff1b000 	C:\Windows\system32\USP10.dll
0x000007fefc090000 - 0x000007fefc285000 	C:\Windows\WinSxS\amd64_microsoft.windows.common-controls_6595b64144ccf1df_6.0.7601.24483_none_e372d88f30fbb845\COMCTL32.dll
0x000007fefe2c0000 - 0x000007fefe331000 	C:\Windows\system32\SHLWAPI.dll
0x000007fefef60000 - 0x000007fefef8e000 	C:\Windows\system32\IMM32.DLL
0x000007fefea50000 - 0x000007fefeb5b000 	C:\Windows\system32\MSCTF.dll
0x0000000073010000 - 0x00000000730e2000 	C:\Program Files\Java\jdk1.8.0_251\jre\bin\msvcr100.dll
0x000000005fd70000 - 0x000000006061b000 	C:\Program Files\Java\jdk1.8.0_251\jre\bin\server\jvm.dll
0x000007fed3080000 - 0x000007fed3089000 	C:\Windows\system32\WSOCK32.dll
0x000007fefeb60000 - 0x000007fefebad000 	C:\Windows\system32\WS2_32.dll
0x000007fefef50000 - 0x000007fefef58000 	C:\Windows\system32\NSI.dll
0x000007fefa9e0000 - 0x000007fefaa1b000 	C:\Windows\system32\WINMM.dll
0x000007fefc720000 - 0x000007fefc72c000 	C:\Windows\system32\VERSION.dll
0x0000000077de0000 - 0x0000000077de7000 	C:\Windows\system32\PSAPI.DLL
0x000007fefc530000 - 0x000007fefc53f000 	C:\Program Files\Java\jdk1.8.0_251\jre\bin\verify.dll
0x000007fed6f20000 - 0x000007fed6f49000 	C:\Program Files\Java\jdk1.8.0_251\jre\bin\java.dll
0x000007fefc4c0000 - 0x000007fefc4d6000 	C:\Program Files\Java\jdk1.8.0_251\jre\bin\zip.dll
0x000007feff020000 - 0x000007feffdab000 	C:\Windows\system32\SHELL32.dll
0x000007fefebd0000 - 0x000007fefedd0000 	C:\Windows\system32\ole32.dll
0x000007fefd6c0000 - 0x000007fefd6cf000 	C:\Windows\system32\profapi.dll
0x000007fefd440000 - 0x000007fefd497000 	C:\Windows\system32\apphelp.dll
0x000007fed6eb0000 - 0x000007fed6eca000 	C:\Program Files\Java\jdk1.8.0_251\jre\bin\net.dll
0x000007fefcda0000 - 0x000007fefcdf5000 	C:\Windows\system32\mswsock.dll
0x000007fefcd90000 - 0x000007fefcd97000 	C:\Windows\System32\wship6.dll
0x000007fed61c0000 - 0x000007fed61d2000 	C:\Program Files\Java\jdk1.8.0_251\jre\bin\nio.dll

VM Arguments:
jvm_args: -Dclassworlds.conf=C:\Program Files\NetBeans 8.2\java\maven\bin\m2.conf -Dmaven.home=C:\Program Files\NetBeans 8.2\java\maven 
java_command: org.codehaus.plexus.classworlds.launcher.Launcher -Dexec.args=-classpath %classpath com.mycompany.apistub.stub -Dexec.executable=C:\Program Files\Java\jdk1.8.0_251\bin\java.exe -Dexec.workingdir=C:\Users\dorothy\Documents\NetBeansProjects\ApiStub -Dmaven.ext.class.path=C:\Program Files\NetBeans 8.2\java\maven-nblib\netbeans-eventspy.jar -Dfile.encoding=UTF-8 org.codehaus.mojo:exec-maven-plugin:1.2.1:exec
java_class_path (initial): C:\Program Files\NetBeans 8.2\java\maven\boot\plexus-classworlds-2.4.jar
Launcher Type: SUN_STANDARD

Environment Variables:
JAVA_HOME=C:\Program Files\Java\jdk1.8.0_251
PATH=C:\Program Files\Java\jdk1.8.0_251\bin;C:\Program Files\apache-maven-3.6.3\bin;C:\Program Files\apache-maven-3.6.3\bin;C:\Program Files\Git\cmd;;C:\Users\dorothy\AppData\Local\Programs\Microsoft VS Code\bin
USERNAME=dorothy
OS=Windows_NT
PROCESSOR_IDENTIFIER=Intel64 Family 6 Model 58 Stepping 9, GenuineIntel



---------------  S Y S T E M  ---------------

OS: Windows 7 , 64 bit Build 7601 (6.1.7601.25827)

CPU:total 2 (initial active 2) (2 cores per cpu, 1 threads per core) family 6 model 58 stepping 9, cmov, cx8, fxsr, mmx, sse, sse2, sse3, ssse3, sse4.1, sse4.2, popcnt, clmul, erms, tsc, tscinvbit, tscinv

Memory: 4k page, physical 1980220k(34732k free), swap 7920880k(4824k free)

vm_info: Java HotSpot(TM) 64-Bit Server VM (25.251-b08) for windows-amd64 JRE (1.8.0_251-b08), built on Mar 12 2020 06:31:49 by "" with MS VC++ 10.0 (VS2010)

time: Mon May 30 12:14:40 2022
timezone: Pacific Daylight Time
elapsed time: 23 seconds (0d 0h 0m 23s)

