#
# There is insufficient memory for the Java Runtime Environment to continue.
# Native memory allocation (malloc) failed to allocate 313168 bytes for Chunk::new
# Possible reasons:
#   The system is out of physical RAM or swap space
#   The process is running with CompressedOops enabled, and the Java Heap may be blocking the growth of the native heap
# Possible solutions:
#   Reduce memory load on the system
#   Increase physical memory or swap space
#   Check if swap backing store is full
#   Decrease Java heap size (-Xmx/-Xms)
#   Decrease number of Java threads
#   Decrease Java thread stack sizes (-Xss)
#   Set larger code cache with -XX:ReservedCodeCacheSize=
#   JVM is running with Unscaled Compressed Oops mode in which the Java heap is
#     placed in the first 4GB address space. The Java Heap base address is the
#     maximum limit for the native heap growth. Please use -XX:HeapBaseMinAddress
#     to set the Java Heap base and to place the Java Heap above 4GB virtual address.
# This output file may be truncated or incomplete.
#
#  Out of Memory Error (allocation.cpp:389), pid=9188, tid=0x0000000000002208
#
# JRE version: Java(TM) SE Runtime Environment (8.0_251-b08) (build 1.8.0_251-b08)
# Java VM: Java HotSpot(TM) 64-Bit Server VM (25.251-b08 mixed mode windows-amd64 compressed oops)
# Failed to write core dump. Minidumps are not enabled by default on client versions of Windows
#

---------------  T H R E A D  ---------------

Current thread (0x00000000538a4800):  JavaThread "C2 CompilerThread0" daemon [_thread_in_native, id=8712, stack(0x0000000054a50000,0x0000000054b50000)]

Stack: [0x0000000054a50000,0x0000000054b50000]
[error occurred during error reporting (printing stack bounds), id 0xc0000005]

Native frames: (J=compiled Java code, j=interpreted, Vv=VM code, C=native code)


Current CompileTask:
C2:   1932  495       4       java.io.WinNTFileSystem::normalize (143 bytes)


---------------  P R O C E S S  ---------------

Java Threads: ( => current thread )
  0x0000000055987800 JavaThread "vertx-blocked-thread-checker" daemon [_thread_blocked, id=4544, stack(0x0000000055bc0000,0x0000000055cc0000)]
  0x0000000054c84800 JavaThread "Service Thread" daemon [_thread_blocked, id=7356, stack(0x00000000550a0000,0x00000000551a0000)]
  0x00000000538ff000 JavaThread "C1 CompilerThread1" daemon [_thread_blocked, id=6572, stack(0x0000000054b80000,0x0000000054c80000)]
=>0x00000000538a4800 JavaThread "C2 CompilerThread0" daemon [_thread_in_native, id=8712, stack(0x0000000054a50000,0x0000000054b50000)]
  0x00000000538a2800 JavaThread "Attach Listener" daemon [_thread_blocked, id=7412, stack(0x0000000054850000,0x0000000054950000)]
  0x00000000538a0800 JavaThread "Signal Dispatcher" daemon [_thread_blocked, id=8828, stack(0x0000000054750000,0x0000000054850000)]
  0x0000000053885000 JavaThread "Finalizer" daemon [_thread_blocked, id=5684, stack(0x00000000544f0000,0x00000000545f0000)]
  0x000000005387c000 JavaThread "Reference Handler" daemon [_thread_blocked, id=4816, stack(0x0000000054610000,0x0000000054710000)]
  0x0000000002135800 JavaThread "main" [_thread_in_native, id=9160, stack(0x00000000024a0000,0x00000000025a0000)]

Other Threads:
  0x0000000053834000 VMThread [stack: 0x0000000054360000,0x0000000054460000] [id=4312]
  0x0000000054cb7000 WatcherThread [stack: 0x0000000055280000,0x0000000055380000] [id=5796]

VM state:not at safepoint (normal execution)

VM Mutex/Monitor currently owned by a thread: None

heap address: 0x00000000e1c00000, size: 484 MB, Compressed Oops mode: 32-bit
Narrow klass base: 0x0000000000000000, Narrow klass shift: 0
Compressed class space size: 1073741824 Address: 0x0000000012f00000

Heap:
 PSYoungGen      total 9728K, used 2668K [0x00000000f5f00000, 0x00000000f6980000, 0x0000000100000000)
  eden space 8704K, 19% used [0x00000000f5f00000,0x00000000f609f330,0x00000000f6780000)
  from space 1024K, 98% used [0x00000000f6780000,0x00000000f687c010,0x00000000f6880000)
  to   space 1024K, 0% used [0x00000000f6880000,0x00000000f6880000,0x00000000f6980000)
 ParOldGen       total 22016K, used 1021K [0x00000000e1c00000, 0x00000000e3180000, 0x00000000f5f00000)
  object space 22016K, 4% used [0x00000000e1c00000,0x00000000e1cff560,0x00000000e3180000)
 Metaspace       used 5519K, capacity 5780K, committed 5888K, reserved 1056768K
  class space    used 633K, capacity 696K, committed 768K, reserved 1048576K

Card table byte_map: [0x00000000022e0000,0x00000000023e0000] byte_map_base: 0x0000000001bd2000

Marking Bits: (ParMarkBitMap*) 0x0000000071efaf90
 Begin Bits: [0x0000000011fe0000, 0x0000000012770000)
 End Bits:   [0x0000000012770000, 0x0000000012f00000)

Polling page: 0x0000000000240000

CodeCache: size=245760Kb used=2241Kb max_used=2251Kb free=243518Kb
 bounds [0x0000000002870000, 0x0000000002ae0000, 0x0000000011870000]
 total_blobs=762 nmethods=495 adapters=181
 compilation: enabled

Compilation events (10 events):
Event: 1.730 Thread 0x00000000538ff000 nmethod 491 0x0000000002a9db10 code [0x0000000002a9dca0, 0x0000000002a9e098]
Event: 1.730 Thread 0x00000000538ff000  492       3       java.util.zip.ZipEntry::getSize (5 bytes)
Event: 1.731 Thread 0x00000000538ff000 nmethod 492 0x0000000002a9e250 code [0x0000000002a9e3a0, 0x0000000002a9e4f0]
Event: 1.733 Thread 0x00000000538ff000  493   !   3       java.lang.ClassLoader::getPackage (118 bytes)
Event: 1.734 Thread 0x00000000538ff000 nmethod 493 0x0000000002a9e550 code [0x0000000002a9e760, 0x0000000002a9f458]
Event: 1.738 Thread 0x00000000538a4800  494       4       java.lang.AbstractStringBuilder::append (50 bytes)
Event: 1.746 Thread 0x00000000538a4800 nmethod 494 0x0000000002aa29d0 code [0x0000000002aa2b20, 0x0000000002aa2f18]
Event: 1.746 Thread 0x00000000538a4800  495       4       java.io.WinNTFileSystem::normalize (143 bytes)
Event: 1.836 Thread 0x00000000538ff000  496       3       java.util.Properties::getProperty (46 bytes)
Event: 1.837 Thread 0x00000000538ff000 nmethod 496 0x0000000002aa2290 code [0x0000000002aa2420, 0x0000000002aa28b8]

GC Heap History (2 events):
Event: 1.434 GC heap before
{Heap before GC invocations=1 (full 0):
 PSYoungGen      total 9728K, used 8704K [0x00000000f5f00000, 0x00000000f6980000, 0x0000000100000000)
  eden space 8704K, 100% used [0x00000000f5f00000,0x00000000f6780000,0x00000000f6780000)
  from space 1024K, 0% used [0x00000000f6880000,0x00000000f6880000,0x00000000f6980000)
  to   space 1024K, 0% used [0x00000000f6780000,0x00000000f6780000,0x00000000f6880000)
 ParOldGen       total 22016K, used 0K [0x00000000e1c00000, 0x00000000e3180000, 0x00000000f5f00000)
  object space 22016K, 0% used [0x00000000e1c00000,0x00000000e1c00000,0x00000000e3180000)
 Metaspace       used 5154K, capacity 5460K, committed 5504K, reserved 1056768K
  class space    used 572K, capacity 632K, committed 640K, reserved 1048576K
Event: 1.442 GC heap after
Heap after GC invocations=1 (full 0):
 PSYoungGen      total 9728K, used 1008K [0x00000000f5f00000, 0x00000000f6980000, 0x0000000100000000)
  eden space 8704K, 0% used [0x00000000f5f00000,0x00000000f5f00000,0x00000000f6780000)
  from space 1024K, 98% used [0x00000000f6780000,0x00000000f687c010,0x00000000f6880000)
  to   space 1024K, 0% used [0x00000000f6880000,0x00000000f6880000,0x00000000f6980000)
 ParOldGen       total 22016K, used 1021K [0x00000000e1c00000, 0x00000000e3180000, 0x00000000f5f00000)
  object space 22016K, 4% used [0x00000000e1c00000,0x00000000e1cff560,0x00000000e3180000)
 Metaspace       used 5154K, capacity 5460K, committed 5504K, reserved 1056768K
  class space    used 572K, capacity 632K, committed 640K, reserved 1048576K
}

Deoptimization events (2 events):
Event: 0.484 Thread 0x0000000002135800 Uncommon trap: reason=unstable_if action=reinterpret pc=0x0000000002981810 method=java.lang.String.hashCode()I @ 14
Event: 1.274 Thread 0x0000000002135800 Uncommon trap: reason=unstable_if action=reinterpret pc=0x0000000002a5693c method=java.lang.String.indexOf([CII[CIII)I @ 3

Classes redefined (0 events):
No events

Internal exceptions (10 events):
Event: 0.099 Thread 0x0000000002135800 Exception <a 'java/lang/NoSuchMethodError': Method sun.misc.Unsafe.defineClass(Ljava/lang/String;[BII)Ljava/lang/Class; name or signature does not match> (0x00000000f5f07cc0) thrown at [C:\jenkins\workspace\8-2-build-windows-amd64-cygwin\jdk8u251\737\hots
Event: 0.099 Thread 0x0000000002135800 Exception <a 'java/lang/NoSuchMethodError': Method sun.misc.Unsafe.prefetchRead(Ljava/lang/Object;J)V name or signature does not match> (0x00000000f5f07fa8) thrown at [C:\jenkins\workspace\8-2-build-windows-amd64-cygwin\jdk8u251\737\hotspot\src\share\vm\p
Event: 0.544 Thread 0x0000000002135800 Exception <a 'java/security/PrivilegedActionException'> (0x00000000f60ed298) thrown at [C:\jenkins\workspace\8-2-build-windows-amd64-cygwin\jdk8u251\737\hotspot\src\share\vm\prims\jvm.cpp, line 1502]
Event: 0.544 Thread 0x0000000002135800 Exception <a 'java/security/PrivilegedActionException'> (0x00000000f60ed4a8) thrown at [C:\jenkins\workspace\8-2-build-windows-amd64-cygwin\jdk8u251\737\hotspot\src\share\vm\prims\jvm.cpp, line 1502]
Event: 0.546 Thread 0x0000000002135800 Exception <a 'java/security/PrivilegedActionException'> (0x00000000f60f13b8) thrown at [C:\jenkins\workspace\8-2-build-windows-amd64-cygwin\jdk8u251\737\hotspot\src\share\vm\prims\jvm.cpp, line 1502]
Event: 0.546 Thread 0x0000000002135800 Exception <a 'java/security/PrivilegedActionException'> (0x00000000f60f15c8) thrown at [C:\jenkins\workspace\8-2-build-windows-amd64-cygwin\jdk8u251\737\hotspot\src\share\vm\prims\jvm.cpp, line 1502]
Event: 0.915 Thread 0x0000000002135800 Exception <a 'java/lang/NoSuchFieldError': method resolution failed> (0x00000000f61d05b0) thrown at [C:\jenkins\workspace\8-2-build-windows-amd64-cygwin\jdk8u251\737\hotspot\src\share\vm\prims\methodHandles.cpp, line 1167]
Event: 0.926 Thread 0x0000000002135800 Exception <a 'java/lang/NoSuchFieldError': method resolution failed> (0x00000000f61dd9b0) thrown at [C:\jenkins\workspace\8-2-build-windows-amd64-cygwin\jdk8u251\737\hotspot\src\share\vm\prims\methodHandles.cpp, line 1167]
Event: 1.087 Thread 0x0000000002135800 Exception <a 'java/security/PrivilegedActionException'> (0x00000000f63c0fb8) thrown at [C:\jenkins\workspace\8-2-build-windows-amd64-cygwin\jdk8u251\737\hotspot\src\share\vm\prims\jvm.cpp, line 1502]
Event: 1.087 Thread 0x0000000002135800 Exception <a 'java/security/PrivilegedActionException'> (0x00000000f63c11c8) thrown at [C:\jenkins\workspace\8-2-build-windows-amd64-cygwin\jdk8u251\737\hotspot\src\share\vm\prims\jvm.cpp, line 1502]

Events (10 events):
Event: 1.843 loading class java/util/concurrent/AbstractExecutorService
Event: 1.844 loading class java/util/concurrent/AbstractExecutorService done
Event: 1.844 loading class io/netty/util/concurrent/ProgressivePromise
Event: 1.844 loading class io/netty/util/concurrent/ProgressivePromise done
Event: 1.845 loading class io/netty/util/concurrent/ProgressiveFuture
Event: 1.845 loading class io/netty/util/concurrent/ProgressiveFuture done
Event: 1.845 loading class java/util/concurrent/RunnableFuture
Event: 1.846 loading class java/util/concurrent/RunnableFuture done
Event: 1.846 loading class io/netty/util/concurrent/ScheduledFuture
Event: 1.846 loading class io/netty/util/concurrent/ScheduledFuture done


Dynamic libraries:
0x000000013fcb0000 - 0x000000013fce7000 	C:\Program Files\Java\jdk1.8.0_251\bin\java.exe
0x0000000077250000 - 0x00000000773ef000 	C:\Windows\SYSTEM32\ntdll.dll
0x0000000077130000 - 0x0000000077250000 	C:\Windows\system32\kernel32.dll
0x000007fefcdf0000 - 0x000007fefce57000 	C:\Windows\system32\KERNELBASE.dll
0x000007fefeda0000 - 0x000007fefee7f000 	C:\Windows\system32\ADVAPI32.dll
0x000007fefea70000 - 0x000007fefeb0f000 	C:\Windows\system32\msvcrt.dll
0x000007fefd160000 - 0x000007fefd17f000 	C:\Windows\SYSTEM32\sechost.dll
0x000007fefe330000 - 0x000007fefe459000 	C:\Windows\system32\RPCRT4.dll
0x0000000077030000 - 0x000000007712b000 	C:\Windows\system32\USER32.dll
0x000007feff330000 - 0x000007feff398000 	C:\Windows\system32\GDI32.dll
0x000007fefe030000 - 0x000007fefe03e000 	C:\Windows\system32\LPK.dll
0x000007fefe500000 - 0x000007fefe5cb000 	C:\Windows\system32\USP10.dll
0x000007fefb6b0000 - 0x000007fefb8a5000 	C:\Windows\WinSxS\amd64_microsoft.windows.common-controls_6595b64144ccf1df_6.0.7601.24483_none_e372d88f30fbb845\COMCTL32.dll
0x000007feff440000 - 0x000007feff4b1000 	C:\Windows\system32\SHLWAPI.dll
0x000007fefed70000 - 0x000007fefed9e000 	C:\Windows\system32\IMM32.DLL
0x000007fefdf10000 - 0x000007fefe01b000 	C:\Windows\system32\MSCTF.dll
0x0000000074550000 - 0x0000000074622000 	C:\Program Files\Java\jdk1.8.0_251\jre\bin\msvcr100.dll
0x00000000716d0000 - 0x0000000071f7b000 	C:\Program Files\Java\jdk1.8.0_251\jre\bin\server\jvm.dll
0x000007fed2810000 - 0x000007fed2819000 	C:\Windows\system32\WSOCK32.dll
0x000007fefe940000 - 0x000007fefe98d000 	C:\Windows\system32\WS2_32.dll
0x000007fefe020000 - 0x000007fefe028000 	C:\Windows\system32\NSI.dll
0x000007fefa000000 - 0x000007fefa03b000 	C:\Windows\system32\WINMM.dll
0x000007fefbd40000 - 0x000007fefbd4c000 	C:\Windows\system32\VERSION.dll
0x0000000077400000 - 0x0000000077407000 	C:\Windows\system32\PSAPI.DLL
0x000007fed45e0000 - 0x000007fed45ef000 	C:\Program Files\Java\jdk1.8.0_251\jre\bin\verify.dll
0x000007fed1500000 - 0x000007fed1529000 	C:\Program Files\Java\jdk1.8.0_251\jre\bin\java.dll
0x000007fed14e0000 - 0x000007fed14f6000 	C:\Program Files\Java\jdk1.8.0_251\jre\bin\zip.dll
0x000007fefd180000 - 0x000007fefdf0b000 	C:\Windows\system32\SHELL32.dll
0x000007fefeb10000 - 0x000007fefed10000 	C:\Windows\system32\ole32.dll
0x000007fefcd00000 - 0x000007fefcd0f000 	C:\Windows\system32\profapi.dll

VM Arguments:
java_command: com.mycompany.apistub.stub
java_class_path (initial): C:\Users\dorothy\Documents\NetBeansProjects\ApiStub\target\classes;C:\Users\dorothy\.m2\repository\io\vertx\vertx-web\3.7.1\vertx-web-3.7.1.jar;C:\Users\dorothy\.m2\repository\io\vertx\vertx-web-common\3.7.1\vertx-web-common-3.7.1.jar;C:\Users\dorothy\.m2\repository\io\vertx\vertx-auth-common\3.7.1\vertx-auth-common-3.7.1.jar;C:\Users\dorothy\.m2\repository\io\vertx\vertx-bridge-common\3.7.1\vertx-bridge-common-3.7.1.jar;C:\Users\dorothy\.m2\repository\io\vertx\vertx-core\3.6.3\vertx-core-3.6.3.jar;C:\Users\dorothy\.m2\repository\io\netty\netty-common\4.1.30.Final\netty-common-4.1.30.Final.jar;C:\Users\dorothy\.m2\repository\io\netty\netty-buffer\4.1.30.Final\netty-buffer-4.1.30.Final.jar;C:\Users\dorothy\.m2\repository\io\netty\netty-transport\4.1.30.Final\netty-transport-4.1.30.Final.jar;C:\Users\dorothy\.m2\repository\io\netty\netty-handler\4.1.30.Final\netty-handler-4.1.30.Final.jar;C:\Users\dorothy\.m2\repository\io\netty\netty-codec\4.1.30.Final\netty-codec-4.1.30.Final.jar;C:\Users\dorothy\.m2\repository\io\netty\netty-handler-proxy\4.1.30.Final\netty-handler-proxy-4.1.30.Final.jar;C:\Users\dorothy\.m2\repository\io\netty\netty-codec-socks\4.1.30.Final\netty-codec-socks-4.1.30.Final.jar;C:\Users\dorothy\.m2\repository\io\netty\netty-codec-http\4.1.30.Final\netty-codec-http-4.1.30.Final.jar;C:\Users\dorothy\.m2\repository\io\netty\netty-codec-http2\4.1.30.Final\netty-codec-http2-4.1.30.Final.jar;C:\Users\dorothy\.m2\repository\io\netty\netty-resolver\4.1.30.Final\netty-resolver-4.1.30.Final.jar;C:\Users\dorothy\.m2\repository\io\netty\netty-resolver-dns\4.1.30.Final\netty-resolver-dns-4.1.30.Final.jar;C:\Users\dorothy\.m2\repository\io\netty\netty-codec-dns\4.1.30.Final\netty-codec-dns-4.1.30.Final.jar;C:\Users\dorothy\.m2\repository\com\fasterxml\jackson\core\jackson-core\2.9.8\jackson-core-2.9.8.jar;C:\Users\dorothy\.m2\repository\com\fasterxml\jackson\core\jackson-databind\2.9.8\jackson-databind-2.9.8.jar;C:\Users\dorothy\.m2\re
Launcher Type: SUN_STANDARD

Environment Variables:
JAVA_HOME=C:\Program Files\Java\jdk1.8.0_251
PATH=C:\Program Files\Java\jdk1.8.0_251\bin;C:\Program Files\apache-maven-3.6.3\bin;C:\Program Files\apache-maven-3.6.3\bin;C:\Program Files\Git\cmd;;C:\Users\dorothy\AppData\Local\Programs\Microsoft VS Code\bin
USERNAME=dorothy
OS=Windows_NT
PROCESSOR_IDENTIFIER=Intel64 Family 6 Model 58 Stepping 9, GenuineIntel



---------------  S Y S T E M  ---------------

OS: Windows 7 , 64 bit Build 7601 (6.1.7601.25827)

CPU:total 2 (initial active 2) (2 cores per cpu, 1 threads per core) family 6 model 58 stepping 9, cmov, cx8, fxsr, mmx, sse, sse2, sse3, ssse3, sse4.1, sse4.2, popcnt, clmul, erms, tsc, tscinvbit, tscinv

Memory: 4k page, physical 1980220k(137648k free), swap 7920880k(5240k free)

vm_info: Java HotSpot(TM) 64-Bit Server VM (25.251-b08) for windows-amd64 JRE (1.8.0_251-b08), built on Mar 12 2020 06:31:49 by "" with MS VC++ 10.0 (VS2010)

time: Fri May 27 15:32:54 2022
timezone: Pacific Daylight Time
elapsed time: 1 seconds (0d 0h 0m 1s)

