JvmtiExport can_access_local_variables 0
JvmtiExport can_hotswap_or_post_breakpoint 0
JvmtiExport can_post_on_exceptions 0
# 306 ciObject found
instanceKlass java/util/AbstractList$1
instanceKlass java/util/ArrayList$SubList$1
instanceKlass org/sonatype/aether/impl/internal/DataPool$GraphKey
instanceKlass org/sonatype/aether/impl/internal/DataPool$Descriptor
instanceKlass org/sonatype/aether/impl/internal/DataPool$Constraint
instanceKlass org/sonatype/aether/impl/internal/DataPool$ConstraintKey
instanceKlass org/sonatype/aether/util/graph/manager/ClassicDependencyManager$Key
instanceKlass org/sonatype/aether/impl/internal/DefaultDependencyCollectionContext
instanceKlass org/sonatype/aether/impl/internal/EdgeStack
instanceKlass java/util/Collections$SynchronizedMap
instanceKlass org/sonatype/aether/impl/internal/ObjectPool
instanceKlass org/sonatype/aether/impl/internal/DataPool
instanceKlass org/sonatype/aether/impl/internal/GraphNode
instanceKlass org/sonatype/aether/impl/internal/GraphEdge
instanceKlass org/sonatype/aether/impl/internal/CachingArtifactTypeRegistry
instanceKlass org/sonatype/aether/util/artifact/ArtifacIdUtils
instanceKlass org/apache/maven/lifecycle/internal/LifecycleDependencyResolver$ReactorDependencyFilter
instanceKlass org/sonatype/aether/util/filter/AndDependencyFilter
instanceKlass org/sonatype/aether/util/filter/ScopeDependencyFilter
instanceKlass org/apache/maven/artifact/versioning/Restriction
instanceKlass org/sonatype/aether/util/version/GenericVersion$Item
instanceKlass org/sonatype/aether/util/version/GenericVersion$Tokenizer
instanceKlass org/sonatype/aether/util/version/GenericVersion
instanceKlass org/sonatype/aether/util/version/GenericVersionConstraint
instanceKlass org/sonatype/aether/version/VersionConstraint
instanceKlass org/sonatype/aether/version/VersionRange
instanceKlass org/sonatype/aether/util/version/GenericVersionScheme
instanceKlass org/apache/maven/lifecycle/internal/GoalTask
instanceKlass org/apache/maven/plugin/MavenPluginValidator
instanceKlass org/codehaus/plexus/component/repository/ComponentDependency
instanceKlass org/codehaus/plexus/component/repository/ComponentRequirement
instanceKlass org/apache/maven/plugin/descriptor/Parameter
instanceKlass org/codehaus/plexus/configuration/DefaultPlexusConfiguration
instanceKlass org/apache/maven/model/ActivationFile
instanceKlass org/apache/maven/model/Site
instanceKlass org/apache/maven/repository/internal/DefaultModelCache$Key
instanceKlass org/apache/maven/model/building/ModelCacheTag$2
instanceKlass org/apache/maven/model/building/ModelCacheTag$1
instanceKlass org/apache/maven/repository/internal/DefaultModelResolver
instanceKlass org/apache/maven/repository/internal/DefaultModelCache
instanceKlass java/nio/channels/spi/AbstractInterruptibleChannel$1
instanceKlass sun/nio/ch/Interruptible
instanceKlass sun/nio/ch/FileKey
instanceKlass sun/nio/ch/FileLockTable
instanceKlass sun/nio/ch/NativeThread
instanceKlass java/nio/channels/FileLock
instanceKlass sun/nio/ch/FileDispatcherImpl$1
instanceKlass sun/nio/ch/NativeDispatcher
instanceKlass sun/nio/ch/NativeThreadSet
instanceKlass java/net/Inet6Address$Inet6AddressHolder
instanceKlass java/net/InetAddress$2
instanceKlass sun/net/spi/nameservice/NameService
instanceKlass java/net/Inet6AddressImpl
instanceKlass java/net/InetAddressImpl
instanceKlass java/net/InetAddressImplFactory
instanceKlass java/net/InetAddress$Cache
instanceKlass java/net/InetAddress$InetAddressHolder
instanceKlass java/net/InetAddress$1
instanceKlass java/net/InetAddress
instanceKlass sun/nio/ch/IOUtil$1
instanceKlass sun/nio/ch/IOUtil
instanceKlass java/nio/file/attribute/FileAttribute
instanceKlass java/nio/channels/spi/AbstractInterruptibleChannel
instanceKlass java/nio/channels/InterruptibleChannel
instanceKlass java/nio/channels/ScatteringByteChannel
instanceKlass java/nio/channels/GatheringByteChannel
instanceKlass java/nio/channels/SeekableByteChannel
instanceKlass java/nio/channels/ByteChannel
instanceKlass java/nio/channels/WritableByteChannel
instanceKlass java/nio/channels/ReadableByteChannel
instanceKlass java/nio/channels/Channel
instanceKlass org/sonatype/aether/repository/LocalArtifactRequest
instanceKlass org/sonatype/aether/impl/internal/DefaultRepositoryEventDispatcher$1
instanceKlass org/sonatype/aether/util/listener/DefaultRepositoryEvent
instanceKlass org/sonatype/aether/impl/internal/DefaultSyncContextFactory$DefaultSyncContext
instanceKlass org/sonatype/aether/impl/internal/CacheUtils
instanceKlass org/apache/maven/repository/internal/DefaultVersionResolver$Key
instanceKlass org/sonatype/aether/ConfigurationProperties
instanceKlass org/sonatype/aether/util/artifact/DefaultArtifactType
instanceKlass org/sonatype/aether/util/artifact/AbstractArtifact
instanceKlass org/apache/maven/plugin/CacheUtils
instanceKlass org/apache/maven/plugin/DefaultPluginDescriptorCache$CacheKey
instanceKlass java/util/LinkedList$ListItr
instanceKlass org/codehaus/plexus/util/dag/TopologicalSorter
instanceKlass org/codehaus/plexus/util/dag/Vertex
instanceKlass org/codehaus/plexus/util/dag/DAG
instanceKlass org/sonatype/aether/util/repository/ChainedWorkspaceReader
instanceKlass org/sonatype/aether/repository/WorkspaceRepository
instanceKlass org/apache/maven/artifact/ArtifactUtils
instanceKlass org/apache/maven/project/DefaultProjectBuildingResult
instanceKlass org/apache/maven/artifact/DefaultArtifact
instanceKlass org/apache/maven/artifact/handler/DefaultArtifactHandler
instanceKlass java/math/MutableBigInteger
instanceKlass org/apache/maven/artifact/versioning/ComparableVersion$StringItem
instanceKlass org/apache/maven/artifact/versioning/ComparableVersion$IntegerItem
instanceKlass org/apache/maven/artifact/versioning/ComparableVersion$Item
instanceKlass org/apache/maven/artifact/versioning/ComparableVersion
instanceKlass org/apache/maven/artifact/versioning/DefaultArtifactVersion
instanceKlass org/apache/maven/artifact/versioning/ArtifactVersion
instanceKlass org/apache/maven/lifecycle/internal/DefaultLifecyclePluginAnalyzer$1
instanceKlass org/apache/maven/lifecycle/mapping/Lifecycle
instanceKlass org/apache/maven/lifecycle/mapping/DefaultLifecycleMapping
instanceKlass org/sonatype/guice/bean/scanners/asm/Frame
instanceKlass org/sonatype/guice/bean/scanners/asm/Label
instanceKlass org/sonatype/guice/bean/scanners/asm/Type
instanceKlass org/sonatype/guice/bean/scanners/asm/MethodWriter
instanceKlass org/sonatype/guice/bean/scanners/asm/Item
instanceKlass org/sonatype/guice/bean/scanners/asm/ByteVector
instanceKlass org/sonatype/guice/bean/scanners/asm/MethodVisitor
instanceKlass org/sonatype/guice/bean/scanners/asm/AnnotationVisitor
instanceKlass org/sonatype/guice/bean/scanners/asm/FieldVisitor
instanceKlass org/sonatype/guice/bean/scanners/asm/ClassWriter
instanceKlass org/sonatype/guice/bean/scanners/asm/ClassVisitor
instanceKlass org/apache/maven/model/building/DefaultModelBuildingEvent
instanceKlass org/apache/maven/model/building/ModelBuildingEventCatapult$1
instanceKlass org/apache/maven/project/ReactorModelPool$CacheKey
instanceKlass org/apache/maven/project/DefaultProjectBuilder$InterimResult
instanceKlass org/apache/maven/model/Extension
instanceKlass org/codehaus/plexus/interpolation/util/StringUtils
instanceKlass org/apache/maven/model/MailingList
instanceKlass org/apache/maven/model/License
instanceKlass org/codehaus/plexus/interpolation/reflection/MethodMap
instanceKlass org/codehaus/plexus/interpolation/reflection/ClassMap$CacheMiss
instanceKlass org/codehaus/plexus/interpolation/reflection/ClassMap$MethodInfo
instanceKlass org/codehaus/plexus/interpolation/reflection/ClassMap
instanceKlass org/codehaus/plexus/interpolation/reflection/ReflectionValueExtractor
instanceKlass org/codehaus/plexus/interpolation/util/ValueSourceUtils
instanceKlass org/apache/maven/model/DependencyManagement
instanceKlass org/apache/maven/model/DistributionManagement
instanceKlass org/apache/maven/model/CiManagement
instanceKlass org/apache/maven/model/IssueManagement
instanceKlass org/apache/maven/model/Scm
instanceKlass org/apache/maven/model/Prerequisites
instanceKlass org/apache/maven/model/Organization
instanceKlass org/apache/maven/model/Parent
instanceKlass org/apache/maven/model/interpolation/StringSearchModelInterpolator$InterpolateObjectAction
instanceKlass org/apache/maven/model/interpolation/UrlNormalizingPostProcessor
instanceKlass org/apache/maven/model/interpolation/PathTranslatingPostProcessor
instanceKlass org/codehaus/plexus/interpolation/PrefixedValueSourceWrapper
instanceKlass org/codehaus/plexus/interpolation/FeedbackEnabledValueSource
instanceKlass org/apache/maven/model/profile/activation/PropertyProfileActivator
instanceKlass org/apache/maven/model/profile/activation/JdkVersionProfileActivator$RangeValue
instanceKlass org/apache/maven/model/profile/activation/JdkVersionProfileActivator
instanceKlass org/apache/maven/model/ActivationOS
instanceKlass org/apache/maven/model/profile/activation/OperatingSystemProfileActivator
instanceKlass org/apache/maven/model/profile/activation/FileProfileActivator
instanceKlass java/util/Collections$1
instanceKlass org/apache/maven/repository/internal/ArtifactDescriptorUtils
instanceKlass org/apache/maven/model/ActivationProperty
instanceKlass org/apache/maven/model/Activation
instanceKlass org/apache/maven/model/Reporting
instanceKlass org/apache/maven/model/io/xpp3/MavenXpp3Reader
instanceKlass org/apache/maven/model/building/ModelProblemUtils
instanceKlass org/codehaus/plexus/util/xml/XMLWriter
instanceKlass org/codehaus/plexus/util/xml/Xpp3DomBuilder
instanceKlass org/apache/maven/model/io/xpp3/MavenXpp3ReaderEx
instanceKlass org/apache/maven/model/building/FileModelSource
instanceKlass org/apache/maven/model/building/DefaultModelBuildingResult
instanceKlass org/apache/maven/model/building/AbstractModelBuildingListener
instanceKlass org/apache/maven/project/ProjectModelResolver
instanceKlass org/sonatype/aether/util/DefaultRequestTrace
instanceKlass org/apache/maven/model/building/DefaultModelBuildingRequest
instanceKlass org/apache/maven/artifact/repository/LegacyLocalRepositoryManager
instanceKlass org/apache/maven/project/ReactorModelCache
instanceKlass org/netbeans/shaded/json/simple/JSONValue
instanceKlass org/netbeans/shaded/json/simple/JSONStreamAware
instanceKlass org/netbeans/shaded/json/simple/JSONAware
instanceKlass org/apache/maven/lifecycle/internal/DefaultExecutionEventCatapult$1
instanceKlass org/apache/maven/lifecycle/internal/DefaultExecutionEvent
instanceKlass org/apache/maven/AbstractMavenLifecycleParticipant
instanceKlass org/apache/maven/settings/RuntimeInfo
instanceKlass org/sonatype/aether/AbstractRepositoryListener
instanceKlass org/sonatype/aether/util/graph/transformer/JavaDependencyContextRefiner
instanceKlass org/sonatype/aether/util/graph/transformer/NearestVersionConflictResolver
instanceKlass org/sonatype/aether/util/graph/transformer/JavaEffectiveScopeCalculator
instanceKlass org/sonatype/aether/util/graph/transformer/ConflictMarker
instanceKlass org/sonatype/aether/util/graph/transformer/ChainedDependencyGraphTransformer
instanceKlass org/sonatype/aether/util/graph/selector/ExclusionDependencySelector
instanceKlass org/sonatype/aether/util/graph/selector/OptionalDependencySelector
instanceKlass org/sonatype/aether/util/graph/selector/ScopeDependencySelector
instanceKlass org/sonatype/aether/util/graph/selector/AndDependencySelector
instanceKlass org/sonatype/aether/util/graph/manager/ClassicDependencyManager
instanceKlass org/sonatype/aether/util/graph/traverser/FatArtifactTraverser
instanceKlass org/sonatype/aether/util/repository/DefaultAuthenticationSelector
instanceKlass org/sonatype/aether/util/repository/DefaultProxySelector
instanceKlass org/sonatype/aether/util/repository/DefaultMirrorSelector
instanceKlass org/apache/maven/settings/crypto/DefaultSettingsDecryptionResult
instanceKlass org/apache/maven/settings/crypto/DefaultSettingsDecryptionRequest
instanceKlass org/sonatype/aether/impl/internal/TrackingFileManager
instanceKlass org/sonatype/aether/impl/internal/SimpleLocalRepositoryManager
instanceKlass org/sonatype/aether/impl/internal/EnhancedLocalRepositoryManagerFactory
instanceKlass org/sonatype/aether/impl/internal/SimpleLocalRepositoryManagerFactory
instanceKlass org/apache/maven/RepositoryUtils$MavenArtifactTypeRegistry
instanceKlass org/apache/maven/RepositoryUtils
instanceKlass org/sonatype/aether/util/DefaultSessionData
instanceKlass org/sonatype/aether/util/DefaultRepositorySystemSession$NullArtifactTypeRegistry
instanceKlass org/sonatype/aether/util/DefaultRepositorySystemSession$NullAuthenticationSelector
instanceKlass org/sonatype/aether/util/DefaultRepositorySystemSession$NullProxySelector
instanceKlass org/sonatype/aether/util/DefaultRepositorySystemSession$NullMirrorSelector
instanceKlass org/sonatype/aether/util/graph/transformer/NoopDependencyGraphTransformer
instanceKlass org/sonatype/aether/util/graph/selector/StaticDependencySelector
instanceKlass org/sonatype/aether/util/graph/manager/NoopDependencyManager
instanceKlass org/sonatype/aether/util/graph/traverser/StaticDependencyTraverser
instanceKlass org/sonatype/aether/util/DefaultRepositorySystemSession
instanceKlass org/apache/maven/execution/DefaultMavenExecutionResult
instanceKlass org/apache/maven/artifact/repository/MavenArtifactRepository
instanceKlass org/apache/maven/artifact/repository/layout/ArtifactRepositoryLayout2
instanceKlass org/apache/maven/artifact/repository/layout/DefaultRepositoryLayout
instanceKlass org/apache/maven/execution/AbstractExecutionListener
instanceKlass org/apache/maven/settings/building/DefaultSettingsBuildingResult
instanceKlass org/codehaus/plexus/interpolation/SimpleRecursionInterceptor
instanceKlass org/apache/maven/settings/building/DefaultSettingsBuilder$1
instanceKlass java/lang/ProcessImpl$2
instanceKlass java/lang/Process
instanceKlass java/lang/ProcessBuilder
instanceKlass org/codehaus/plexus/interpolation/os/Os
instanceKlass org/codehaus/plexus/interpolation/os/OperatingSystemUtils
instanceKlass org/codehaus/plexus/interpolation/RegexBasedInterpolator
instanceKlass org/codehaus/plexus/util/xml/pull/MXSerializer
instanceKlass org/codehaus/plexus/util/xml/pull/XmlSerializer
instanceKlass org/apache/maven/settings/io/xpp3/SettingsXpp3Writer
instanceKlass org/apache/maven/settings/io/xpp3/SettingsXpp3Reader
instanceKlass org/apache/maven/settings/building/FileSettingsSource
instanceKlass org/apache/maven/settings/building/DefaultSettingsBuildingRequest
instanceKlass org/apache/maven/settings/io/DefaultSettingsWriter
instanceKlass org/apache/maven/settings/validation/DefaultSettingsValidator
instanceKlass org/apache/maven/settings/io/DefaultSettingsReader
instanceKlass org/apache/maven/settings/building/DefaultSettingsProblemCollector
instanceKlass org/apache/maven/settings/merge/MavenSettingsMerger
instanceKlass org/apache/maven/settings/building/SettingsBuildingResult
instanceKlass org/codehaus/plexus/interpolation/InterpolationPostProcessor
instanceKlass org/apache/maven/settings/building/SettingsSource
instanceKlass org/apache/maven/settings/building/SettingsProblemCollector
instanceKlass org/apache/maven/settings/building/DefaultSettingsBuilder
instanceKlass com/google/inject/spi/Message
instanceKlass java/util/Formattable
instanceKlass java/util/Formatter$Conversion
instanceKlass java/util/Formatter$Flags
instanceKlass java/util/Formatter$FormatSpecifier
instanceKlass java/util/Formatter$FixedString
instanceKlass java/util/Formatter$FormatString
instanceKlass java/util/Formatter
instanceKlass org/apache/maven/execution/DefaultMavenExecutionRequestPopulator
instanceKlass org/apache/maven/lifecycle/internal/DefaultLifecycleTaskSegmentCalculator
instanceKlass org/apache/maven/plugin/prefix/PluginPrefixResult
instanceKlass org/apache/maven/plugin/prefix/internal/DefaultPluginPrefixResolver
instanceKlass com/google/inject/util/Types
instanceKlass org/apache/maven/lifecycle/internal/DefaultLifecycleExecutionPlanCalculator
instanceKlass org/apache/maven/plugin/DefaultBuildPluginManager
instanceKlass org/apache/maven/execution/ExecutionEvent
instanceKlass org/apache/maven/lifecycle/internal/DefaultExecutionEventCatapult
instanceKlass org/apache/maven/project/DefaultDependencyResolutionResult
instanceKlass org/apache/maven/project/DefaultProjectDependenciesResolver
instanceKlass org/apache/maven/rtinfo/internal/DefaultRuntimeInformation
instanceKlass org/apache/maven/DefaultArtifactFilterManager
instanceKlass org/sonatype/aether/util/FilterRepositorySystemSession
instanceKlass org/apache/maven/plugin/internal/DefaultPluginDependenciesResolver
instanceKlass org/apache/maven/plugin/PluginRealmCache$CacheRecord
instanceKlass org/apache/maven/plugin/PluginRealmCache$Key
instanceKlass org/apache/maven/plugin/DefaultPluginRealmCache
instanceKlass org/apache/maven/plugin/PluginDescriptorCache$Key
instanceKlass org/apache/maven/plugin/DefaultPluginDescriptorCache
instanceKlass org/codehaus/plexus/component/repository/ComponentSetDescriptor
instanceKlass org/apache/maven/plugin/descriptor/PluginDescriptorBuilder
instanceKlass org/codehaus/plexus/component/configurator/expression/ExpressionEvaluator
instanceKlass org/codehaus/plexus/configuration/PlexusConfiguration
instanceKlass org/apache/maven/plugin/logging/Log
instanceKlass org/apache/maven/plugin/DebugConfigurationListener
instanceKlass org/codehaus/plexus/component/configurator/ConfigurationListener
instanceKlass org/apache/maven/plugin/internal/DefaultMavenPluginManager
instanceKlass org/apache/maven/artifact/repository/metadata/io/DefaultMetadataReader
instanceKlass org/apache/maven/plugin/version/internal/DefaultPluginVersionResult
instanceKlass org/apache/maven/plugin/version/internal/DefaultPluginVersionResolver$Versions
instanceKlass org/apache/maven/plugin/version/PluginVersionResult
instanceKlass org/apache/maven/plugin/version/internal/DefaultPluginVersionResolver
instanceKlass java/security/SecureRandomSpi
instanceKlass java/util/Random
instanceKlass sun/security/jca/GetInstance$Instance
instanceKlass java/security/Provider$UString
instanceKlass java/security/Provider$Service
instanceKlass sun/security/provider/NativePRNG$NonBlocking
instanceKlass sun/security/provider/NativePRNG$Blocking
instanceKlass sun/security/provider/NativePRNG
instanceKlass sun/security/provider/SunEntries$1
instanceKlass sun/security/provider/SunEntries
instanceKlass sun/security/jca/ProviderConfig$2
instanceKlass sun/security/jca/ProviderList$2
instanceKlass sun/misc/FDBigInteger
instanceKlass sun/misc/FloatingDecimal$PreparedASCIIToBinaryBuffer
instanceKlass sun/misc/FloatingDecimal$ASCIIToBinaryConverter
instanceKlass sun/misc/FloatingDecimal$BinaryToASCIIBuffer
instanceKlass sun/misc/FloatingDecimal$ExceptionalBinaryToASCIIBuffer
instanceKlass sun/misc/FloatingDecimal$BinaryToASCIIConverter
instanceKlass sun/misc/FloatingDecimal
instanceKlass java/security/Provider$EngineDescription
instanceKlass java/security/Provider$ServiceKey
instanceKlass sun/security/jca/ProviderConfig
instanceKlass sun/security/jca/ProviderList
instanceKlass sun/security/jca/Providers
instanceKlass sun/security/jca/GetInstance
instanceKlass java/security/Security$1
instanceKlass java/security/Security
instanceKlass java/security/MessageDigestSpi
instanceKlass java/security/spec/AlgorithmParameterSpec
instanceKlass java/security/Key
instanceKlass java/util/regex/Pattern$TreeInfo
instanceKlass org/sonatype/plexus/components/cipher/PBECipher
instanceKlass javax/enterprise/inject/Typed
instanceKlass org/sonatype/plexus/components/cipher/DefaultPlexusCipher
instanceKlass org/sonatype/plexus/components/sec/dispatcher/model/SettingsSecurity
instanceKlass org/apache/maven/settings/crypto/SettingsDecryptionResult
instanceKlass org/apache/maven/settings/crypto/DefaultSettingsDecrypter
instanceKlass org/apache/maven/repository/DefaultMirrorSelector
instanceKlass org/apache/maven/repository/legacy/repository/DefaultArtifactRepositoryFactory
instanceKlass org/sonatype/aether/impl/internal/DefaultInstaller
instanceKlass org/sonatype/aether/impl/internal/DefaultDeployer$EventCatapult
instanceKlass org/sonatype/aether/impl/internal/DefaultDeployer
instanceKlass org/sonatype/aether/impl/internal/DefaultLocalRepositoryProvider$1
instanceKlass org/sonatype/aether/impl/internal/DefaultLocalRepositoryProvider
instanceKlass org/sonatype/aether/version/Version
instanceKlass org/sonatype/aether/version/VersionScheme
instanceKlass org/apache/maven/repository/internal/DefaultVersionRangeResolver
instanceKlass org/sonatype/aether/impl/internal/DefaultDependencyCollector$Args
instanceKlass org/sonatype/aether/impl/internal/DefaultDependencyGraphTransformationContext
instanceKlass org/sonatype/aether/collection/DependencyGraphTransformationContext
instanceKlass org/sonatype/aether/collection/DependencyCollectionContext
instanceKlass org/sonatype/aether/impl/internal/DefaultDependencyCollector
instanceKlass org/sonatype/aether/spi/io/FileProcessor$ProgressListener
instanceKlass org/sonatype/aether/impl/internal/DefaultFileProcessor
instanceKlass org/sonatype/aether/impl/LocalRepositoryMaintainer
instanceKlass org/sonatype/aether/impl/LocalRepositoryEvent
instanceKlass org/sonatype/aether/impl/internal/DefaultRepositoryEventDispatcher
instanceKlass org/sonatype/aether/impl/internal/PlexusLogger
instanceKlass org/sonatype/aether/repository/Authentication
instanceKlass org/sonatype/aether/SessionData
instanceKlass org/sonatype/aether/impl/UpdateCheck
instanceKlass org/sonatype/aether/impl/internal/DefaultUpdateCheckManager
instanceKlass org/sonatype/aether/impl/internal/DefaultRemoteRepositoryManager$1
instanceKlass org/sonatype/aether/impl/internal/DefaultRemoteRepositoryManager
instanceKlass org/sonatype/aether/repository/RepositoryPolicy
instanceKlass org/sonatype/aether/impl/internal/DefaultMetadataResolver
instanceKlass org/apache/maven/artifact/repository/metadata/Versioning
instanceKlass org/sonatype/aether/metadata/Metadata
instanceKlass org/apache/maven/repository/internal/DefaultVersionResolver
instanceKlass org/sonatype/aether/impl/internal/DefaultSyncContextFactory
instanceKlass org/sonatype/aether/repository/RemoteRepository
instanceKlass org/sonatype/aether/repository/LocalArtifactResult
instanceKlass org/sonatype/aether/spi/connector/RepositoryConnector
instanceKlass org/sonatype/aether/impl/internal/DefaultArtifactResolver
instanceKlass org/sonatype/aether/RequestTrace
instanceKlass org/apache/maven/model/Relocation
instanceKlass org/sonatype/aether/graph/Exclusion
instanceKlass org/apache/maven/model/Exclusion
instanceKlass org/sonatype/aether/graph/Dependency
instanceKlass org/sonatype/aether/artifact/ArtifactTypeRegistry
instanceKlass org/sonatype/aether/artifact/ArtifactType
instanceKlass org/sonatype/aether/RepositoryEvent
instanceKlass org/apache/maven/repository/internal/DefaultArtifactDescriptorReader
instanceKlass org/sonatype/aether/spi/log/NullLogger
instanceKlass org/sonatype/aether/spi/locator/ServiceLocator
instanceKlass org/sonatype/aether/resolution/VersionRangeResult
instanceKlass org/sonatype/aether/resolution/VersionRangeRequest
instanceKlass org/sonatype/aether/resolution/DependencyResult
instanceKlass org/sonatype/aether/resolution/DependencyRequest
instanceKlass org/sonatype/aether/graph/DependencyNode
instanceKlass org/sonatype/aether/resolution/ArtifactDescriptorResult
instanceKlass org/sonatype/aether/resolution/ArtifactDescriptorRequest
instanceKlass org/sonatype/aether/repository/LocalRepositoryManager
instanceKlass org/sonatype/aether/repository/LocalRepository
instanceKlass org/sonatype/aether/repository/ArtifactRepository
instanceKlass org/sonatype/aether/collection/CollectResult
instanceKlass org/sonatype/aether/collection/CollectRequest
instanceKlass org/sonatype/aether/resolution/VersionResult
instanceKlass org/sonatype/aether/resolution/VersionRequest
instanceKlass org/sonatype/aether/SyncContext
instanceKlass org/sonatype/aether/resolution/ArtifactResult
instanceKlass org/sonatype/aether/resolution/ArtifactRequest
instanceKlass org/sonatype/aether/deployment/DeployResult
instanceKlass org/sonatype/aether/deployment/DeployRequest
instanceKlass org/sonatype/aether/installation/InstallResult
instanceKlass org/sonatype/aether/installation/InstallRequest
instanceKlass org/sonatype/aether/impl/internal/ArtifactRequestBuilder
instanceKlass org/sonatype/aether/util/graph/FilteringDependencyVisitor
instanceKlass org/sonatype/aether/impl/internal/DefaultRepositorySystem
instanceKlass org/sonatype/aether/spi/locator/Service
instanceKlass org/apache/maven/project/artifact/DefaultMavenMetadataCache$CacheKey
instanceKlass org/apache/maven/project/artifact/DefaultMavenMetadataCache
instanceKlass org/apache/maven/wagon/proxy/ProxyInfo
instanceKlass org/apache/maven/wagon/authentication/AuthenticationInfo
instanceKlass org/apache/maven/wagon/observers/ChecksumObserver
instanceKlass org/apache/maven/wagon/repository/Repository
instanceKlass org/apache/maven/repository/legacy/DefaultWagonManager
instanceKlass org/codehaus/plexus/logging/AbstractLogEnabled
instanceKlass org/apache/maven/project/artifact/MavenMetadataSource$ProjectRelocation
instanceKlass org/apache/maven/model/building/ModelProblem
instanceKlass org/apache/maven/artifact/repository/metadata/Metadata
instanceKlass org/apache/maven/artifact/repository/metadata/RepositoryMetadata
instanceKlass org/apache/maven/project/DefaultProjectBuildingRequest
instanceKlass org/apache/maven/project/artifact/MavenMetadataSource
instanceKlass org/apache/maven/artifact/resolver/DefaultResolutionErrorHandler
instanceKlass org/apache/maven/plugin/internal/DefaultLegacySupport
instanceKlass org/apache/maven/repository/legacy/resolver/conflict/NearestConflictResolver
instanceKlass org/apache/maven/artifact/resolver/ResolutionNode
instanceKlass org/apache/maven/repository/legacy/metadata/ResolutionGroup
instanceKlass org/apache/maven/repository/legacy/resolver/DefaultLegacyArtifactCollector
instanceKlass org/apache/maven/artifact/resolver/DefaultArtifactResolver$DaemonThreadCreator
instanceKlass java/util/concurrent/LinkedBlockingQueue$Node
instanceKlass java/util/concurrent/locks/AbstractQueuedSynchronizer$ConditionObject
instanceKlass java/util/concurrent/ThreadPoolExecutor$AbortPolicy
instanceKlass java/util/concurrent/RejectedExecutionHandler
instanceKlass java/util/concurrent/AbstractExecutorService
instanceKlass org/apache/maven/wagon/events/TransferListener
instanceKlass java/util/concurrent/ThreadFactory
instanceKlass java/util/concurrent/BlockingQueue
instanceKlass org/apache/maven/artifact/metadata/ArtifactMetadata
instanceKlass org/apache/maven/repository/legacy/metadata/ArtifactMetadata
instanceKlass org/apache/maven/repository/legacy/metadata/MetadataResolutionRequest
instanceKlass org/apache/maven/artifact/resolver/DefaultArtifactResolver
instanceKlass java/lang/Deprecated
instanceKlass org/apache/maven/artifact/handler/manager/DefaultArtifactHandlerManager
instanceKlass org/apache/maven/artifact/versioning/VersionRange
instanceKlass org/apache/maven/artifact/factory/DefaultArtifactFactory
instanceKlass org/apache/maven/model/RepositoryPolicy
instanceKlass org/apache/maven/artifact/repository/Authentication
instanceKlass org/apache/maven/artifact/repository/ArtifactRepositoryPolicy
instanceKlass org/apache/maven/settings/TrackableBase
instanceKlass org/apache/maven/repository/Proxy
instanceKlass org/apache/maven/repository/ArtifactTransferListener
instanceKlass org/apache/maven/artifact/resolver/ArtifactResolutionResult
instanceKlass org/apache/maven/artifact/resolver/ArtifactResolutionRequest
instanceKlass org/apache/maven/artifact/repository/RepositoryRequest
instanceKlass org/apache/maven/repository/legacy/LegacyRepositorySystem
instanceKlass org/apache/maven/project/DefaultProjectRealmCache
instanceKlass org/apache/maven/project/ExtensionDescriptor
instanceKlass org/apache/maven/plugin/ExtensionRealmCache$CacheRecord
instanceKlass org/apache/maven/plugin/DefaultExtensionRealmCache
instanceKlass org/apache/maven/plugin/PluginArtifactsCache$CacheRecord
instanceKlass org/apache/maven/plugin/PluginArtifactsCache$Key
instanceKlass org/apache/maven/plugin/DefaultPluginArtifactsCache
instanceKlass org/apache/maven/classrealm/ClassRealmConstituent
instanceKlass org/sonatype/aether/artifact/Artifact
instanceKlass org/apache/maven/classrealm/ClassRealmRequest
instanceKlass org/apache/maven/classrealm/DefaultClassRealmManager
instanceKlass org/apache/maven/project/ProjectRealmCache$CacheRecord
instanceKlass org/apache/maven/project/ExtensionDescriptorBuilder
instanceKlass org/sonatype/aether/graph/DependencyVisitor
instanceKlass org/apache/maven/project/DefaultProjectBuildingHelper
instanceKlass org/apache/maven/model/superpom/DefaultSuperPomProvider
instanceKlass org/apache/maven/model/plugin/DefaultReportingConverter
instanceKlass org/apache/maven/model/plugin/DefaultReportConfigurationExpander
instanceKlass org/apache/maven/model/profile/DefaultProfileSelector
instanceKlass org/apache/maven/model/profile/DefaultProfileInjector
instanceKlass org/apache/maven/model/management/DefaultPluginManagementInjector
instanceKlass org/apache/maven/model/plugin/DefaultPluginConfigurationExpander
instanceKlass org/apache/maven/model/Dependency
instanceKlass org/apache/maven/model/InputLocation
instanceKlass org/apache/maven/model/validation/DefaultModelValidator
instanceKlass org/apache/maven/model/path/DefaultModelUrlNormalizer
instanceKlass org/apache/maven/model/InputSource
instanceKlass org/apache/maven/model/io/DefaultModelReader
instanceKlass org/apache/maven/model/locator/DefaultModelLocator
instanceKlass org/apache/maven/model/building/DefaultModelProcessor
instanceKlass org/apache/maven/model/path/DefaultModelPathTranslator
instanceKlass org/apache/maven/model/normalization/DefaultModelNormalizer
instanceKlass org/apache/maven/model/path/DefaultUrlNormalizer
instanceKlass org/apache/maven/model/path/DefaultPathTranslator
instanceKlass org/codehaus/plexus/interpolation/PrefixAwareRecursionInterceptor
instanceKlass org/codehaus/plexus/interpolation/StringSearchInterpolator
instanceKlass org/codehaus/plexus/interpolation/Interpolator
instanceKlass org/codehaus/plexus/interpolation/RecursionInterceptor
instanceKlass org/codehaus/plexus/interpolation/AbstractValueSource
instanceKlass org/apache/maven/model/interpolation/ProblemDetectingValueSource
instanceKlass org/codehaus/plexus/interpolation/AbstractDelegatingValueSource
instanceKlass org/codehaus/plexus/interpolation/QueryEnabledValueSource
instanceKlass org/codehaus/plexus/interpolation/ValueSource
instanceKlass org/apache/maven/model/interpolation/AbstractStringBasedModelInterpolator
instanceKlass org/apache/maven/lifecycle/internal/DefaultLifecyclePluginAnalyzer$GoalSpec
instanceKlass org/apache/maven/lifecycle/internal/DefaultLifecyclePluginAnalyzer
instanceKlass org/apache/maven/model/plugin/DefaultLifecycleBindingsInjector
instanceKlass org/apache/maven/model/inheritance/DefaultInheritanceAssembler
instanceKlass org/apache/maven/model/Contributor
instanceKlass org/apache/maven/model/PatternSet
instanceKlass org/apache/maven/model/RepositoryBase
instanceKlass org/apache/maven/model/PluginContainer
instanceKlass org/apache/maven/model/merge/ModelMerger
instanceKlass org/apache/maven/model/management/DefaultDependencyManagementInjector
instanceKlass org/apache/maven/model/composition/DefaultDependencyManagementImporter
instanceKlass org/apache/maven/model/building/ModelBuildingEventCatapult
instanceKlass org/apache/maven/model/building/ModelData
instanceKlass org/apache/maven/model/profile/DefaultProfileActivationContext
instanceKlass org/apache/maven/model/building/DefaultModelProblemCollector
instanceKlass org/apache/maven/model/ModelBase
instanceKlass org/apache/maven/model/building/ModelCacheTag
instanceKlass org/apache/maven/model/profile/ProfileActivationContext
instanceKlass org/apache/maven/model/building/ModelBuildingEvent
instanceKlass org/apache/maven/model/building/ModelProblemCollector
instanceKlass org/apache/maven/model/building/DefaultModelBuilder
instanceKlass org/apache/maven/project/ReactorModelPool
instanceKlass org/apache/maven/project/DependencyResolutionResult
instanceKlass org/apache/maven/project/DefaultProjectBuilder$InternalConfig
instanceKlass org/apache/maven/model/building/ModelBuildingResult
instanceKlass org/apache/maven/project/ProjectBuildingResult
instanceKlass org/apache/maven/model/building/ModelBuildingListener
instanceKlass org/apache/maven/model/building/ModelCache
instanceKlass org/apache/maven/model/resolution/ModelResolver
instanceKlass org/apache/maven/model/building/ModelBuildingRequest
instanceKlass org/apache/maven/project/DefaultProjectBuilder
instanceKlass org/sonatype/guice/plexus/binders/OptionalPropertyBinding
instanceKlass org/apache/maven/project/ProjectSorter
instanceKlass org/apache/maven/FilteredProjectDependencyGraph
instanceKlass org/apache/maven/DefaultProjectDependencyGraph
instanceKlass org/apache/maven/execution/ProjectDependencyGraph
instanceKlass org/apache/maven/model/building/ModelSource
instanceKlass org/sonatype/aether/collection/DependencyGraphTransformer
instanceKlass org/sonatype/aether/collection/DependencySelector
instanceKlass org/sonatype/aether/collection/DependencyManager
instanceKlass org/sonatype/aether/collection/DependencyTraverser
instanceKlass org/sonatype/aether/repository/AuthenticationSelector
instanceKlass org/sonatype/aether/repository/ProxySelector
instanceKlass org/sonatype/aether/repository/MirrorSelector
instanceKlass org/apache/maven/settings/crypto/SettingsDecryptionRequest
instanceKlass org/apache/maven/ReactorReader
instanceKlass org/sonatype/aether/repository/WorkspaceReader
instanceKlass org/sonatype/aether/RepositorySystemSession
instanceKlass org/apache/maven/artifact/repository/ArtifactRepository
instanceKlass org/apache/maven/execution/MavenExecutionResult
instanceKlass org/apache/maven/DefaultMaven
instanceKlass org/apache/maven/cli/DefaultEventSpyContext
instanceKlass org/apache/maven/eventspy/AbstractEventSpy
instanceKlass org/sonatype/guice/bean/locators/EntryListAdapter$ValueIterator
instanceKlass com/google/inject/internal/ConstructorInjector$1
instanceKlass com/google/inject/Scopes$3
instanceKlass org/sonatype/guice/bean/locators/LazyBeanEntry$JsrNamed
instanceKlass org/sonatype/guice/bean/locators/HiddenBinding
