#
# There is insufficient memory for the Java Runtime Environment to continue.
# Native memory allocation (malloc) failed to allocate 131088 bytes for Chunk::new
# Possible reasons:
#   The system is out of physical RAM or swap space
#   The process is running with CompressedOops enabled, and the Java Heap may be blocking the growth of the native heap
# Possible solutions:
#   Reduce memory load on the system
#   Increase physical memory or swap space
#   Check if swap backing store is full
#   Decrease Java heap size (-Xmx/-Xms)
#   Decrease number of Java threads
#   Decrease Java thread stack sizes (-Xss)
#   Set larger code cache with -XX:ReservedCodeCacheSize=
#   JVM is running with Unscaled Compressed Oops mode in which the Java heap is
#     placed in the first 4GB address space. The Java Heap base address is the
#     maximum limit for the native heap growth. Please use -XX:HeapBaseMinAddress
#     to set the Java Heap base and to place the Java Heap above 4GB virtual address.
# This output file may be truncated or incomplete.
#
#  Out of Memory Error (allocation.cpp:389), pid=3164, tid=0x0000000000001080
#
# JRE version: Java(TM) SE Runtime Environment (8.0_251-b08) (build 1.8.0_251-b08)
# Java VM: Java HotSpot(TM) 64-Bit Server VM (25.251-b08 mixed mode windows-amd64 compressed oops)
# Failed to write core dump. Minidumps are not enabled by default on client versions of Windows
#

---------------  T H R E A D  ---------------

Current thread (0x0000000053a19800):  JavaThread "C2 CompilerThread0" daemon [_thread_in_native, id=4224, stack(0x0000000054b50000,0x0000000054c50000)]

Stack: [0x0000000054b50000,0x0000000054c50000]
[error occurred during error reporting (printing stack bounds), id 0xc0000005]

Native frames: (J=compiled Java code, j=interpreted, Vv=VM code, C=native code)


Current CompileTask:
C2:   8836 1652   !   4       org.codehaus.plexus.interpolation.StringSearchInterpolator::interpolate (665 bytes)


---------------  P R O C E S S  ---------------

Java Threads: ( => current thread )
  0x0000000054e92800 JavaThread "Service Thread" daemon [_thread_blocked, id=9008, stack(0x0000000055300000,0x0000000055400000)]
  0x0000000053a77800 JavaThread "C1 CompilerThread1" daemon [_thread_blocked, id=7424, stack(0x0000000054d90000,0x0000000054e90000)]
=>0x0000000053a19800 JavaThread "C2 CompilerThread0" daemon [_thread_in_native, id=4224, stack(0x0000000054b50000,0x0000000054c50000)]
  0x0000000053a18000 JavaThread "Attach Listener" daemon [_thread_blocked, id=1368, stack(0x0000000054c50000,0x0000000054d50000)]
  0x0000000053a15000 JavaThread "Signal Dispatcher" daemon [_thread_blocked, id=8600, stack(0x0000000054a50000,0x0000000054b50000)]
  0x0000000053a01800 JavaThread "Finalizer" daemon [_thread_blocked, id=4920, stack(0x00000000547a0000,0x00000000548a0000)]
  0x00000000539f6800 JavaThread "Reference Handler" daemon [_thread_blocked, id=8692, stack(0x0000000054620000,0x0000000054720000)]
  0x00000000021f0000 JavaThread "main" [_thread_in_native, id=7696, stack(0x00000000024e0000,0x00000000025e0000)]

Other Threads:
  0x00000000539b0800 VMThread [stack: 0x0000000054510000,0x0000000054610000] [id=7996]
  0x0000000054e96800 WatcherThread [stack: 0x00000000548a0000,0x00000000549a0000] [id=5620]

VM state:not at safepoint (normal execution)

VM Mutex/Monitor currently owned by a thread: None

heap address: 0x00000000e1c00000, size: 484 MB, Compressed Oops mode: 32-bit
Narrow klass base: 0x0000000000000000, Narrow klass shift: 0
Compressed class space size: 1073741824 Address: 0x0000000013080000

Heap:
 PSYoungGen      total 37888K, used 20562K [0x00000000f5f00000, 0x00000000f8900000, 0x0000000100000000)
  eden space 34304K, 49% used [0x00000000f5f00000,0x00000000f6fbe6b8,0x00000000f8080000)
  from space 3584K, 95% used [0x00000000f8480000,0x00000000f87d63a0,0x00000000f8800000)
  to   space 4096K, 0% used [0x00000000f8080000,0x00000000f8080000,0x00000000f8480000)
 ParOldGen       total 22016K, used 6536K [0x00000000e1c00000, 0x00000000e3180000, 0x00000000f5f00000)
  object space 22016K, 29% used [0x00000000e1c00000,0x00000000e2262038,0x00000000e3180000)
 Metaspace       used 12548K, capacity 12850K, committed 13184K, reserved 1060864K
  class space    used 1521K, capacity 1613K, committed 1664K, reserved 1048576K

Card table byte_map: [0x00000000022d0000,0x00000000023d0000] byte_map_base: 0x0000000001bc2000

Marking Bits: (ParMarkBitMap*) 0x000000007190af90
 Begin Bits: [0x0000000012160000, 0x00000000128f0000)
 End Bits:   [0x00000000128f0000, 0x0000000013080000)

Polling page: 0x0000000000230000

CodeCache: size=245760Kb used=5882Kb max_used=5882Kb free=239877Kb
 bounds [0x00000000028b0000, 0x0000000002e80000, 0x00000000118b0000]
 total_blobs=2013 nmethods=1690 adapters=236
 compilation: enabled

Compilation events (10 events):
Event: 8.740 Thread 0x0000000053a77800 1691       3       java.lang.Boolean::parseBoolean (19 bytes)
Event: 8.740 Thread 0x0000000053a77800 nmethod 1691 0x0000000002e6b4d0 code [0x0000000002e6b640, 0x0000000002e6b8c8]
Event: 8.740 Thread 0x0000000053a77800 1692       1       org.sonatype.aether.resolution.ArtifactDescriptorRequest::getArtifact (5 bytes)
Event: 8.740 Thread 0x0000000053a77800 nmethod 1692 0x0000000002e6b990 code [0x0000000002e6bae0, 0x0000000002e6bbf0]
Event: 8.740 Thread 0x0000000053a77800 1693       1       org.sonatype.aether.resolution.VersionRangeResult::getVersions (5 bytes)
Event: 8.741 Thread 0x0000000053a77800 nmethod 1693 0x0000000002e6bc50 code [0x0000000002e6bda0, 0x0000000002e6beb0]
Event: 8.778 Thread 0x0000000053a77800 1694       3       java.util.regex.Pattern$GroupTail::match (111 bytes)
Event: 8.778 Thread 0x0000000053a77800 nmethod 1694 0x0000000002e6bf10 code [0x0000000002e6c0a0, 0x0000000002e6c448]
Event: 8.779 Thread 0x0000000053a77800 1695       3       org.codehaus.plexus.util.xml.pull.MXParser::nextImpl (1190 bytes)
Event: 8.789 Thread 0x0000000053a77800 nmethod 1695 0x0000000002e6c710 code [0x0000000002e6ccc0, 0x0000000002e70b88]

GC Heap History (10 events):
Event: 3.610 GC heap before
{Heap before GC invocations=2 (full 0):
 PSYoungGen      total 9728K, used 9696K [0x00000000f5f00000, 0x00000000f6980000, 0x0000000100000000)
  eden space 8704K, 100% used [0x00000000f5f00000,0x00000000f6780000,0x00000000f6780000)
  from space 1024K, 96% used [0x00000000f6780000,0x00000000f6878020,0x00000000f6880000)
  to   space 1024K, 0% used [0x00000000f6880000,0x00000000f6880000,0x00000000f6980000)
 ParOldGen       total 22016K, used 1105K [0x00000000e1c00000, 0x00000000e3180000, 0x00000000f5f00000)
  object space 22016K, 5% used [0x00000000e1c00000,0x00000000e1d14768,0x00000000e3180000)
 Metaspace       used 6734K, capacity 6876K, committed 7040K, reserved 1056768K
  class space    used 823K, capacity 888K, committed 896K, reserved 1048576K
Event: 3.627 GC heap after
Heap after GC invocations=2 (full 0):
 PSYoungGen      total 9728K, used 1015K [0x00000000f5f00000, 0x00000000f7200000, 0x0000000100000000)
  eden space 8704K, 0% used [0x00000000f5f00000,0x00000000f5f00000,0x00000000f6780000)
  from space 1024K, 99% used [0x00000000f6880000,0x00000000f697de90,0x00000000f6980000)
  to   space 1024K, 0% used [0x00000000f6780000,0x00000000f6780000,0x00000000f6880000)
 ParOldGen       total 22016K, used 2160K [0x00000000e1c00000, 0x00000000e3180000, 0x00000000f5f00000)
  object space 22016K, 9% used [0x00000000e1c00000,0x00000000e1e1c1c0,0x00000000e3180000)
 Metaspace       used 6734K, capacity 6876K, committed 7040K, reserved 1056768K
  class space    used 823K, capacity 888K, committed 896K, reserved 1048576K
}
Event: 3.799 GC heap before
{Heap before GC invocations=3 (full 0):
 PSYoungGen      total 9728K, used 9719K [0x00000000f5f00000, 0x00000000f7200000, 0x0000000100000000)
  eden space 8704K, 100% used [0x00000000f5f00000,0x00000000f6780000,0x00000000f6780000)
  from space 1024K, 99% used [0x00000000f6880000,0x00000000f697de90,0x00000000f6980000)
  to   space 1024K, 0% used [0x00000000f6780000,0x00000000f6780000,0x00000000f6880000)
 ParOldGen       total 22016K, used 2160K [0x00000000e1c00000, 0x00000000e3180000, 0x00000000f5f00000)
  object space 22016K, 9% used [0x00000000e1c00000,0x00000000e1e1c1c0,0x00000000e3180000)
 Metaspace       used 6960K, capacity 7100K, committed 7424K, reserved 1056768K
  class space    used 870K, capacity 920K, committed 1024K, reserved 1048576K
Event: 3.803 GC heap after
Heap after GC invocations=3 (full 0):
 PSYoungGen      total 9728K, used 1024K [0x00000000f5f00000, 0x00000000f7200000, 0x0000000100000000)
  eden space 8704K, 0% used [0x00000000f5f00000,0x00000000f5f00000,0x00000000f6780000)
  from space 1024K, 100% used [0x00000000f6780000,0x00000000f6880000,0x00000000f6880000)
  to   space 1024K, 0% used [0x00000000f7100000,0x00000000f7100000,0x00000000f7200000)
 ParOldGen       total 22016K, used 2643K [0x00000000e1c00000, 0x00000000e3180000, 0x00000000f5f00000)
  object space 22016K, 12% used [0x00000000e1c00000,0x00000000e1e94c30,0x00000000e3180000)
 Metaspace       used 6960K, capacity 7100K, committed 7424K, reserved 1056768K
  class space    used 870K, capacity 920K, committed 1024K, reserved 1048576K
}
Event: 4.338 GC heap before
{Heap before GC invocations=4 (full 0):
 PSYoungGen      total 9728K, used 9728K [0x00000000f5f00000, 0x00000000f7200000, 0x0000000100000000)
  eden space 8704K, 100% used [0x00000000f5f00000,0x00000000f6780000,0x00000000f6780000)
  from space 1024K, 100% used [0x00000000f6780000,0x00000000f6880000,0x00000000f6880000)
  to   space 1024K, 0% used [0x00000000f7100000,0x00000000f7100000,0x00000000f7200000)
 ParOldGen       total 22016K, used 2643K [0x00000000e1c00000, 0x00000000e3180000, 0x00000000f5f00000)
  object space 22016K, 12% used [0x00000000e1c00000,0x00000000e1e94c30,0x00000000e3180000)
 Metaspace       used 7988K, capacity 8168K, committed 8320K, reserved 1056768K
  class space    used 1016K, capacity 1082K, committed 1152K, reserved 1048576K
Event: 4.344 GC heap after
Heap after GC invocations=4 (full 0):
 PSYoungGen      total 18432K, used 1008K [0x00000000f5f00000, 0x00000000f7200000, 0x0000000100000000)
  eden space 17408K, 0% used [0x00000000f5f00000,0x00000000f5f00000,0x00000000f7000000)
  from space 1024K, 98% used [0x00000000f7100000,0x00000000f71fc010,0x00000000f7200000)
  to   space 1024K, 0% used [0x00000000f7000000,0x00000000f7000000,0x00000000f7100000)
 ParOldGen       total 22016K, used 3849K [0x00000000e1c00000, 0x00000000e3180000, 0x00000000f5f00000)
  object space 22016K, 17% used [0x00000000e1c00000,0x00000000e1fc2450,0x00000000e3180000)
 Metaspace       used 7988K, capacity 8168K, committed 8320K, reserved 1056768K
  class space    used 1016K, capacity 1082K, committed 1152K, reserved 1048576K
}
Event: 5.430 GC heap before
{Heap before GC invocations=5 (full 0):
 PSYoungGen      total 18432K, used 18416K [0x00000000f5f00000, 0x00000000f7200000, 0x0000000100000000)
  eden space 17408K, 100% used [0x00000000f5f00000,0x00000000f7000000,0x00000000f7000000)
  from space 1024K, 98% used [0x00000000f7100000,0x00000000f71fc010,0x00000000f7200000)
  to   space 1024K, 0% used [0x00000000f7000000,0x00000000f7000000,0x00000000f7100000)
 ParOldGen       total 22016K, used 3849K [0x00000000e1c00000, 0x00000000e3180000, 0x00000000f5f00000)
  object space 22016K, 17% used [0x00000000e1c00000,0x00000000e1fc2450,0x00000000e3180000)
 Metaspace       used 10299K, capacity 10460K, committed 10624K, reserved 1058816K
  class space    used 1310K, capacity 1373K, committed 1408K, reserved 1048576K
Event: 5.440 GC heap after
Heap after GC invocations=5 (full 0):
 PSYoungGen      total 18432K, used 1024K [0x00000000f5f00000, 0x00000000f8800000, 0x0000000100000000)
  eden space 17408K, 0% used [0x00000000f5f00000,0x00000000f5f00000,0x00000000f7000000)
  from space 1024K, 100% used [0x00000000f7000000,0x00000000f7100000,0x00000000f7100000)
  to   space 3584K, 0% used [0x00000000f8480000,0x00000000f8480000,0x00000000f8800000)
 ParOldGen       total 22016K, used 6536K [0x00000000e1c00000, 0x00000000e3180000, 0x00000000f5f00000)
  object space 22016K, 29% used [0x00000000e1c00000,0x00000000e2262038,0x00000000e3180000)
 Metaspace       used 10299K, capacity 10460K, committed 10624K, reserved 1058816K
  class space    used 1310K, capacity 1373K, committed 1408K, reserved 1048576K
}
Event: 7.498 GC heap before
{Heap before GC invocations=6 (full 0):
 PSYoungGen      total 18432K, used 18432K [0x00000000f5f00000, 0x00000000f8800000, 0x0000000100000000)
  eden space 17408K, 100% used [0x00000000f5f00000,0x00000000f7000000,0x00000000f7000000)
  from space 1024K, 100% used [0x00000000f7000000,0x00000000f7100000,0x00000000f7100000)
  to   space 3584K, 0% used [0x00000000f8480000,0x00000000f8480000,0x00000000f8800000)
 ParOldGen       total 22016K, used 6536K [0x00000000e1c00000, 0x00000000e3180000, 0x00000000f5f00000)
  object space 22016K, 29% used [0x00000000e1c00000,0x00000000e2262038,0x00000000e3180000)
 Metaspace       used 12437K, capacity 12678K, committed 12928K, reserved 1060864K
  class space    used 1517K, capacity 1579K, committed 1664K, reserved 1048576K
Event: 7.511 GC heap after
Heap after GC invocations=6 (full 0):
 PSYoungGen      total 37888K, used 3416K [0x00000000f5f00000, 0x00000000f8900000, 0x0000000100000000)
  eden space 34304K, 0% used [0x00000000f5f00000,0x00000000f5f00000,0x00000000f8080000)
  from space 3584K, 95% used [0x00000000f8480000,0x00000000f87d63a0,0x00000000f8800000)
  to   space 4096K, 0% used [0x00000000f8080000,0x00000000f8080000,0x00000000f8480000)
 ParOldGen       total 22016K, used 6536K [0x00000000e1c00000, 0x00000000e3180000, 0x00000000f5f00000)
  object space 22016K, 29% used [0x00000000e1c00000,0x00000000e2262038,0x00000000e3180000)
 Metaspace       used 12437K, capacity 12678K, committed 12928K, reserved 1060864K
  class space    used 1517K, capacity 1579K, committed 1664K, reserved 1048576K
}

Deoptimization events (10 events):
Event: 6.115 Thread 0x00000000021f0000 Uncommon trap: reason=class_check action=maybe_recompile pc=0x0000000002b4f240 method=java.nio.charset.CharsetDecoder.decode(Ljava/nio/ByteBuffer;Ljava/nio/CharBuffer;Z)Ljava/nio/charset/CoderResult; @ 57
Event: 6.115 Thread 0x00000000021f0000 Uncommon trap: reason=class_check action=maybe_recompile pc=0x0000000002b4f240 method=java.nio.charset.CharsetDecoder.decode(Ljava/nio/ByteBuffer;Ljava/nio/CharBuffer;Z)Ljava/nio/charset/CoderResult; @ 57
Event: 6.371 Thread 0x00000000021f0000 Uncommon trap: reason=unstable_if action=reinterpret pc=0x0000000002a5a2c4 method=java.lang.String.replace(CC)Ljava/lang/String; @ 2
Event: 6.782 Thread 0x00000000021f0000 Uncommon trap: reason=unstable_if action=reinterpret pc=0x0000000002cba1f8 method=org.codehaus.plexus.util.xml.pull.MXParser.nextImpl()I @ 960
Event: 6.927 Thread 0x00000000021f0000 Uncommon trap: reason=unstable_if action=reinterpret pc=0x0000000002c59428 method=java.util.HashMap.hash(Ljava/lang/Object;)I @ 1
Event: 6.927 Thread 0x00000000021f0000 Uncommon trap: reason=unstable_if action=reinterpret pc=0x0000000002bb95e4 method=java.util.HashMap.hash(Ljava/lang/Object;)I @ 1
Event: 6.928 Thread 0x00000000021f0000 Uncommon trap: reason=unstable_if action=reinterpret pc=0x0000000002c2c8b8 method=java.util.HashMap.hash(Ljava/lang/Object;)I @ 1
Event: 7.457 Thread 0x00000000021f0000 Uncommon trap: reason=null_check action=make_not_entrant pc=0x0000000002d549dc method=org.apache.maven.model.interpolation.StringSearchModelInterpolator$InterpolateObjectAction.getFields(Ljava/lang/Class;)[Ljava/lang/reflect/Field; @ 9
Event: 7.556 Thread 0x00000000021f0000 Uncommon trap: reason=null_check action=make_not_entrant pc=0x0000000002dc3e1c method=org.apache.maven.model.io.xpp3.MavenXpp3Reader.checkFieldWithDuplicate(Lorg/codehaus/plexus/util/xml/pull/XmlPullParser;Ljava/lang/String;Ljava/lang/String;Ljava/util/Se
Event: 8.779 Thread 0x00000000021f0000 Uncommon trap: reason=unstable_if action=reinterpret pc=0x0000000002d25130 method=org.codehaus.plexus.util.xml.pull.MXParser.nextImpl()I @ 912

Classes redefined (0 events):
No events

Internal exceptions (10 events):
Event: 3.826 Thread 0x00000000021f0000 Exception <a 'java/lang/ArrayIndexOutOfBoundsException'> (0x00000000f6045e80) thrown at [C:\jenkins\workspace\8-2-build-windows-amd64-cygwin\jdk8u251\737\hotspot\src\share\vm\runtime\sharedRuntime.cpp, line 605]
Event: 3.828 Thread 0x00000000021f0000 Exception <a 'java/lang/ArrayIndexOutOfBoundsException'> (0x00000000f6047b28) thrown at [C:\jenkins\workspace\8-2-build-windows-amd64-cygwin\jdk8u251\737\hotspot\src\share\vm\runtime\sharedRuntime.cpp, line 605]
Event: 4.152 Thread 0x00000000021f0000 Exception <a 'java/lang/NoClassDefFoundError': org/slf4j/Logger> (0x00000000f64e52c0) thrown at [C:\jenkins\workspace\8-2-build-windows-amd64-cygwin\jdk8u251\737\hotspot\src\share\vm\classfile\systemDictionary.cpp, line 199]
Event: 4.348 Thread 0x00000000021f0000 Exception <a 'java/lang/NoClassDefFoundError': org/slf4j/LoggerFactory> (0x00000000f5f28250) thrown at [C:\jenkins\workspace\8-2-build-windows-amd64-cygwin\jdk8u251\737\hotspot\src\share\vm\classfile\systemDictionary.cpp, line 199]
Event: 4.348 Thread 0x00000000021f0000 Exception <a 'java/lang/NoClassDefFoundError'> (0x00000000f5f28250) thrown at [C:\jenkins\workspace\8-2-build-windows-amd64-cygwin\jdk8u251\737\hotspot\src\share\vm\oops\instanceKlass.cpp, line 959]
Event: 6.927 Thread 0x00000000021f0000 Implicit null exception at 0x0000000002c59245 to 0x0000000002c59419
Event: 6.927 Thread 0x00000000021f0000 Implicit null exception at 0x0000000002bb956f to 0x0000000002bb95d5
Event: 6.928 Thread 0x00000000021f0000 Implicit null exception at 0x0000000002c2c2eb to 0x0000000002c2c89d
Event: 7.457 Thread 0x00000000021f0000 Implicit null exception at 0x0000000002d53b2f to 0x0000000002d549bd
Event: 7.556 Thread 0x00000000021f0000 Implicit null exception at 0x0000000002dc2c4d to 0x0000000002dc3e01

Events (10 events):
Event: 7.556 Thread 0x00000000021f0000 DEOPT UNPACKING pc=0x00000000028f583b sp=0x00000000025dd3f0 mode 2
Event: 7.730 loading class java/util/ArrayList$SubList
Event: 7.748 loading class java/util/ArrayList$SubList done
Event: 7.749 loading class java/util/ArrayList$SubList$1
Event: 7.752 loading class java/util/ArrayList$SubList$1 done
Event: 8.581 loading class java/util/AbstractList$1
Event: 8.601 loading class java/util/AbstractList$1 done
Event: 8.779 Thread 0x00000000021f0000 Uncommon trap: trap_request=0xffffff65 fr.pc=0x0000000002d25130
Event: 8.779 Thread 0x00000000021f0000 DEOPT PACKING pc=0x0000000002d25130 sp=0x00000000025dcf70
Event: 8.779 Thread 0x00000000021f0000 DEOPT UNPACKING pc=0x00000000028f583b sp=0x00000000025dcee8 mode 2


Dynamic libraries:
0x000000013f4a0000 - 0x000000013f4d7000 	C:\Program Files\Java\jdk1.8.0_251\bin\java.exe
0x0000000077980000 - 0x0000000077b1f000 	C:\Windows\SYSTEM32\ntdll.dll
0x0000000077760000 - 0x0000000077880000 	C:\Windows\system32\kernel32.dll
0x000007fefd6e0000 - 0x000007fefd747000 	C:\Windows\system32\KERNELBASE.dll
0x000007fefd900000 - 0x000007fefd9df000 	C:\Windows\system32\ADVAPI32.dll
0x000007fefdf40000 - 0x000007fefdfdf000 	C:\Windows\system32\msvcrt.dll
0x000007fefe0a0000 - 0x000007fefe0bf000 	C:\Windows\SYSTEM32\sechost.dll
0x000007fefe0c0000 - 0x000007fefe1e9000 	C:\Windows\system32\RPCRT4.dll
0x0000000077880000 - 0x000000007797b000 	C:\Windows\system32\USER32.dll
0x000007fefd890000 - 0x000007fefd8f8000 	C:\Windows\system32\GDI32.dll
0x000007fefe5a0000 - 0x000007fefe5ae000 	C:\Windows\system32\LPK.dll
0x000007fefe4d0000 - 0x000007fefe59b000 	C:\Windows\system32\USP10.dll
0x000007fefbde0000 - 0x000007fefbfd5000 	C:\Windows\WinSxS\amd64_microsoft.windows.common-controls_6595b64144ccf1df_6.0.7601.24483_none_e372d88f30fbb845\COMCTL32.dll
0x000007feff8e0000 - 0x000007feff951000 	C:\Windows\system32\SHLWAPI.dll
0x000007fefd9e0000 - 0x000007fefda0e000 	C:\Windows\system32\IMM32.DLL
0x000007feffb50000 - 0x000007feffc5b000 	C:\Windows\system32\MSCTF.dll
0x0000000074c70000 - 0x0000000074d42000 	C:\Program Files\Java\jdk1.8.0_251\jre\bin\msvcr100.dll
0x00000000710e0000 - 0x000000007198b000 	C:\Program Files\Java\jdk1.8.0_251\jre\bin\server\jvm.dll
0x000007fec1e70000 - 0x000007fec1e79000 	C:\Windows\system32\WSOCK32.dll
0x000007fefeb00000 - 0x000007fefeb4d000 	C:\Windows\system32\WS2_32.dll
0x000007feffc60000 - 0x000007feffc68000 	C:\Windows\system32\NSI.dll
0x000007fefb100000 - 0x000007fefb13b000 	C:\Windows\system32\WINMM.dll
0x000007fefc470000 - 0x000007fefc47c000 	C:\Windows\system32\VERSION.dll
0x0000000077b30000 - 0x0000000077b37000 	C:\Windows\system32\PSAPI.DLL
0x000007fee8eb0000 - 0x000007fee8ebf000 	C:\Program Files\Java\jdk1.8.0_251\jre\bin\verify.dll
0x000007fec0460000 - 0x000007fec0489000 	C:\Program Files\Java\jdk1.8.0_251\jre\bin\java.dll
0x000007fed0410000 - 0x000007fed0426000 	C:\Program Files\Java\jdk1.8.0_251\jre\bin\zip.dll
0x000007fefeb50000 - 0x000007feff8db000 	C:\Windows\system32\SHELL32.dll
0x000007fefe1f0000 - 0x000007fefe3f0000 	C:\Windows\system32\ole32.dll
0x000007fefd420000 - 0x000007fefd42f000 	C:\Windows\system32\profapi.dll
0x000007fefd190000 - 0x000007fefd1e7000 	C:\Windows\system32\apphelp.dll
0x000007fee8980000 - 0x000007fee899a000 	C:\Program Files\Java\jdk1.8.0_251\jre\bin\net.dll
0x000007fefcaf0000 - 0x000007fefcb45000 	C:\Windows\system32\mswsock.dll
0x000007fefcae0000 - 0x000007fefcae7000 	C:\Windows\System32\wship6.dll
0x000007fec0dd0000 - 0x000007fec0de2000 	C:\Program Files\Java\jdk1.8.0_251\jre\bin\nio.dll

VM Arguments:
jvm_args: -Dclassworlds.conf=C:\Program Files\NetBeans 8.2\java\maven\bin\m2.conf -Dmaven.home=C:\Program Files\NetBeans 8.2\java\maven 
java_command: org.codehaus.plexus.classworlds.launcher.Launcher -Dexec.args=-classpath %classpath com.mycompany.apistub.stub -Dexec.executable=C:\Program Files\Java\jdk1.8.0_251\bin\java.exe -Dexec.workingdir=C:\Users\dorothy\Documents\NetBeansProjects\ApiStub -Dmaven.ext.class.path=C:\Program Files\NetBeans 8.2\java\maven-nblib\netbeans-eventspy.jar -Dfile.encoding=UTF-8 org.codehaus.mojo:exec-maven-plugin:1.2.1:exec
java_class_path (initial): C:\Program Files\NetBeans 8.2\java\maven\boot\plexus-classworlds-2.4.jar
Launcher Type: SUN_STANDARD

Environment Variables:
JAVA_HOME=C:\Program Files\Java\jdk1.8.0_251
PATH=C:\Program Files\Java\jdk1.8.0_251\bin;C:\Program Files\apache-maven-3.6.3\bin;C:\Program Files\apache-maven-3.6.3\bin;C:\Program Files\Git\cmd;;C:\Users\dorothy\AppData\Local\Programs\Microsoft VS Code\bin
USERNAME=dorothy
OS=Windows_NT
PROCESSOR_IDENTIFIER=Intel64 Family 6 Model 58 Stepping 9, GenuineIntel



---------------  S Y S T E M  ---------------

OS: Windows 7 , 64 bit Build 7601 (6.1.7601.25827)

CPU:total 2 (initial active 2) (2 cores per cpu, 1 threads per core) family 6 model 58 stepping 9, cmov, cx8, fxsr, mmx, sse, sse2, sse3, ssse3, sse4.1, sse4.2, popcnt, clmul, erms, tsc, tscinvbit, tscinv

Memory: 4k page, physical 1980220k(251512k free), swap 7920880k(5184k free)

vm_info: Java HotSpot(TM) 64-Bit Server VM (25.251-b08) for windows-amd64 JRE (1.8.0_251-b08), built on Mar 12 2020 06:31:49 by "" with MS VC++ 10.0 (VS2010)

time: Fri May 20 16:19:45 2022
timezone: Pacific Daylight Time
elapsed time: 8 seconds (0d 0h 0m 8s)

