#
# There is insufficient memory for the Java Runtime Environment to continue.
# Native memory allocation (malloc) failed to allocate 32744 bytes for ChunkPool::allocate
# Possible reasons:
#   The system is out of physical RAM or swap space
#   The process is running with CompressedOops enabled, and the Java Heap may be blocking the growth of the native heap
# Possible solutions:
#   Reduce memory load on the system
#   Increase physical memory or swap space
#   Check if swap backing store is full
#   Decrease Java heap size (-Xmx/-Xms)
#   Decrease number of Java threads
#   Decrease Java thread stack sizes (-Xss)
#   Set larger code cache with -XX:ReservedCodeCacheSize=
#   JVM is running with Unscaled Compressed Oops mode in which the Java heap is
#     placed in the first 4GB address space. The Java Heap base address is the
#     maximum limit for the native heap growth. Please use -XX:HeapBaseMinAddress
#     to set the Java Heap base and to place the Java Heap above 4GB virtual address.
# This output file may be truncated or incomplete.
#
#  Out of Memory Error (allocation.cpp:272), pid=7788, tid=0x00000000000021cc
#
# JRE version: Java(TM) SE Runtime Environment (8.0_251-b08) (build 1.8.0_251-b08)
# Java VM: Java HotSpot(TM) 64-Bit Server VM (25.251-b08 mixed mode windows-amd64 compressed oops)
# Failed to write core dump. Minidumps are not enabled by default on client versions of Windows
#

---------------  T H R E A D  ---------------

Current thread (0x000000005393b800):  JavaThread "C2 CompilerThread0" daemon [_thread_in_native, id=8652, stack(0x0000000054d90000,0x0000000054e90000)]

Stack: [0x0000000054d90000,0x0000000054e90000]
[error occurred during error reporting (printing stack bounds), id 0xc0000005]

Native frames: (J=compiled Java code, j=interpreted, Vv=VM code, C=native code)


Current CompileTask:
C2:   7094 1649   !   4       org.codehaus.plexus.interpolation.StringSearchInterpolator::interpolate (665 bytes)


---------------  P R O C E S S  ---------------

Java Threads: ( => current thread )
  0x0000000054e99000 JavaThread "Service Thread" daemon [_thread_blocked, id=9176, stack(0x00000000552b0000,0x00000000553b0000)]
  0x000000005399b000 JavaThread "C1 CompilerThread1" daemon [_thread_blocked, id=5172, stack(0x00000000549e0000,0x0000000054ae0000)]
=>0x000000005393b800 JavaThread "C2 CompilerThread0" daemon [_thread_in_native, id=8652, stack(0x0000000054d90000,0x0000000054e90000)]
  0x000000005393a000 JavaThread "Attach Listener" daemon [_thread_blocked, id=7684, stack(0x0000000054b20000,0x0000000054c20000)]
  0x0000000053937800 JavaThread "Signal Dispatcher" daemon [_thread_blocked, id=5388, stack(0x00000000548c0000,0x00000000549c0000)]
  0x0000000053924000 JavaThread "Finalizer" daemon [_thread_blocked, id=8324, stack(0x00000000547a0000,0x00000000548a0000)]
  0x0000000053919000 JavaThread "Reference Handler" daemon [_thread_blocked, id=4720, stack(0x00000000545c0000,0x00000000546c0000)]
  0x00000000021c0000 JavaThread "main" [_thread_in_vm, id=7756, stack(0x0000000002400000,0x0000000002500000)]

Other Threads:
  0x00000000538cf800 VMThread [stack: 0x00000000543e0000,0x00000000544e0000] [id=6892]
  0x000000005399f000 WatcherThread [stack: 0x0000000055420000,0x0000000055520000] [id=7324]

VM state:not at safepoint (normal execution)

VM Mutex/Monitor currently owned by a thread: None

heap address: 0x00000000e1c00000, size: 484 MB, Compressed Oops mode: 32-bit
Narrow klass base: 0x0000000000000000, Narrow klass shift: 0
Compressed class space size: 1073741824 Address: 0x0000000012fa0000

Heap:
 PSYoungGen      total 20480K, used 20144K [0x00000000f5f00000, 0x00000000f7600000, 0x0000000100000000)
  eden space 17408K, 98% used [0x00000000f5f00000,0x00000000f6fb2080,0x00000000f7000000)
  from space 3072K, 99% used [0x00000000f7000000,0x00000000f72f9fc8,0x00000000f7300000)
  to   space 3072K, 0% used [0x00000000f7300000,0x00000000f7300000,0x00000000f7600000)
 ParOldGen       total 22016K, used 5972K [0x00000000e1c00000, 0x00000000e3180000, 0x00000000f5f00000)
  object space 22016K, 27% used [0x00000000e1c00000,0x00000000e21d5178,0x00000000e3180000)
 Metaspace       used 12545K, capacity 12850K, committed 13184K, reserved 1060864K
  class space    used 1521K, capacity 1613K, committed 1664K, reserved 1048576K

Card table byte_map: [0x0000000011c40000,0x0000000011d40000] byte_map_base: 0x0000000011532000

Marking Bits: (ParMarkBitMap*) 0x0000000070e0af90
 Begin Bits: [0x0000000011f80000, 0x0000000012710000)
 End Bits:   [0x0000000012710000, 0x0000000012ea0000)

Polling page: 0x0000000000240000

CodeCache: size=245760Kb used=5916Kb max_used=5916Kb free=239843Kb
 bounds [0x0000000002880000, 0x0000000002e50000, 0x0000000011880000]
 total_blobs=2001 nmethods=1678 adapters=236
 compilation: enabled

Compilation events (10 events):
Event: 6.123 Thread 0x000000005399b000 1679       1       org.apache.maven.model.Build::getTestSourceDirectory (5 bytes)
Event: 6.123 Thread 0x000000005399b000 nmethod 1679 0x0000000002e49d90 code [0x0000000002e49ee0, 0x0000000002e49ff0]
Event: 6.125 Thread 0x000000005399b000 1680       1       org.apache.maven.model.Build::getSourceDirectory (5 bytes)
Event: 6.125 Thread 0x000000005399b000 nmethod 1680 0x0000000002e4a050 code [0x0000000002e4a1a0, 0x0000000002e4a2b0]
Event: 6.131 Thread 0x000000005399b000 1681       3       org.apache.maven.model.normalization.DefaultModelNormalizer::injectDependencyDefaults (46 bytes)
Event: 6.132 Thread 0x000000005399b000 nmethod 1681 0x0000000002e4a310 code [0x0000000002e4a500, 0x0000000002e4ad98]
Event: 6.134 Thread 0x000000005399b000 1682       1       org.sonatype.aether.resolution.ArtifactDescriptorRequest::getArtifact (5 bytes)
Event: 6.134 Thread 0x000000005399b000 nmethod 1682 0x0000000002e4b0d0 code [0x0000000002e4b220, 0x0000000002e4b330]
Event: 6.134 Thread 0x000000005399b000 1683       1       org.sonatype.aether.resolution.VersionRangeResult::getVersions (5 bytes)
Event: 6.134 Thread 0x000000005399b000 nmethod 1683 0x0000000002e4b390 code [0x0000000002e4b4e0, 0x0000000002e4b5f0]

GC Heap History (10 events):
Event: 1.509 GC heap before
{Heap before GC invocations=3 (full 0):
 PSYoungGen      total 9728K, used 9712K [0x00000000f5f00000, 0x00000000f6980000, 0x0000000100000000)
  eden space 8704K, 100% used [0x00000000f5f00000,0x00000000f6780000,0x00000000f6780000)
  from space 1024K, 98% used [0x00000000f6880000,0x00000000f697c010,0x00000000f6980000)
  to   space 1024K, 0% used [0x00000000f6780000,0x00000000f6780000,0x00000000f6880000)
 ParOldGen       total 22016K, used 2159K [0x00000000e1c00000, 0x00000000e3180000, 0x00000000f5f00000)
  object space 22016K, 9% used [0x00000000e1c00000,0x00000000e1e1be78,0x00000000e3180000)
 Metaspace       used 6952K, capacity 7100K, committed 7424K, reserved 1056768K
  class space    used 870K, capacity 920K, committed 1024K, reserved 1048576K
Event: 1.513 GC heap after
Heap after GC invocations=3 (full 0):
 PSYoungGen      total 9728K, used 992K [0x00000000f5f00000, 0x00000000f6980000, 0x0000000100000000)
  eden space 8704K, 0% used [0x00000000f5f00000,0x00000000f5f00000,0x00000000f6780000)
  from space 1024K, 96% used [0x00000000f6780000,0x00000000f6878040,0x00000000f6880000)
  to   space 1024K, 0% used [0x00000000f6880000,0x00000000f6880000,0x00000000f6980000)
 ParOldGen       total 22016K, used 2640K [0x00000000e1c00000, 0x00000000e3180000, 0x00000000f5f00000)
  object space 22016K, 11% used [0x00000000e1c00000,0x00000000e1e94100,0x00000000e3180000)
 Metaspace       used 6952K, capacity 7100K, committed 7424K, reserved 1056768K
  class space    used 870K, capacity 920K, committed 1024K, reserved 1048576K
}
Event: 1.868 GC heap before
{Heap before GC invocations=4 (full 0):
 PSYoungGen      total 9728K, used 9696K [0x00000000f5f00000, 0x00000000f6980000, 0x0000000100000000)
  eden space 8704K, 100% used [0x00000000f5f00000,0x00000000f6780000,0x00000000f6780000)
  from space 1024K, 96% used [0x00000000f6780000,0x00000000f6878040,0x00000000f6880000)
  to   space 1024K, 0% used [0x00000000f6880000,0x00000000f6880000,0x00000000f6980000)
 ParOldGen       total 22016K, used 2640K [0x00000000e1c00000, 0x00000000e3180000, 0x00000000f5f00000)
  object space 22016K, 11% used [0x00000000e1c00000,0x00000000e1e94100,0x00000000e3180000)
 Metaspace       used 7983K, capacity 8168K, committed 8320K, reserved 1056768K
  class space    used 1016K, capacity 1082K, committed 1152K, reserved 1048576K
Event: 1.959 GC heap after
Heap after GC invocations=4 (full 0):
 PSYoungGen      total 9728K, used 1024K [0x00000000f5f00000, 0x00000000f7200000, 0x0000000100000000)
  eden space 8704K, 0% used [0x00000000f5f00000,0x00000000f5f00000,0x00000000f6780000)
  from space 1024K, 100% used [0x00000000f6880000,0x00000000f6980000,0x00000000f6980000)
  to   space 1024K, 0% used [0x00000000f6780000,0x00000000f6780000,0x00000000f6880000)
 ParOldGen       total 22016K, used 3793K [0x00000000e1c00000, 0x00000000e3180000, 0x00000000f5f00000)
  object space 22016K, 17% used [0x00000000e1c00000,0x00000000e1fb46c8,0x00000000e3180000)
 Metaspace       used 7983K, capacity 8168K, committed 8320K, reserved 1056768K
  class space    used 1016K, capacity 1082K, committed 1152K, reserved 1048576K
}
Event: 2.435 GC heap before
{Heap before GC invocations=5 (full 0):
 PSYoungGen      total 9728K, used 9728K [0x00000000f5f00000, 0x00000000f7200000, 0x0000000100000000)
  eden space 8704K, 100% used [0x00000000f5f00000,0x00000000f6780000,0x00000000f6780000)
  from space 1024K, 100% used [0x00000000f6880000,0x00000000f6980000,0x00000000f6980000)
  to   space 1024K, 0% used [0x00000000f6780000,0x00000000f6780000,0x00000000f6880000)
 ParOldGen       total 22016K, used 3793K [0x00000000e1c00000, 0x00000000e3180000, 0x00000000f5f00000)
  object space 22016K, 17% used [0x00000000e1c00000,0x00000000e1fb46c8,0x00000000e3180000)
 Metaspace       used 9201K, capacity 9372K, committed 9472K, reserved 1056768K
  class space    used 1178K, capacity 1245K, committed 1280K, reserved 1048576K
Event: 2.441 GC heap after
Heap after GC invocations=5 (full 0):
 PSYoungGen      total 9728K, used 1024K [0x00000000f5f00000, 0x00000000f7600000, 0x0000000100000000)
  eden space 8704K, 0% used [0x00000000f5f00000,0x00000000f5f00000,0x00000000f6780000)
  from space 1024K, 100% used [0x00000000f6780000,0x00000000f6880000,0x00000000f6880000)
  to   space 3072K, 0% used [0x00000000f7300000,0x00000000f7300000,0x00000000f7600000)
 ParOldGen       total 22016K, used 5127K [0x00000000e1c00000, 0x00000000e3180000, 0x00000000f5f00000)
  object space 22016K, 23% used [0x00000000e1c00000,0x00000000e2101f00,0x00000000e3180000)
 Metaspace       used 9201K, capacity 9372K, committed 9472K, reserved 1056768K
  class space    used 1178K, capacity 1245K, committed 1280K, reserved 1048576K
}
Event: 2.866 GC heap before
{Heap before GC invocations=6 (full 0):
 PSYoungGen      total 9728K, used 9728K [0x00000000f5f00000, 0x00000000f7600000, 0x0000000100000000)
  eden space 8704K, 100% used [0x00000000f5f00000,0x00000000f6780000,0x00000000f6780000)
  from space 1024K, 100% used [0x00000000f6780000,0x00000000f6880000,0x00000000f6880000)
  to   space 3072K, 0% used [0x00000000f7300000,0x00000000f7300000,0x00000000f7600000)
 ParOldGen       total 22016K, used 5127K [0x00000000e1c00000, 0x00000000e3180000, 0x00000000f5f00000)
  object space 22016K, 23% used [0x00000000e1c00000,0x00000000e2101f00,0x00000000e3180000)
 Metaspace       used 10296K, capacity 10460K, committed 10624K, reserved 1058816K
  class space    used 1310K, capacity 1373K, committed 1408K, reserved 1048576K
Event: 2.903 GC heap after
Heap after GC invocations=6 (full 0):
 PSYoungGen      total 20480K, used 2368K [0x00000000f5f00000, 0x00000000f7600000, 0x0000000100000000)
  eden space 17408K, 0% used [0x00000000f5f00000,0x00000000f5f00000,0x00000000f7000000)
  from space 3072K, 77% used [0x00000000f7300000,0x00000000f7550288,0x00000000f7600000)
  to   space 3072K, 0% used [0x00000000f7000000,0x00000000f7000000,0x00000000f7300000)
 ParOldGen       total 22016K, used 5127K [0x00000000e1c00000, 0x00000000e3180000, 0x00000000f5f00000)
  object space 22016K, 23% used [0x00000000e1c00000,0x00000000e2101f00,0x00000000e3180000)
 Metaspace       used 10296K, capacity 10460K, committed 10624K, reserved 1058816K
  class space    used 1310K, capacity 1373K, committed 1408K, reserved 1048576K
}
Event: 5.173 GC heap before
{Heap before GC invocations=7 (full 0):
 PSYoungGen      total 20480K, used 19776K [0x00000000f5f00000, 0x00000000f7600000, 0x0000000100000000)
  eden space 17408K, 100% used [0x00000000f5f00000,0x00000000f7000000,0x00000000f7000000)
  from space 3072K, 77% used [0x00000000f7300000,0x00000000f7550288,0x00000000f7600000)
  to   space 3072K, 0% used [0x00000000f7000000,0x00000000f7000000,0x00000000f7300000)
 ParOldGen       total 22016K, used 5127K [0x00000000e1c00000, 0x00000000e3180000, 0x00000000f5f00000)
  object space 22016K, 23% used [0x00000000e1c00000,0x00000000e2101f00,0x00000000e3180000)
 Metaspace       used 12441K, capacity 12678K, committed 12928K, reserved 1060864K
  class space    used 1517K, capacity 1579K, committed 1664K, reserved 1048576K
Event: 5.219 GC heap after
Heap after GC invocations=7 (full 0):
 PSYoungGen      total 20480K, used 3047K [0x00000000f5f00000, 0x00000000f7600000, 0x0000000100000000)
  eden space 17408K, 0% used [0x00000000f5f00000,0x00000000f5f00000,0x00000000f7000000)
  from space 3072K, 99% used [0x00000000f7000000,0x00000000f72f9fc8,0x00000000f7300000)
  to   space 3072K, 0% used [0x00000000f7300000,0x00000000f7300000,0x00000000f7600000)
 ParOldGen       total 22016K, used 5972K [0x00000000e1c00000, 0x00000000e3180000, 0x00000000f5f00000)
  object space 22016K, 27% used [0x00000000e1c00000,0x00000000e21d5178,0x00000000e3180000)
 Metaspace       used 12441K, capacity 12678K, committed 12928K, reserved 1060864K
  class space    used 1517K, capacity 1579K, committed 1664K, reserved 1048576K
}

Deoptimization events (10 events):
Event: 2.084 Thread 0x00000000021c0000 Uncommon trap: reason=bimorphic action=maybe_recompile pc=0x0000000002bd7d90 method=java.util.HashMap.putVal(ILjava/lang/Object;Ljava/lang/Object;ZZ)Ljava/lang/Object; @ 203
Event: 2.972 Thread 0x00000000021c0000 Uncommon trap: reason=unstable_if action=reinterpret pc=0x0000000002b3857c method=org.codehaus.plexus.util.xml.pull.MXParser.parseStartTag()I @ 443
Event: 3.559 Thread 0x00000000021c0000 Uncommon trap: reason=unstable_if action=reinterpret pc=0x0000000002a2d944 method=java.lang.String.replace(CC)Ljava/lang/String; @ 2
Event: 4.036 Thread 0x00000000021c0000 Uncommon trap: reason=unstable_if action=reinterpret pc=0x0000000002cb9f2c method=org.codehaus.plexus.util.xml.pull.MXParser.nextImpl()I @ 960
Event: 4.300 Thread 0x00000000021c0000 Uncommon trap: reason=unstable_if action=reinterpret pc=0x0000000002c38c68 method=java.util.HashMap.hash(Ljava/lang/Object;)I @ 1
Event: 4.300 Thread 0x00000000021c0000 Uncommon trap: reason=unstable_if action=reinterpret pc=0x0000000002c1afe4 method=java.util.HashMap.hash(Ljava/lang/Object;)I @ 1
Event: 4.301 Thread 0x00000000021c0000 Uncommon trap: reason=unstable_if action=reinterpret pc=0x0000000002c170b0 method=java.util.HashMap.hash(Ljava/lang/Object;)I @ 1
Event: 4.894 Thread 0x00000000021c0000 Uncommon trap: reason=null_check action=make_not_entrant pc=0x0000000002d9339c method=org.apache.maven.model.io.xpp3.MavenXpp3Reader.checkFieldWithDuplicate(Lorg/codehaus/plexus/util/xml/pull/XmlPullParser;Ljava/lang/String;Ljava/lang/String;Ljava/util/Se
Event: 5.048 Thread 0x00000000021c0000 Uncommon trap: reason=null_check action=make_not_entrant pc=0x0000000002d739e0 method=org.apache.maven.model.interpolation.StringSearchModelInterpolator$InterpolateObjectAction.getFields(Ljava/lang/Class;)[Ljava/lang/reflect/Field; @ 9
Event: 5.397 Thread 0x00000000021c0000 Uncommon trap: reason=unstable_if action=reinterpret pc=0x0000000002dabff8 method=java.util.regex.Pattern.has(I)Z @ 6

Classes redefined (0 events):
No events

Internal exceptions (10 events):
Event: 1.529 Thread 0x00000000021c0000 Exception <a 'java/lang/ArrayIndexOutOfBoundsException'> (0x00000000f6043508) thrown at [C:\jenkins\workspace\8-2-build-windows-amd64-cygwin\jdk8u251\737\hotspot\src\share\vm\runtime\sharedRuntime.cpp, line 605]
Event: 1.529 Thread 0x00000000021c0000 Exception <a 'java/lang/ArrayIndexOutOfBoundsException'> (0x00000000f60451b0) thrown at [C:\jenkins\workspace\8-2-build-windows-amd64-cygwin\jdk8u251\737\hotspot\src\share\vm\runtime\sharedRuntime.cpp, line 605]
Event: 1.730 Thread 0x00000000021c0000 Exception <a 'java/lang/NoClassDefFoundError': org/slf4j/Logger> (0x00000000f64e2dd8) thrown at [C:\jenkins\workspace\8-2-build-windows-amd64-cygwin\jdk8u251\737\hotspot\src\share\vm\classfile\systemDictionary.cpp, line 199]
Event: 1.964 Thread 0x00000000021c0000 Exception <a 'java/lang/NoClassDefFoundError': org/slf4j/LoggerFactory> (0x00000000f5f26a98) thrown at [C:\jenkins\workspace\8-2-build-windows-amd64-cygwin\jdk8u251\737\hotspot\src\share\vm\classfile\systemDictionary.cpp, line 199]
Event: 1.964 Thread 0x00000000021c0000 Exception <a 'java/lang/NoClassDefFoundError'> (0x00000000f5f26a98) thrown at [C:\jenkins\workspace\8-2-build-windows-amd64-cygwin\jdk8u251\737\hotspot\src\share\vm\oops\instanceKlass.cpp, line 959]
Event: 4.300 Thread 0x00000000021c0000 Implicit null exception at 0x0000000002c38a85 to 0x0000000002c38c59
Event: 4.300 Thread 0x00000000021c0000 Implicit null exception at 0x0000000002c1af6f to 0x0000000002c1afd5
Event: 4.301 Thread 0x00000000021c0000 Implicit null exception at 0x0000000002c16aeb to 0x0000000002c17095
Event: 4.894 Thread 0x00000000021c0000 Implicit null exception at 0x0000000002d921cd to 0x0000000002d93381
Event: 5.048 Thread 0x00000000021c0000 Implicit null exception at 0x0000000002d72b2f to 0x0000000002d739bf

Events (10 events):
Event: 5.240 Executing VM operation: RevokeBias done
Event: 5.396 loading class java/util/ArrayList$SubList
Event: 5.396 loading class java/util/ArrayList$SubList done
Event: 5.396 loading class java/util/ArrayList$SubList$1
Event: 5.396 loading class java/util/ArrayList$SubList$1 done
Event: 5.397 Thread 0x00000000021c0000 Uncommon trap: trap_request=0xffffff65 fr.pc=0x0000000002dabff8
Event: 5.397 Thread 0x00000000021c0000 DEOPT PACKING pc=0x0000000002dabff8 sp=0x00000000024fd180
Event: 5.397 Thread 0x00000000021c0000 DEOPT UNPACKING pc=0x00000000028c583b sp=0x00000000024fd0d8 mode 2
Event: 5.988 loading class java/util/AbstractList$1
Event: 5.988 loading class java/util/AbstractList$1 done


Dynamic libraries:
0x000000013f580000 - 0x000000013f5b7000 	C:\Program Files\Java\jdk1.8.0_251\bin\java.exe
0x0000000077440000 - 0x00000000775df000 	C:\Windows\SYSTEM32\ntdll.dll
0x0000000077220000 - 0x0000000077340000 	C:\Windows\system32\kernel32.dll
0x000007fefcf60000 - 0x000007fefcfc7000 	C:\Windows\system32\KERNELBASE.dll
0x000007feff2e0000 - 0x000007feff3bf000 	C:\Windows\system32\ADVAPI32.dll
0x000007fefdf40000 - 0x000007fefdfdf000 	C:\Windows\system32\msvcrt.dll
0x000007fefd5d0000 - 0x000007fefd5ef000 	C:\Windows\SYSTEM32\sechost.dll
0x000007fefd350000 - 0x000007fefd479000 	C:\Windows\system32\RPCRT4.dll
0x0000000077340000 - 0x000000007743b000 	C:\Windows\system32\USER32.dll
0x000007fefd560000 - 0x000007fefd5c8000 	C:\Windows\system32\GDI32.dll
0x000007fefdaa0000 - 0x000007fefdaae000 	C:\Windows\system32\LPK.dll
0x000007fefef10000 - 0x000007fefefdb000 	C:\Windows\system32\USP10.dll
0x000007fefb8a0000 - 0x000007fefba95000 	C:\Windows\WinSxS\amd64_microsoft.windows.common-controls_6595b64144ccf1df_6.0.7601.24483_none_e372d88f30fbb845\COMCTL32.dll
0x000007feff3c0000 - 0x000007feff431000 	C:\Windows\system32\SHLWAPI.dll
0x000007fefefe0000 - 0x000007feff00e000 	C:\Windows\system32\IMM32.DLL
0x000007fefdfe0000 - 0x000007fefe0eb000 	C:\Windows\system32\MSCTF.dll
0x00000000746f0000 - 0x00000000747c2000 	C:\Program Files\Java\jdk1.8.0_251\jre\bin\msvcr100.dll
0x00000000705e0000 - 0x0000000070e8b000 	C:\Program Files\Java\jdk1.8.0_251\jre\bin\server\jvm.dll
0x000007fefbd70000 - 0x000007fefbd79000 	C:\Windows\system32\WSOCK32.dll
0x000007feff440000 - 0x000007feff48d000 	C:\Windows\system32\WS2_32.dll
0x000007fefeee0000 - 0x000007fefeee8000 	C:\Windows\system32\NSI.dll
0x000007fefa1f0000 - 0x000007fefa22b000 	C:\Windows\system32\WINMM.dll
0x000007fefbf30000 - 0x000007fefbf3c000 	C:\Windows\system32\VERSION.dll
0x00000000775e0000 - 0x00000000775e7000 	C:\Windows\system32\PSAPI.DLL
0x000007fefb3d0000 - 0x000007fefb3df000 	C:\Program Files\Java\jdk1.8.0_251\jre\bin\verify.dll
0x000007fee0aa0000 - 0x000007fee0ac9000 	C:\Program Files\Java\jdk1.8.0_251\jre\bin\java.dll
0x000007fee07c0000 - 0x000007fee07d6000 	C:\Program Files\Java\jdk1.8.0_251\jre\bin\zip.dll
0x000007fefe150000 - 0x000007fefeedb000 	C:\Windows\system32\SHELL32.dll
0x000007feff490000 - 0x000007feff690000 	C:\Windows\system32\ole32.dll
0x000007fefcef0000 - 0x000007fefceff000 	C:\Windows\system32\profapi.dll
0x000007fefcc50000 - 0x000007fefcca7000 	C:\Windows\system32\apphelp.dll
0x000007fee07a0000 - 0x000007fee07ba000 	C:\Program Files\Java\jdk1.8.0_251\jre\bin\net.dll
0x000007fefc5b0000 - 0x000007fefc605000 	C:\Windows\system32\mswsock.dll
0x000007fefc5a0000 - 0x000007fefc5a7000 	C:\Windows\System32\wship6.dll
0x000007fee0780000 - 0x000007fee0792000 	C:\Program Files\Java\jdk1.8.0_251\jre\bin\nio.dll

VM Arguments:
jvm_args: -Dclassworlds.conf=C:\Program Files\NetBeans 8.2\java\maven\bin\m2.conf -Dmaven.home=C:\Program Files\NetBeans 8.2\java\maven 
java_command: org.codehaus.plexus.classworlds.launcher.Launcher -Dexec.args=-classpath %classpath com.mycompany.apistub.stub -Dexec.executable=C:\Program Files\Java\jdk1.8.0_251\bin\java.exe -Dexec.workingdir=C:\Users\dorothy\Documents\NetBeansProjects\ApiStub -Dmaven.ext.class.path=C:\Program Files\NetBeans 8.2\java\maven-nblib\netbeans-eventspy.jar -Dfile.encoding=UTF-8 org.codehaus.mojo:exec-maven-plugin:1.2.1:exec
java_class_path (initial): C:\Program Files\NetBeans 8.2\java\maven\boot\plexus-classworlds-2.4.jar
Launcher Type: SUN_STANDARD

Environment Variables:
JAVA_HOME=C:\Program Files\Java\jdk1.8.0_251
PATH=C:\Program Files\Java\jdk1.8.0_251\bin;C:\Program Files\apache-maven-3.6.3\bin;C:\Program Files\apache-maven-3.6.3\bin;C:\Program Files\Git\cmd;;C:\Users\dorothy\AppData\Local\Programs\Microsoft VS Code\bin
USERNAME=dorothy
OS=Windows_NT
PROCESSOR_IDENTIFIER=Intel64 Family 6 Model 58 Stepping 9, GenuineIntel



---------------  S Y S T E M  ---------------

OS: Windows 7 , 64 bit Build 7601 (6.1.7601.25827)

CPU:total 2 (initial active 2) (2 cores per cpu, 1 threads per core) family 6 model 58 stepping 9, cmov, cx8, fxsr, mmx, sse, sse2, sse3, ssse3, sse4.1, sse4.2, popcnt, clmul, erms, tsc, tscinvbit, tscinv

Memory: 4k page, physical 1980220k(301080k free), swap 7920880k(7048k free)

vm_info: Java HotSpot(TM) 64-Bit Server VM (25.251-b08) for windows-amd64 JRE (1.8.0_251-b08), built on Mar 12 2020 06:31:49 by "" with MS VC++ 10.0 (VS2010)

time: Mon May 23 03:52:13 2022
timezone: Pacific Daylight Time
elapsed time: 7 seconds (0d 0h 0m 7s)

