#
# There is insufficient memory for the Java Runtime Environment to continue.
# Native memory allocation (malloc) failed to allocate 239024 bytes for Chunk::new
# Possible reasons:
#   The system is out of physical RAM or swap space
#   The process is running with CompressedOops enabled, and the Java Heap may be blocking the growth of the native heap
# Possible solutions:
#   Reduce memory load on the system
#   Increase physical memory or swap space
#   Check if swap backing store is full
#   Decrease Java heap size (-Xmx/-Xms)
#   Decrease number of Java threads
#   Decrease Java thread stack sizes (-Xss)
#   Set larger code cache with -XX:ReservedCodeCacheSize=
#   JVM is running with Unscaled Compressed Oops mode in which the Java heap is
#     placed in the first 4GB address space. The Java Heap base address is the
#     maximum limit for the native heap growth. Please use -XX:HeapBaseMinAddress
#     to set the Java Heap base and to place the Java Heap above 4GB virtual address.
# This output file may be truncated or incomplete.
#
#  Out of Memory Error (allocation.cpp:389), pid=7644, tid=0x00000000000011a8
#
# JRE version: Java(TM) SE Runtime Environment (8.0_251-b08) (build 1.8.0_251-b08)
# Java VM: Java HotSpot(TM) 64-Bit Server VM (25.251-b08 mixed mode windows-amd64 compressed oops)
# Failed to write core dump. Minidumps are not enabled by default on client versions of Windows
#

---------------  T H R E A D  ---------------

Current thread (0x0000000053a4a800):  JavaThread "C2 CompilerThread0" daemon [_thread_in_native, id=4520, stack(0x0000000054ba0000,0x0000000054ca0000)]

Stack: [0x0000000054ba0000,0x0000000054ca0000]
[error occurred during error reporting (printing stack bounds), id 0xc0000005]

Native frames: (J=compiled Java code, j=interpreted, Vv=VM code, C=native code)


Current CompileTask:
C2:   6355 1707       4       org.codehaus.plexus.util.xml.Xpp3Dom::<init> (123 bytes)


---------------  P R O C E S S  ---------------

Java Threads: ( => current thread )
  0x0000000054cbc800 JavaThread "Service Thread" daemon [_thread_blocked, id=8540, stack(0x00000000550e0000,0x00000000551e0000)]
  0x0000000053a51800 JavaThread "C1 CompilerThread1" daemon [_thread_blocked, id=9152, stack(0x0000000011f90000,0x0000000012090000)]
=>0x0000000053a4a800 JavaThread "C2 CompilerThread0" daemon [_thread_in_native, id=4520, stack(0x0000000054ba0000,0x0000000054ca0000)]
  0x0000000053a45000 JavaThread "Attach Listener" daemon [_thread_blocked, id=9000, stack(0x0000000054a70000,0x0000000054b70000)]
  0x0000000053a44000 JavaThread "Signal Dispatcher" daemon [_thread_blocked, id=4308, stack(0x0000000054580000,0x0000000054680000)]
  0x0000000053a30800 JavaThread "Finalizer" daemon [_thread_blocked, id=8940, stack(0x0000000054840000,0x0000000054940000)]
  0x0000000053a25000 JavaThread "Reference Handler" daemon [_thread_blocked, id=8868, stack(0x0000000054680000,0x0000000054780000)]
  0x0000000002200000 JavaThread "main" [_thread_in_Java, id=8744, stack(0x00000000025d0000,0x00000000026d0000)]

Other Threads:
  0x00000000539df000 VMThread [stack: 0x0000000054440000,0x0000000054540000] [id=8936]
  0x0000000054cc8000 WatcherThread [stack: 0x0000000055280000,0x0000000055380000] [id=8960]

VM state:not at safepoint (normal execution)

VM Mutex/Monitor currently owned by a thread: None

heap address: 0x00000000e1c00000, size: 484 MB, Compressed Oops mode: 32-bit
Narrow klass base: 0x0000000000000000, Narrow klass shift: 0
Compressed class space size: 1073741824 Address: 0x00000000130b0000

Heap:
 PSYoungGen      total 20480K, used 17680K [0x00000000f5f00000, 0x00000000f8900000, 0x0000000100000000)
  eden space 17408K, 84% used [0x00000000f5f00000,0x00000000f6d48ab0,0x00000000f7000000)
  from space 3072K, 99% used [0x00000000f7000000,0x00000000f72fb7b8,0x00000000f7300000)
  to   space 4096K, 0% used [0x00000000f8500000,0x00000000f8500000,0x00000000f8900000)
 ParOldGen       total 22016K, used 6384K [0x00000000e1c00000, 0x00000000e3180000, 0x00000000f5f00000)
  object space 22016K, 28% used [0x00000000e1c00000,0x00000000e223c268,0x00000000e3180000)
 Metaspace       used 12563K, capacity 12844K, committed 13184K, reserved 1060864K
  class space    used 1522K, capacity 1612K, committed 1664K, reserved 1048576K

Card table byte_map: [0x0000000002300000,0x0000000002400000] byte_map_base: 0x0000000001bf2000

Marking Bits: (ParMarkBitMap*) 0x0000000070e0af90
 Begin Bits: [0x0000000012190000, 0x0000000012920000)
 End Bits:   [0x0000000012920000, 0x00000000130b0000)

Polling page: 0x0000000000240000

CodeCache: size=245760Kb used=6247Kb max_used=6247Kb free=239512Kb
 bounds [0x00000000029a0000, 0x0000000002fc0000, 0x00000000119a0000]
 total_blobs=2035 nmethods=1711 adapters=236
 compilation: enabled

Compilation events (10 events):
Event: 6.206 Thread 0x0000000053a51800 nmethod 1700 0x0000000002faca10 code [0x0000000002facb60, 0x0000000002faccd0]
Event: 6.206 Thread 0x0000000053a4a800 1703  s    4       java.util.Hashtable::put (104 bytes)
Event: 6.237 Thread 0x0000000053a4a800 nmethod 1703 0x0000000002faf7d0 code [0x0000000002faf980, 0x0000000002fb06b8]
Event: 6.237 Thread 0x0000000053a51800 1704       3       java.util.Properties::<init> (6 bytes)
Event: 6.238 Thread 0x0000000053a51800 nmethod 1704 0x0000000002fac4d0 code [0x0000000002fac660, 0x0000000002fac8e8]
Event: 6.238 Thread 0x0000000053a51800 1705       3       java.util.Properties::<init> (10 bytes)
Event: 6.238 Thread 0x0000000053a51800 nmethod 1705 0x0000000002faea90 code [0x0000000002faec20, 0x0000000002faee48]
Event: 6.239 Thread 0x0000000053a51800 1706  s!   3       java.util.Hashtable::clone (99 bytes)
Event: 6.239 Thread 0x0000000053a4a800 1707       4       org.codehaus.plexus.util.xml.Xpp3Dom::<init> (123 bytes)
Event: 6.240 Thread 0x0000000053a51800 nmethod 1706 0x0000000002fb98d0 code [0x0000000002fb9ac0, 0x0000000002fba408]

GC Heap History (10 events):
Event: 1.506 GC heap before
{Heap before GC invocations=3 (full 0):
 PSYoungGen      total 9728K, used 9703K [0x00000000f5f00000, 0x00000000f6980000, 0x0000000100000000)
  eden space 8704K, 100% used [0x00000000f5f00000,0x00000000f6780000,0x00000000f6780000)
  from space 1024K, 97% used [0x00000000f6880000,0x00000000f6979ea0,0x00000000f6980000)
  to   space 1024K, 0% used [0x00000000f6780000,0x00000000f6780000,0x00000000f6880000)
 ParOldGen       total 22016K, used 2149K [0x00000000e1c00000, 0x00000000e3180000, 0x00000000f5f00000)
  object space 22016K, 9% used [0x00000000e1c00000,0x00000000e1e194d8,0x00000000e3180000)
 Metaspace       used 6956K, capacity 7100K, committed 7424K, reserved 1056768K
  class space    used 869K, capacity 920K, committed 1024K, reserved 1048576K
Event: 1.510 GC heap after
Heap after GC invocations=3 (full 0):
 PSYoungGen      total 9728K, used 992K [0x00000000f5f00000, 0x00000000f6980000, 0x0000000100000000)
  eden space 8704K, 0% used [0x00000000f5f00000,0x00000000f5f00000,0x00000000f6780000)
  from space 1024K, 96% used [0x00000000f6780000,0x00000000f6878020,0x00000000f6880000)
  to   space 1024K, 0% used [0x00000000f6880000,0x00000000f6880000,0x00000000f6980000)
 ParOldGen       total 22016K, used 2639K [0x00000000e1c00000, 0x00000000e3180000, 0x00000000f5f00000)
  object space 22016K, 11% used [0x00000000e1c00000,0x00000000e1e93df8,0x00000000e3180000)
 Metaspace       used 6956K, capacity 7100K, committed 7424K, reserved 1056768K
  class space    used 869K, capacity 920K, committed 1024K, reserved 1048576K
}
Event: 1.860 GC heap before
{Heap before GC invocations=4 (full 0):
 PSYoungGen      total 9728K, used 9696K [0x00000000f5f00000, 0x00000000f6980000, 0x0000000100000000)
  eden space 8704K, 100% used [0x00000000f5f00000,0x00000000f6780000,0x00000000f6780000)
  from space 1024K, 96% used [0x00000000f6780000,0x00000000f6878020,0x00000000f6880000)
  to   space 1024K, 0% used [0x00000000f6880000,0x00000000f6880000,0x00000000f6980000)
 ParOldGen       total 22016K, used 2639K [0x00000000e1c00000, 0x00000000e3180000, 0x00000000f5f00000)
  object space 22016K, 11% used [0x00000000e1c00000,0x00000000e1e93df8,0x00000000e3180000)
 Metaspace       used 7983K, capacity 8168K, committed 8320K, reserved 1056768K
  class space    used 1016K, capacity 1082K, committed 1152K, reserved 1048576K
Event: 1.895 GC heap after
Heap after GC invocations=4 (full 0):
 PSYoungGen      total 9728K, used 1024K [0x00000000f5f00000, 0x00000000f7200000, 0x0000000100000000)
  eden space 8704K, 0% used [0x00000000f5f00000,0x00000000f5f00000,0x00000000f6780000)
  from space 1024K, 100% used [0x00000000f6880000,0x00000000f6980000,0x00000000f6980000)
  to   space 1024K, 0% used [0x00000000f6780000,0x00000000f6780000,0x00000000f6880000)
 ParOldGen       total 22016K, used 3779K [0x00000000e1c00000, 0x00000000e3180000, 0x00000000f5f00000)
  object space 22016K, 17% used [0x00000000e1c00000,0x00000000e1fb0f30,0x00000000e3180000)
 Metaspace       used 7983K, capacity 8168K, committed 8320K, reserved 1056768K
  class space    used 1016K, capacity 1082K, committed 1152K, reserved 1048576K
}
Event: 2.179 GC heap before
{Heap before GC invocations=5 (full 0):
 PSYoungGen      total 9728K, used 9728K [0x00000000f5f00000, 0x00000000f7200000, 0x0000000100000000)
  eden space 8704K, 100% used [0x00000000f5f00000,0x00000000f6780000,0x00000000f6780000)
  from space 1024K, 100% used [0x00000000f6880000,0x00000000f6980000,0x00000000f6980000)
  to   space 1024K, 0% used [0x00000000f6780000,0x00000000f6780000,0x00000000f6880000)
 ParOldGen       total 22016K, used 3779K [0x00000000e1c00000, 0x00000000e3180000, 0x00000000f5f00000)
  object space 22016K, 17% used [0x00000000e1c00000,0x00000000e1fb0f30,0x00000000e3180000)
 Metaspace       used 9193K, capacity 9372K, committed 9472K, reserved 1056768K
  class space    used 1178K, capacity 1245K, committed 1280K, reserved 1048576K
Event: 2.186 GC heap after
Heap after GC invocations=5 (full 0):
 PSYoungGen      total 9728K, used 1024K [0x00000000f5f00000, 0x00000000f7600000, 0x0000000100000000)
  eden space 8704K, 0% used [0x00000000f5f00000,0x00000000f5f00000,0x00000000f6780000)
  from space 1024K, 100% used [0x00000000f6780000,0x00000000f6880000,0x00000000f6880000)
  to   space 3072K, 0% used [0x00000000f7300000,0x00000000f7300000,0x00000000f7600000)
 ParOldGen       total 22016K, used 5148K [0x00000000e1c00000, 0x00000000e3180000, 0x00000000f5f00000)
  object space 22016K, 23% used [0x00000000e1c00000,0x00000000e2107170,0x00000000e3180000)
 Metaspace       used 9193K, capacity 9372K, committed 9472K, reserved 1056768K
  class space    used 1178K, capacity 1245K, committed 1280K, reserved 1048576K
}
Event: 2.542 GC heap before
{Heap before GC invocations=6 (full 0):
 PSYoungGen      total 9728K, used 9728K [0x00000000f5f00000, 0x00000000f7600000, 0x0000000100000000)
  eden space 8704K, 100% used [0x00000000f5f00000,0x00000000f6780000,0x00000000f6780000)
  from space 1024K, 100% used [0x00000000f6780000,0x00000000f6880000,0x00000000f6880000)
  to   space 3072K, 0% used [0x00000000f7300000,0x00000000f7300000,0x00000000f7600000)
 ParOldGen       total 22016K, used 5148K [0x00000000e1c00000, 0x00000000e3180000, 0x00000000f5f00000)
  object space 22016K, 23% used [0x00000000e1c00000,0x00000000e2107170,0x00000000e3180000)
 Metaspace       used 10311K, capacity 10460K, committed 10624K, reserved 1058816K
  class space    used 1311K, capacity 1373K, committed 1408K, reserved 1048576K
Event: 2.669 GC heap after
Heap after GC invocations=6 (full 0):
 PSYoungGen      total 20480K, used 2381K [0x00000000f5f00000, 0x00000000f7600000, 0x0000000100000000)
  eden space 17408K, 0% used [0x00000000f5f00000,0x00000000f5f00000,0x00000000f7000000)
  from space 3072K, 77% used [0x00000000f7300000,0x00000000f75534f8,0x00000000f7600000)
  to   space 3072K, 0% used [0x00000000f7000000,0x00000000f7000000,0x00000000f7300000)
 ParOldGen       total 22016K, used 5148K [0x00000000e1c00000, 0x00000000e3180000, 0x00000000f5f00000)
  object space 22016K, 23% used [0x00000000e1c00000,0x00000000e2107170,0x00000000e3180000)
 Metaspace       used 10311K, capacity 10460K, committed 10624K, reserved 1058816K
  class space    used 1311K, capacity 1373K, committed 1408K, reserved 1048576K
}
Event: 4.921 GC heap before
{Heap before GC invocations=7 (full 0):
 PSYoungGen      total 20480K, used 19789K [0x00000000f5f00000, 0x00000000f7600000, 0x0000000100000000)
  eden space 17408K, 100% used [0x00000000f5f00000,0x00000000f7000000,0x00000000f7000000)
  from space 3072K, 77% used [0x00000000f7300000,0x00000000f75534f8,0x00000000f7600000)
  to   space 3072K, 0% used [0x00000000f7000000,0x00000000f7000000,0x00000000f7300000)
 ParOldGen       total 22016K, used 5148K [0x00000000e1c00000, 0x00000000e3180000, 0x00000000f5f00000)
  object space 22016K, 23% used [0x00000000e1c00000,0x00000000e2107170,0x00000000e3180000)
 Metaspace       used 12293K, capacity 12472K, committed 12672K, reserved 1060864K
  class space    used 1501K, capacity 1575K, committed 1664K, reserved 1048576K
Event: 4.934 GC heap after
Heap after GC invocations=7 (full 0):
 PSYoungGen      total 20480K, used 3053K [0x00000000f5f00000, 0x00000000f8900000, 0x0000000100000000)
  eden space 17408K, 0% used [0x00000000f5f00000,0x00000000f5f00000,0x00000000f7000000)
  from space 3072K, 99% used [0x00000000f7000000,0x00000000f72fb7b8,0x00000000f7300000)
  to   space 4096K, 0% used [0x00000000f8500000,0x00000000f8500000,0x00000000f8900000)
 ParOldGen       total 22016K, used 6384K [0x00000000e1c00000, 0x00000000e3180000, 0x00000000f5f00000)
  object space 22016K, 28% used [0x00000000e1c00000,0x00000000e223c268,0x00000000e3180000)
 Metaspace       used 12293K, capacity 12472K, committed 12672K, reserved 1060864K
  class space    used 1501K, capacity 1575K, committed 1664K, reserved 1048576K
}

Deoptimization events (10 events):
Event: 3.667 Thread 0x0000000002200000 Uncommon trap: reason=unstable_if action=reinterpret pc=0x0000000002e24354 method=org.codehaus.plexus.util.xml.pull.MXParser.nextImpl()I @ 1149
Event: 3.691 Thread 0x0000000002200000 Uncommon trap: reason=unstable_if action=reinterpret pc=0x0000000002d592e8 method=java.util.HashMap.hash(Ljava/lang/Object;)I @ 1
Event: 3.691 Thread 0x0000000002200000 Uncommon trap: reason=unstable_if action=reinterpret pc=0x0000000002c90264 method=java.util.HashMap.hash(Ljava/lang/Object;)I @ 1
Event: 3.962 Thread 0x0000000002200000 Uncommon trap: reason=null_check action=make_not_entrant pc=0x0000000002e57898 method=org.apache.maven.model.io.xpp3.MavenXpp3Reader.checkFieldWithDuplicate(Lorg/codehaus/plexus/util/xml/pull/XmlPullParser;Ljava/lang/String;Ljava/lang/String;Ljava/util/Se
Event: 4.427 Thread 0x0000000002200000 Uncommon trap: reason=unstable_if action=reinterpret pc=0x0000000002e85ca8 method=java.lang.String.trim()Ljava/lang/String; @ 63
Event: 4.659 Thread 0x0000000002200000 Uncommon trap: reason=unstable_if action=reinterpret pc=0x0000000002e52398 method=org.codehaus.plexus.util.xml.pull.MXParser.nextImpl()I @ 912
Event: 5.259 Thread 0x0000000002200000 Uncommon trap: reason=unstable_if action=reinterpret pc=0x0000000002ee619c method=org.codehaus.plexus.util.xml.pull.MXParser.nextImpl()I @ 280
Event: 5.787 Thread 0x0000000002200000 Uncommon trap: reason=bimorphic action=maybe_recompile pc=0x0000000002e311f0 method=java.util.concurrent.ConcurrentHashMap.get(Ljava/lang/Object;)Ljava/lang/Object; @ 149
Event: 6.082 Thread 0x0000000002200000 Uncommon trap: reason=unstable_if action=reinterpret pc=0x0000000002f6f928 method=java.util.regex.Pattern.has(I)Z @ 6
Event: 6.082 Thread 0x0000000002200000 Uncommon trap: reason=unstable_if action=reinterpret pc=0x0000000002ee2d80 method=java.util.regex.Pattern.has(I)Z @ 6

Classes redefined (0 events):
No events

Internal exceptions (10 events):
Event: 0.976 Thread 0x0000000002200000 Exception <a 'java/lang/ArrayIndexOutOfBoundsException'> (0x00000000f626fa70) thrown at [C:\jenkins\workspace\8-2-build-windows-amd64-cygwin\jdk8u251\737\hotspot\src\share\vm\runtime\sharedRuntime.cpp, line 605]
Event: 1.002 Thread 0x0000000002200000 Exception <a 'java/lang/ArrayIndexOutOfBoundsException'> (0x00000000f62cfb68) thrown at [C:\jenkins\workspace\8-2-build-windows-amd64-cygwin\jdk8u251\737\hotspot\src\share\vm\runtime\sharedRuntime.cpp, line 605]
Event: 1.526 Thread 0x0000000002200000 Exception <a 'java/lang/ArrayIndexOutOfBoundsException'> (0x00000000f603ffc8) thrown at [C:\jenkins\workspace\8-2-build-windows-amd64-cygwin\jdk8u251\737\hotspot\src\share\vm\runtime\sharedRuntime.cpp, line 605]
Event: 1.526 Thread 0x0000000002200000 Exception <a 'java/lang/ArrayIndexOutOfBoundsException'> (0x00000000f6041c70) thrown at [C:\jenkins\workspace\8-2-build-windows-amd64-cygwin\jdk8u251\737\hotspot\src\share\vm\runtime\sharedRuntime.cpp, line 605]
Event: 1.724 Thread 0x0000000002200000 Exception <a 'java/lang/NoClassDefFoundError': org/slf4j/Logger> (0x00000000f64de700) thrown at [C:\jenkins\workspace\8-2-build-windows-amd64-cygwin\jdk8u251\737\hotspot\src\share\vm\classfile\systemDictionary.cpp, line 199]
Event: 1.900 Thread 0x0000000002200000 Exception <a 'java/lang/NoClassDefFoundError': org/slf4j/LoggerFactory> (0x00000000f5f22100) thrown at [C:\jenkins\workspace\8-2-build-windows-amd64-cygwin\jdk8u251\737\hotspot\src\share\vm\classfile\systemDictionary.cpp, line 199]
Event: 1.900 Thread 0x0000000002200000 Exception <a 'java/lang/NoClassDefFoundError'> (0x00000000f5f22100) thrown at [C:\jenkins\workspace\8-2-build-windows-amd64-cygwin\jdk8u251\737\hotspot\src\share\vm\oops\instanceKlass.cpp, line 959]
Event: 3.691 Thread 0x0000000002200000 Implicit null exception at 0x0000000002d59105 to 0x0000000002d592d9
Event: 3.691 Thread 0x0000000002200000 Implicit null exception at 0x0000000002c901ef to 0x0000000002c90255
Event: 3.962 Thread 0x0000000002200000 Implicit null exception at 0x0000000002e566cd to 0x0000000002e5787d

Events (10 events):
Event: 6.081 loading class java/util/ArrayList$SubList
Event: 6.081 loading class java/util/ArrayList$SubList done
Event: 6.081 loading class java/util/ArrayList$SubList$1
Event: 6.082 loading class java/util/ArrayList$SubList$1 done
Event: 6.082 Thread 0x0000000002200000 Uncommon trap: trap_request=0xffffff65 fr.pc=0x0000000002f6f928
Event: 6.082 Thread 0x0000000002200000 DEOPT PACKING pc=0x0000000002f6f928 sp=0x00000000026cd180
Event: 6.082 Thread 0x0000000002200000 DEOPT UNPACKING pc=0x00000000029e583b sp=0x00000000026cd0d8 mode 2
Event: 6.082 Thread 0x0000000002200000 Uncommon trap: trap_request=0xffffff65 fr.pc=0x0000000002ee2d80
Event: 6.082 Thread 0x0000000002200000 DEOPT PACKING pc=0x0000000002ee2d80 sp=0x00000000026cd130
Event: 6.082 Thread 0x0000000002200000 DEOPT UNPACKING pc=0x00000000029e583b sp=0x00000000026cd0c8 mode 2


Dynamic libraries:
0x000000013f580000 - 0x000000013f5b7000 	C:\Program Files\Java\jdk1.8.0_251\bin\java.exe
0x0000000077440000 - 0x00000000775df000 	C:\Windows\SYSTEM32\ntdll.dll
0x0000000077220000 - 0x0000000077340000 	C:\Windows\system32\kernel32.dll
0x000007fefcf60000 - 0x000007fefcfc7000 	C:\Windows\system32\KERNELBASE.dll
0x000007feff2e0000 - 0x000007feff3bf000 	C:\Windows\system32\ADVAPI32.dll
0x000007fefdf40000 - 0x000007fefdfdf000 	C:\Windows\system32\msvcrt.dll
0x000007fefd5d0000 - 0x000007fefd5ef000 	C:\Windows\SYSTEM32\sechost.dll
0x000007fefd350000 - 0x000007fefd479000 	C:\Windows\system32\RPCRT4.dll
0x0000000077340000 - 0x000000007743b000 	C:\Windows\system32\USER32.dll
0x000007fefd560000 - 0x000007fefd5c8000 	C:\Windows\system32\GDI32.dll
0x000007fefdaa0000 - 0x000007fefdaae000 	C:\Windows\system32\LPK.dll
0x000007fefef10000 - 0x000007fefefdb000 	C:\Windows\system32\USP10.dll
0x000007fefb8a0000 - 0x000007fefba95000 	C:\Windows\WinSxS\amd64_microsoft.windows.common-controls_6595b64144ccf1df_6.0.7601.24483_none_e372d88f30fbb845\COMCTL32.dll
0x000007feff3c0000 - 0x000007feff431000 	C:\Windows\system32\SHLWAPI.dll
0x000007fefefe0000 - 0x000007feff00e000 	C:\Windows\system32\IMM32.DLL
0x000007fefdfe0000 - 0x000007fefe0eb000 	C:\Windows\system32\MSCTF.dll
0x00000000746f0000 - 0x00000000747c2000 	C:\Program Files\Java\jdk1.8.0_251\jre\bin\msvcr100.dll
0x00000000705e0000 - 0x0000000070e8b000 	C:\Program Files\Java\jdk1.8.0_251\jre\bin\server\jvm.dll
0x000007fefbd70000 - 0x000007fefbd79000 	C:\Windows\system32\WSOCK32.dll
0x000007feff440000 - 0x000007feff48d000 	C:\Windows\system32\WS2_32.dll
0x000007fefeee0000 - 0x000007fefeee8000 	C:\Windows\system32\NSI.dll
0x000007fefa1f0000 - 0x000007fefa22b000 	C:\Windows\system32\WINMM.dll
0x000007fefbf30000 - 0x000007fefbf3c000 	C:\Windows\system32\VERSION.dll
0x00000000775e0000 - 0x00000000775e7000 	C:\Windows\system32\PSAPI.DLL
0x000007fefb3d0000 - 0x000007fefb3df000 	C:\Program Files\Java\jdk1.8.0_251\jre\bin\verify.dll
0x000007fee0aa0000 - 0x000007fee0ac9000 	C:\Program Files\Java\jdk1.8.0_251\jre\bin\java.dll
0x000007fee07c0000 - 0x000007fee07d6000 	C:\Program Files\Java\jdk1.8.0_251\jre\bin\zip.dll
0x000007fefe150000 - 0x000007fefeedb000 	C:\Windows\system32\SHELL32.dll
0x000007feff490000 - 0x000007feff690000 	C:\Windows\system32\ole32.dll
0x000007fefcef0000 - 0x000007fefceff000 	C:\Windows\system32\profapi.dll
0x000007fefcc50000 - 0x000007fefcca7000 	C:\Windows\system32\apphelp.dll
0x000007fee07a0000 - 0x000007fee07ba000 	C:\Program Files\Java\jdk1.8.0_251\jre\bin\net.dll
0x000007fefc5b0000 - 0x000007fefc605000 	C:\Windows\system32\mswsock.dll
0x000007fefc5a0000 - 0x000007fefc5a7000 	C:\Windows\System32\wship6.dll
0x000007fee0780000 - 0x000007fee0792000 	C:\Program Files\Java\jdk1.8.0_251\jre\bin\nio.dll

VM Arguments:
jvm_args: -Dclassworlds.conf=C:\Program Files\NetBeans 8.2\java\maven\bin\m2.conf -Dmaven.home=C:\Program Files\NetBeans 8.2\java\maven 
java_command: org.codehaus.plexus.classworlds.launcher.Launcher -Dmaven.ext.class.path=C:\Program Files\NetBeans 8.2\java\maven-nblib\netbeans-eventspy.jar -Dfile.encoding=UTF-8 clean install
java_class_path (initial): C:\Program Files\NetBeans 8.2\java\maven\boot\plexus-classworlds-2.4.jar
Launcher Type: SUN_STANDARD

Environment Variables:
JAVA_HOME=C:\Program Files\Java\jdk1.8.0_251
PATH=C:\Program Files\Java\jdk1.8.0_251\bin;C:\Program Files\apache-maven-3.6.3\bin;C:\Program Files\apache-maven-3.6.3\bin;C:\Program Files\Git\cmd;;C:\Users\dorothy\AppData\Local\Programs\Microsoft VS Code\bin
USERNAME=dorothy
OS=Windows_NT
PROCESSOR_IDENTIFIER=Intel64 Family 6 Model 58 Stepping 9, GenuineIntel



---------------  S Y S T E M  ---------------

OS: Windows 7 , 64 bit Build 7601 (6.1.7601.25827)

CPU:total 2 (initial active 2) (2 cores per cpu, 1 threads per core) family 6 model 58 stepping 9, cmov, cx8, fxsr, mmx, sse, sse2, sse3, ssse3, sse4.1, sse4.2, popcnt, clmul, erms, tsc, tscinvbit, tscinv

Memory: 4k page, physical 1980220k(305512k free), swap 7920880k(5316k free)

vm_info: Java HotSpot(TM) 64-Bit Server VM (25.251-b08) for windows-amd64 JRE (1.8.0_251-b08), built on Mar 12 2020 06:31:49 by "" with MS VC++ 10.0 (VS2010)

time: Mon May 23 03:51:19 2022
timezone: Pacific Daylight Time
elapsed time: 6 seconds (0d 0h 0m 6s)

