#
# There is insufficient memory for the Java Runtime Environment to continue.
# Native memory allocation (malloc) failed to allocate 32744 bytes for ChunkPool::allocate
# Possible reasons:
#   The system is out of physical RAM or swap space
#   The process is running with CompressedOops enabled, and the Java Heap may be blocking the growth of the native heap
# Possible solutions:
#   Reduce memory load on the system
#   Increase physical memory or swap space
#   Check if swap backing store is full
#   Decrease Java heap size (-Xmx/-Xms)
#   Decrease number of Java threads
#   Decrease Java thread stack sizes (-Xss)
#   Set larger code cache with -XX:ReservedCodeCacheSize=
#   JVM is running with Unscaled Compressed Oops mode in which the Java heap is
#     placed in the first 4GB address space. The Java Heap base address is the
#     maximum limit for the native heap growth. Please use -XX:HeapBaseMinAddress
#     to set the Java Heap base and to place the Java Heap above 4GB virtual address.
# This output file may be truncated or incomplete.
#
#  Out of Memory Error (allocation.cpp:272), pid=8140, tid=0x00000000000013fc
#
# JRE version: Java(TM) SE Runtime Environment (8.0_251-b08) (build 1.8.0_251-b08)
# Java VM: Java HotSpot(TM) 64-Bit Server VM (25.251-b08 mixed mode windows-amd64 compressed oops)
# Failed to write core dump. Minidumps are not enabled by default on client versions of Windows
#

---------------  T H R E A D  ---------------

Current thread (0x0000000053a88000):  JavaThread "C1 CompilerThread1" daemon [_thread_in_native, id=5116, stack(0x0000000054ee0000,0x0000000054fe0000)]

Stack: [0x0000000054ee0000,0x0000000054fe0000]
[error occurred during error reporting (printing stack bounds), id 0xc0000005]

Native frames: (J=compiled Java code, j=interpreted, Vv=VM code, C=native code)


Current CompileTask:
C1:  12731 1674       3       java.util.Properties$LineReader::readLine (468 bytes)


---------------  P R O C E S S  ---------------

Java Threads: ( => current thread )
  0x0000000053a8e000 JavaThread "Service Thread" daemon [_thread_blocked, id=5240, stack(0x00000000554b0000,0x00000000555b0000)]
=>0x0000000053a88000 JavaThread "C1 CompilerThread1" daemon [_thread_in_native, id=5116, stack(0x0000000054ee0000,0x0000000054fe0000)]
  0x0000000053a28000 JavaThread "C2 CompilerThread0" daemon [_thread_in_native, id=8272, stack(0x0000000054d20000,0x0000000054e20000)]
  0x0000000053a27000 JavaThread "Attach Listener" daemon [_thread_blocked, id=6024, stack(0x0000000054b90000,0x0000000054c90000)]
  0x0000000053a24000 JavaThread "Signal Dispatcher" daemon [_thread_blocked, id=8456, stack(0x00000000549c0000,0x0000000054ac0000)]
  0x0000000053a10800 JavaThread "Finalizer" daemon [_thread_blocked, id=4740, stack(0x0000000054830000,0x0000000054930000)]
  0x0000000053a05800 JavaThread "Reference Handler" daemon [_thread_blocked, id=8400, stack(0x0000000054720000,0x0000000054820000)]
  0x00000000021a0000 JavaThread "main" [_thread_in_native, id=5100, stack(0x0000000002560000,0x0000000002660000)]

Other Threads:
  0x00000000539bf800 VMThread [stack: 0x0000000054610000,0x0000000054710000] [id=8424]
  0x0000000054fe2800 WatcherThread [stack: 0x0000000054430000,0x0000000054530000] [id=8616]

VM state:not at safepoint (normal execution)

VM Mutex/Monitor currently owned by a thread: None

heap address: 0x00000000e1c00000, size: 484 MB, Compressed Oops mode: 32-bit
Narrow klass base: 0x0000000000000000, Narrow klass shift: 0
Compressed class space size: 1073741824 Address: 0x0000000013090000

Heap:
 PSYoungGen      total 18432K, used 15268K [0x00000000f5f00000, 0x00000000f8900000, 0x0000000100000000)
  eden space 17408K, 81% used [0x00000000f5f00000,0x00000000f6ced118,0x00000000f7000000)
  from space 1024K, 98% used [0x00000000f7000000,0x00000000f70fc010,0x00000000f7100000)
  to   space 4096K, 0% used [0x00000000f8500000,0x00000000f8500000,0x00000000f8900000)
 ParOldGen       total 22016K, used 8879K [0x00000000e1c00000, 0x00000000e3180000, 0x00000000f5f00000)
  object space 22016K, 40% used [0x00000000e1c00000,0x00000000e24abea0,0x00000000e3180000)
 Metaspace       used 12540K, capacity 12850K, committed 13184K, reserved 1060864K
  class space    used 1521K, capacity 1613K, committed 1664K, reserved 1048576K

Card table byte_map: [0x00000000023e0000,0x00000000024e0000] byte_map_base: 0x0000000001cd2000

Marking Bits: (ParMarkBitMap*) 0x000000007265af90
 Begin Bits: [0x0000000012170000, 0x0000000012900000)
 End Bits:   [0x0000000012900000, 0x0000000013090000)

Polling page: 0x0000000000130000

CodeCache: size=245760Kb used=5819Kb max_used=5819Kb free=239940Kb
 bounds [0x0000000002930000, 0x0000000002ef0000, 0x0000000011930000]
 total_blobs=1994 nmethods=1671 adapters=236
 compilation: enabled

Compilation events (10 events):
Event: 12.684 Thread 0x0000000053a88000 nmethod 1669 0x0000000002ee0a50 code [0x0000000002ee0ba0, 0x0000000002ee0cb0]
Event: 12.684 Thread 0x0000000053a88000 1670       1       org.sonatype.aether.collection.CollectRequest::getRequestContext (5 bytes)
Event: 12.684 Thread 0x0000000053a88000 nmethod 1670 0x0000000002ee0d10 code [0x0000000002ee0e60, 0x0000000002ee0f70]
Event: 12.684 Thread 0x0000000053a88000 1671       3       org.sonatype.aether.impl.internal.DefaultRemoteRepositoryManager::getKey (5 bytes)
Event: 12.684 Thread 0x0000000053a88000 nmethod 1671 0x0000000002ee0fd0 code [0x0000000002ee1120, 0x0000000002ee12b0]
Event: 12.684 Thread 0x0000000053a88000 1672       1       java.util.Collections$EmptyMap::hashCode (2 bytes)
Event: 12.684 Thread 0x0000000053a88000 nmethod 1672 0x0000000002ee1350 code [0x0000000002ee14a0, 0x0000000002ee15b0]
Event: 12.685 Thread 0x0000000053a88000 1673       3       org.sonatype.aether.util.artifact.AbstractArtifact::hashCode (83 bytes)
Event: 12.685 Thread 0x0000000053a88000 nmethod 1673 0x0000000002ee1610 code [0x0000000002ee1860, 0x0000000002ee2508]
Event: 12.687 Thread 0x0000000053a88000 1674       3       java.util.Properties$LineReader::readLine (468 bytes)

GC Heap History (10 events):
Event: 1.364 GC heap before
{Heap before GC invocations=1 (full 0):
 PSYoungGen      total 9728K, used 8699K [0x00000000f5f00000, 0x00000000f6980000, 0x0000000100000000)
  eden space 8704K, 99% used [0x00000000f5f00000,0x00000000f677efb0,0x00000000f6780000)
  from space 1024K, 0% used [0x00000000f6880000,0x00000000f6880000,0x00000000f6980000)
  to   space 1024K, 0% used [0x00000000f6780000,0x00000000f6780000,0x00000000f6880000)
 ParOldGen       total 22016K, used 0K [0x00000000e1c00000, 0x00000000e3180000, 0x00000000f5f00000)
  object space 22016K, 0% used [0x00000000e1c00000,0x00000000e1c00000,0x00000000e3180000)
 Metaspace       used 5402K, capacity 5836K, committed 6144K, reserved 1056768K
  class space    used 630K, capacity 696K, committed 768K, reserved 1048576K
Event: 1.461 GC heap after
Heap after GC invocations=1 (full 0):
 PSYoungGen      total 9728K, used 1024K [0x00000000f5f00000, 0x00000000f7200000, 0x0000000100000000)
  eden space 8704K, 0% used [0x00000000f5f00000,0x00000000f5f00000,0x00000000f6780000)
  from space 1024K, 100% used [0x00000000f6780000,0x00000000f6880000,0x00000000f6880000)
  to   space 1024K, 0% used [0x00000000f7100000,0x00000000f7100000,0x00000000f7200000)
 ParOldGen       total 22016K, used 1076K [0x00000000e1c00000, 0x00000000e3180000, 0x00000000f5f00000)
  object space 22016K, 4% used [0x00000000e1c00000,0x00000000e1d0d1f0,0x00000000e3180000)
 Metaspace       used 5402K, capacity 5836K, committed 6144K, reserved 1056768K
  class space    used 630K, capacity 696K, committed 768K, reserved 1048576K
}
Event: 3.067 GC heap before
{Heap before GC invocations=2 (full 0):
 PSYoungGen      total 9728K, used 9728K [0x00000000f5f00000, 0x00000000f7200000, 0x0000000100000000)
  eden space 8704K, 100% used [0x00000000f5f00000,0x00000000f6780000,0x00000000f6780000)
  from space 1024K, 100% used [0x00000000f6780000,0x00000000f6880000,0x00000000f6880000)
  to   space 1024K, 0% used [0x00000000f7100000,0x00000000f7100000,0x00000000f7200000)
 ParOldGen       total 22016K, used 1076K [0x00000000e1c00000, 0x00000000e3180000, 0x00000000f5f00000)
  object space 22016K, 4% used [0x00000000e1c00000,0x00000000e1d0d1f0,0x00000000e3180000)
 Metaspace       used 6737K, capacity 6876K, committed 7040K, reserved 1056768K
  class space    used 823K, capacity 888K, committed 896K, reserved 1048576K
Event: 3.072 GC heap after
Heap after GC invocations=2 (full 0):
 PSYoungGen      total 18432K, used 999K [0x00000000f5f00000, 0x00000000f7200000, 0x0000000100000000)
  eden space 17408K, 0% used [0x00000000f5f00000,0x00000000f5f00000,0x00000000f7000000)
  from space 1024K, 97% used [0x00000000f7100000,0x00000000f71f9ea0,0x00000000f7200000)
  to   space 1024K, 0% used [0x00000000f7000000,0x00000000f7000000,0x00000000f7100000)
 ParOldGen       total 22016K, used 2135K [0x00000000e1c00000, 0x00000000e3180000, 0x00000000f5f00000)
  object space 22016K, 9% used [0x00000000e1c00000,0x00000000e1e15c80,0x00000000e3180000)
 Metaspace       used 6737K, capacity 6876K, committed 7040K, reserved 1056768K
  class space    used 823K, capacity 888K, committed 896K, reserved 1048576K
}
Event: 3.956 GC heap before
{Heap before GC invocations=3 (full 0):
 PSYoungGen      total 18432K, used 18407K [0x00000000f5f00000, 0x00000000f7200000, 0x0000000100000000)
  eden space 17408K, 100% used [0x00000000f5f00000,0x00000000f7000000,0x00000000f7000000)
  from space 1024K, 97% used [0x00000000f7100000,0x00000000f71f9ea0,0x00000000f7200000)
  to   space 1024K, 0% used [0x00000000f7000000,0x00000000f7000000,0x00000000f7100000)
 ParOldGen       total 22016K, used 2135K [0x00000000e1c00000, 0x00000000e3180000, 0x00000000f5f00000)
  object space 22016K, 9% used [0x00000000e1c00000,0x00000000e1e15c80,0x00000000e3180000)
 Metaspace       used 7973K, capacity 8104K, committed 8320K, reserved 1056768K
  class space    used 1013K, capacity 1082K, committed 1152K, reserved 1048576K
Event: 3.971 GC heap after
Heap after GC invocations=3 (full 0):
 PSYoungGen      total 18432K, used 1008K [0x00000000f5f00000, 0x00000000f7200000, 0x0000000100000000)
  eden space 17408K, 0% used [0x00000000f5f00000,0x00000000f5f00000,0x00000000f7000000)
  from space 1024K, 98% used [0x00000000f7000000,0x00000000f70fc010,0x00000000f7100000)
  to   space 1024K, 0% used [0x00000000f7100000,0x00000000f7100000,0x00000000f7200000)
 ParOldGen       total 22016K, used 3731K [0x00000000e1c00000, 0x00000000e3180000, 0x00000000f5f00000)
  object space 22016K, 16% used [0x00000000e1c00000,0x00000000e1fa4d90,0x00000000e3180000)
 Metaspace       used 7973K, capacity 8104K, committed 8320K, reserved 1056768K
  class space    used 1013K, capacity 1082K, committed 1152K, reserved 1048576K
}
Event: 5.015 GC heap before
{Heap before GC invocations=4 (full 0):
 PSYoungGen      total 18432K, used 18416K [0x00000000f5f00000, 0x00000000f7200000, 0x0000000100000000)
  eden space 17408K, 100% used [0x00000000f5f00000,0x00000000f7000000,0x00000000f7000000)
  from space 1024K, 98% used [0x00000000f7000000,0x00000000f70fc010,0x00000000f7100000)
  to   space 1024K, 0% used [0x00000000f7100000,0x00000000f7100000,0x00000000f7200000)
 ParOldGen       total 22016K, used 3731K [0x00000000e1c00000, 0x00000000e3180000, 0x00000000f5f00000)
  object space 22016K, 16% used [0x00000000e1c00000,0x00000000e1fa4d90,0x00000000e3180000)
 Metaspace       used 10277K, capacity 10460K, committed 10624K, reserved 1058816K
  class space    used 1309K, capacity 1373K, committed 1408K, reserved 1048576K
Event: 5.048 GC heap after
Heap after GC invocations=4 (full 0):
 PSYoungGen      total 18432K, used 1024K [0x00000000f5f00000, 0x00000000f7200000, 0x0000000100000000)
  eden space 17408K, 0% used [0x00000000f5f00000,0x00000000f5f00000,0x00000000f7000000)
  from space 1024K, 100% used [0x00000000f7100000,0x00000000f7200000,0x00000000f7200000)
  to   space 1024K, 0% used [0x00000000f7000000,0x00000000f7000000,0x00000000f7100000)
 ParOldGen       total 22016K, used 6410K [0x00000000e1c00000, 0x00000000e3180000, 0x00000000f5f00000)
  object space 22016K, 29% used [0x00000000e1c00000,0x00000000e2242af0,0x00000000e3180000)
 Metaspace       used 10277K, capacity 10460K, committed 10624K, reserved 1058816K
  class space    used 1309K, capacity 1373K, committed 1408K, reserved 1048576K
}
Event: 11.412 GC heap before
{Heap before GC invocations=5 (full 0):
 PSYoungGen      total 18432K, used 18432K [0x00000000f5f00000, 0x00000000f7200000, 0x0000000100000000)
  eden space 17408K, 100% used [0x00000000f5f00000,0x00000000f7000000,0x00000000f7000000)
  from space 1024K, 100% used [0x00000000f7100000,0x00000000f7200000,0x00000000f7200000)
  to   space 1024K, 0% used [0x00000000f7000000,0x00000000f7000000,0x00000000f7100000)
 ParOldGen       total 22016K, used 6410K [0x00000000e1c00000, 0x00000000e3180000, 0x00000000f5f00000)
  object space 22016K, 29% used [0x00000000e1c00000,0x00000000e2242af0,0x00000000e3180000)
 Metaspace       used 12428K, capacity 12678K, committed 12928K, reserved 1060864K
  class space    used 1517K, capacity 1579K, committed 1664K, reserved 1048576K
Event: 11.429 GC heap after
Heap after GC invocations=5 (full 0):
 PSYoungGen      total 18432K, used 1008K [0x00000000f5f00000, 0x00000000f8900000, 0x0000000100000000)
  eden space 17408K, 0% used [0x00000000f5f00000,0x00000000f5f00000,0x00000000f7000000)
  from space 1024K, 98% used [0x00000000f7000000,0x00000000f70fc010,0x00000000f7100000)
  to   space 4096K, 0% used [0x00000000f8500000,0x00000000f8500000,0x00000000f8900000)
 ParOldGen       total 22016K, used 8879K [0x00000000e1c00000, 0x00000000e3180000, 0x00000000f5f00000)
  object space 22016K, 40% used [0x00000000e1c00000,0x00000000e24abea0,0x00000000e3180000)
 Metaspace       used 12428K, capacity 12678K, committed 12928K, reserved 1060864K
  class space    used 1517K, capacity 1579K, committed 1664K, reserved 1048576K
}

Deoptimization events (10 events):
Event: 4.204 Thread 0x00000000021a0000 Uncommon trap: reason=bimorphic action=maybe_recompile pc=0x0000000002c88a08 method=java.util.HashMap.putVal(ILjava/lang/Object;Ljava/lang/Object;ZZ)Ljava/lang/Object; @ 203
Event: 4.204 Thread 0x00000000021a0000 Uncommon trap: reason=bimorphic action=maybe_recompile pc=0x0000000002c88a08 method=java.util.HashMap.putVal(ILjava/lang/Object;Ljava/lang/Object;ZZ)Ljava/lang/Object; @ 203
Event: 5.435 Thread 0x00000000021a0000 Uncommon trap: reason=unstable_if action=reinterpret pc=0x0000000002bf6c7c method=org.codehaus.plexus.util.xml.pull.MXParser.parseStartTag()I @ 443
Event: 8.251 Thread 0x00000000021a0000 Uncommon trap: reason=unstable_if action=reinterpret pc=0x0000000002ad7984 method=java.lang.String.replace(CC)Ljava/lang/String; @ 2
Event: 10.357 Thread 0x00000000021a0000 Uncommon trap: reason=unstable_if action=reinterpret pc=0x0000000002d65a2c method=org.codehaus.plexus.util.xml.pull.MXParser.nextImpl()I @ 960
Event: 10.572 Thread 0x00000000021a0000 Uncommon trap: reason=unstable_if action=reinterpret pc=0x0000000002cd7328 method=java.util.HashMap.hash(Ljava/lang/Object;)I @ 1
Event: 10.572 Thread 0x00000000021a0000 Uncommon trap: reason=unstable_if action=reinterpret pc=0x0000000002cb20e4 method=java.util.HashMap.hash(Ljava/lang/Object;)I @ 1
Event: 10.573 Thread 0x00000000021a0000 Uncommon trap: reason=unstable_if action=reinterpret pc=0x0000000002cb4b30 method=java.util.HashMap.hash(Ljava/lang/Object;)I @ 1
Event: 11.227 Thread 0x00000000021a0000 Uncommon trap: reason=null_check action=make_not_entrant pc=0x0000000002e41f64 method=org.apache.maven.model.io.xpp3.MavenXpp3Reader.checkFieldWithDuplicate(Lorg/codehaus/plexus/util/xml/pull/XmlPullParser;Ljava/lang/String;Ljava/lang/String;Ljava/util/Se
Event: 11.648 Thread 0x00000000021a0000 Uncommon trap: reason=unstable_if action=reinterpret pc=0x0000000002e4e9f4 method=java.util.regex.Pattern.has(I)Z @ 6

Classes redefined (0 events):
No events

Internal exceptions (10 events):
Event: 2.246 Thread 0x00000000021a0000 Exception <a 'java/lang/ArrayIndexOutOfBoundsException'> (0x00000000f62d57d8) thrown at [C:\jenkins\workspace\8-2-build-windows-amd64-cygwin\jdk8u251\737\hotspot\src\share\vm\runtime\sharedRuntime.cpp, line 605]
Event: 3.424 Thread 0x00000000021a0000 Exception <a 'java/lang/ArrayIndexOutOfBoundsException'> (0x00000000f68d51e0) thrown at [C:\jenkins\workspace\8-2-build-windows-amd64-cygwin\jdk8u251\737\hotspot\src\share\vm\runtime\sharedRuntime.cpp, line 605]
Event: 3.433 Thread 0x00000000021a0000 Exception <a 'java/lang/ArrayIndexOutOfBoundsException'> (0x00000000f68d6e88) thrown at [C:\jenkins\workspace\8-2-build-windows-amd64-cygwin\jdk8u251\737\hotspot\src\share\vm\runtime\sharedRuntime.cpp, line 605]
Event: 3.704 Thread 0x00000000021a0000 Exception <a 'java/lang/NoClassDefFoundError': org/slf4j/Logger> (0x00000000f6d95528) thrown at [C:\jenkins\workspace\8-2-build-windows-amd64-cygwin\jdk8u251\737\hotspot\src\share\vm\classfile\systemDictionary.cpp, line 199]
Event: 3.987 Thread 0x00000000021a0000 Exception <a 'java/lang/NoClassDefFoundError': org/slf4j/LoggerFactory> (0x00000000f5f583b8) thrown at [C:\jenkins\workspace\8-2-build-windows-amd64-cygwin\jdk8u251\737\hotspot\src\share\vm\classfile\systemDictionary.cpp, line 199]
Event: 3.987 Thread 0x00000000021a0000 Exception <a 'java/lang/NoClassDefFoundError'> (0x00000000f5f583b8) thrown at [C:\jenkins\workspace\8-2-build-windows-amd64-cygwin\jdk8u251\737\hotspot\src\share\vm\oops\instanceKlass.cpp, line 959]
Event: 10.572 Thread 0x00000000021a0000 Implicit null exception at 0x0000000002cd7145 to 0x0000000002cd7319
Event: 10.572 Thread 0x00000000021a0000 Implicit null exception at 0x0000000002cb206f to 0x0000000002cb20d5
Event: 10.573 Thread 0x00000000021a0000 Implicit null exception at 0x0000000002cb456b to 0x0000000002cb4b15
Event: 11.227 Thread 0x00000000021a0000 Implicit null exception at 0x0000000002e40d8d to 0x0000000002e41f49

Events (10 events):
Event: 11.429 Executing VM operation: ParallelGCFailedAllocation done
Event: 11.647 loading class java/util/ArrayList$SubList
Event: 11.647 loading class java/util/ArrayList$SubList done
Event: 11.647 loading class java/util/ArrayList$SubList$1
Event: 11.647 loading class java/util/ArrayList$SubList$1 done
Event: 11.648 Thread 0x00000000021a0000 Uncommon trap: trap_request=0xffffff65 fr.pc=0x0000000002e4e9f4
Event: 11.648 Thread 0x00000000021a0000 DEOPT PACKING pc=0x0000000002e4e9f4 sp=0x000000000265d230
Event: 11.648 Thread 0x00000000021a0000 DEOPT UNPACKING pc=0x000000000297583b sp=0x000000000265d188 mode 2
Event: 12.259 loading class java/util/AbstractList$1
Event: 12.259 loading class java/util/AbstractList$1 done


Dynamic libraries:
0x000000013fa70000 - 0x000000013faa7000 	C:\Program Files\Java\jdk1.8.0_251\bin\java.exe
0x0000000076fb0000 - 0x000000007714f000 	C:\Windows\SYSTEM32\ntdll.dll
0x0000000076d90000 - 0x0000000076eb0000 	C:\Windows\system32\kernel32.dll
0x000007fefcce0000 - 0x000007fefcd47000 	C:\Windows\system32\KERNELBASE.dll
0x000007fefcec0000 - 0x000007fefcf9f000 	C:\Windows\system32\ADVAPI32.dll
0x000007fefe010000 - 0x000007fefe0af000 	C:\Windows\system32\msvcrt.dll
0x000007fefe4f0000 - 0x000007fefe50f000 	C:\Windows\SYSTEM32\sechost.dll
0x000007fefe3c0000 - 0x000007fefe4e9000 	C:\Windows\system32\RPCRT4.dll
0x0000000076eb0000 - 0x0000000076fab000 	C:\Windows\system32\USER32.dll
0x000007fefd520000 - 0x000007fefd588000 	C:\Windows\system32\GDI32.dll
0x000007fefd350000 - 0x000007fefd35e000 	C:\Windows\system32\LPK.dll
0x000007fefde80000 - 0x000007fefdf4b000 	C:\Windows\system32\USP10.dll
0x000007fefb410000 - 0x000007fefb605000 	C:\Windows\WinSxS\amd64_microsoft.windows.common-controls_6595b64144ccf1df_6.0.7601.24483_none_e372d88f30fbb845\COMCTL32.dll
0x000007fefd860000 - 0x000007fefd8d1000 	C:\Windows\system32\SHLWAPI.dll
0x000007fefd360000 - 0x000007fefd38e000 	C:\Windows\system32\IMM32.DLL
0x000007fefe0b0000 - 0x000007fefe1bb000 	C:\Windows\system32\MSCTF.dll
0x0000000074220000 - 0x00000000742f2000 	C:\Program Files\Java\jdk1.8.0_251\jre\bin\msvcr100.dll
0x0000000071e30000 - 0x00000000726db000 	C:\Program Files\Java\jdk1.8.0_251\jre\bin\server\jvm.dll
0x000007fed2550000 - 0x000007fed2559000 	C:\Windows\system32\WSOCK32.dll
0x000007fefde30000 - 0x000007fefde7d000 	C:\Windows\system32\WS2_32.dll
0x000007fefd020000 - 0x000007fefd028000 	C:\Windows\system32\NSI.dll
0x000007fef9d60000 - 0x000007fef9d9b000 	C:\Windows\system32\WINMM.dll
0x000007fefbaa0000 - 0x000007fefbaac000 	C:\Windows\system32\VERSION.dll
0x0000000077160000 - 0x0000000077167000 	C:\Windows\system32\PSAPI.DLL
0x000007fed03f0000 - 0x000007fed03ff000 	C:\Program Files\Java\jdk1.8.0_251\jre\bin\verify.dll
0x000007fed03c0000 - 0x000007fed03e9000 	C:\Program Files\Java\jdk1.8.0_251\jre\bin\java.dll
0x000007fed0360000 - 0x000007fed0376000 	C:\Program Files\Java\jdk1.8.0_251\jre\bin\zip.dll
0x000007fefe510000 - 0x000007feff29b000 	C:\Windows\system32\SHELL32.dll
0x000007fefe1c0000 - 0x000007fefe3c0000 	C:\Windows\system32\ole32.dll
0x000007fefca20000 - 0x000007fefca2f000 	C:\Windows\system32\profapi.dll
0x000007fefc800000 - 0x000007fefc857000 	C:\Windows\system32\apphelp.dll
0x000007fed0340000 - 0x000007fed035a000 	C:\Program Files\Java\jdk1.8.0_251\jre\bin\net.dll
0x000007fefc120000 - 0x000007fefc175000 	C:\Windows\system32\mswsock.dll
0x000007fefc110000 - 0x000007fefc117000 	C:\Windows\System32\wship6.dll
0x000007fed0320000 - 0x000007fed0332000 	C:\Program Files\Java\jdk1.8.0_251\jre\bin\nio.dll

VM Arguments:
jvm_args: -Dclassworlds.conf=C:\Program Files\NetBeans 8.2\java\maven\bin\m2.conf -Dmaven.home=C:\Program Files\NetBeans 8.2\java\maven 
java_command: org.codehaus.plexus.classworlds.launcher.Launcher -Dexec.args=-classpath %classpath com.mycompany.apistub.stub -Dexec.executable=C:\Program Files\Java\jdk1.8.0_251\bin\java.exe -Dexec.workingdir=C:\Users\dorothy\Documents\NetBeansProjects\ApiStub -Dmaven.ext.class.path=C:\Program Files\NetBeans 8.2\java\maven-nblib\netbeans-eventspy.jar -Dfile.encoding=UTF-8 org.codehaus.mojo:exec-maven-plugin:1.2.1:exec
java_class_path (initial): C:\Program Files\NetBeans 8.2\java\maven\boot\plexus-classworlds-2.4.jar
Launcher Type: SUN_STANDARD

Environment Variables:
JAVA_HOME=C:\Program Files\Java\jdk1.8.0_251
PATH=C:\Program Files\Java\jdk1.8.0_251\bin;C:\Program Files\apache-maven-3.6.3\bin;C:\Program Files\apache-maven-3.6.3\bin;C:\Program Files\Git\cmd;;C:\Users\dorothy\AppData\Local\Programs\Microsoft VS Code\bin
USERNAME=dorothy
OS=Windows_NT
PROCESSOR_IDENTIFIER=Intel64 Family 6 Model 58 Stepping 9, GenuineIntel



---------------  S Y S T E M  ---------------

OS: Windows 7 , 64 bit Build 7601 (6.1.7601.25827)

CPU:total 2 (initial active 2) (2 cores per cpu, 1 threads per core) family 6 model 58 stepping 9, cmov, cx8, fxsr, mmx, sse, sse2, sse3, ssse3, sse4.1, sse4.2, popcnt, clmul, erms, tsc, tscinvbit, tscinv

Memory: 4k page, physical 1980220k(186916k free), swap 7920880k(5096k free)

vm_info: Java HotSpot(TM) 64-Bit Server VM (25.251-b08) for windows-amd64 JRE (1.8.0_251-b08), built on Mar 12 2020 06:31:49 by "" with MS VC++ 10.0 (VS2010)

time: Fri May 27 13:40:37 2022
timezone: Pacific Daylight Time
elapsed time: 12 seconds (0d 0h 0m 12s)

