#
# There is insufficient memory for the Java Runtime Environment to continue.
# Native memory allocation (malloc) failed to allocate 598416 bytes for Chunk::new
# Possible reasons:
#   The system is out of physical RAM or swap space
#   The process is running with CompressedOops enabled, and the Java Heap may be blocking the growth of the native heap
# Possible solutions:
#   Reduce memory load on the system
#   Increase physical memory or swap space
#   Check if swap backing store is full
#   Decrease Java heap size (-Xmx/-Xms)
#   Decrease number of Java threads
#   Decrease Java thread stack sizes (-Xss)
#   Set larger code cache with -XX:ReservedCodeCacheSize=
#   JVM is running with Unscaled Compressed Oops mode in which the Java heap is
#     placed in the first 4GB address space. The Java Heap base address is the
#     maximum limit for the native heap growth. Please use -XX:HeapBaseMinAddress
#     to set the Java Heap base and to place the Java Heap above 4GB virtual address.
# This output file may be truncated or incomplete.
#
#  Out of Memory Error (allocation.cpp:389), pid=7344, tid=0x0000000000001c90
#
# JRE version: Java(TM) SE Runtime Environment (8.0_251-b08) (build 1.8.0_251-b08)
# Java VM: Java HotSpot(TM) 64-Bit Server VM (25.251-b08 mixed mode windows-amd64 compressed oops)
# Failed to write core dump. Minidumps are not enabled by default on client versions of Windows
#

---------------  T H R E A D  ---------------

Current thread (0x0000000053990000):  JavaThread "C2 CompilerThread0" daemon [_thread_in_native, id=7312, stack(0x0000000054d00000,0x0000000054e00000)]

Stack: [0x0000000054d00000,0x0000000054e00000]
[error occurred during error reporting (printing stack bounds), id 0xc0000005]

Native frames: (J=compiled Java code, j=interpreted, Vv=VM code, C=native code)


Current CompileTask:
C2:   5486 1632   !   4       org.codehaus.plexus.interpolation.StringSearchInterpolator::interpolate (665 bytes)


---------------  P R O C E S S  ---------------

Java Threads: ( => current thread )
  0x0000000054e28800 JavaThread "Service Thread" daemon [_thread_blocked, id=4144, stack(0x0000000055290000,0x0000000055390000)]
  0x00000000539a9800 JavaThread "C1 CompilerThread1" daemon [_thread_blocked, id=9192, stack(0x00000000544f0000,0x00000000545f0000)]
=>0x0000000053990000 JavaThread "C2 CompilerThread0" daemon [_thread_in_native, id=7312, stack(0x0000000054d00000,0x0000000054e00000)]
  0x000000005398e800 JavaThread "Attach Listener" daemon [_thread_blocked, id=7464, stack(0x0000000054b80000,0x0000000054c80000)]
  0x0000000053988000 JavaThread "Signal Dispatcher" daemon [_thread_blocked, id=6444, stack(0x00000000549f0000,0x0000000054af0000)]
  0x0000000053970800 JavaThread "Finalizer" daemon [_thread_blocked, id=7024, stack(0x00000000547f0000,0x00000000548f0000)]
  0x0000000053965800 JavaThread "Reference Handler" daemon [_thread_blocked, id=1368, stack(0x0000000054680000,0x0000000054780000)]
  0x0000000002100000 JavaThread "main" [_thread_in_Java, id=4352, stack(0x0000000002590000,0x0000000002690000)]

Other Threads:
  0x000000005391f800 VMThread [stack: 0x00000000543a0000,0x00000000544a0000] [id=7284]
  0x00000000539bd800 WatcherThread [stack: 0x0000000055560000,0x0000000055660000] [id=7384]

VM state:not at safepoint (normal execution)

VM Mutex/Monitor currently owned by a thread: None

heap address: 0x00000000e1c00000, size: 484 MB, Compressed Oops mode: 32-bit
Narrow klass base: 0x0000000000000000, Narrow klass shift: 0
Compressed class space size: 1073741824 Address: 0x0000000012ff0000

Heap:
 PSYoungGen      total 20480K, used 14926K [0x00000000f5f00000, 0x00000000f8800000, 0x0000000100000000)
  eden space 17408K, 68% used [0x00000000f5f00000,0x00000000f6a95838,0x00000000f7000000)
  from space 3072K, 99% used [0x00000000f7000000,0x00000000f72fdfd8,0x00000000f7300000)
  to   space 3584K, 0% used [0x00000000f8480000,0x00000000f8480000,0x00000000f8800000)
 ParOldGen       total 22016K, used 5903K [0x00000000e1c00000, 0x00000000e3180000, 0x00000000f5f00000)
  object space 22016K, 26% used [0x00000000e1c00000,0x00000000e21c3fe8,0x00000000e3180000)
 Metaspace       used 12533K, capacity 12786K, committed 12928K, reserved 1060864K
  class space    used 1521K, capacity 1613K, committed 1664K, reserved 1048576K

Card table byte_map: [0x0000000002230000,0x0000000002330000] byte_map_base: 0x0000000001b22000

Marking Bits: (ParMarkBitMap*) 0x0000000070e0af90
 Begin Bits: [0x00000000120d0000, 0x0000000012860000)
 End Bits:   [0x0000000012860000, 0x0000000012ff0000)

Polling page: 0x0000000000330000

CodeCache: size=245760Kb used=5663Kb max_used=5675Kb free=240097Kb
 bounds [0x0000000002960000, 0x0000000002f00000, 0x0000000011960000]
 total_blobs=1954 nmethods=1631 adapters=236
 compilation: enabled

Compilation events (10 events):
Event: 5.400 Thread 0x0000000053990000 1629       4       java.util.LinkedHashMap$LinkedHashIterator::nextNode (54 bytes)
Event: 5.400 Thread 0x00000000539a9800 nmethod 1627 0x0000000002eea0d0 code [0x0000000002eea240, 0x0000000002eea4c8]
Event: 5.400 Thread 0x00000000539a9800 1628       1       org.apache.maven.model.RepositoryBase::getName (5 bytes)
Event: 5.400 Thread 0x00000000539a9800 nmethod 1628 0x0000000002ee9e10 code [0x0000000002ee9f60, 0x0000000002eea070]
Event: 5.401 Thread 0x0000000053990000 nmethod 1629 0x0000000002ee6e90 code [0x0000000002ee6fc0, 0x0000000002ee7078]
Event: 5.402 Thread 0x0000000053990000 1630       4       java.util.LinkedHashMap::get (33 bytes)
Event: 5.408 Thread 0x0000000053990000 nmethod 1630 0x0000000002ee81d0 code [0x0000000002ee8320, 0x0000000002ee8638]
Event: 5.409 Thread 0x0000000053990000 1631       4       java.util.HashSet::contains (9 bytes)
Event: 5.419 Thread 0x0000000053990000 nmethod 1631 0x0000000002ee7490 code [0x0000000002ee7620, 0x0000000002ee7b78]
Event: 5.420 Thread 0x0000000053990000 1632   !   4       org.codehaus.plexus.interpolation.StringSearchInterpolator::interpolate (665 bytes)

GC Heap History (10 events):
Event: 1.607 GC heap before
{Heap before GC invocations=3 (full 0):
 PSYoungGen      total 9728K, used 9712K [0x00000000f5f00000, 0x00000000f6980000, 0x0000000100000000)
  eden space 8704K, 100% used [0x00000000f5f00000,0x00000000f6780000,0x00000000f6780000)
  from space 1024K, 98% used [0x00000000f6880000,0x00000000f697c010,0x00000000f6980000)
  to   space 1024K, 0% used [0x00000000f6780000,0x00000000f6780000,0x00000000f6880000)
 ParOldGen       total 22016K, used 2165K [0x00000000e1c00000, 0x00000000e3180000, 0x00000000f5f00000)
  object space 22016K, 9% used [0x00000000e1c00000,0x00000000e1e1d7f8,0x00000000e3180000)
 Metaspace       used 6969K, capacity 7100K, committed 7424K, reserved 1056768K
  class space    used 870K, capacity 920K, committed 1024K, reserved 1048576K
Event: 1.611 GC heap after
Heap after GC invocations=3 (full 0):
 PSYoungGen      total 9728K, used 1008K [0x00000000f5f00000, 0x00000000f6980000, 0x0000000100000000)
  eden space 8704K, 0% used [0x00000000f5f00000,0x00000000f5f00000,0x00000000f6780000)
  from space 1024K, 98% used [0x00000000f6780000,0x00000000f687c030,0x00000000f6880000)
  to   space 1024K, 0% used [0x00000000f6880000,0x00000000f6880000,0x00000000f6980000)
 ParOldGen       total 22016K, used 2636K [0x00000000e1c00000, 0x00000000e3180000, 0x00000000f5f00000)
  object space 22016K, 11% used [0x00000000e1c00000,0x00000000e1e93238,0x00000000e3180000)
 Metaspace       used 6969K, capacity 7100K, committed 7424K, reserved 1056768K
  class space    used 870K, capacity 920K, committed 1024K, reserved 1048576K
}
Event: 1.963 GC heap before
{Heap before GC invocations=4 (full 0):
 PSYoungGen      total 9728K, used 9712K [0x00000000f5f00000, 0x00000000f6980000, 0x0000000100000000)
  eden space 8704K, 100% used [0x00000000f5f00000,0x00000000f6780000,0x00000000f6780000)
  from space 1024K, 98% used [0x00000000f6780000,0x00000000f687c030,0x00000000f6880000)
  to   space 1024K, 0% used [0x00000000f6880000,0x00000000f6880000,0x00000000f6980000)
 ParOldGen       total 22016K, used 2636K [0x00000000e1c00000, 0x00000000e3180000, 0x00000000f5f00000)
  object space 22016K, 11% used [0x00000000e1c00000,0x00000000e1e93238,0x00000000e3180000)
 Metaspace       used 7994K, capacity 8168K, committed 8320K, reserved 1056768K
  class space    used 1016K, capacity 1082K, committed 1152K, reserved 1048576K
Event: 1.969 GC heap after
Heap after GC invocations=4 (full 0):
 PSYoungGen      total 9728K, used 1024K [0x00000000f5f00000, 0x00000000f7200000, 0x0000000100000000)
  eden space 8704K, 0% used [0x00000000f5f00000,0x00000000f5f00000,0x00000000f6780000)
  from space 1024K, 100% used [0x00000000f6880000,0x00000000f6980000,0x00000000f6980000)
  to   space 1024K, 0% used [0x00000000f6780000,0x00000000f6780000,0x00000000f6880000)
 ParOldGen       total 22016K, used 3779K [0x00000000e1c00000, 0x00000000e3180000, 0x00000000f5f00000)
  object space 22016K, 17% used [0x00000000e1c00000,0x00000000e1fb0f68,0x00000000e3180000)
 Metaspace       used 7994K, capacity 8168K, committed 8320K, reserved 1056768K
  class space    used 1016K, capacity 1082K, committed 1152K, reserved 1048576K
}
Event: 2.266 GC heap before
{Heap before GC invocations=5 (full 0):
 PSYoungGen      total 9728K, used 9728K [0x00000000f5f00000, 0x00000000f7200000, 0x0000000100000000)
  eden space 8704K, 100% used [0x00000000f5f00000,0x00000000f6780000,0x00000000f6780000)
  from space 1024K, 100% used [0x00000000f6880000,0x00000000f6980000,0x00000000f6980000)
  to   space 1024K, 0% used [0x00000000f6780000,0x00000000f6780000,0x00000000f6880000)
 ParOldGen       total 22016K, used 3779K [0x00000000e1c00000, 0x00000000e3180000, 0x00000000f5f00000)
  object space 22016K, 17% used [0x00000000e1c00000,0x00000000e1fb0f68,0x00000000e3180000)
 Metaspace       used 9210K, capacity 9372K, committed 9472K, reserved 1056768K
  class space    used 1178K, capacity 1245K, committed 1280K, reserved 1048576K
Event: 2.272 GC heap after
Heap after GC invocations=5 (full 0):
 PSYoungGen      total 9728K, used 992K [0x00000000f5f00000, 0x00000000f7600000, 0x0000000100000000)
  eden space 8704K, 0% used [0x00000000f5f00000,0x00000000f5f00000,0x00000000f6780000)
  from space 1024K, 96% used [0x00000000f6780000,0x00000000f6878020,0x00000000f6880000)
  to   space 3072K, 0% used [0x00000000f7300000,0x00000000f7300000,0x00000000f7600000)
 ParOldGen       total 22016K, used 5173K [0x00000000e1c00000, 0x00000000e3180000, 0x00000000f5f00000)
  object space 22016K, 23% used [0x00000000e1c00000,0x00000000e210d500,0x00000000e3180000)
 Metaspace       used 9210K, capacity 9372K, committed 9472K, reserved 1056768K
  class space    used 1178K, capacity 1245K, committed 1280K, reserved 1048576K
}
Event: 2.670 GC heap before
{Heap before GC invocations=6 (full 0):
 PSYoungGen      total 9728K, used 9696K [0x00000000f5f00000, 0x00000000f7600000, 0x0000000100000000)
  eden space 8704K, 100% used [0x00000000f5f00000,0x00000000f6780000,0x00000000f6780000)
  from space 1024K, 96% used [0x00000000f6780000,0x00000000f6878020,0x00000000f6880000)
  to   space 3072K, 0% used [0x00000000f7300000,0x00000000f7300000,0x00000000f7600000)
 ParOldGen       total 22016K, used 5173K [0x00000000e1c00000, 0x00000000e3180000, 0x00000000f5f00000)
  object space 22016K, 23% used [0x00000000e1c00000,0x00000000e210d500,0x00000000e3180000)
 Metaspace       used 10317K, capacity 10460K, committed 10624K, reserved 1058816K
  class space    used 1311K, capacity 1373K, committed 1408K, reserved 1048576K
Event: 2.677 GC heap after
Heap after GC invocations=6 (full 0):
 PSYoungGen      total 20480K, used 2390K [0x00000000f5f00000, 0x00000000f7600000, 0x0000000100000000)
  eden space 17408K, 0% used [0x00000000f5f00000,0x00000000f5f00000,0x00000000f7000000)
  from space 3072K, 77% used [0x00000000f7300000,0x00000000f7555b98,0x00000000f7600000)
  to   space 3072K, 0% used [0x00000000f7000000,0x00000000f7000000,0x00000000f7300000)
 ParOldGen       total 22016K, used 5173K [0x00000000e1c00000, 0x00000000e3180000, 0x00000000f5f00000)
  object space 22016K, 23% used [0x00000000e1c00000,0x00000000e210d500,0x00000000e3180000)
 Metaspace       used 10317K, capacity 10460K, committed 10624K, reserved 1058816K
  class space    used 1311K, capacity 1373K, committed 1408K, reserved 1048576K
}
Event: 4.574 GC heap before
{Heap before GC invocations=7 (full 0):
 PSYoungGen      total 20480K, used 19798K [0x00000000f5f00000, 0x00000000f7600000, 0x0000000100000000)
  eden space 17408K, 100% used [0x00000000f5f00000,0x00000000f7000000,0x00000000f7000000)
  from space 3072K, 77% used [0x00000000f7300000,0x00000000f7555b98,0x00000000f7600000)
  to   space 3072K, 0% used [0x00000000f7000000,0x00000000f7000000,0x00000000f7300000)
 ParOldGen       total 22016K, used 5173K [0x00000000e1c00000, 0x00000000e3180000, 0x00000000f5f00000)
  object space 22016K, 23% used [0x00000000e1c00000,0x00000000e210d500,0x00000000e3180000)
 Metaspace       used 12444K, capacity 12678K, committed 12928K, reserved 1060864K
  class space    used 1516K, capacity 1579K, committed 1664K, reserved 1048576K
Event: 4.595 GC heap after
Heap after GC invocations=7 (full 0):
 PSYoungGen      total 20480K, used 3063K [0x00000000f5f00000, 0x00000000f8800000, 0x0000000100000000)
  eden space 17408K, 0% used [0x00000000f5f00000,0x00000000f5f00000,0x00000000f7000000)
  from space 3072K, 99% used [0x00000000f7000000,0x00000000f72fdfd8,0x00000000f7300000)
  to   space 3584K, 0% used [0x00000000f8480000,0x00000000f8480000,0x00000000f8800000)
 ParOldGen       total 22016K, used 5903K [0x00000000e1c00000, 0x00000000e3180000, 0x00000000f5f00000)
  object space 22016K, 26% used [0x00000000e1c00000,0x00000000e21c3fe8,0x00000000e3180000)
 Metaspace       used 12444K, capacity 12678K, committed 12928K, reserved 1060864K
  class space    used 1516K, capacity 1579K, committed 1664K, reserved 1048576K
}

Deoptimization events (10 events):
Event: 2.058 Thread 0x0000000002100000 Uncommon trap: reason=bimorphic action=maybe_recompile pc=0x0000000002cb1b4c method=java.util.HashMap.putVal(ILjava/lang/Object;Ljava/lang/Object;ZZ)Ljava/lang/Object; @ 203
Event: 2.058 Thread 0x0000000002100000 Uncommon trap: reason=bimorphic action=maybe_recompile pc=0x0000000002cb1b4c method=java.util.HashMap.putVal(ILjava/lang/Object;Ljava/lang/Object;ZZ)Ljava/lang/Object; @ 203
Event: 2.058 Thread 0x0000000002100000 Uncommon trap: reason=bimorphic action=maybe_recompile pc=0x0000000002cb1b4c method=java.util.HashMap.putVal(ILjava/lang/Object;Ljava/lang/Object;ZZ)Ljava/lang/Object; @ 203
Event: 2.828 Thread 0x0000000002100000 Uncommon trap: reason=unstable_if action=reinterpret pc=0x0000000002c180c8 method=org.codehaus.plexus.util.xml.pull.MXParser.parseStartTag()I @ 443
Event: 3.328 Thread 0x0000000002100000 Uncommon trap: reason=unstable_if action=reinterpret pc=0x0000000002b08f84 method=java.lang.String.replace(CC)Ljava/lang/String; @ 2
Event: 3.568 Thread 0x0000000002100000 Uncommon trap: reason=unstable_if action=reinterpret pc=0x0000000002d9dc6c method=org.codehaus.plexus.util.xml.pull.MXParser.nextImpl()I @ 960
Event: 3.812 Thread 0x0000000002100000 Uncommon trap: reason=unstable_if action=reinterpret pc=0x0000000002d17fa8 method=java.util.HashMap.hash(Ljava/lang/Object;)I @ 1
Event: 3.813 Thread 0x0000000002100000 Uncommon trap: reason=unstable_if action=reinterpret pc=0x0000000002cf0fe4 method=java.util.HashMap.hash(Ljava/lang/Object;)I @ 1
Event: 3.814 Thread 0x0000000002100000 Uncommon trap: reason=unstable_if action=reinterpret pc=0x0000000002ce9038 method=java.util.HashMap.hash(Ljava/lang/Object;)I @ 1
Event: 4.647 Thread 0x0000000002100000 Uncommon trap: reason=null_check action=make_not_entrant pc=0x0000000002e762dc method=org.apache.maven.model.io.xpp3.MavenXpp3Reader.checkFieldWithDuplicate(Lorg/codehaus/plexus/util/xml/pull/XmlPullParser;Ljava/lang/String;Ljava/lang/String;Ljava/util/Se

Classes redefined (0 events):
No events

Internal exceptions (10 events):
Event: 1.091 Thread 0x0000000002100000 Exception <a 'java/lang/ArrayIndexOutOfBoundsException'> (0x00000000f62d3bb0) thrown at [C:\jenkins\workspace\8-2-build-windows-amd64-cygwin\jdk8u251\737\hotspot\src\share\vm\runtime\sharedRuntime.cpp, line 605]
Event: 1.637 Thread 0x0000000002100000 Exception <a 'java/lang/ArrayIndexOutOfBoundsException'> (0x00000000f6043498) thrown at [C:\jenkins\workspace\8-2-build-windows-amd64-cygwin\jdk8u251\737\hotspot\src\share\vm\runtime\sharedRuntime.cpp, line 605]
Event: 1.637 Thread 0x0000000002100000 Exception <a 'java/lang/ArrayIndexOutOfBoundsException'> (0x00000000f6045140) thrown at [C:\jenkins\workspace\8-2-build-windows-amd64-cygwin\jdk8u251\737\hotspot\src\share\vm\runtime\sharedRuntime.cpp, line 605]
Event: 1.827 Thread 0x0000000002100000 Exception <a 'java/lang/NoClassDefFoundError': org/slf4j/Logger> (0x00000000f64e18f8) thrown at [C:\jenkins\workspace\8-2-build-windows-amd64-cygwin\jdk8u251\737\hotspot\src\share\vm\classfile\systemDictionary.cpp, line 199]
Event: 1.973 Thread 0x0000000002100000 Exception <a 'java/lang/NoClassDefFoundError': org/slf4j/LoggerFactory> (0x00000000f5f254c8) thrown at [C:\jenkins\workspace\8-2-build-windows-amd64-cygwin\jdk8u251\737\hotspot\src\share\vm\classfile\systemDictionary.cpp, line 199]
Event: 1.973 Thread 0x0000000002100000 Exception <a 'java/lang/NoClassDefFoundError'> (0x00000000f5f254c8) thrown at [C:\jenkins\workspace\8-2-build-windows-amd64-cygwin\jdk8u251\737\hotspot\src\share\vm\oops\instanceKlass.cpp, line 959]
Event: 3.812 Thread 0x0000000002100000 Implicit null exception at 0x0000000002d17dc5 to 0x0000000002d17f99
Event: 3.813 Thread 0x0000000002100000 Implicit null exception at 0x0000000002cf0f6f to 0x0000000002cf0fd5
Event: 3.814 Thread 0x0000000002100000 Implicit null exception at 0x0000000002ce8a6b to 0x0000000002ce901d
Event: 4.647 Thread 0x0000000002100000 Implicit null exception at 0x0000000002e7510d to 0x0000000002e762c1

Events (10 events):
Event: 4.600 Executing VM operation: RevokeBias done
Event: 4.647 Thread 0x0000000002100000 Uncommon trap: trap_request=0xfffffff4 fr.pc=0x0000000002e762dc
Event: 4.647 Thread 0x0000000002100000 DEOPT PACKING pc=0x0000000002e762dc sp=0x000000000268d5c0
Event: 4.647 Thread 0x0000000002100000 DEOPT UNPACKING pc=0x00000000029a583b sp=0x000000000268d5a0 mode 2
Event: 4.690 loading class java/util/ArrayList$SubList
Event: 4.690 loading class java/util/ArrayList$SubList done
Event: 4.690 loading class java/util/ArrayList$SubList$1
Event: 4.690 loading class java/util/ArrayList$SubList$1 done
Event: 5.197 loading class java/util/AbstractList$1
Event: 5.197 loading class java/util/AbstractList$1 done


Dynamic libraries:
0x000000013f580000 - 0x000000013f5b7000 	C:\Program Files\Java\jdk1.8.0_251\bin\java.exe
0x0000000077440000 - 0x00000000775df000 	C:\Windows\SYSTEM32\ntdll.dll
0x0000000077220000 - 0x0000000077340000 	C:\Windows\system32\kernel32.dll
0x000007fefcf60000 - 0x000007fefcfc7000 	C:\Windows\system32\KERNELBASE.dll
0x000007feff2e0000 - 0x000007feff3bf000 	C:\Windows\system32\ADVAPI32.dll
0x000007fefdf40000 - 0x000007fefdfdf000 	C:\Windows\system32\msvcrt.dll
0x000007fefd5d0000 - 0x000007fefd5ef000 	C:\Windows\SYSTEM32\sechost.dll
0x000007fefd350000 - 0x000007fefd479000 	C:\Windows\system32\RPCRT4.dll
0x0000000077340000 - 0x000000007743b000 	C:\Windows\system32\USER32.dll
0x000007fefd560000 - 0x000007fefd5c8000 	C:\Windows\system32\GDI32.dll
0x000007fefdaa0000 - 0x000007fefdaae000 	C:\Windows\system32\LPK.dll
0x000007fefef10000 - 0x000007fefefdb000 	C:\Windows\system32\USP10.dll
0x000007fefb8a0000 - 0x000007fefba95000 	C:\Windows\WinSxS\amd64_microsoft.windows.common-controls_6595b64144ccf1df_6.0.7601.24483_none_e372d88f30fbb845\COMCTL32.dll
0x000007feff3c0000 - 0x000007feff431000 	C:\Windows\system32\SHLWAPI.dll
0x000007fefefe0000 - 0x000007feff00e000 	C:\Windows\system32\IMM32.DLL
0x000007fefdfe0000 - 0x000007fefe0eb000 	C:\Windows\system32\MSCTF.dll
0x00000000746f0000 - 0x00000000747c2000 	C:\Program Files\Java\jdk1.8.0_251\jre\bin\msvcr100.dll
0x00000000705e0000 - 0x0000000070e8b000 	C:\Program Files\Java\jdk1.8.0_251\jre\bin\server\jvm.dll
0x000007fefbd70000 - 0x000007fefbd79000 	C:\Windows\system32\WSOCK32.dll
0x000007feff440000 - 0x000007feff48d000 	C:\Windows\system32\WS2_32.dll
0x000007fefeee0000 - 0x000007fefeee8000 	C:\Windows\system32\NSI.dll
0x000007fefa1f0000 - 0x000007fefa22b000 	C:\Windows\system32\WINMM.dll
0x000007fefbf30000 - 0x000007fefbf3c000 	C:\Windows\system32\VERSION.dll
0x00000000775e0000 - 0x00000000775e7000 	C:\Windows\system32\PSAPI.DLL
0x000007fefb3d0000 - 0x000007fefb3df000 	C:\Program Files\Java\jdk1.8.0_251\jre\bin\verify.dll
0x000007fee0aa0000 - 0x000007fee0ac9000 	C:\Program Files\Java\jdk1.8.0_251\jre\bin\java.dll
0x000007fee07c0000 - 0x000007fee07d6000 	C:\Program Files\Java\jdk1.8.0_251\jre\bin\zip.dll
0x000007fefe150000 - 0x000007fefeedb000 	C:\Windows\system32\SHELL32.dll
0x000007feff490000 - 0x000007feff690000 	C:\Windows\system32\ole32.dll
0x000007fefcef0000 - 0x000007fefceff000 	C:\Windows\system32\profapi.dll
0x000007fefcc50000 - 0x000007fefcca7000 	C:\Windows\system32\apphelp.dll
0x000007fee07a0000 - 0x000007fee07ba000 	C:\Program Files\Java\jdk1.8.0_251\jre\bin\net.dll
0x000007fefc5b0000 - 0x000007fefc605000 	C:\Windows\system32\mswsock.dll
0x000007fefc5a0000 - 0x000007fefc5a7000 	C:\Windows\System32\wship6.dll
0x000007fee0780000 - 0x000007fee0792000 	C:\Program Files\Java\jdk1.8.0_251\jre\bin\nio.dll

VM Arguments:
jvm_args: -Dclassworlds.conf=C:\Program Files\NetBeans 8.2\java\maven\bin\m2.conf -Dmaven.home=C:\Program Files\NetBeans 8.2\java\maven 
java_command: org.codehaus.plexus.classworlds.launcher.Launcher -Dexec.args=-classpath %classpath com.mycompany.apistub.stub -Dexec.executable=C:\Program Files\Java\jdk1.8.0_251\bin\java.exe -Dexec.workingdir=C:\Users\dorothy\Documents\NetBeansProjects\ApiStub -Dmaven.ext.class.path=C:\Program Files\NetBeans 8.2\java\maven-nblib\netbeans-eventspy.jar -Dfile.encoding=UTF-8 org.codehaus.mojo:exec-maven-plugin:1.2.1:exec
java_class_path (initial): C:\Program Files\NetBeans 8.2\java\maven\boot\plexus-classworlds-2.4.jar
Launcher Type: SUN_STANDARD

Environment Variables:
JAVA_HOME=C:\Program Files\Java\jdk1.8.0_251
PATH=C:\Program Files\Java\jdk1.8.0_251\bin;C:\Program Files\apache-maven-3.6.3\bin;C:\Program Files\apache-maven-3.6.3\bin;C:\Program Files\Git\cmd;;C:\Users\dorothy\AppData\Local\Programs\Microsoft VS Code\bin
USERNAME=dorothy
OS=Windows_NT
PROCESSOR_IDENTIFIER=Intel64 Family 6 Model 58 Stepping 9, GenuineIntel



---------------  S Y S T E M  ---------------

OS: Windows 7 , 64 bit Build 7601 (6.1.7601.25827)

CPU:total 2 (initial active 2) (2 cores per cpu, 1 threads per core) family 6 model 58 stepping 9, cmov, cx8, fxsr, mmx, sse, sse2, sse3, ssse3, sse4.1, sse4.2, popcnt, clmul, erms, tsc, tscinvbit, tscinv

Memory: 4k page, physical 1980220k(305908k free), swap 7920880k(5448k free)

vm_info: Java HotSpot(TM) 64-Bit Server VM (25.251-b08) for windows-amd64 JRE (1.8.0_251-b08), built on Mar 12 2020 06:31:49 by "" with MS VC++ 10.0 (VS2010)

time: Mon May 23 03:55:23 2022
timezone: Pacific Daylight Time
elapsed time: 5 seconds (0d 0h 0m 5s)

