#
# There is insufficient memory for the Java Runtime Environment to continue.
# Native memory allocation (malloc) failed to allocate 165536 bytes for Chunk::new
# Possible reasons:
#   The system is out of physical RAM or swap space
#   The process is running with CompressedOops enabled, and the Java Heap may be blocking the growth of the native heap
# Possible solutions:
#   Reduce memory load on the system
#   Increase physical memory or swap space
#   Check if swap backing store is full
#   Decrease Java heap size (-Xmx/-Xms)
#   Decrease number of Java threads
#   Decrease Java thread stack sizes (-Xss)
#   Set larger code cache with -XX:ReservedCodeCacheSize=
#   JVM is running with Unscaled Compressed Oops mode in which the Java heap is
#     placed in the first 4GB address space. The Java Heap base address is the
#     maximum limit for the native heap growth. Please use -XX:HeapBaseMinAddress
#     to set the Java Heap base and to place the Java Heap above 4GB virtual address.
# This output file may be truncated or incomplete.
#
#  Out of Memory Error (allocation.cpp:389), pid=5708, tid=0x00000000000010c0
#
# JRE version: Java(TM) SE Runtime Environment (8.0_251-b08) (build 1.8.0_251-b08)
# Java VM: Java HotSpot(TM) 64-Bit Server VM (25.251-b08 mixed mode windows-amd64 compressed oops)
# Failed to write core dump. Minidumps are not enabled by default on client versions of Windows
#

---------------  T H R E A D  ---------------

Current thread (0x0000000053aac000):  JavaThread "C2 CompilerThread0" daemon [_thread_in_native, id=4288, stack(0x0000000054b50000,0x0000000054c50000)]

Stack: [0x0000000054b50000,0x0000000054c50000]
[error occurred during error reporting (printing stack bounds), id 0xc0000005]

Native frames: (J=compiled Java code, j=interpreted, Vv=VM code, C=native code)


Current CompileTask:
C2:   4633  497   !   4       sun.nio.cs.StreamDecoder::read (196 bytes)


---------------  P R O C E S S  ---------------

Java Threads: ( => current thread )
  0x0000000054c50800 JavaThread "Service Thread" daemon [_thread_blocked, id=4204, stack(0x0000000055090000,0x0000000055190000)]
  0x0000000053b0a000 JavaThread "C1 CompilerThread1" daemon [_thread_blocked, id=7112, stack(0x0000000054a20000,0x0000000054b20000)]
=>0x0000000053aac000 JavaThread "C2 CompilerThread0" daemon [_thread_in_native, id=4288, stack(0x0000000054b50000,0x0000000054c50000)]
  0x0000000053aaa800 JavaThread "Attach Listener" daemon [_thread_blocked, id=6492, stack(0x00000000547a0000,0x00000000548a0000)]
  0x0000000053aa8000 JavaThread "Signal Dispatcher" daemon [_thread_blocked, id=6980, stack(0x0000000054440000,0x0000000054540000)]
  0x0000000053a90800 JavaThread "Finalizer" daemon [_thread_blocked, id=7800, stack(0x00000000548a0000,0x00000000549a0000)]
  0x0000000053a85800 JavaThread "Reference Handler" daemon [_thread_blocked, id=7552, stack(0x0000000054670000,0x0000000054770000)]
  0x0000000002200000 JavaThread "main" [_thread_in_vm, id=5492, stack(0x00000000025c0000,0x00000000026c0000)]

Other Threads:
  0x0000000053a3f800 VMThread [stack: 0x0000000054540000,0x0000000054640000] [id=5204]
  0x0000000054c54000 WatcherThread [stack: 0x0000000055250000,0x0000000055350000] [id=5144]

VM state:not at safepoint (normal execution)

VM Mutex/Monitor currently owned by a thread:  ([mutex/lock_event])
[0x000000000236e590] Heap_lock - owner thread: 0x0000000053b0a000
[0x000000000236eb10] MethodData_lock - owner thread: 0x0000000053b0a000

heap address: 0x00000000e1c00000, size: 484 MB, Compressed Oops mode: 32-bit
Narrow klass base: 0x0000000000000000, Narrow klass shift: 0
Compressed class space size: 1073741824 Address: 0x0000000013110000

Heap:
 PSYoungGen      total 9728K, used 6820K [0x00000000f5f00000, 0x00000000f7200000, 0x0000000100000000)
  eden space 8704K, 66% used [0x00000000f5f00000,0x00000000f64a9380,0x00000000f6780000)
  from space 1024K, 100% used [0x00000000f6780000,0x00000000f6880000,0x00000000f6880000)
  to   space 1024K, 0% used [0x00000000f7100000,0x00000000f7100000,0x00000000f7200000)
 ParOldGen       total 22016K, used 1084K [0x00000000e1c00000, 0x00000000e3180000, 0x00000000f5f00000)
  object space 22016K, 4% used [0x00000000e1c00000,0x00000000e1d0f070,0x00000000e3180000)
 Metaspace       used 6631K, capacity 6716K, committed 6784K, reserved 1058816K
  class space    used 808K, capacity 856K, committed 896K, reserved 1048576K

Card table byte_map: [0x0000000002490000,0x0000000002590000] byte_map_base: 0x0000000001d82000

Marking Bits: (ParMarkBitMap*) 0x0000000070e0af90
 Begin Bits: [0x00000000121f0000, 0x0000000012980000)
 End Bits:   [0x0000000012980000, 0x0000000013110000)

Polling page: 0x0000000000230000

CodeCache: size=245760Kb used=2318Kb max_used=2318Kb free=243441Kb
 bounds [0x0000000002990000, 0x0000000002c00000, 0x0000000011990000]
 total_blobs=761 nmethods=488 adapters=187
 compilation: enabled

Compilation events (10 events):
Event: 4.624 Thread 0x0000000053b0a000 nmethod 480 0x0000000002bc8290 code [0x0000000002bc8420, 0x0000000002bc8738]
Event: 4.624 Thread 0x0000000053b0a000  481   !   3       java.nio.charset.CharsetDecoder::decode (287 bytes)
Event: 4.626 Thread 0x0000000053b0a000 nmethod 481 0x0000000002bd3390 code [0x0000000002bd3680, 0x0000000002bd4df8]
Event: 4.627 Thread 0x0000000053b0a000  482       3       java.nio.ByteBuffer::hasArray (20 bytes)
Event: 4.627 Thread 0x0000000053b0a000 nmethod 482 0x0000000002bc7ed0 code [0x0000000002bc8020, 0x0000000002bc8210]
Event: 4.627 Thread 0x0000000053b0a000  485       3       java.nio.CharBuffer::hasArray (20 bytes)
Event: 4.627 Thread 0x0000000053b0a000 nmethod 485 0x0000000002bc7b10 code [0x0000000002bc7c60, 0x0000000002bc7e50]
Event: 4.627 Thread 0x0000000053b0a000  486       3       java.nio.CharBuffer::array (35 bytes)
Event: 4.627 Thread 0x0000000053b0a000 nmethod 486 0x0000000002bc7510 code [0x0000000002bc76a0, 0x0000000002bc79b8]
Event: 4.627 Thread 0x0000000053b0a000  487       3       sun.nio.cs.UTF_8$Decoder::decodeLoop (28 bytes)

GC Heap History (2 events):
Event: 3.581 GC heap before
{Heap before GC invocations=1 (full 0):
 PSYoungGen      total 9728K, used 8704K [0x00000000f5f00000, 0x00000000f6980000, 0x0000000100000000)
  eden space 8704K, 100% used [0x00000000f5f00000,0x00000000f6780000,0x00000000f6780000)
  from space 1024K, 0% used [0x00000000f6880000,0x00000000f6880000,0x00000000f6980000)
  to   space 1024K, 0% used [0x00000000f6780000,0x00000000f6780000,0x00000000f6880000)
 ParOldGen       total 22016K, used 0K [0x00000000e1c00000, 0x00000000e3180000, 0x00000000f5f00000)
  object space 22016K, 0% used [0x00000000e1c00000,0x00000000e1c00000,0x00000000e3180000)
 Metaspace       used 5394K, capacity 5836K, committed 6144K, reserved 1056768K
  class space    used 631K, capacity 696K, committed 768K, reserved 1048576K
Event: 3.663 GC heap after
Heap after GC invocations=1 (full 0):
 PSYoungGen      total 9728K, used 1024K [0x00000000f5f00000, 0x00000000f7200000, 0x0000000100000000)
  eden space 8704K, 0% used [0x00000000f5f00000,0x00000000f5f00000,0x00000000f6780000)
  from space 1024K, 100% used [0x00000000f6780000,0x00000000f6880000,0x00000000f6880000)
  to   space 1024K, 0% used [0x00000000f7100000,0x00000000f7100000,0x00000000f7200000)
 ParOldGen       total 22016K, used 1084K [0x00000000e1c00000, 0x00000000e3180000, 0x00000000f5f00000)
  object space 22016K, 4% used [0x00000000e1c00000,0x00000000e1d0f070,0x00000000e3180000)
 Metaspace       used 5394K, capacity 5836K, committed 6144K, reserved 1056768K
  class space    used 631K, capacity 696K, committed 768K, reserved 1048576K
}

Deoptimization events (0 events):
No events

Classes redefined (0 events):
No events

Internal exceptions (10 events):
Event: 2.194 Thread 0x0000000002200000 Exception <a 'java/security/PrivilegedActionException'> (0x00000000f61733f8) thrown at [C:\jenkins\workspace\8-2-build-windows-amd64-cygwin\jdk8u251\737\hotspot\src\share\vm\prims\jvm.cpp, line 1502]
Event: 2.194 Thread 0x0000000002200000 Exception <a 'java/security/PrivilegedActionException'> (0x00000000f6173608) thrown at [C:\jenkins\workspace\8-2-build-windows-amd64-cygwin\jdk8u251\737\hotspot\src\share\vm\prims\jvm.cpp, line 1502]
Event: 2.195 Thread 0x0000000002200000 Exception <a 'java/security/PrivilegedActionException'> (0x00000000f6177700) thrown at [C:\jenkins\workspace\8-2-build-windows-amd64-cygwin\jdk8u251\737\hotspot\src\share\vm\prims\jvm.cpp, line 1502]
Event: 2.195 Thread 0x0000000002200000 Exception <a 'java/security/PrivilegedActionException'> (0x00000000f6177910) thrown at [C:\jenkins\workspace\8-2-build-windows-amd64-cygwin\jdk8u251\737\hotspot\src\share\vm\prims\jvm.cpp, line 1502]
Event: 3.912 Thread 0x0000000002200000 Exception <a 'java/lang/ArrayIndexOutOfBoundsException': 18> (0x00000000f60220f0) thrown at [C:\jenkins\workspace\8-2-build-windows-amd64-cygwin\jdk8u251\737\hotspot\src\share\vm\interpreter\interpreterRuntime.cpp, line 368]
Event: 3.913 Thread 0x0000000002200000 Exception <a 'java/lang/ArrayIndexOutOfBoundsException': 43> (0x00000000f6022f90) thrown at [C:\jenkins\workspace\8-2-build-windows-amd64-cygwin\jdk8u251\737\hotspot\src\share\vm\interpreter\interpreterRuntime.cpp, line 368]
Event: 3.963 Thread 0x0000000002200000 Exception <a 'java/lang/ArrayIndexOutOfBoundsException': 92> (0x00000000f6024828) thrown at [C:\jenkins\workspace\8-2-build-windows-amd64-cygwin\jdk8u251\737\hotspot\src\share\vm\interpreter\interpreterRuntime.cpp, line 368]
Event: 4.388 Thread 0x0000000002200000 Exception <a 'java/lang/ArrayIndexOutOfBoundsException'> (0x00000000f6271de0) thrown at [C:\jenkins\workspace\8-2-build-windows-amd64-cygwin\jdk8u251\737\hotspot\src\share\vm\runtime\sharedRuntime.cpp, line 605]
Event: 4.388 Thread 0x0000000002200000 Exception <a 'java/lang/ArrayIndexOutOfBoundsException'> (0x00000000f6273508) thrown at [C:\jenkins\workspace\8-2-build-windows-amd64-cygwin\jdk8u251\737\hotspot\src\share\vm\runtime\sharedRuntime.cpp, line 605]
Event: 4.476 Thread 0x0000000002200000 Exception <a 'java/lang/ArrayIndexOutOfBoundsException'> (0x00000000f62d36c8) thrown at [C:\jenkins\workspace\8-2-build-windows-amd64-cygwin\jdk8u251\737\hotspot\src\share\vm\runtime\sharedRuntime.cpp, line 605]

Events (10 events):
Event: 4.597 loading class org/apache/maven/eventspy/EventSpy
Event: 4.597 loading class org/apache/maven/eventspy/EventSpy done
Event: 4.597 loading class org/apache/maven/eventspy/EventSpy
Event: 4.597 loading class org/apache/maven/eventspy/EventSpy done
Event: 4.598 loading class org/sonatype/guice/plexus/config/Roles
Event: 4.598 loading class org/sonatype/guice/plexus/config/Roles done
Event: 4.599 loading class org/sonatype/guice/plexus/scanners/PlexusXmlMetadata
Event: 4.599 loading class org/sonatype/guice/plexus/scanners/PlexusXmlMetadata done
Event: 4.599 loading class org/sonatype/guice/plexus/config/PlexusBeanMetadata
Event: 4.599 loading class org/sonatype/guice/plexus/config/PlexusBeanMetadata done


Dynamic libraries:
0x000000013f580000 - 0x000000013f5b7000 	C:\Program Files\Java\jdk1.8.0_251\bin\java.exe
0x0000000077440000 - 0x00000000775df000 	C:\Windows\SYSTEM32\ntdll.dll
0x0000000077220000 - 0x0000000077340000 	C:\Windows\system32\kernel32.dll
0x000007fefcf60000 - 0x000007fefcfc7000 	C:\Windows\system32\KERNELBASE.dll
0x000007feff2e0000 - 0x000007feff3bf000 	C:\Windows\system32\ADVAPI32.dll
0x000007fefdf40000 - 0x000007fefdfdf000 	C:\Windows\system32\msvcrt.dll
0x000007fefd5d0000 - 0x000007fefd5ef000 	C:\Windows\SYSTEM32\sechost.dll
0x000007fefd350000 - 0x000007fefd479000 	C:\Windows\system32\RPCRT4.dll
0x0000000077340000 - 0x000000007743b000 	C:\Windows\system32\USER32.dll
0x000007fefd560000 - 0x000007fefd5c8000 	C:\Windows\system32\GDI32.dll
0x000007fefdaa0000 - 0x000007fefdaae000 	C:\Windows\system32\LPK.dll
0x000007fefef10000 - 0x000007fefefdb000 	C:\Windows\system32\USP10.dll
0x000007fefb8a0000 - 0x000007fefba95000 	C:\Windows\WinSxS\amd64_microsoft.windows.common-controls_6595b64144ccf1df_6.0.7601.24483_none_e372d88f30fbb845\COMCTL32.dll
0x000007feff3c0000 - 0x000007feff431000 	C:\Windows\system32\SHLWAPI.dll
0x000007fefefe0000 - 0x000007feff00e000 	C:\Windows\system32\IMM32.DLL
0x000007fefdfe0000 - 0x000007fefe0eb000 	C:\Windows\system32\MSCTF.dll
0x00000000746f0000 - 0x00000000747c2000 	C:\Program Files\Java\jdk1.8.0_251\jre\bin\msvcr100.dll
0x00000000705e0000 - 0x0000000070e8b000 	C:\Program Files\Java\jdk1.8.0_251\jre\bin\server\jvm.dll
0x000007fefbd70000 - 0x000007fefbd79000 	C:\Windows\system32\WSOCK32.dll
0x000007feff440000 - 0x000007feff48d000 	C:\Windows\system32\WS2_32.dll
0x000007fefeee0000 - 0x000007fefeee8000 	C:\Windows\system32\NSI.dll
0x000007fefa1f0000 - 0x000007fefa22b000 	C:\Windows\system32\WINMM.dll
0x000007fefbf30000 - 0x000007fefbf3c000 	C:\Windows\system32\VERSION.dll
0x00000000775e0000 - 0x00000000775e7000 	C:\Windows\system32\PSAPI.DLL
0x000007fefb3d0000 - 0x000007fefb3df000 	C:\Program Files\Java\jdk1.8.0_251\jre\bin\verify.dll
0x000007fee0aa0000 - 0x000007fee0ac9000 	C:\Program Files\Java\jdk1.8.0_251\jre\bin\java.dll
0x000007fee07c0000 - 0x000007fee07d6000 	C:\Program Files\Java\jdk1.8.0_251\jre\bin\zip.dll
0x000007fefe150000 - 0x000007fefeedb000 	C:\Windows\system32\SHELL32.dll
0x000007feff490000 - 0x000007feff690000 	C:\Windows\system32\ole32.dll
0x000007fefcef0000 - 0x000007fefceff000 	C:\Windows\system32\profapi.dll

VM Arguments:
jvm_args: -Dclassworlds.conf=C:\Program Files\NetBeans 8.2\java\maven\bin\m2.conf -Dmaven.home=C:\Program Files\NetBeans 8.2\java\maven 
java_command: org.codehaus.plexus.classworlds.launcher.Launcher -Dexec.args=-classpath %classpath com.mycompany.apistub.stub -Dexec.executable=C:\Program Files\Java\jdk1.8.0_251\bin\java.exe -Dexec.workingdir=C:\Users\dorothy\Documents\NetBeansProjects\ApiStub -Dmaven.ext.class.path=C:\Program Files\NetBeans 8.2\java\maven-nblib\netbeans-eventspy.jar -Dfile.encoding=UTF-8 org.codehaus.mojo:exec-maven-plugin:1.2.1:exec
java_class_path (initial): C:\Program Files\NetBeans 8.2\java\maven\boot\plexus-classworlds-2.4.jar
Launcher Type: SUN_STANDARD

Environment Variables:
JAVA_HOME=C:\Program Files\Java\jdk1.8.0_251
PATH=C:\Program Files\Java\jdk1.8.0_251\bin;C:\Program Files\apache-maven-3.6.3\bin;C:\Program Files\apache-maven-3.6.3\bin;C:\Program Files\Git\cmd;;C:\Users\dorothy\AppData\Local\Programs\Microsoft VS Code\bin
USERNAME=dorothy
OS=Windows_NT
PROCESSOR_IDENTIFIER=Intel64 Family 6 Model 58 Stepping 9, GenuineIntel



---------------  S Y S T E M  ---------------

OS: Windows 7 , 64 bit Build 7601 (6.1.7601.25827)

CPU:total 2 (initial active 2) (2 cores per cpu, 1 threads per core) family 6 model 58 stepping 9, cmov, cx8, fxsr, mmx, sse, sse2, sse3, ssse3, sse4.1, sse4.2, popcnt, clmul, erms, tsc, tscinvbit, tscinv

Memory: 4k page, physical 1980220k(168956k free), swap 7920880k(5128k free)

vm_info: Java HotSpot(TM) 64-Bit Server VM (25.251-b08) for windows-amd64 JRE (1.8.0_251-b08), built on Mar 12 2020 06:31:49 by "" with MS VC++ 10.0 (VS2010)

time: Mon May 23 03:38:28 2022
timezone: Pacific Daylight Time
elapsed time: 4 seconds (0d 0h 0m 4s)

