#
# There is insufficient memory for the Java Runtime Environment to continue.
# Native memory allocation (malloc) failed to allocate 131088 bytes for Chunk::new
# Possible reasons:
#   The system is out of physical RAM or swap space
#   The process is running with CompressedOops enabled, and the Java Heap may be blocking the growth of the native heap
# Possible solutions:
#   Reduce memory load on the system
#   Increase physical memory or swap space
#   Check if swap backing store is full
#   Decrease Java heap size (-Xmx/-Xms)
#   Decrease number of Java threads
#   Decrease Java thread stack sizes (-Xss)
#   Set larger code cache with -XX:ReservedCodeCacheSize=
#   JVM is running with Unscaled Compressed Oops mode in which the Java heap is
#     placed in the first 4GB address space. The Java Heap base address is the
#     maximum limit for the native heap growth. Please use -XX:HeapBaseMinAddress
#     to set the Java Heap base and to place the Java Heap above 4GB virtual address.
# This output file may be truncated or incomplete.
#
#  Out of Memory Error (allocation.cpp:389), pid=3236, tid=0x000000000000173c
#
# JRE version: Java(TM) SE Runtime Environment (8.0_251-b08) (build 1.8.0_251-b08)
# Java VM: Java HotSpot(TM) 64-Bit Server VM (25.251-b08 mixed mode windows-amd64 compressed oops)
# Failed to write core dump. Minidumps are not enabled by default on client versions of Windows
#

---------------  T H R E A D  ---------------

Current thread (0x000000005389b000):  JavaThread "C2 CompilerThread0" daemon [_thread_in_native, id=5948, stack(0x0000000054760000,0x0000000054860000)]

Stack: [0x0000000054760000,0x0000000054860000]
[error occurred during error reporting (printing stack bounds), id 0xc0000005]

Native frames: (J=compiled Java code, j=interpreted, Vv=VM code, C=native code)


Current CompileTask:
C2:  12059 1663   !   4       org.codehaus.plexus.interpolation.StringSearchInterpolator::interpolate (665 bytes)


---------------  P R O C E S S  ---------------

Java Threads: ( => current thread )
  0x00000000538ff000 JavaThread "Service Thread" daemon [_thread_blocked, id=6880, stack(0x0000000055260000,0x0000000055360000)]
  0x00000000538fa800 JavaThread "C1 CompilerThread1" daemon [_thread_blocked, id=3500, stack(0x0000000054c30000,0x0000000054d30000)]
=>0x000000005389b000 JavaThread "C2 CompilerThread0" daemon [_thread_in_native, id=5948, stack(0x0000000054760000,0x0000000054860000)]
  0x000000005389a000 JavaThread "Attach Listener" daemon [_thread_blocked, id=6092, stack(0x0000000054a90000,0x0000000054b90000)]
  0x0000000053897800 JavaThread "Signal Dispatcher" daemon [_thread_blocked, id=2948, stack(0x0000000054860000,0x0000000054960000)]
  0x0000000053884000 JavaThread "Finalizer" daemon [_thread_blocked, id=7048, stack(0x0000000054620000,0x0000000054720000)]
  0x0000000053879000 JavaThread "Reference Handler" daemon [_thread_blocked, id=7920, stack(0x0000000054470000,0x0000000054570000)]
  0x0000000002190000 JavaThread "main" [_thread_in_Java, id=8052, stack(0x00000000022b0000,0x00000000023b0000)]

Other Threads:
  0x0000000053833000 VMThread [stack: 0x0000000054300000,0x0000000054400000] [id=8584]
  0x0000000054d35000 WatcherThread [stack: 0x0000000055450000,0x0000000055550000] [id=5300]

VM state:not at safepoint (normal execution)

VM Mutex/Monitor currently owned by a thread: None

heap address: 0x00000000e1c00000, size: 484 MB, Compressed Oops mode: 32-bit
Narrow klass base: 0x0000000000000000, Narrow klass shift: 0
Compressed class space size: 1073741824 Address: 0x0000000012f00000

Heap:
 PSYoungGen      total 37888K, used 15815K [0x00000000f5f00000, 0x00000000f8900000, 0x0000000100000000)
  eden space 34304K, 36% used [0x00000000f5f00000,0x00000000f6b12650,0x00000000f8080000)
  from space 3584K, 96% used [0x00000000f8480000,0x00000000f87df630,0x00000000f8800000)
  to   space 4096K, 0% used [0x00000000f8080000,0x00000000f8080000,0x00000000f8480000)
 ParOldGen       total 22016K, used 6492K [0x00000000e1c00000, 0x00000000e3180000, 0x00000000f5f00000)
  object space 22016K, 29% used [0x00000000e1c00000,0x00000000e2257228,0x00000000e3180000)
 Metaspace       used 12548K, capacity 12850K, committed 13184K, reserved 1060864K
  class space    used 1521K, capacity 1613K, committed 1664K, reserved 1048576K

Card table byte_map: [0x0000000011a40000,0x0000000011b40000] byte_map_base: 0x0000000011332000

Marking Bits: (ParMarkBitMap*) 0x000000007265af90
 Begin Bits: [0x0000000011ee0000, 0x0000000012670000)
 End Bits:   [0x0000000012670000, 0x0000000012e00000)

Polling page: 0x0000000000340000

CodeCache: size=245760Kb used=5970Kb max_used=5983Kb free=239789Kb
 bounds [0x0000000002680000, 0x0000000002c60000, 0x0000000011680000]
 total_blobs=1984 nmethods=1661 adapters=236
 compilation: enabled

Compilation events (10 events):
Event: 11.885 Thread 0x000000005389b000 1661  s    4       java.util.Hashtable::put (104 bytes)
Event: 11.885 Thread 0x00000000538fa800 nmethod 1658 0x0000000002c516d0 code [0x0000000002c51840, 0x0000000002c51b88]
Event: 11.885 Thread 0x00000000538fa800 1659       3       org.sonatype.guice.bean.locators.EntryListAdapter$ValueIterator::<init> (15 bytes)
Event: 11.885 Thread 0x00000000538fa800 nmethod 1659 0x0000000002c511d0 code [0x0000000002c51340, 0x0000000002c515c8]
Event: 11.885 Thread 0x00000000538fa800 1660       1       org.apache.maven.model.RepositoryBase::getName (5 bytes)
Event: 11.885 Thread 0x00000000538fa800 nmethod 1660 0x0000000002c50f10 code [0x0000000002c51060, 0x0000000002c51170]
Event: 11.913 Thread 0x000000005389b000 nmethod 1661 0x0000000002c4d1d0 code [0x0000000002c4d380, 0x0000000002c4e078]
Event: 11.914 Thread 0x000000005389b000 1662       4       java.util.HashSet::contains (9 bytes)
Event: 11.924 Thread 0x000000005389b000 nmethod 1662 0x0000000002c4ef50 code [0x0000000002c4f0e0, 0x0000000002c4f638]
Event: 11.925 Thread 0x000000005389b000 1663   !   4       org.codehaus.plexus.interpolation.StringSearchInterpolator::interpolate (665 bytes)

GC Heap History (10 events):
Event: 3.700 GC heap before
{Heap before GC invocations=2 (full 0):
 PSYoungGen      total 9728K, used 9728K [0x00000000f5f00000, 0x00000000f6980000, 0x0000000100000000)
  eden space 8704K, 100% used [0x00000000f5f00000,0x00000000f6780000,0x00000000f6780000)
  from space 1024K, 100% used [0x00000000f6780000,0x00000000f6880000,0x00000000f6880000)
  to   space 1024K, 0% used [0x00000000f6880000,0x00000000f6880000,0x00000000f6980000)
 ParOldGen       total 22016K, used 1074K [0x00000000e1c00000, 0x00000000e3180000, 0x00000000f5f00000)
  object space 22016K, 4% used [0x00000000e1c00000,0x00000000e1d0ca48,0x00000000e3180000)
 Metaspace       used 6738K, capacity 6876K, committed 7040K, reserved 1056768K
  class space    used 823K, capacity 888K, committed 896K, reserved 1048576K
Event: 3.791 GC heap after
Heap after GC invocations=2 (full 0):
 PSYoungGen      total 9728K, used 999K [0x00000000f5f00000, 0x00000000f7200000, 0x0000000100000000)
  eden space 8704K, 0% used [0x00000000f5f00000,0x00000000f5f00000,0x00000000f6780000)
  from space 1024K, 97% used [0x00000000f6880000,0x00000000f6979ea0,0x00000000f6980000)
  to   space 1024K, 0% used [0x00000000f6780000,0x00000000f6780000,0x00000000f6880000)
 ParOldGen       total 22016K, used 2141K [0x00000000e1c00000, 0x00000000e3180000, 0x00000000f5f00000)
  object space 22016K, 9% used [0x00000000e1c00000,0x00000000e1e174d8,0x00000000e3180000)
 Metaspace       used 6738K, capacity 6876K, committed 7040K, reserved 1056768K
  class space    used 823K, capacity 888K, committed 896K, reserved 1048576K
}
Event: 4.018 GC heap before
{Heap before GC invocations=3 (full 0):
 PSYoungGen      total 9728K, used 9703K [0x00000000f5f00000, 0x00000000f7200000, 0x0000000100000000)
  eden space 8704K, 100% used [0x00000000f5f00000,0x00000000f6780000,0x00000000f6780000)
  from space 1024K, 97% used [0x00000000f6880000,0x00000000f6979ea0,0x00000000f6980000)
  to   space 1024K, 0% used [0x00000000f6780000,0x00000000f6780000,0x00000000f6880000)
 ParOldGen       total 22016K, used 2141K [0x00000000e1c00000, 0x00000000e3180000, 0x00000000f5f00000)
  object space 22016K, 9% used [0x00000000e1c00000,0x00000000e1e174d8,0x00000000e3180000)
 Metaspace       used 6960K, capacity 7100K, committed 7424K, reserved 1056768K
  class space    used 870K, capacity 920K, committed 1024K, reserved 1048576K
Event: 4.175 GC heap after
Heap after GC invocations=3 (full 0):
 PSYoungGen      total 9728K, used 992K [0x00000000f5f00000, 0x00000000f7200000, 0x0000000100000000)
  eden space 8704K, 0% used [0x00000000f5f00000,0x00000000f5f00000,0x00000000f6780000)
  from space 1024K, 96% used [0x00000000f6780000,0x00000000f6878020,0x00000000f6880000)
  to   space 1024K, 0% used [0x00000000f7100000,0x00000000f7100000,0x00000000f7200000)
 ParOldGen       total 22016K, used 2627K [0x00000000e1c00000, 0x00000000e3180000, 0x00000000f5f00000)
  object space 22016K, 11% used [0x00000000e1c00000,0x00000000e1e90ef8,0x00000000e3180000)
 Metaspace       used 6960K, capacity 7100K, committed 7424K, reserved 1056768K
  class space    used 870K, capacity 920K, committed 1024K, reserved 1048576K
}
Event: 4.965 GC heap before
{Heap before GC invocations=4 (full 0):
 PSYoungGen      total 9728K, used 9696K [0x00000000f5f00000, 0x00000000f7200000, 0x0000000100000000)
  eden space 8704K, 100% used [0x00000000f5f00000,0x00000000f6780000,0x00000000f6780000)
  from space 1024K, 96% used [0x00000000f6780000,0x00000000f6878020,0x00000000f6880000)
  to   space 1024K, 0% used [0x00000000f7100000,0x00000000f7100000,0x00000000f7200000)
 ParOldGen       total 22016K, used 2627K [0x00000000e1c00000, 0x00000000e3180000, 0x00000000f5f00000)
  object space 22016K, 11% used [0x00000000e1c00000,0x00000000e1e90ef8,0x00000000e3180000)
 Metaspace       used 8026K, capacity 8168K, committed 8320K, reserved 1056768K
  class space    used 1017K, capacity 1082K, committed 1152K, reserved 1048576K
Event: 5.095 GC heap after
Heap after GC invocations=4 (full 0):
 PSYoungGen      total 18432K, used 1008K [0x00000000f5f00000, 0x00000000f7200000, 0x0000000100000000)
  eden space 17408K, 0% used [0x00000000f5f00000,0x00000000f5f00000,0x00000000f7000000)
  from space 1024K, 98% used [0x00000000f7100000,0x00000000f71fc010,0x00000000f7200000)
  to   space 1024K, 0% used [0x00000000f7000000,0x00000000f7000000,0x00000000f7100000)
 ParOldGen       total 22016K, used 3809K [0x00000000e1c00000, 0x00000000e3180000, 0x00000000f5f00000)
  object space 22016K, 17% used [0x00000000e1c00000,0x00000000e1fb8718,0x00000000e3180000)
 Metaspace       used 8026K, capacity 8168K, committed 8320K, reserved 1056768K
  class space    used 1017K, capacity 1082K, committed 1152K, reserved 1048576K
}
Event: 6.922 GC heap before
{Heap before GC invocations=5 (full 0):
 PSYoungGen      total 18432K, used 18416K [0x00000000f5f00000, 0x00000000f7200000, 0x0000000100000000)
  eden space 17408K, 100% used [0x00000000f5f00000,0x00000000f7000000,0x00000000f7000000)
  from space 1024K, 98% used [0x00000000f7100000,0x00000000f71fc010,0x00000000f7200000)
  to   space 1024K, 0% used [0x00000000f7000000,0x00000000f7000000,0x00000000f7100000)
 ParOldGen       total 22016K, used 3809K [0x00000000e1c00000, 0x00000000e3180000, 0x00000000f5f00000)
  object space 22016K, 17% used [0x00000000e1c00000,0x00000000e1fb8718,0x00000000e3180000)
 Metaspace       used 10328K, capacity 10460K, committed 10624K, reserved 1058816K
  class space    used 1309K, capacity 1373K, committed 1408K, reserved 1048576K
Event: 6.949 GC heap after
Heap after GC invocations=5 (full 0):
 PSYoungGen      total 18432K, used 1008K [0x00000000f5f00000, 0x00000000f8800000, 0x0000000100000000)
  eden space 17408K, 0% used [0x00000000f5f00000,0x00000000f5f00000,0x00000000f7000000)
  from space 1024K, 98% used [0x00000000f7000000,0x00000000f70fc010,0x00000000f7100000)
  to   space 3584K, 0% used [0x00000000f8480000,0x00000000f8480000,0x00000000f8800000)
 ParOldGen       total 22016K, used 6492K [0x00000000e1c00000, 0x00000000e3180000, 0x00000000f5f00000)
  object space 22016K, 29% used [0x00000000e1c00000,0x00000000e2257228,0x00000000e3180000)
 Metaspace       used 10328K, capacity 10460K, committed 10624K, reserved 1058816K
  class space    used 1309K, capacity 1373K, committed 1408K, reserved 1048576K
}
Event: 10.031 GC heap before
{Heap before GC invocations=6 (full 0):
 PSYoungGen      total 18432K, used 18416K [0x00000000f5f00000, 0x00000000f8800000, 0x0000000100000000)
  eden space 17408K, 100% used [0x00000000f5f00000,0x00000000f7000000,0x00000000f7000000)
  from space 1024K, 98% used [0x00000000f7000000,0x00000000f70fc010,0x00000000f7100000)
  to   space 3584K, 0% used [0x00000000f8480000,0x00000000f8480000,0x00000000f8800000)
 ParOldGen       total 22016K, used 6492K [0x00000000e1c00000, 0x00000000e3180000, 0x00000000f5f00000)
  object space 22016K, 29% used [0x00000000e1c00000,0x00000000e2257228,0x00000000e3180000)
 Metaspace       used 12460K, capacity 12678K, committed 12928K, reserved 1060864K
  class space    used 1516K, capacity 1579K, committed 1664K, reserved 1048576K
Event: 10.072 GC heap after
Heap after GC invocations=6 (full 0):
 PSYoungGen      total 37888K, used 3453K [0x00000000f5f00000, 0x00000000f8900000, 0x0000000100000000)
  eden space 34304K, 0% used [0x00000000f5f00000,0x00000000f5f00000,0x00000000f8080000)
  from space 3584K, 96% used [0x00000000f8480000,0x00000000f87df630,0x00000000f8800000)
  to   space 4096K, 0% used [0x00000000f8080000,0x00000000f8080000,0x00000000f8480000)
 ParOldGen       total 22016K, used 6492K [0x00000000e1c00000, 0x00000000e3180000, 0x00000000f5f00000)
  object space 22016K, 29% used [0x00000000e1c00000,0x00000000e2257228,0x00000000e3180000)
 Metaspace       used 12460K, capacity 12678K, committed 12928K, reserved 1060864K
  class space    used 1516K, capacity 1579K, committed 1664K, reserved 1048576K
}

Deoptimization events (10 events):
Event: 8.792 Thread 0x0000000002190000 Uncommon trap: reason=unstable_if action=reinterpret pc=0x0000000002afddec method=org.codehaus.plexus.util.xml.pull.MXParser.nextImpl()I @ 960
Event: 8.901 Thread 0x0000000002190000 Uncommon trap: reason=unstable_if action=reinterpret pc=0x0000000002a5b0e8 method=java.util.HashMap.hash(Ljava/lang/Object;)I @ 1
Event: 8.901 Thread 0x0000000002190000 Uncommon trap: reason=unstable_if action=reinterpret pc=0x0000000002a3a4a4 method=java.util.HashMap.hash(Ljava/lang/Object;)I @ 1
Event: 8.902 Thread 0x0000000002190000 Uncommon trap: reason=unstable_if action=reinterpret pc=0x0000000002a40c30 method=java.util.HashMap.hash(Ljava/lang/Object;)I @ 1
Event: 10.017 Thread 0x0000000002190000 Uncommon trap: reason=null_check action=make_not_entrant pc=0x0000000002bb4b00 method=org.apache.maven.model.interpolation.StringSearchModelInterpolator$InterpolateObjectAction.getFields(Ljava/lang/Class;)[Ljava/lang/reflect/Field; @ 9
Event: 10.121 Thread 0x0000000002190000 Uncommon trap: reason=null_check action=make_not_entrant pc=0x0000000002bdae98 method=org.apache.maven.model.io.xpp3.MavenXpp3Reader.checkFieldWithDuplicate(Lorg/codehaus/plexus/util/xml/pull/XmlPullParser;Ljava/lang/String;Ljava/lang/String;Ljava/util/Se
Event: 10.269 Thread 0x0000000002190000 Uncommon trap: reason=class_check action=maybe_recompile pc=0x0000000002b6994c method=org.apache.maven.model.interpolation.StringSearchModelInterpolator$InterpolateObjectAction.interpolateMapField(Ljava/lang/Object;Ljava/lang/reflect/Field;)V @ 126
Event: 10.269 Thread 0x0000000002190000 Uncommon trap: reason=class_check action=maybe_recompile pc=0x0000000002b6994c method=org.apache.maven.model.interpolation.StringSearchModelInterpolator$InterpolateObjectAction.interpolateMapField(Ljava/lang/Object;Ljava/lang/reflect/Field;)V @ 126
Event: 10.270 Thread 0x0000000002190000 Uncommon trap: reason=class_check action=maybe_recompile pc=0x0000000002b6994c method=org.apache.maven.model.interpolation.StringSearchModelInterpolator$InterpolateObjectAction.interpolateMapField(Ljava/lang/Object;Ljava/lang/reflect/Field;)V @ 126
Event: 10.270 Thread 0x0000000002190000 Uncommon trap: reason=class_check action=maybe_recompile pc=0x0000000002b6994c method=org.apache.maven.model.interpolation.StringSearchModelInterpolator$InterpolateObjectAction.interpolateMapField(Ljava/lang/Object;Ljava/lang/reflect/Field;)V @ 126

Classes redefined (0 events):
No events

Internal exceptions (10 events):
Event: 4.250 Thread 0x0000000002190000 Exception <a 'java/lang/ArrayIndexOutOfBoundsException'> (0x00000000f6045390) thrown at [C:\jenkins\workspace\8-2-build-windows-amd64-cygwin\jdk8u251\737\hotspot\src\share\vm\runtime\sharedRuntime.cpp, line 605]
Event: 4.252 Thread 0x0000000002190000 Exception <a 'java/lang/ArrayIndexOutOfBoundsException'> (0x00000000f6047038) thrown at [C:\jenkins\workspace\8-2-build-windows-amd64-cygwin\jdk8u251\737\hotspot\src\share\vm\runtime\sharedRuntime.cpp, line 605]
Event: 4.745 Thread 0x0000000002190000 Exception <a 'java/lang/NoClassDefFoundError': org/slf4j/Logger> (0x00000000f64e3bc8) thrown at [C:\jenkins\workspace\8-2-build-windows-amd64-cygwin\jdk8u251\737\hotspot\src\share\vm\classfile\systemDictionary.cpp, line 199]
Event: 5.183 Thread 0x0000000002190000 Exception <a 'java/lang/NoClassDefFoundError': org/slf4j/LoggerFactory> (0x00000000f5f269d0) thrown at [C:\jenkins\workspace\8-2-build-windows-amd64-cygwin\jdk8u251\737\hotspot\src\share\vm\classfile\systemDictionary.cpp, line 199]
Event: 5.183 Thread 0x0000000002190000 Exception <a 'java/lang/NoClassDefFoundError'> (0x00000000f5f269d0) thrown at [C:\jenkins\workspace\8-2-build-windows-amd64-cygwin\jdk8u251\737\hotspot\src\share\vm\oops\instanceKlass.cpp, line 959]
Event: 8.901 Thread 0x0000000002190000 Implicit null exception at 0x0000000002a5af05 to 0x0000000002a5b0d9
Event: 8.901 Thread 0x0000000002190000 Implicit null exception at 0x0000000002a3a42f to 0x0000000002a3a495
Event: 8.902 Thread 0x0000000002190000 Implicit null exception at 0x0000000002a4066b to 0x0000000002a40c15
Event: 10.017 Thread 0x0000000002190000 Implicit null exception at 0x0000000002bb3baf to 0x0000000002bb4ae1
Event: 10.121 Thread 0x0000000002190000 Implicit null exception at 0x0000000002bd9ccd to 0x0000000002bdae7d

Events (10 events):
Event: 10.269 Thread 0x0000000002190000 DEOPT PACKING pc=0x0000000002b6994c sp=0x00000000023ac990
Event: 10.269 Thread 0x0000000002190000 DEOPT UNPACKING pc=0x00000000026c583b sp=0x00000000023ac8c8 mode 2
Event: 10.270 Thread 0x0000000002190000 Uncommon trap: trap_request=0xffffffde fr.pc=0x0000000002b6994c
Event: 10.270 Thread 0x0000000002190000 DEOPT PACKING pc=0x0000000002b6994c sp=0x00000000023ac990
Event: 10.270 Thread 0x0000000002190000 DEOPT UNPACKING pc=0x00000000026c583b sp=0x00000000023ac8c8 mode 2
Event: 10.270 Thread 0x0000000002190000 Uncommon trap: trap_request=0xffffffde fr.pc=0x0000000002b6994c
Event: 10.270 Thread 0x0000000002190000 DEOPT PACKING pc=0x0000000002b6994c sp=0x00000000023ac990
Event: 10.270 Thread 0x0000000002190000 DEOPT UNPACKING pc=0x00000000026c583b sp=0x00000000023ac8c8 mode 2
Event: 11.203 loading class java/util/AbstractList$1
Event: 11.203 loading class java/util/AbstractList$1 done


Dynamic libraries:
0x000000013fa70000 - 0x000000013faa7000 	C:\Program Files\Java\jdk1.8.0_251\bin\java.exe
0x0000000076fb0000 - 0x000000007714f000 	C:\Windows\SYSTEM32\ntdll.dll
0x0000000076d90000 - 0x0000000076eb0000 	C:\Windows\system32\kernel32.dll
0x000007fefcce0000 - 0x000007fefcd47000 	C:\Windows\system32\KERNELBASE.dll
0x000007fefcec0000 - 0x000007fefcf9f000 	C:\Windows\system32\ADVAPI32.dll
0x000007fefe010000 - 0x000007fefe0af000 	C:\Windows\system32\msvcrt.dll
0x000007fefe4f0000 - 0x000007fefe50f000 	C:\Windows\SYSTEM32\sechost.dll
0x000007fefe3c0000 - 0x000007fefe4e9000 	C:\Windows\system32\RPCRT4.dll
0x0000000076eb0000 - 0x0000000076fab000 	C:\Windows\system32\USER32.dll
0x000007fefd520000 - 0x000007fefd588000 	C:\Windows\system32\GDI32.dll
0x000007fefd350000 - 0x000007fefd35e000 	C:\Windows\system32\LPK.dll
0x000007fefde80000 - 0x000007fefdf4b000 	C:\Windows\system32\USP10.dll
0x000007fefb410000 - 0x000007fefb605000 	C:\Windows\WinSxS\amd64_microsoft.windows.common-controls_6595b64144ccf1df_6.0.7601.24483_none_e372d88f30fbb845\COMCTL32.dll
0x000007fefd860000 - 0x000007fefd8d1000 	C:\Windows\system32\SHLWAPI.dll
0x000007fefd360000 - 0x000007fefd38e000 	C:\Windows\system32\IMM32.DLL
0x000007fefe0b0000 - 0x000007fefe1bb000 	C:\Windows\system32\MSCTF.dll
0x0000000074220000 - 0x00000000742f2000 	C:\Program Files\Java\jdk1.8.0_251\jre\bin\msvcr100.dll
0x0000000071e30000 - 0x00000000726db000 	C:\Program Files\Java\jdk1.8.0_251\jre\bin\server\jvm.dll
0x000007fed2550000 - 0x000007fed2559000 	C:\Windows\system32\WSOCK32.dll
0x000007fefde30000 - 0x000007fefde7d000 	C:\Windows\system32\WS2_32.dll
0x000007fefd020000 - 0x000007fefd028000 	C:\Windows\system32\NSI.dll
0x000007fef9d60000 - 0x000007fef9d9b000 	C:\Windows\system32\WINMM.dll
0x000007fefbaa0000 - 0x000007fefbaac000 	C:\Windows\system32\VERSION.dll
0x0000000077160000 - 0x0000000077167000 	C:\Windows\system32\PSAPI.DLL
0x000007fed03f0000 - 0x000007fed03ff000 	C:\Program Files\Java\jdk1.8.0_251\jre\bin\verify.dll
0x000007fed03c0000 - 0x000007fed03e9000 	C:\Program Files\Java\jdk1.8.0_251\jre\bin\java.dll
0x000007fed0360000 - 0x000007fed0376000 	C:\Program Files\Java\jdk1.8.0_251\jre\bin\zip.dll
0x000007fefe510000 - 0x000007feff29b000 	C:\Windows\system32\SHELL32.dll
0x000007fefe1c0000 - 0x000007fefe3c0000 	C:\Windows\system32\ole32.dll
0x000007fefca20000 - 0x000007fefca2f000 	C:\Windows\system32\profapi.dll
0x000007fefc800000 - 0x000007fefc857000 	C:\Windows\system32\apphelp.dll
0x000007fed0340000 - 0x000007fed035a000 	C:\Program Files\Java\jdk1.8.0_251\jre\bin\net.dll
0x000007fefc120000 - 0x000007fefc175000 	C:\Windows\system32\mswsock.dll
0x000007fefc110000 - 0x000007fefc117000 	C:\Windows\System32\wship6.dll
0x000007fed0320000 - 0x000007fed0332000 	C:\Program Files\Java\jdk1.8.0_251\jre\bin\nio.dll

VM Arguments:
jvm_args: -Dclassworlds.conf=C:\Program Files\NetBeans 8.2\java\maven\bin\m2.conf -Dmaven.home=C:\Program Files\NetBeans 8.2\java\maven 
java_command: org.codehaus.plexus.classworlds.launcher.Launcher -Dexec.args=-classpath %classpath com.mycompany.apistub.stub -Dexec.executable=C:\Program Files\Java\jdk1.8.0_251\bin\java.exe -Dexec.workingdir=C:\Users\dorothy\Documents\NetBeansProjects\ApiStub -Dmaven.ext.class.path=C:\Program Files\NetBeans 8.2\java\maven-nblib\netbeans-eventspy.jar -Dfile.encoding=UTF-8 org.codehaus.mojo:exec-maven-plugin:1.2.1:exec
java_class_path (initial): C:\Program Files\NetBeans 8.2\java\maven\boot\plexus-classworlds-2.4.jar
Launcher Type: SUN_STANDARD

Environment Variables:
JAVA_HOME=C:\Program Files\Java\jdk1.8.0_251
PATH=C:\Program Files\Java\jdk1.8.0_251\bin;C:\Program Files\apache-maven-3.6.3\bin;C:\Program Files\apache-maven-3.6.3\bin;C:\Program Files\Git\cmd;;C:\Users\dorothy\AppData\Local\Programs\Microsoft VS Code\bin
USERNAME=dorothy
OS=Windows_NT
PROCESSOR_IDENTIFIER=Intel64 Family 6 Model 58 Stepping 9, GenuineIntel



---------------  S Y S T E M  ---------------

OS: Windows 7 , 64 bit Build 7601 (6.1.7601.25827)

CPU:total 2 (initial active 2) (2 cores per cpu, 1 threads per core) family 6 model 58 stepping 9, cmov, cx8, fxsr, mmx, sse, sse2, sse3, ssse3, sse4.1, sse4.2, popcnt, clmul, erms, tsc, tscinvbit, tscinv

Memory: 4k page, physical 1980220k(187604k free), swap 7920880k(9228k free)

vm_info: Java HotSpot(TM) 64-Bit Server VM (25.251-b08) for windows-amd64 JRE (1.8.0_251-b08), built on Mar 12 2020 06:31:49 by "" with MS VC++ 10.0 (VS2010)

time: Fri May 27 13:41:00 2022
timezone: Pacific Daylight Time
elapsed time: 12 seconds (0d 0h 0m 12s)

